"../../../Engine/Content/Functions/Engine_MaterialFunctions01/Opacity/CameraDepthFade.uasset" 0
"../../../Engine/Content/EngineMaterials/T_Default_Material_Grid_M.uasset" 1
"../../../Engine/Content/EngineMaterials/T_Default_Material_Grid_N.uasset" 2
"../../../Engine/Content/EngineMaterials/DefaultMaterial.uasset" 3
"../../../Engine/Content/BasicShapes/Cone.uasset" 4
"../../../Engine/Content/EngineMaterials/WorldGridMaterial.uasset" 5
"../../../Engine/Content/BasicShapes/Plane.uasset" 6
"../../../Engine/Content/EditorLandscapeResources/DataLayer.uasset" 7
"../../../Engine/Content/EditorMaterials/GizmoMaterial.uasset" 8
"../../../Engine/Content/EditorMaterials/MAT_Groups_Toggle.uasset" 9
"../../../Engine/Content/EditorMaterials/MAT_Groups_Visibility.uasset" 10
"../../../Engine/Content/EditorMaterials/PreviewShadowIndicator.uasset" 11
"../../../Engine/Content/EditorMaterials/PreviewShadowIndicatorMaterial.uasset" 12
"../../../Engine/Content/EditorMaterials/AssetViewer/EpicQuadPanorama_CC+EV1.uasset" 13
"../../../Engine/Content/EditorMaterials/MatineeGroups/MAT_ColorTrack.uasset" 14
"../../../Engine/Content/EditorMaterials/MatineeGroups/MAT_Groups_Anim.uasset" 15
"../../../Engine/Content/EditorMaterials/MatineeGroups/MAT_Groups_AudioMaster.uasset" 16
"../../../Engine/Content/EditorMaterials/MatineeGroups/MAT_Groups_Director.uasset" 17
"../../../Engine/Content/EditorMaterials/MatineeGroups/MAT_Groups_Event.uasset" 18
"../../../Engine/Content/EditorMaterials/MatineeGroups/MAT_Groups_Fade.uasset" 19
"../../../Engine/Content/EditorMaterials/MatineeGroups/MAT_Groups_Float.uasset" 20
"../../../Engine/Content/EditorMaterials/MatineeGroups/MAT_Groups_Move.uasset" 21
"../../../Engine/Content/EditorMaterials/MatineeGroups/MAT_Groups_Slomo.uasset" 22
"../../../Engine/Content/EditorMaterials/MatineeGroups/MAT_Groups_Sound.uasset" 23
"../../../Engine/Content/EditorMaterials/MatineeGroups/MAT_Groups_Vector.uasset" 24
"../../../Engine/Content/EditorMaterials/ParticleSystems/PSysThumbnail_NoImage.uasset" 25
"../../../Engine/Content/EditorMaterials/ParticleSystems/PSysThumbnail_OOD.uasset" 26
"../../../Engine/Content/EditorMaterials/Camera/CineMat.uasset" 27
"../../../Engine/Content/EditorMaterials/Camera/MI_CineMat_Rig.uasset" 28
"../../../Engine/Content/EditorMeshes/Camera/SM_CraneRig_Arm.uasset" 29
"../../../Engine/Content/EditorMeshes/Camera/SM_CraneRig_Base.uasset" 30
"../../../Engine/Content/EditorMeshes/Camera/SM_CraneRig_Body.uasset" 31
"../../../Engine/Content/EditorMeshes/Camera/SM_CraneRig_Mount.uasset" 32
"../../../Engine/Content/EditorMeshes/Camera/SM_RailRig_Mount.uasset" 33
"../../../Engine/Content/EditorMeshes/Camera/SM_RailRig_Track.uasset" 34
"../../../Engine/Content/EditorResources/BSPVertex.uasset" 35
"../../../Engine/Content/EditorResources/EmptyActor.uasset" 36
"../../../Engine/Content/EditorResources/RGBTable16x1_AssetViewer.uasset" 37
"../../../Engine/Content/EditorResources/S_Actor.uasset" 38
"../../../Engine/Content/EditorResources/S_Trigger.uasset" 39
"../../../Engine/Content/EditorResources/AudioIcons/S_AudioComponent.uasset" 40
"../../../Engine/Content/EditorResources/AudioIcons/S_AudioComponent_AutoActivate.uasset" 41
"../../../Engine/Content/EditorResources/LightIcons/S_LightError.uasset" 42
"../../../Engine/Content/EditorResources/SequenceRecorder/Countdown.uasset" 43
"../../../Engine/Content/EditorResources/SequenceRecorder/RecordingIndicator.uasset" 44
"../../../Engine/Content/EditorSounds/Notifications/CompileFailed.uasset" 45
"../../../Engine/Content/EditorSounds/Notifications/CompileFailed_Cue.uasset" 46
"../../../Engine/Content/EditorSounds/Notifications/CompileSuccess.uasset" 47
"../../../Engine/Content/EditorSounds/Notifications/CompileStart_Cue.uasset" 48
"../../../Engine/Content/EditorSounds/Notifications/CompileSuccess_Cue.uasset" 49
"../../../Engine/Content/EngineDamageTypes/DmgTypeBP_Environmental.uasset" 50
"../../../Engine/Content/EngineDebugMaterials/HeatmapGradient.uasset" 51
"../../../Engine/Content/EngineDebugMaterials/BoneWeightMaterial.uasset" 52
"../../../Engine/Content/EngineDebugMaterials/DebugMeshMaterial.uasset" 53
"../../../Engine/Content/EngineDebugMaterials/GeomMaterial.uasset" 54
"../../../Engine/Content/EngineFonts/Faces/RobotoBold.uasset" 55
"../../../Engine/Content/EngineFonts/Faces/RobotoBoldItalic.uasset" 56
"../../../Engine/Content/EngineFonts/Faces/RobotoItalic.uasset" 57
"../../../Engine/Content/EngineFonts/Faces/RobotoLight.uasset" 58
"../../../Engine/Content/EngineFonts/Faces/RobotoRegular.uasset" 59
"../../../Engine/Content/EngineFonts/Roboto.uasset" 60
"../../../Engine/Content/EngineFonts/Faces/RobotoTiny.uasset" 61
"../../../Engine/Content/EngineFonts/RobotoTiny.uasset" 62
"../../../Engine/Content/EngineMaterials/DefaultBokeh.uasset" 63
"../../../Engine/Content/EngineMaterials/DefaultDiffuse.uasset" 64
"../../../Engine/Content/EngineMaterials/DefaultDeferredDecalMaterial.uasset" 65
"../../../Engine/Content/EngineMaterials/DefaultLightFunctionMaterial.uasset" 66
"../../../Engine/Content/Functions/Engine_MaterialFunctions02/Utility/BreakOutFloat2Components.uasset" 67
"../../../Engine/Content/EngineMaterials/DefaultPostProcessMaterial.uasset" 68
"../../../Engine/Content/EngineFonts/RobotoDistanceField.uasset" 69
"../../../Engine/Content/EngineMaterials/DefaultTextMaterialOpaque.uasset" 70
"../../../Engine/Content/EngineMaterials/DefaultWhiteGrid.uasset" 71
"../../../Engine/Content/EngineMaterials/EditorBrushMaterial.uasset" 72
"../../../Engine/Content/EngineMaterials/Good64x64TilingNoiseHighFreq.uasset" 73
"../../../Engine/Content/EngineMaterials/MiniFont.uasset" 74
"../../../Engine/Content/EngineMaterials/InvalidLightmapSettings.uasset" 75
"../../../Engine/Content/EngineMaterials/M_InvalidLightmapSettings.uasset" 76
"../../../Engine/Content/EngineMaterials/PhAT_JointLimitMaterial.uasset" 77
"../../../Engine/Content/EngineMaterials/PreintegratedSkinBRDF.uasset" 78
"../../../Engine/Content/EngineMaterials/RemoveSurfaceMaterial.uasset" 79
"../../../Engine/Content/EngineMaterials/WeightMapPlaceholderTexture.uasset" 80
"../../../Engine/Content/EngineResources/WhiteSquareTexture.uasset" 81
"../../../Engine/Content/EngineMaterials/Widget3DPassThrough.uasset" 82
"../../../Engine/Content/EngineMaterials/Widget3DPassThrough_Masked.uasset" 83
"../../../Engine/Content/EngineMaterials/Widget3DPassThrough_Opaque.uasset" 84
"../../../Engine/Content/EngineMaterials/Widget3DPassThrough_Masked_OneSided.uasset" 85
"../../../Engine/Content/EngineMaterials/Widget3DPassThrough_Opaque_OneSided.uasset" 86
"../../../Engine/Content/EngineMaterials/Widget3DPassThrough_Translucent.uasset" 87
"../../../Engine/Content/EngineMaterials/Widget3DPassThrough_Translucent_OneSided.uasset" 88
"../../../Engine/Content/EngineMeshes/Cube.uasset" 89
"../../../Engine/Content/EngineMeshes/Cylinder.uasset" 90
"../../../Engine/Content/EngineMeshes/Sphere.uasset" 91
"../../../Engine/Content/EngineResources/Black.uasset" 92
"../../../Engine/Content/EngineResources/DefaultTexture.uasset" 93
"../../../Engine/Content/EngineResources/DefaultTextureCube.uasset" 94
"../../../Engine/Content/EngineResources/GradientTexture0.uasset" 95
"../../../Engine/Content/EngineSounds/Master.uasset" 96
"../../../Engine/Content/Functions/Engine_MaterialFunctions01/Shading/ConvertFromDiffSpec.uasset" 97
"../../../Engine/Content/Functions/Engine_MaterialFunctions01/Shading/PowerToRoughness.uasset" 98
"../../../Engine/Content/Maps/Templates/Thumbnails/Default.uasset" 99
"../../../Engine/Content/Maps/Templates/Thumbnails/VR-Basic.uasset" 100
"../../../Engine/Content/MobileResources/T_MobileControls_texture.uasset" 101
"../../../Engine/Content/MobileResources/T_MobileMenu2.uasset" 102
"../../../Engine/Content/MobileResources/HUD/AnalogHat.uasset" 103
"../../../Engine/Content/MobileResources/HUD/VirtualJoystick_Background.uasset" 104
"../../../Engine/Content/MobileResources/HUD/VirtualJoystick_Thumb.uasset" 105
"../../../Engine/Content/MobileResources/HUD/DefaultVirtualJoysticks.uasset" 106
"../../../Engine/Content/MobileResources/HUD/LeftVirtualJoystickOnly.uasset" 107
"../../../Engine/Content/MobileResources/HUD/MobileHUDButton1_off.uasset" 108
"../../../Engine/Content/MobileResources/HUD/MobileHUDButton1_on.uasset" 109
"../../../Engine/Content/MobileResources/HUD/MobileHUDButton2_off.uasset" 110
"../../../Engine/Content/MobileResources/HUD/MobileHUDButton2_on.uasset" 111
"../../../Engine/Content/MobileResources/HUD/MobileHUDButton3.uasset" 112
"../../../Engine/Content/MobileResources/HUD/MobileHUDButtonFire.uasset" 113
"../../../Engine/Content/MobileResources/HUD/MobileHUDDirectionPad.uasset" 114
"../../../Engine/Content/MobileResources/HUD/MobileHUDDirectionPad2.uasset" 115
"../../../Engine/Content/MobileResources/HUD/MobileHUDDirectionPad3.uasset" 116
"../../../Engine/Content/MobileResources/HUD/MobileHUDDirectionStick.uasset" 117
"../../../Engine/Content/MobileResources/HUD/T_Castle_ThumbstickInner.uasset" 118
"../../../Engine/Content/MobileResources/HUD/T_Castle_ThumbstickOutter.uasset" 119
"../../../Engine/Content/Tutorial/ContentIntroCurve.uasset" 120
"../../../Engine/Content/Tutorial/Basics/TutorialAssets/icon_tab_Levels_40x.uasset" 121
"../../../Engine/Content/Tutorial/BlueprintTutorials/TutorialAssets/BlueprintInterface_64x.uasset" 122
"../../../Engine/Content/Tutorial/BlueprintTutorials/TutorialAssets/BlueprintMacroLibrary_64x.uasset" 123
"../../../Engine/Content/Tutorial/BlueprintTutorials/TutorialAssets/Blueprint_64x.uasset" 124
"../../../Engine/Content/Tutorial/BlueprintTutorials/TutorialAssets/Tutorial_BP_Interface.uasset" 125
"../../../Engine/Content/Tutorial/Foliage/TutorialAssets/Foliage.uasset" 126
"../../../Engine/Content/Tutorial/Landscape/TutorialAssets/Landscape.uasset" 127
"../../../Engine/Content/Tutorial/Paper2D/TutorialAssets/Paper2DFlipbook_TutorialIcon.uasset" 128
"../../../Engine/Content/Tutorial/Paper2D/TutorialAssets/Paper2DSprite_TutorialIcon.uasset" 129
"../../../Engine/Content/Tutorial/SubEditors/TutorialAssets/icon_Editor_Preferences_General_40x.uasset" 130
"../../../Engine/Content/Tutorial/SubEditors/TutorialAssets/icon_ShowSkeletalMeshes_40x.uasset" 131
"../../../Engine/Content/Tutorial/SubEditors/TutorialAssets/TutorialMaterial.uasset" 132
"../../../Engine/Content/Tutorial/SubEditors/TutorialAssets/T_SmokeSubUV_8X8.uasset" 133
"../../../Engine/Content/Tutorial/SubEditors/TutorialAssets/T_soft_smoke.uasset" 134
"../../../Engine/Content/Tutorial/SubEditors/TutorialAssets/M_smoke_subUV_blackbody.uasset" 135
"../../../Engine/Content/Tutorial/SubEditors/TutorialAssets/TutorialParticleSystem.uasset" 136
"../../../Engine/Content/EditorMeshes/EditorCube.uasset" 137
"../../../Engine/Content/Tutorial/SubEditors/TutorialAssets/Tutorial_DM.uasset" 138
"../../../Engine/Content/VREditor/Devices/Generic/GenericHMDMaterial.uasset" 139
"../../../Engine/Content/VREditor/Devices/Generic/GenericHMD.uasset" 140
"../../../Engine/Content/VREditor/FloatingText/LineMaterial.uasset" 141
"../../../Engine/Content/VREditor/FloatingText/JointSphere.uasset" 142
"../../../Engine/Content/VREditor/FloatingText/LineSegmentCylinder.uasset" 143
"../../../Engine/Content/VREditor/Fonts/VRText_RobotoLarge.uasset" 144
"../../../Engine/Content/VREditor/Fonts/VRTextMaterial.uasset" 145
"../../../Engine/Content/VREditor/Fonts/TranslucentVRTextMaterial.uasset" 146
"../../../Engine/Content/VREditor/LaserPointer/VR_LaserPower_01.uasset" 147
"../../../Engine/Content/VREditor/LaserPointer/LaserPointerMaterial.uasset" 148
"../../../Engine/Content/VREditor/LaserPointer/LaserPointerMaterialInst.uasset" 149
"../../../Engine/Content/VREditor/LaserPointer/TranslucentLaserPointerMaterialInst.uasset" 150
"../../../Engine/Content/VREditor/LaserPointer/LaserPointerMesh.uasset" 151
"../../../Engine/Content/VREditor/Sounds/VR_grab_Cue.uasset" 152
"../../../Engine/Content/VREditor/Sounds/VR_teleport_Cue.uasset" 153
"../../../Engine/Content/VREditor/TransformGizmo/TransformGizmoMaterial.uasset" 154
"../../../Engine/Content/VREditor/TransformGizmo/TranslucentTransformGizmoMaterial.uasset" 155
"../../../Engine/Content/VREditor/TransformGizmo/BoundingBoxCorner.uasset" 156
"../../../Engine/Content/VREditor/TransformGizmo/BoundingBoxEdge.uasset" 157
"../../../Engine/Content/VREditor/TransformGizmo/PlaneTranslationHandle.uasset" 158
"../../../Engine/Content/VREditor/TransformGizmo/RotationHandle.uasset" 159
"../../../Engine/Content/VREditor/TransformGizmo/RotationHandleFull.uasset" 160
"../../../Engine/Content/VREditor/TransformGizmo/StretchingHandle.uasset" 161
"../../../Engine/Content/VREditor/TransformGizmo/TranslateHandleLong.uasset" 162
"../../../Engine/Content/VREditor/TransformGizmo/TranslationHandle.uasset" 163
"../../../Engine/Content/VREditor/TransformGizmo/UniformScaleHandle.uasset" 164
"../../../Engine/Content/VREditor/UI/CloseButtonMesh.uasset" 165
"../../../Engine/Content/VREditor/UI/SelectionBarMesh.uasset" 166
"../../../Engine/Content/Functions/Engine_MaterialFunctions01/Gradient/RadialGradient.uasset" 167
"../../../Engine/Content/VREditor/WorldMovementGrid/SimpleGrid.uasset" 168
"../../../Engine/Content/VREditor/WorldMovementGrid/GridMaterial.uasset" 169
"../../../Engine/Content/Functions/Engine_MaterialFunctions01/Density/ExponentialDensity.uasset" 170
"../../../Engine/Content/VREditor/WorldMovementGrid/GridPostProcess.uasset" 171
"../../../Engine/Content/EditorLandscapeResources/FlattenHeightMat.uasset" 172
"../../../Engine/Content/VREditor/WorldMovementGrid/PlaneMesh.uasset" 173
"../../../LordOfTank/Content/MyLOTDrone.uasset" 174
"../../../LordOfTank/Content/MyLOTPlayer4.uasset" 175
"../../../LordOfTank/Content/LOTAssets/DroneAssets/real3_Skeleton.uasset" 176
"../../../LordOfTank/Content/NewAnimation.uasset" 177
"../../../LordOfTank/Content/NewAnimation2.uasset" 178
"../../../LordOfTank/Content/test.uasset" 179
"../../../LordOfTank/Content/Blueprints/Main_Blueprints/Menu_Select_Pawn.uasset" 180
"../../../LordOfTank/Content/Blueprints/Main_Blueprints/Main_Mode.uasset" 181
"../../../LordOfTank/Content/Blueprints/Tutorial_Blueprints/Shot_UI_Image.uasset" 182
"../../../LordOfTank/Content/Blueprints/Tutorial_Blueprints/Shot_UI_Image_Mat.uasset" 183
"../../../LordOfTank/Content/Font/HMKMRHD.uasset" 184
"../../../LordOfTank/Content/LOTAssets/DroneAssets/PA_DroneMat.uasset" 185
"../../../LordOfTank/Content/LOTAssets/DroneAssets/real3_Anim.uasset" 186
"../../../LordOfTank/Content/LOTAssets/DroneAssets/real3_Physics3.uasset" 187
"../../../LordOfTank/Content/LOTAssets/TankAssets/Materials/LBXGlass_MAT.uasset" 188
"../../../LordOfTank/Content/LOTAssets/DroneAssets/StaticMesh.uasset" 189
"../../../LordOfTank/Content/LOTAssets/TankAssets/LOTBody_Skeleton.uasset" 190
"../../../LordOfTank/Content/LOTAssets/TankAssets/LOTBody_Anim.uasset" 191
"../../../LordOfTank/Content/LOTAssets/TankAssets/LOTPlaytankAnimBP.uasset" 192
"../../../LordOfTank/Content/LOTAssets/TankAssets/Audio/Explosion_Cue.uasset" 193
"../../../LordOfTank/Content/LOTAssets/TankAssets/Materials/ArcingAim_MAT.uasset" 194
"../../../LordOfTank/Content/LOTAssets/TankAssets/Materials/Flash_MAT.uasset" 195
"../../../LordOfTank/Content/LOTAssets/TankAssets/Textures/T_LBX1UrbanAssault.uasset" 196
"../../../LordOfTank/Content/LOTAssets/TankAssets/Materials/LBXMY_MAT.uasset" 197
"../../../LordOfTank/Content/LOTAssets/TankAssets/Textures/T_LBX1Desert.uasset" 198
"../../../LordOfTank/Content/LOTAssets/TankAssets/Textures/T_LBX1Specular.uasset" 199
"../../../LordOfTank/Content/LOTAssets/TankAssets/Materials/LBXTires_MAT.uasset" 200
"../../../LordOfTank/Content/LOTAssets/TankAssets/Materials/LBXTires_MAT_Inst.uasset" 201
"../../../LordOfTank/Content/LOTAssets/TankAssets/Textures/T_Burst_M.uasset" 202
"../../../LordOfTank/Content/LOTAssets/TankAssets/Materials/M_Burst.uasset" 203
"../../../LordOfTank/Content/LOTAssets/TankAssets/Textures/T_Explosion_SubUV.uasset" 204
"../../../LordOfTank/Content/LOTAssets/TankAssets/Materials/M_explosion_subUV.uasset" 205
"../../../LordOfTank/Content/LOTAssets/TankAssets/Textures/T_Smoke_SubUV.uasset" 206
"../../../LordOfTank/Content/LOTAssets/TankAssets/Textures/T_Smoke_Tiled_D.uasset" 207
"../../../LordOfTank/Content/LOTAssets/TankAssets/Materials/M_smoke_subUV.uasset" 208
"../../../LordOfTank/Content/LOTAssets/TankAssets/Materials/Projectile_MAT.uasset" 209
"../../../LordOfTank/Content/LOTAssets/TankAssets/Materials/Radial_MAT.uasset" 210
"../../../LordOfTank/Content/LOTAssets/TankAssets/Textures/ammunitions.uasset" 211
"../../../LordOfTank/Content/LOTAssets/TankAssets/Materials/ammunitions_Mat.uasset" 212
"../../../LordOfTank/Content/LOTAssets/TankAssets/Textures/Case-Capsule.uasset" 213
"../../../LordOfTank/Content/LOTAssets/TankAssets/Materials/Case-Capsule_Mat.uasset" 214
"../../../LordOfTank/Content/LOTAssets/TankAssets/Meshes/ArmorPiercingAmmo.uasset" 215
"../../../LordOfTank/Content/LOTAssets/TankAssets/Meshes/CommonAmmo.uasset" 216
"../../../Engine/Content/EngineMeshes/Humanoid.uasset" 217
"../../../LordOfTank/Content/LOTAssets/TankAssets/Textures/T_LBX1StealthBlack.uasset" 218
"../../../LordOfTank/Content/TankAsset/Materials/LBXMaster_MAT.uasset" 219
"../../../LordOfTank/Content/LOTAssets/TankAssets/Materials/LBXMaster_MAT.uasset" 220
"../../../LordOfTank/Content/TankAsset/Materials/LBXMaster_MAT_Inst.uasset" 221
"../../../LordOfTank/Content/LOTAssets/TankAssets/Meshes/LBX1Body_SM_PhysicsAsset.uasset" 222
"../../../LordOfTank/Content/LOTAssets/TankAssets/Meshes/LBX1Body_SM.uasset" 223
"../../../LordOfTank/Content/LOTAssets/TankAssets/Meshes/LBX1Body_SM_Skeleton.uasset" 224
"../../../LordOfTank/Content/LOTAssets/TankAssets/Meshes/NewAnimBlueprint.uasset" 225
"../../../LordOfTank/Content/ProjectilesPack/Environment/ArenaTrigger.uasset" 226
"../../../Engine/Content/EditorBlueprintResources/StandardMacros.uasset" 227
"../../../LordOfTank/Content/ProjectilesPack/Materials/Effects/M_radial_ramp.uasset" 228
"../../../LordOfTank/Content/ProjectilesPack/Particles/MicrodestructorMissile/VelocityGrid60.uasset" 229
"../../../LordOfTank/Content/ProjectilesPack/Particles/MicrodestructorMissile/P_Microdestructor_Swarm.uasset" 230
"../../../LordOfTank/Content/ProjectilesPack/Environment/BastionTrigger.uasset" 231
"../../../LordOfTank/Content/ProjectilesPack/Environment/BlackHoleGeneratorTrigger.uasset" 232
"../../../Engine/Content/Functions/Engine_MaterialFunctions02/Fresnel_Function.uasset" 233
"../../../LordOfTank/Content/ProjectilesPack/Materials/BlackHoleGenerator/M_BlackHole.uasset" 234
"../../../LordOfTank/Content/ProjectilesPack/Materials/BlackHoleGenerator/MI_BlackHole.uasset" 235
"../../../LordOfTank/Content/ProjectilesPack/Meshes/BlackHoleGenerator/SM_Sphere_HP.uasset" 236
"../../../LordOfTank/Content/ProjectilesPack/Environment/BlackHole_Showcase.uasset" 237
"../../../LordOfTank/Content/ProjectilesPack/Materials/Environment/M_TextMaterial_Opaque_Emissive.uasset" 238
"../../../Engine/Content/EngineVolumetrics/Fogsheet/Materials/T_EV_FogSheet_Falloff_02.uasset" 239
"../../../LordOfTank/Content/ProjectilesPack/Materials/Environment/M_TextBox_Background_Color.uasset" 240
"../../../LordOfTank/Content/ProjectilesPack/Meshes/Environment/S_TextBox_Border_Background.uasset" 241
"../../../LordOfTank/Content/ProjectilesPack/Materials/Environment/M_TextBox_Color.uasset" 242
"../../../LordOfTank/Content/ProjectilesPack/Materials/Environment/M_TextBox_Background_Color_Edge_Inst.uasset" 243
"../../../LordOfTank/Content/ProjectilesPack/Meshes/Environment/S_TextBox_Border_Corner.uasset" 244
"../../../LordOfTank/Content/ProjectilesPack/Meshes/Environment/S_TextBox_Border_Segment.uasset" 245
"../../../Engine/Content/Functions/Engine_MaterialFunctions03/Particles/Distance_Blend.uasset" 246
"../../../Engine/Content/Functions/MaterialLayerFunctions/MatLayerBlend_AO.uasset" 247
"../../../Engine/Content/Functions/MaterialLayerFunctions/MatLayerBlend_ModulateRoughness.uasset" 248
"../../../Engine/Content/Functions/MaterialLayerFunctions/MatLayerBlend_Standard.uasset" 249
"../../../LordOfTank/Content/ProjectilesPack/Textures/Environment/T_PaintedMetal01_D.uasset" 250
"../../../LordOfTank/Content/ProjectilesPack/Textures/Environment/T_PaintedMetal01_N.uasset" 251
"../../../LordOfTank/Content/ProjectilesPack/Materials/Environment/ML_COG_Metal_Base_Light.uasset" 252
"../../../LordOfTank/Content/ProjectilesPack/Textures/Environment/T_Metal_Metal03_D.uasset" 253
"../../../LordOfTank/Content/ProjectilesPack/Textures/Environment/T_Metal_Metal03_N.uasset" 254
"../../../LordOfTank/Content/ProjectilesPack/Materials/Environment/ML_COG_Shiny_Grey_1.uasset" 255
"../../../LordOfTank/Content/ProjectilesPack/Textures/Environment/T_TextBox_Icon_M.uasset" 256
"../../../LordOfTank/Content/ProjectilesPack/Materials/Environment/M_TextBox_Icon_Info.uasset" 257
"../../../LordOfTank/Content/ProjectilesPack/Meshes/Environment/S_TextBox_Icon_Info.uasset" 258
"../../../LordOfTank/Content/ProjectilesPack/Textures/Environment/T_Effect_Ring.uasset" 259
"../../../LordOfTank/Content/ProjectilesPack/Materials/Environment/M_Particle_Effect_Ring.uasset" 260
"../../../LordOfTank/Content/ProjectilesPack/Particles/Environment/P_Pulse_Ring.uasset" 261
"../../../LordOfTank/Content/ProjectilesPack/Sounds/Environment/Text_Pop_Cue.uasset" 262
"../../../LordOfTank/Content/ProjectilesPack/Environment/BP_Commentary_Box.uasset" 263
"../../../LordOfTank/Content/ProjectilesPack/Textures/Environment/T_UE4_Logo_M.uasset" 264
"../../../LordOfTank/Content/ProjectilesPack/Materials/Environment/M_UE4_Logo_Doors.uasset" 265
"../../../LordOfTank/Content/ProjectilesPack/Materials/Environment/M_DemoWall.uasset" 266
"../../../LordOfTank/Content/ProjectilesPack/Materials/Environment/Rubber.uasset" 267
"../../../LordOfTank/Content/ProjectilesPack/Materials/Environment/M_DemoWall_Inst.uasset" 268
"../../../LordOfTank/Content/ProjectilesPack/Materials/Environment/Metal.uasset" 269
"../../../LordOfTank/Content/ProjectilesPack/Materials/Environment/M_DemoWall_Inst_3.uasset" 270
"../../../Engine/Content/Functions/Engine_MaterialFunctions02/Utility/VectorLength.uasset" 271
"../../../LordOfTank/Content/ProjectilesPack/Materials/Environment/M_Door_ineditor.uasset" 272
"../../../LordOfTank/Content/ProjectilesPack/Materials/Environment/M_Door_ineditor_Inst.uasset" 273
"../../../LordOfTank/Content/ProjectilesPack/Materials/Environment/M_Door_ineditor_MirrorInst.uasset" 274
"../../../LordOfTank/Content/ProjectilesPack/Textures/Environment/T_Pattern_M.uasset" 275
"../../../LordOfTank/Content/ProjectilesPack/Materials/Environment/M_GlasDoor_inEditor.uasset" 276
"../../../LordOfTank/Content/ProjectilesPack/Materials/Environment/M_GlasDoor_InEditor_Inst.uasset" 277
"../../../LordOfTank/Content/ProjectilesPack/Materials/Environment/M_GlasDoor_InEditor_mirror_Inst.uasset" 278
"../../../LordOfTank/Content/ProjectilesPack/Materials/Environment/M_GlasDoor.uasset" 279
"../../../LordOfTank/Content/ProjectilesPack/Materials/Environment/M_GlasDoor_Inst.uasset" 280
"../../../LordOfTank/Content/ProjectilesPack/Materials/Environment/M_UE4_Logo_Door.uasset" 281
"../../../LordOfTank/Content/ProjectilesPack/Materials/Environment/M_UE4_Logo_Doors_inEditor.uasset" 282
"../../../LordOfTank/Content/ProjectilesPack/Materials/Environment/M_UE4_Logo_Doors_inEditor_Inst.uasset" 283
"../../../LordOfTank/Content/ProjectilesPack/Meshes/Environment/SM_Door.uasset" 284
"../../../LordOfTank/Content/ProjectilesPack/Meshes/Environment/SM_DoorLock.uasset" 285
"../../../LordOfTank/Content/ProjectilesPack/Sounds/Environment/Door_Closing_Cue.uasset" 286
"../../../LordOfTank/Content/ProjectilesPack/Sounds/Environment/Door_Impact_Cue.uasset" 287
"../../../LordOfTank/Content/ProjectilesPack/Sounds/Environment/Door_Lock_Cue.uasset" 288
"../../../LordOfTank/Content/ProjectilesPack/Sounds/Environment/Door_Opening_Cue.uasset" 289
"../../../LordOfTank/Content/ProjectilesPack/Sounds/Environment/Door_StartClick_Cue.uasset" 290
"../../../LordOfTank/Content/ProjectilesPack/Sounds/Environment/Door_Unlock_Cue.uasset" 291
"../../../LordOfTank/Content/ProjectilesPack/Environment/BP_Double_Doors_Ineditor.uasset" 292
"../../../LordOfTank/Content/ProjectilesPack/Textures/Projectiles/Grenades/01/BaseColor.uasset" 293
"../../../LordOfTank/Content/ProjectilesPack/Textures/Projectiles/Grenades/01/Normal.uasset" 294
"../../../LordOfTank/Content/ProjectilesPack/Textures/Projectiles/Grenades/01/RoughnessMetallic.uasset" 295
"../../../LordOfTank/Content/ProjectilesPack/Materials/Projectiles/Grenades/01/M_Grenade_01.uasset" 296
"../../../LordOfTank/Content/ProjectilesPack/Meshes/Projectiles/Grenades/SM_Grenade_01.uasset" 297
"../../../LordOfTank/Content/ProjectilesPack/Textures/Effects/T_SmokeBall_01_8_8.uasset" 298
"../../../LordOfTank/Content/ProjectilesPack/Materials/Effects/M_SmokeBall.uasset" 299
"../../../LordOfTank/Content/ProjectilesPack/Particles/Effects/P_Smoke_Trail.uasset" 300
"../../../LordOfTank/Content/ProjectilesPack/Environment/BP_Grenade_01.uasset" 301
"../../../LordOfTank/Content/ProjectilesPack/Textures/Projectiles/Grenades/02/BaseColor.uasset" 302
"../../../LordOfTank/Content/ProjectilesPack/Textures/Projectiles/Grenades/02/Normal.uasset" 303
"../../../LordOfTank/Content/ProjectilesPack/Textures/Projectiles/Grenades/02/RoughnessMetallic.uasset" 304
"../../../LordOfTank/Content/ProjectilesPack/Materials/Projectiles/Grenades/02/M_Grenade_02.uasset" 305
"../../../LordOfTank/Content/ProjectilesPack/Meshes/Projectiles/Grenades/SM_Grenade_02.uasset" 306
"../../../LordOfTank/Content/ProjectilesPack/Environment/BP_Grenade_02.uasset" 307
"../../../LordOfTank/Content/ProjectilesPack/Textures/Projectiles/Grenades/03/BaseColor.uasset" 308
"../../../LordOfTank/Content/ProjectilesPack/Textures/Projectiles/Grenades/03/Normal.uasset" 309
"../../../LordOfTank/Content/ProjectilesPack/Textures/Projectiles/Grenades/03/RoughnessMetallic.uasset" 310
"../../../LordOfTank/Content/ProjectilesPack/Materials/Projectiles/Grenades/03/M_Grenade_03.uasset" 311
"../../../LordOfTank/Content/ProjectilesPack/Meshes/Projectiles/Grenades/SM_Grenade_03.uasset" 312
"../../../LordOfTank/Content/ProjectilesPack/Environment/BP_Grenade_03.uasset" 313
"../../../LordOfTank/Content/ProjectilesPack/Textures/Projectiles/Rockets/01/BaseColor.uasset" 314
"../../../LordOfTank/Content/ProjectilesPack/Textures/Projectiles/Rockets/01/Normal.uasset" 315
"../../../LordOfTank/Content/ProjectilesPack/Textures/Projectiles/Rockets/01/RoughnessMetallic.uasset" 316
"../../../LordOfTank/Content/ProjectilesPack/Materials/Projectiles/Rockets/01/M_Rocket_01_1.uasset" 317
"../../../LordOfTank/Content/ProjectilesPack/Textures/Projectiles/Rockets/01/Normal_02.uasset" 318
"../../../LordOfTank/Content/ProjectilesPack/Textures/Projectiles/Rockets/01/RoughnessMetallic_02.uasset" 319
"../../../LordOfTank/Content/ProjectilesPack/Materials/Projectiles/Rockets/01/M_Rocket_01_2.uasset" 320
"../../../LordOfTank/Content/ProjectilesPack/Meshes/Projectiles/Rockets/SM_Rocket_01.uasset" 321
"../../../LordOfTank/Content/ProjectilesPack/Textures/Effects/Flare_02.uasset" 322
"../../../LordOfTank/Content/ProjectilesPack/Materials/Effects/M_LensFlare_02.uasset" 323
"../../../LordOfTank/Content/ProjectilesPack/Particles/Effects/P_Flare.uasset" 324
"../../../LordOfTank/Content/ProjectilesPack/Environment/BP_Rocket_01.uasset" 325
"../../../LordOfTank/Content/ProjectilesPack/Textures/Projectiles/Rockets/02/BaseColor.uasset" 326
"../../../LordOfTank/Content/ProjectilesPack/Textures/Projectiles/Rockets/02/Normal.uasset" 327
"../../../LordOfTank/Content/ProjectilesPack/Textures/Projectiles/Rockets/02/RoughnessMetallic.uasset" 328
"../../../LordOfTank/Content/ProjectilesPack/Materials/Projectiles/Rockets/02/M_Rocket_02.uasset" 329
"../../../LordOfTank/Content/ProjectilesPack/Meshes/Projectiles/Rockets/SM_Rocket_02.uasset" 330
"../../../LordOfTank/Content/ProjectilesPack/Environment/BP_Rocket_02.uasset" 331
"../../../LordOfTank/Content/ProjectilesPack/Textures/Projectiles/Rockets/03/BaseColor.uasset" 332
"../../../LordOfTank/Content/ProjectilesPack/Textures/Projectiles/Rockets/03/Normal.uasset" 333
"../../../LordOfTank/Content/ProjectilesPack/Textures/Projectiles/Rockets/03/RoughnessMetallic.uasset" 334
"../../../LordOfTank/Content/ProjectilesPack/Materials/Projectiles/Rockets/03/M_Rocket_03.uasset" 335
"../../../LordOfTank/Content/ProjectilesPack/Meshes/Projectiles/Rockets/SM_Rocket_03.uasset" 336
"../../../LordOfTank/Content/ProjectilesPack/Environment/BP_Rocket_03.uasset" 337
"../../../LordOfTank/Content/ProjectilesPack/Textures/Projectiles/Rockets/04/BaseColor.uasset" 338
"../../../LordOfTank/Content/ProjectilesPack/Textures/Projectiles/Rockets/04/Normal.uasset" 339
"../../../LordOfTank/Content/ProjectilesPack/Textures/Projectiles/Rockets/04/RoughnessMetallic.uasset" 340
"../../../LordOfTank/Content/ProjectilesPack/Materials/Projectiles/Rockets/04/M_Rocket_04.uasset" 341
"../../../LordOfTank/Content/ProjectilesPack/Meshes/Projectiles/Rockets/SM_Rocket_04.uasset" 342
"../../../LordOfTank/Content/ProjectilesPack/Environment/BP_Rocket_04.uasset" 343
"../../../LordOfTank/Content/ProjectilesPack/Textures/Projectiles/Rockets/05/BaseColor.uasset" 344
"../../../LordOfTank/Content/ProjectilesPack/Textures/Projectiles/Rockets/05/Normal.uasset" 345
"../../../LordOfTank/Content/ProjectilesPack/Textures/Projectiles/Rockets/05/RoughnessMetallic.uasset" 346
"../../../LordOfTank/Content/ProjectilesPack/Materials/Projectiles/Rockets/05/M_Rocket_05.uasset" 347
"../../../LordOfTank/Content/ProjectilesPack/Meshes/Projectiles/Rockets/SM_Rocket_05.uasset" 348
"../../../LordOfTank/Content/ProjectilesPack/Environment/BP_Rocket_05.uasset" 349
"../../../LordOfTank/Content/ProjectilesPack/Environment/BP_Rocket_Interceptor.uasset" 350
"../../../LordOfTank/Content/ProjectilesPack/Environment/BulletsTrigger.uasset" 351
"../../../LordOfTank/Content/ProjectilesPack/Textures/Projectiles/Bullets/01/1/BaseColor.uasset" 352
"../../../LordOfTank/Content/ProjectilesPack/Textures/Projectiles/Bullets/01/1/Normal.uasset" 353
"../../../LordOfTank/Content/ProjectilesPack/Textures/Projectiles/Bullets/01/1/OcclusionRoughnessMetallic.uasset" 354
"../../../LordOfTank/Content/ProjectilesPack/Materials/Projectiles/Bullets/01/M_Bullet_01_1.uasset" 355
"../../../LordOfTank/Content/ProjectilesPack/Meshes/Projectiles/Bullets/01/SM_Bullet_01_1.uasset" 356
"../../../LordOfTank/Content/ProjectilesPack/Textures/Projectiles/Bullets/01/2/BaseColor.uasset" 357
"../../../LordOfTank/Content/ProjectilesPack/Textures/Projectiles/Bullets/01/2/Normal.uasset" 358
"../../../LordOfTank/Content/ProjectilesPack/Textures/Projectiles/Bullets/01/2/OcclusionRoughnessMetallic.uasset" 359
"../../../LordOfTank/Content/ProjectilesPack/Materials/Projectiles/Bullets/01/M_Bullet_01_2.uasset" 360
"../../../LordOfTank/Content/ProjectilesPack/Meshes/Projectiles/Bullets/01/SM_Bullet_01_2.uasset" 361
"../../../LordOfTank/Content/ProjectilesPack/Textures/Projectiles/Bullets/01/3/BaseColor.uasset" 362
"../../../LordOfTank/Content/ProjectilesPack/Textures/Projectiles/Bullets/01/3/Normal.uasset" 363
"../../../LordOfTank/Content/ProjectilesPack/Textures/Projectiles/Bullets/01/3/OcclusionRoughnessMetallic.uasset" 364
"../../../LordOfTank/Content/ProjectilesPack/Materials/Projectiles/Bullets/01/M_Bullet_01_3.uasset" 365
"../../../LordOfTank/Content/ProjectilesPack/Meshes/Projectiles/Bullets/01/SM_Bullet_01_3.uasset" 366
"../../../LordOfTank/Content/ProjectilesPack/Environment/Bullet_01_Showcase.uasset" 367
"../../../LordOfTank/Content/ProjectilesPack/Textures/Projectiles/Bullets/02/1/BaseColor.uasset" 368
"../../../LordOfTank/Content/ProjectilesPack/Textures/Projectiles/Bullets/02/1/Normal.uasset" 369
"../../../LordOfTank/Content/ProjectilesPack/Textures/Projectiles/Bullets/02/1/RoughnessMetallic.uasset" 370
"../../../LordOfTank/Content/ProjectilesPack/Materials/Projectiles/Bullets/02/M_Bullet_02_1.uasset" 371
"../../../LordOfTank/Content/ProjectilesPack/Meshes/Projectiles/Bullets/02/SM_Bullet_02_1.uasset" 372
"../../../LordOfTank/Content/ProjectilesPack/Textures/Projectiles/Bullets/02/2/BaseColor.uasset" 373
"../../../LordOfTank/Content/ProjectilesPack/Textures/Projectiles/Bullets/02/2/Normal.uasset" 374
"../../../LordOfTank/Content/ProjectilesPack/Textures/Projectiles/Bullets/02/2/RoughnessMetallic.uasset" 375
"../../../LordOfTank/Content/ProjectilesPack/Materials/Projectiles/Bullets/02/M_Bullet_02_2.uasset" 376
"../../../LordOfTank/Content/ProjectilesPack/Meshes/Projectiles/Bullets/02/SM_Bullet_02_2.uasset" 377
"../../../LordOfTank/Content/ProjectilesPack/Textures/Projectiles/Bullets/02/3/BaseColor.uasset" 378
"../../../LordOfTank/Content/ProjectilesPack/Textures/Projectiles/Bullets/02/3/Normal.uasset" 379
"../../../LordOfTank/Content/ProjectilesPack/Textures/Projectiles/Bullets/02/3/RoughnessMetallic.uasset" 380
"../../../LordOfTank/Content/ProjectilesPack/Materials/Projectiles/Bullets/02/M_Bullet_02_3.uasset" 381
"../../../LordOfTank/Content/ProjectilesPack/Meshes/Projectiles/Bullets/02/SM_Bullet_02_3.uasset" 382
"../../../LordOfTank/Content/ProjectilesPack/Environment/Bullet_02_Showcase.uasset" 383
"../../../LordOfTank/Content/ProjectilesPack/Textures/Projectiles/Bullets/03/1/BaseColor.uasset" 384
"../../../LordOfTank/Content/ProjectilesPack/Textures/Projectiles/Bullets/03/1/Normal.uasset" 385
"../../../LordOfTank/Content/ProjectilesPack/Textures/Projectiles/Bullets/03/1/RoughnessMetallic.uasset" 386
"../../../LordOfTank/Content/ProjectilesPack/Materials/Projectiles/Bullets/03/M_Bullet_03_1.uasset" 387
"../../../LordOfTank/Content/ProjectilesPack/Meshes/Projectiles/Bullets/03/SM_Bullet_03_1.uasset" 388
"../../../LordOfTank/Content/ProjectilesPack/Textures/Projectiles/Bullets/03/2/BaseColor.uasset" 389
"../../../LordOfTank/Content/ProjectilesPack/Textures/Projectiles/Bullets/03/2/Normal.uasset" 390
"../../../LordOfTank/Content/ProjectilesPack/Textures/Projectiles/Bullets/03/2/RoughnessMetallic.uasset" 391
"../../../LordOfTank/Content/ProjectilesPack/Materials/Projectiles/Bullets/03/M_Bullet_03_2.uasset" 392
"../../../LordOfTank/Content/ProjectilesPack/Meshes/Projectiles/Bullets/03/SM_Bullet_03_2.uasset" 393
"../../../LordOfTank/Content/ProjectilesPack/Textures/Projectiles/Bullets/03/3/BaseColor.uasset" 394
"../../../LordOfTank/Content/ProjectilesPack/Textures/Projectiles/Bullets/03/3/Normal.uasset" 395
"../../../LordOfTank/Content/ProjectilesPack/Textures/Projectiles/Bullets/03/3/RoughnessMetallic.uasset" 396
"../../../LordOfTank/Content/ProjectilesPack/Materials/Projectiles/Bullets/03/M_Bullet_03_3.uasset" 397
"../../../LordOfTank/Content/ProjectilesPack/Meshes/Projectiles/Bullets/03/SM_Bullet_03_3.uasset" 398
"../../../LordOfTank/Content/ProjectilesPack/Environment/Bullet_03_Showcase.uasset" 399
"../../../LordOfTank/Content/ProjectilesPack/Materials/Common/M_Basic.uasset" 400
"../../../LordOfTank/Content/ProjectilesPack/Materials/Common/M_Basic_Black.uasset" 401
"../../../LordOfTank/Content/ProjectilesPack/Meshes/Environment/Shape_Sphere.uasset" 402
"../../../LordOfTank/Content/ProjectilesPack/Meshes/Environment/Shape_Sphere_DM.uasset" 403
"../../../LordOfTank/Content/ProjectilesPack/Materials/Effects/M_radial_ramp_soft.uasset" 404
"../../../LordOfTank/Content/ProjectilesPack/Particles/BlackHoleGenerator/P_Flare_Explosion.uasset" 405
"../../../LordOfTank/Content/ProjectilesPack/Environment/DestructibleSphere.uasset" 406
"../../../LordOfTank/Content/ProjectilesPack/Environment/GrenadesTrigger.uasset" 407
"../../../LordOfTank/Content/ProjectilesPack/Environment/LevelWorkflowController.uasset" 408
"../../../LordOfTank/Content/ProjectilesPack/Environment/RocketsTrigger.uasset" 409
"../../../LordOfTank/Content/ProjectilesPack/Environment/Rotator.uasset" 410
"../../../LordOfTank/Content/ProjectilesPack/Textures/Environment/Target_BaseColor.uasset" 411
"../../../LordOfTank/Content/ProjectilesPack/Textures/Environment/Target_Normal.uasset" 412
"../../../LordOfTank/Content/ProjectilesPack/Materials/Environment/M_Target.uasset" 413
"../../../LordOfTank/Content/ProjectilesPack/Meshes/Environment/SM_Target.uasset" 414
"../../../LordOfTank/Content/ProjectilesPack/Meshes/Environment/SM_Target_DM.uasset" 415
"../../../LordOfTank/Content/ProjectilesPack/Sounds/Environment/Target_Destroyed_Cue.uasset" 416
"../../../LordOfTank/Content/ProjectilesPack/Environment/Target.uasset" 417
"../../../LordOfTank/Content/ProjectilesPack/Environment/WMDSphereTrigger.uasset" 418
"../../../LordOfTank/Content/ProjectilesPack/Materials/BlackHoleGenerator/MF_Fresnel.uasset" 419
"../../../LordOfTank/Content/ProjectilesPack/Materials/BlackHoleGenerator/M_Fresnel.uasset" 420
"../../../LordOfTank/Content/ProjectilesPack/Textures/Bullet/distortion_01.uasset" 421
"../../../LordOfTank/Content/ProjectilesPack/Textures/Bullet/T_bullet_hole_2.uasset" 422
"../../../LordOfTank/Content/ProjectilesPack/Materials/Bullet/M_Impact_Decal.uasset" 423
"../../../LordOfTank/Content/ProjectilesPack/Textures/Common/ArenaLoadingScreen.uasset" 424
"../../../LordOfTank/Content/ProjectilesPack/Materials/Common/M_ArenaLoadingScreen.uasset" 425
"../../../LordOfTank/Content/ProjectilesPack/Materials/Common/M_Basic_Red.uasset" 426
"../../../LordOfTank/Content/ProjectilesPack/Materials/Common/M_Basic_Red_Emmisive.uasset" 427
"../../../LordOfTank/Content/ProjectilesPack/Textures/Environment/SnowMound_01_N.uasset" 428
"../../../LordOfTank/Content/ProjectilesPack/Materials/Common/M_Chameleon_Field.uasset" 429
"../../../LordOfTank/Content/ProjectilesPack/Textures/Common/T_Concrete_Poured_D.uasset" 430
"../../../LordOfTank/Content/ProjectilesPack/Textures/Common/T_Concrete_Poured_N.uasset" 431
"../../../LordOfTank/Content/ProjectilesPack/Textures/Common/T_MacroVariation.uasset" 432
"../../../LordOfTank/Content/ProjectilesPack/Textures/Common/T_Perlin_Noise_M.uasset" 433
"../../../LordOfTank/Content/ProjectilesPack/Materials/Common/M_Concrete_Poured.uasset" 434
"../../../LordOfTank/Content/ProjectilesPack/Materials/Common/M_OutlineCustomDepthOcclusion.uasset" 435
"../../../LordOfTank/Content/ProjectilesPack/Materials/Common/M_OutlineCustomDepthOcclusion_Inst.uasset" 436
"../../../LordOfTank/Content/ProjectilesPack/Materials/Common/M_Text.uasset" 437
"../../../LordOfTank/Content/ProjectilesPack/Materials/Common/M_Text_Floating.uasset" 438
"../../../LordOfTank/Content/ProjectilesPack/Materials/Environment/LayerInfoObject_Grass01.uasset" 439
"../../../LordOfTank/Content/ProjectilesPack/Materials/Environment/LayerInfoObject_Snow01.uasset" 440
"../../../Engine/Content/Functions/Engine_MaterialFunctions02/Utility/BreakOutFloat3Components.uasset" 441
"../../../Engine/Content/Functions/Engine_MaterialFunctions02/Utility/BreakOutFloat4Components.uasset" 442
"../../../LordOfTank/Content/ProjectilesPack/Materials/Environment/MF_CheapContrast.uasset" 443
"../../../LordOfTank/Content/ProjectilesPack/Materials/Environment/MF_RB_Land_TexCoords_01.uasset" 444
"../../../LordOfTank/Content/ProjectilesPack/Materials/Environment/MF_WorldAlignedTexture_Normal.uasset" 445
"../../../LordOfTank/Content/ProjectilesPack/Textures/Environment/T_Canyon_Stripes_02.uasset" 446
"../../../LordOfTank/Content/ProjectilesPack/Textures/Environment/T_RB_LS_Dirt_01_DispAlpha03.uasset" 447
"../../../LordOfTank/Content/ProjectilesPack/Materials/Environment/MF_RB_Land_LayerSample_02.uasset" 448
"../../../LordOfTank/Content/ProjectilesPack/Textures/Environment/T_GDC_Rocktest_01_N.uasset" 449
"../../../LordOfTank/Content/ProjectilesPack/Materials/Environment/MF_RB_Land_TwoLayerBlend_02Grass.uasset" 450
"../../../LordOfTank/Content/ProjectilesPack/Materials/Environment/MF_RB_Land_TwoLayerBlend_03Snow.uasset" 451
"../../../LordOfTank/Content/ProjectilesPack/Textures/Environment/T_FullGrass_D.uasset" 452
"../../../LordOfTank/Content/ProjectilesPack/Textures/Environment/T_FullGrass_N.uasset" 453
"../../../LordOfTank/Content/ProjectilesPack/Textures/Environment/T_LS_Snow_01_D_Disp.uasset" 454
"../../../LordOfTank/Content/ProjectilesPack/Materials/Environment/M_Landscape_Master.uasset" 455
"../../../LordOfTank/Content/ProjectilesPack/Textures/Environment/T_GR_CliffWall_TanJaggy_02_D.uasset" 456
"../../../LordOfTank/Content/ProjectilesPack/Textures/Environment/T_LS_Dirt_01_N.uasset" 457
"../../../LordOfTank/Content/ProjectilesPack/Textures/Environment/T_RB_LS_Dirt_01_DispAlpha02.uasset" 458
"../../../LordOfTank/Content/ProjectilesPack/Materials/Environment/MI_Landscape_Inst.uasset" 459
"../../../LordOfTank/Content/ProjectilesPack/Textures/Effects/T_TilingNoise12.uasset" 460
"../../../LordOfTank/Content/ProjectilesPack/Textures/Environment/T_Snow01_Packed.uasset" 461
"../../../LordOfTank/Content/ProjectilesPack/Materials/Environment/M_SnowFlake_VelocityLerp_AA.uasset" 462
"../../../LordOfTank/Content/ProjectilesPack/Textures/Effects/T_SmokeSubUV_8X8_02.uasset" 463
"../../../LordOfTank/Content/ProjectilesPack/Textures/Effects/T_TilingClouds_01.uasset" 464
"../../../LordOfTank/Content/ProjectilesPack/Textures/Effects/T_TilingNoise03.uasset" 465
"../../../LordOfTank/Content/ProjectilesPack/Materials/Environment/M_Snow_Blowing_unLit.uasset" 466
"../../../LordOfTank/Content/ProjectilesPack/Textures/Effects/T_Perlin_Noise_M.uasset" 467
"../../../LordOfTank/Content/ProjectilesPack/Materials/MicrodestructorMissile/Dissolve.uasset" 468
"../../../LordOfTank/Content/ProjectilesPack/Materials/MicrodestructorMissile/Dissolve_Inst.uasset" 469
"../../../LordOfTank/Content/ProjectilesPack/Materials/Projectiles/Blades/M_Blade_01_2.uasset" 470
"../../../LordOfTank/Content/ProjectilesPack/Materials/Projectiles/Blades/M_Blade_01_2_Inst.uasset" 471
"../../../LordOfTank/Content/ProjectilesPack/Materials/Common/M_Basic_White.uasset" 472
"../../../LordOfTank/Content/ProjectilesPack/Meshes/Environment/Shape_Trim.uasset" 473
"../../../LordOfTank/Content/ProjectilesPack/Meshes/Environment/Shape_Trim_90_Out.uasset" 474
"../../../LordOfTank/Content/ProjectilesPack/Meshes/Environment/SM_Ark.uasset" 475
"../../../LordOfTank/Content/ProjectilesPack/Meshes/Environment/SM_Bastion.uasset" 476
"../../../LordOfTank/Content/ProjectilesPack/Meshes/Environment/SM_Battleship.uasset" 477
"../../../LordOfTank/Content/ProjectilesPack/Textures/Environment/SM_Bomber_Material_BaseColor.uasset" 478
"../../../LordOfTank/Content/ProjectilesPack/Textures/Environment/SM_Bomber_Material_Emissive.uasset" 479
"../../../LordOfTank/Content/ProjectilesPack/Textures/Environment/SM_Bomber_Material_Normal.uasset" 480
"../../../LordOfTank/Content/ProjectilesPack/Textures/Environment/SM_Bomber_Material_OcclusionRoughnessMetallic.uasset" 481
"../../../LordOfTank/Content/ProjectilesPack/Materials/Environment/M_Bomber.uasset" 482
"../../../LordOfTank/Content/ProjectilesPack/Meshes/Environment/SM_Bomber.uasset" 483
"../../../LordOfTank/Content/ProjectilesPack/Meshes/Environment/SM_Cratos.uasset" 484
"../../../LordOfTank/Content/ProjectilesPack/Materials/Common/M_Basic_Red_Offset.uasset" 485
"../../../LordOfTank/Content/ProjectilesPack/Meshes/Environment/SM_Cratos_02.uasset" 486
"../../../LordOfTank/Content/ProjectilesPack/Textures/Environment/T_RoomTiles_M.uasset" 487
"../../../LordOfTank/Content/ProjectilesPack/Textures/Environment/T_RoomTiles_N.uasset" 488
"../../../LordOfTank/Content/ProjectilesPack/Materials/Environment/M_DemoRoomTiles.uasset" 489
"../../../LordOfTank/Content/ProjectilesPack/Materials/Environment/Concrete.uasset" 490
"../../../LordOfTank/Content/ProjectilesPack/Materials/Environment/M_DemoRoomTiles_Inst.uasset" 491
"../../../LordOfTank/Content/ProjectilesPack/Meshes/Environment/SM_DemoRoomFloorCube.uasset" 492
"../../../Engine/Content/Functions/Engine_MaterialFunctions02/Utility/BlendAngleCorrectedNormals.uasset" 493
"../../../LordOfTank/Content/ProjectilesPack/Textures/Environment/T_COG_Base_Dirt.uasset" 494
"../../../LordOfTank/Content/ProjectilesPack/Textures/Environment/T_COG_Base_Dirt_N.uasset" 495
"../../../LordOfTank/Content/ProjectilesPack/Textures/Environment/T_LS_Grass_01_D.uasset" 496
"../../../LordOfTank/Content/ProjectilesPack/Textures/Environment/T_LS_Grass_01_N.uasset" 497
"../../../LordOfTank/Content/ProjectilesPack/Textures/Environment/T_Path_M.uasset" 498
"../../../LordOfTank/Content/ProjectilesPack/Textures/Environment/T_Path_N.uasset" 499
"../../../LordOfTank/Content/ProjectilesPack/Materials/Environment/M_Path_MAT.uasset" 500
"../../../LordOfTank/Content/ProjectilesPack/Materials/Environment/M_Path_MAT_Inst.uasset" 501
"../../../LordOfTank/Content/ProjectilesPack/Meshes/Environment/SM_Path.uasset" 502
"../../../LordOfTank/Content/ProjectilesPack/Textures/Environment/T_Bark_D.uasset" 503
"../../../LordOfTank/Content/ProjectilesPack/Textures/Environment/T_Bark_N.uasset" 504
"../../../LordOfTank/Content/ProjectilesPack/Textures/Environment/T_BarkDetail_D.uasset" 505
"../../../LordOfTank/Content/ProjectilesPack/Textures/Environment/T_BarkDetail_M.uasset" 506
"../../../LordOfTank/Content/ProjectilesPack/Textures/Environment/T_BarkDetail_N.uasset" 507
"../../../LordOfTank/Content/ProjectilesPack/Materials/Environment/M_PineTree_Bark.uasset" 508
"../../../LordOfTank/Content/ProjectilesPack/Materials/Environment/M_PineTree_Bark_Inst.uasset" 509
"../../../Engine/Content/Functions/Engine_MaterialFunctions02/Math/CreateThirdOrthogonalVector.uasset" 510
"../../../Engine/Content/Functions/Engine_MaterialFunctions02/Math/Transform3x3Matrix.uasset" 511
"../../../Engine/Content/Functions/Engine_MaterialFunctions02/TangentBasis.uasset" 512
"../../../Engine/Content/Functions/Engine_MaterialFunctions01/WorldPositionOffset/SplineThicken.uasset" 513
"../../../Engine/Content/Functions/Engine_MaterialFunctions02/HueShift.uasset" 514
"../../../LordOfTank/Content/ProjectilesPack/Textures/Environment/T_PineTree_BillBoard_D.uasset" 515
"../../../LordOfTank/Content/ProjectilesPack/Textures/Environment/T_PineTree_BillBoard_M.uasset" 516
"../../../LordOfTank/Content/ProjectilesPack/Textures/Environment/T_PineTree_BillBoard_N.uasset" 517
"../../../LordOfTank/Content/ProjectilesPack/Materials/Environment/M_PineTree_Billboard.uasset" 518
"../../../LordOfTank/Content/ProjectilesPack/Materials/Environment/MI_PineTree_Billboard_Inst.uasset" 519
"../../../LordOfTank/Content/ProjectilesPack/Textures/Environment/T_Falloff.uasset" 520
"../../../LordOfTank/Content/ProjectilesPack/Textures/Environment/T_Pine_Branches_D.uasset" 521
"../../../LordOfTank/Content/ProjectilesPack/Textures/Environment/T_Pine_Branches_N.uasset" 522
"../../../LordOfTank/Content/ProjectilesPack/Materials/Environment/M_PineTree_Branch.uasset" 523
"../../../LordOfTank/Content/ProjectilesPack/Materials/Environment/MI_PineTree_Branch_Inst.uasset" 524
"../../../LordOfTank/Content/ProjectilesPack/Meshes/Environment/SM_PineTree.uasset" 525
"../../../LordOfTank/Content/ProjectilesPack/Textures/Common/SM_Strategic_AI_Pod_DefaultMaterial_BaseColor.uasset" 526
"../../../LordOfTank/Content/ProjectilesPack/Textures/Common/SM_Strategic_AI_Pod_DefaultMaterial_Emissive.uasset" 527
"../../../LordOfTank/Content/ProjectilesPack/Textures/Common/SM_Strategic_AI_Pod_DefaultMaterial_Normal.uasset" 528
"../../../LordOfTank/Content/ProjectilesPack/Textures/Common/SM_Strategic_AI_Pod_DefaultMaterial_RoughnessMetallic.uasset" 529
"../../../LordOfTank/Content/ProjectilesPack/Materials/Common/M_Strategic_AI_Pod.uasset" 530
"../../../LordOfTank/Content/ProjectilesPack/Materials/Common/M_Strategic_AI_Pod_Inst.uasset" 531
"../../../LordOfTank/Content/ProjectilesPack/Meshes/Environment/SM_Strategic_AI_Pod.uasset" 532
"../../../LordOfTank/Content/ProjectilesPack/Meshes/Environment/SM_Valrex.uasset" 533
"../../../Engine/Content/Functions/Engine_MaterialFunctions01/Gradient/LinearGradient.uasset" 534
"../../../Engine/Content/Functions/Engine_MaterialFunctions01/ImageAdjustment/CheapContrast.uasset" 535
"../../../Engine/Content/Functions/MaterialLayerFunctions/MatLayerBlend_NormalBlend.uasset" 536
"../../../Engine/Content/Functions/MaterialLayerFunctions/MatLayerBlend_Tint.uasset" 537
"../../../LordOfTank/Content/ProjectilesPack/Textures/Environment/T_COG_Concrete_Wall01_D.uasset" 538
"../../../LordOfTank/Content/ProjectilesPack/Textures/Environment/T_COG_Concrete_Wall01_N.uasset" 539
"../../../LordOfTank/Content/ProjectilesPack/Materials/Environment/ML_COG_Concrete_Wall01.uasset" 540
"../../../LordOfTank/Content/ProjectilesPack/Textures/Environment/T_COG_Generic_Concrete_Base02_D.uasset" 541
"../../../LordOfTank/Content/ProjectilesPack/Textures/Environment/T_COG_Generic_Concrete_Base02_N.uasset" 542
"../../../LordOfTank/Content/ProjectilesPack/Materials/Environment/ML_COG_Generic_Concrete_Base02.uasset" 543
"../../../LordOfTank/Content/ProjectilesPack/Textures/Environment/T_Building_01_D.uasset" 544
"../../../LordOfTank/Content/ProjectilesPack/Textures/Environment/T_Building_01_N.uasset" 545
"../../../LordOfTank/Content/ProjectilesPack/Materials/Environment/M_Building_01.uasset" 546
"../../../LordOfTank/Content/ProjectilesPack/Meshes/Environment/S_Building_01d.uasset" 547
"../../../LordOfTank/Content/ProjectilesPack/Meshes/Environment/S_Building_01f.uasset" 548
"../../../LordOfTank/Content/ProjectilesPack/Textures/Projectiles/Blades/01/SM_Blade_01_Material_BaseColor.uasset" 549
"../../../LordOfTank/Content/ProjectilesPack/Textures/Projectiles/Blades/01/SM_Blade_01_Material_Emissive.uasset" 550
"../../../LordOfTank/Content/ProjectilesPack/Textures/Projectiles/Blades/01/SM_Blade_01_Material_Normal.uasset" 551
"../../../LordOfTank/Content/ProjectilesPack/Textures/Projectiles/Blades/01/SM_Blade_01_Material_OcclusionRoughnessMetallic.uasset" 552
"../../../LordOfTank/Content/ProjectilesPack/Materials/Projectiles/Blades/M_Blade_01.uasset" 553
"../../../LordOfTank/Content/ProjectilesPack/Meshes/Projectiles/Blades/SM_Blade_01.uasset" 554
"../../../LordOfTank/Content/ProjectilesPack/Textures/Projectiles/Bombs/Bomb_01/SM_Bomb_01_Body_BaseColor.uasset" 555
"../../../LordOfTank/Content/ProjectilesPack/Textures/Projectiles/Bombs/Bomb_01/SM_Bomb_01_Body_Normal.uasset" 556
"../../../LordOfTank/Content/ProjectilesPack/Textures/Projectiles/Bombs/Bomb_01/SM_Bomb_01_Body_OcclusionRoughnessMetallic.uasset" 557
"../../../LordOfTank/Content/ProjectilesPack/Materials/Projectiles/Bombs/Bomb_01/Body.uasset" 558
"../../../LordOfTank/Content/ProjectilesPack/Textures/Projectiles/Bombs/Bomb_01/SM_Bomb_01_Circle_BaseColor.uasset" 559
"../../../LordOfTank/Content/ProjectilesPack/Textures/Projectiles/Bombs/Bomb_01/SM_Bomb_01_Circle_Normal.uasset" 560
"../../../LordOfTank/Content/ProjectilesPack/Textures/Projectiles/Bombs/Bomb_01/SM_Bomb_01_Circle_OcclusionRoughnessMetallic.uasset" 561
"../../../LordOfTank/Content/ProjectilesPack/Materials/Projectiles/Bombs/Bomb_01/Circle.uasset" 562
"../../../LordOfTank/Content/ProjectilesPack/Textures/Projectiles/Bombs/Bomb_01/SM_Bomb_01_Wings_BaseColor.uasset" 563
"../../../LordOfTank/Content/ProjectilesPack/Textures/Projectiles/Bombs/Bomb_01/SM_Bomb_01_Wings_Normal.uasset" 564
"../../../LordOfTank/Content/ProjectilesPack/Textures/Projectiles/Bombs/Bomb_01/SM_Bomb_01_Wings_OcclusionRoughnessMetallic.uasset" 565
"../../../LordOfTank/Content/ProjectilesPack/Materials/Projectiles/Bombs/Bomb_01/Wings.uasset" 566
"../../../LordOfTank/Content/ProjectilesPack/Meshes/Projectiles/Bombs/Bomb_01/SM_Bomb_01.uasset" 567
"../../../LordOfTank/Content/ProjectilesPack/Textures/Bullet/T_SparkCore_2X2.uasset" 568
"../../../LordOfTank/Content/ProjectilesPack/Materials/Bullet/M_spark_subUV.uasset" 569
"../../../LordOfTank/Content/ProjectilesPack/Particles/BladeSwarm/P_BladeImpact.uasset" 570
"../../../LordOfTank/Content/ProjectilesPack/Textures/Bullet/T_OilDrumShards_2x2.uasset" 571
"../../../LordOfTank/Content/ProjectilesPack/Materials/Bullet/M_Debris.uasset" 572
"../../../LordOfTank/Content/ProjectilesPack/Textures/Bullet/T_Hit.uasset" 573
"../../../LordOfTank/Content/ProjectilesPack/Materials/Bullet/M_Hit.uasset" 574
"../../../LordOfTank/Content/ProjectilesPack/Textures/Bullet/T_Steam_02_Packed.uasset" 575
"../../../LordOfTank/Content/ProjectilesPack/Materials/Bullet/M_MuzzleSmokeDetail_GPU.uasset" 576
"../../../LordOfTank/Content/ProjectilesPack/Textures/Bullet/T_Explosion_Elements_Pack.uasset" 577
"../../../LordOfTank/Content/ProjectilesPack/Textures/Bullet/T_Explosion_N.uasset" 578
"../../../LordOfTank/Content/ProjectilesPack/Textures/Bullet/T_Smoke.uasset" 579
"../../../LordOfTank/Content/ProjectilesPack/Textures/Bullet/T_Smoke_Normal.uasset" 580
"../../../LordOfTank/Content/ProjectilesPack/Materials/Bullet/M_Smoke.uasset" 581
"../../../LordOfTank/Content/ProjectilesPack/Particles/Bullet/P_BulletImpact.uasset" 582
"../../../LordOfTank/Content/ProjectilesPack/Particles/ECMStrike/P_ECMStrike_Explosion.uasset" 583
"../../../LordOfTank/Content/ProjectilesPack/Particles/Effects/P_Beacon_Smoke.uasset" 584
"../../../LordOfTank/Content/ProjectilesPack/Textures/Effects/T_Burst_M.uasset" 585
"../../../LordOfTank/Content/ProjectilesPack/Materials/Effects/M_Burst.uasset" 586
"../../../LordOfTank/Content/ProjectilesPack/Textures/Effects/T_explo_SubUV.uasset" 587
"../../../LordOfTank/Content/ProjectilesPack/Materials/Effects/M_explosion_subUV.uasset" 588
"../../../LordOfTank/Content/ProjectilesPack/Textures/Effects/T_Fire_SubUV.uasset" 589
"../../../LordOfTank/Content/ProjectilesPack/Textures/Effects/T_Fire_Tiled_D.uasset" 590
"../../../LordOfTank/Content/ProjectilesPack/Materials/Effects/M_Fire_SubUV.uasset" 591
"../../../LordOfTank/Content/ProjectilesPack/Particles/Effects/P_Explosion.uasset" 592
"../../../LordOfTank/Content/ProjectilesPack/Textures/Common/Circle_Noise.uasset" 593
"../../../LordOfTank/Content/ProjectilesPack/Materials/Effects/M_LensFlare_03.uasset" 594
"../../../LordOfTank/Content/ProjectilesPack/Textures/Effects/T_SmokeTile_N.uasset" 595
"../../../LordOfTank/Content/ProjectilesPack/Materials/Effects/M_ribbon_smoke.uasset" 596
"../../../LordOfTank/Content/ProjectilesPack/Particles/Effects/P_ExplosionWithShrapnel.uasset" 597
"../../../LordOfTank/Content/ProjectilesPack/Particles/Effects/P_Smoke.uasset" 598
"../../../LordOfTank/Content/ProjectilesPack/Particles/Effects/VF_RandomNoise_01_90.uasset" 599
"../../../LordOfTank/Content/ProjectilesPack/Materials/Environment/M_Snow_Blowing_Lit.uasset" 600
"../../../LordOfTank/Content/ProjectilesPack/Materials/Environment/M_SnowFlake_VelocityLerp.uasset" 601
"../../../LordOfTank/Content/ProjectilesPack/Particles/Environment/P_SnowFlare.uasset" 602
"../../../LordOfTank/Content/ProjectilesPack/Particles/Flamethrower/P_Flame.uasset" 603
"../../../LordOfTank/Content/ProjectilesPack/Particles/Grenades/P_SmokeFog.uasset" 604
"../../../LordOfTank/Content/ProjectilesPack/Particles/Grenades/P_ToxicFog.uasset" 605
"../../../LordOfTank/Content/ProjectilesPack/Particles/MicrodestructorMissile/P_Microdestructor_Fire.uasset" 606
"../../../LordOfTank/Content/ProjectilesPack/Materials/Effects/M_SoftGradient_Muzzle.uasset" 607
"../../../LordOfTank/Content/ProjectilesPack/Particles/OrbitalLaserBeam/P_Flare_Laser.uasset" 608
"../../../LordOfTank/Content/ProjectilesPack/Particles/OrbitalLaserBeam/P_LaserBeam.uasset" 609
"../../../LordOfTank/Content/ProjectilesPack/Particles/PlasmaBall/P_PlasmaBall.uasset" 610
"../../../LordOfTank/Content/ProjectilesPack/Particles/PlasmaBall/P_Plasma_Impact.uasset" 611
"../../../LordOfTank/Content/ProjectilesPack/Particles/PrizmaticRay/P_PrizmaticRay.uasset" 612
"../../../LordOfTank/Content/ProjectilesPack/Materials/BlackHoleGenerator/M_square_ramp.uasset" 613
"../../../LordOfTank/Content/ProjectilesPack/Particles/Railgun/P_RailgunTrail.uasset" 614
"../../../LordOfTank/Content/ProjectilesPack/Particles/Railgun/P_Railgun_Explosion.uasset" 615
"../../../LordOfTank/Content/ProjectilesPack/Particles/Teleport/P_Flare_Teleport.uasset" 616
"../../../LordOfTank/Content/ProjectilesPack/Particles/Teleport/P_TeleportTrail.uasset" 617
"../../../LordOfTank/Content/ProjectilesPack/Particles/TimeBomb/P_TimeBomb_Explosion.uasset" 618
"../../../LordOfTank/Content/ProjectilesPack/Sounds/Common/BlackHoleEnd.uasset" 619
"../../../LordOfTank/Content/ProjectilesPack/Sounds/Common/BlackHoleLoop_Cue.uasset" 620
"../../../LordOfTank/Content/ProjectilesPack/Sounds/Common/BladeImpact_Cue.uasset" 621
"../../../LordOfTank/Content/ProjectilesPack/Sounds/Common/BladeSwarmInit_Cue.uasset" 622
"../../../LordOfTank/Content/ProjectilesPack/Sounds/Common/BulletImpact_Cue.uasset" 623
"../../../LordOfTank/Content/ProjectilesPack/Sounds/Common/Explosion_01_Cue.uasset" 624
"../../../LordOfTank/Content/ProjectilesPack/Sounds/Common/Explosion_02_Cue.uasset" 625
"../../../LordOfTank/Content/ProjectilesPack/Sounds/Common/Explosion_03_1.uasset" 626
"../../../LordOfTank/Content/ProjectilesPack/Sounds/Common/Fire_Sparks_Cue.uasset" 627
"../../../LordOfTank/Content/ProjectilesPack/Sounds/Common/Flamethrower.uasset" 628
"../../../LordOfTank/Content/ProjectilesPack/Sounds/Common/HeartBeat_Cue.uasset" 629
"../../../LordOfTank/Content/ProjectilesPack/Sounds/Common/LaserBeamImpact_Cue.uasset" 630
"../../../LordOfTank/Content/ProjectilesPack/Sounds/Common/PlasmaImpact.uasset" 631
"../../../LordOfTank/Content/ProjectilesPack/Sounds/Environment/Button_Pressed.uasset" 632
"../../../LordOfTank/Content/ProjectilesPack/Sounds/Environment/Exterior_BlizzardWind_01_Cue.uasset" 633
"../../../LordOfTank/Content/ProjectilesPack/Sounds/Environment/Starter_Wind05.uasset" 634
"../../../LordOfTank/Content/ProjectilesPack/Sounds/Environment/Starter_Wind06.uasset" 635
"../../../LordOfTank/Content/ProjectilesPack/Textures/Common/Crosshair.uasset" 636
"../../../LordOfTank/Content/ProjectilesPack/Textures/Common/RGBTable_01.uasset" 637
"../../../LordOfTank/Content/ProjectilesPack/Textures/Common/ShowcaseLoadingScreen.uasset" 638
"../../../LordOfTank/Content/ProjectilesPack/Textures/Effects/T_Lensflare_01.uasset" 639
"../../../LordOfTank/Content/ProjectilesPack/Textures/Projectiles/Rockets/01/BaseColor_02.uasset" 640
"../../../LordOfTank/Content/StarterContent/Audio/Light01_Cue.uasset" 641
"../../../LordOfTank/Content/StarterContent/Audio/Light02_Cue.uasset" 642
"../../../LordOfTank/Content/StarterContent/Audio/Explosion_Cue.uasset" 643
"../../../LordOfTank/Content/StarterContent/Particles/Materials/M_Burst.uasset" 644
"../../../LordOfTank/Content/StarterContent/Particles/Materials/M_explosion_subUV.uasset" 645
"../../../LordOfTank/Content/StarterContent/Particles/Materials/m_flare_01.uasset" 646
"../../../LordOfTank/Content/StarterContent/Particles/Materials/M_radial_ramp.uasset" 647
"../../../LordOfTank/Content/StarterContent/Particles/Materials/M_smoke_subUV.uasset" 648
"../../../LordOfTank/Content/StarterContent/Particles/P_Explosion.uasset" 649
"../../../LordOfTank/Content/StarterContent/Blueprints/Blueprint_Effect_Explosion.uasset" 650
"../../../Engine/Content/EditorMeshes/ColorCalibrator/T_ColorGrid.uasset" 651
"../../../LordOfTank/Content/StarterContent/Materials/M_ColorGrid_LowSpec.uasset" 652
"../../../LordOfTank/Content/StarterContent/Props/Materials/M_Bush.uasset" 653
"../../../LordOfTank/Content/StarterContent/Props/SM_Bush.uasset" 654
"../../../LordOfTank/Content/StarterContent/Props/Materials/M_Chair.uasset" 655
"../../../LordOfTank/Content/StarterContent/Props/SM_Couch.uasset" 656
"../../../LordOfTank/Content/StarterContent/Materials/M_Glass.uasset" 657
"../../../LordOfTank/Content/StarterContent/Props/Materials/M_Door.uasset" 658
"../../../LordOfTank/Content/StarterContent/Props/SM_Door.uasset" 659
"../../../LordOfTank/Content/StarterContent/Props/Materials/M_MaterialSphere.uasset" 660
"../../../LordOfTank/Content/StarterContent/Props/Materials/M_MaterialSphere_Plain.uasset" 661
"../../../LordOfTank/Content/StarterContent/Props/SM_MatPreviewMesh_02.uasset" 662
"../../../LordOfTank/Content/StarterContent/Props/Materials/M_Rock.uasset" 663
"../../../LordOfTank/Content/StarterContent/Props/SM_Rock.uasset" 664
"../../../LordOfTank/Content/StarterContent/Props/Materials/M_Shelf.uasset" 665
"../../../LordOfTank/Content/StarterContent/Props/SM_Shelf.uasset" 666
"../../../LordOfTank/Content/StarterContent/Materials/M_Basic_Floor.uasset" 667
"../../../LordOfTank/Content/StarterContent/Materials/M_Basic_Wall.uasset" 668
"../../../LordOfTank/Content/StarterContent/Props/SM_Stairs.uasset" 669
"../../../LordOfTank/Content/StarterContent/Shapes/Shape_Cone.uasset" 670
"../../../LordOfTank/Content/StarterContent/Shapes/Shape_Cylinder.uasset" 671
"../../../LordOfTank/Content/StarterContent/Shapes/Shape_NarrowCapsule.uasset" 672
"../../../LordOfTank/Content/StarterContent/Shapes/Shape_Pipe.uasset" 673
"../../../LordOfTank/Content/StarterContent/Shapes/Shape_Pipe_180.uasset" 674
"../../../LordOfTank/Content/StarterContent/Shapes/Shape_Pipe_90.uasset" 675
"../../../LordOfTank/Content/StarterContent/Shapes/Shape_Plane.uasset" 676
"../../../LordOfTank/Content/StarterContent/Shapes/Shape_Torus.uasset" 677
"../../../LordOfTank/Content/StarterContent/Shapes/Shape_Trim.uasset" 678
"../../../LordOfTank/Content/StarterContent/Shapes/Shape_Trim_90_In.uasset" 679
"../../../LordOfTank/Content/StarterContent/Shapes/Shape_Trim_90_Out.uasset" 680
"../../../LordOfTank/Content/StarterContent/Shapes/Shape_TriPyramid.uasset" 681
"../../../LordOfTank/Content/StarterContent/Shapes/Shape_Tube.uasset" 682
"../../../LordOfTank/Content/StarterContent/Shapes/Shape_Wedge_A.uasset" 683
"../../../LordOfTank/Content/StarterContent/Shapes/Shape_Wedge_B.uasset" 684
"../../../LordOfTank/Content/StarterContent/Shapes/Shape_WideCapsule.uasset" 685
"../../../LordOfTank/Content/TankAsset/Materials/ammunitions_Mat.uasset" 686
"../../../LordOfTank/Content/LOTAssets/TankAssets/Textures/T_AimDecal.uasset" 687
"../../../LordOfTank/Content/TankAsset/Materials/ArcAimDecal_MAT.uasset" 688
"../../../LordOfTank/Content/LOTAssets/TankAssets/Materials/ArcAimDecal_MAT.uasset" 689
"../../../LordOfTank/Content/TankAsset/Materials/ArcAimDecal_MAT_Inst.uasset" 690
"../../../LordOfTank/Content/TankAsset/Materials/Case-Capsule_Mat.uasset" 691
"../../../LordOfTank/Content/TankAsset/Materials/LBXMY_MAT.uasset" 692
"../../../LordOfTank/Content/TankAsset/Materials/LBXTires_MAT.uasset" 693
"../../../LordOfTank/Content/TankAsset/Materials/Mortar_MAT.uasset" 694
"../../../LordOfTank/Content/LOTAssets/TankAssets/Textures/T_HighVelocityIcon.uasset" 695
"../../../LordOfTank/Content/TankAsset/Materials/WeaponIcon_MAT.uasset" 696
"../../../LordOfTank/Content/LOTAssets/TankAssets/Materials/WeaponIcon_MAT.uasset" 697
"../../../LordOfTank/Content/TankAsset/Materials/WeaponIcon_MAT_Inst.uasset" 698
"../../../Engine/Plugins/2D/Paper2D/Content/DummySprite.uasset" 699
"../../../Engine/Plugins/2D/Paper2D/Content/DefaultPaperTerrainMaterial.uasset" 700
"../../../Engine/Plugins/2D/Paper2D/Content/DefaultSpriteMaterial.uasset" 701
"../../../Engine/Plugins/2D/Paper2D/Content/MaskedUnlitSpriteMaterial.uasset" 702
"../../../Engine/Plugins/2D/Paper2D/Content/OpaqueUnlitSpriteMaterial.uasset" 703
"../../../Engine/Plugins/2D/Paper2D/Content/PlaceholderTextures/DummySpriteTexture.uasset" 704
"../../../Engine/Content/EngineSky/C_Sky_Cloud_Color.uasset" 705
"../../../Engine/Content/EngineSky/C_Sky_Horizon_Color.uasset" 706
"../../../Engine/Content/EngineSky/C_Sky_Zenith_Color.uasset" 707
"../../../Engine/Content/EngineSky/T_Sky_Blue.uasset" 708
"../../../Engine/Content/EngineSky/T_Sky_Clouds_M.uasset" 709
"../../../Engine/Content/EngineSky/T_Sky_Stars.uasset" 710
"../../../Engine/Content/EngineSky/M_Sky_Panning_Clouds2.uasset" 711
"../../../Engine/Content/EngineSky/SM_SkySphere.uasset" 712
"../../../Engine/Content/EngineSky/BP_Sky_Sphere.uasset" 713
"../../../LordOfTank/Content/MyCommonProjectile4.uasset" 714
"../../../LordOfTank/Content/MyLOTPlayer.uasset" 715
"../../../LordOfTank/Content/NewBlueprint.uasset" 716
"../../../LordOfTank/Content/LOTMaps/PlayMap_BuiltData.uasset" 717
"../../../LordOfTank/Content/DryLandscape/Materials/Functions/F_Panner_Clouds.uasset" 718
"../../../LordOfTank/Content/DryLandscape/Textures/Clouds/T_Clouds_01_A.uasset" 719
"../../../LordOfTank/Content/DryLandscape/Materials/Clouds/M_Clouds.uasset" 720
"../../../LordOfTank/Content/DryLandscape/Materials/Clouds/MI_Clouds_DryLandscape.uasset" 721
"../../../Engine/Content/Functions/Engine_MaterialFunctions01/AlphaBlend/WorldAlignedBlend.uasset" 722
"../../../Engine/Content/Functions/Engine_MaterialFunctions01/Texturing/WorldAlignedTexture.uasset" 723
"../../../Engine/Content/Functions/Engine_MaterialFunctions02/Texturing/CustomRotator.uasset" 724
"../../../Engine/Content/EditorMaterials/Cascade/CASC_Cross.uasset" 725
"../../../Engine/Content/EditorMaterials/Cascade/CASC_None.uasset" 726
"../../../Engine/Content/Functions/Engine_MaterialFunctions03/Blends/Blend_Overlay.uasset" 727
"../../../LordOfTank/Content/DryLandscape/Materials/Functions/F_Fade.uasset" 728
"../../../LordOfTank/Content/DryLandscape/Materials/Functions/F_Panner_Dust.uasset" 729
"../../../LordOfTank/Content/DryLandscape/Textures/Masks/T_Variation_Masks_01.uasset" 730
"../../../LordOfTank/Content/DryLandscape/Materials/Functions/F_Dust.uasset" 731
"../../../LordOfTank/Content/DryLandscape/Materials/Functions/F_Specular.uasset" 732
"../../../LordOfTank/Content/DryLandscape/Textures/Bakes/T_DryLandscape_A.uasset" 733
"../../../LordOfTank/Content/DryLandscape/Textures/Bakes/T_DryLandscape_N.uasset" 734
"../../../LordOfTank/Content/DryLandscape/Textures/SplatMaps/T_DryLandscape_Splat.uasset" 735
"../../../LordOfTank/Content/DryLandscape/Textures/Tileables/T_Rock_01_A.uasset" 736
"../../../LordOfTank/Content/DryLandscape/Textures/Tileables/T_Rock_01_N.uasset" 737
"../../../LordOfTank/Content/DryLandscape/Textures/Tileables/T_Sand_01_A.uasset" 738
"../../../LordOfTank/Content/DryLandscape/Textures/Tileables/T_Sand_01_N.uasset" 739
"../../../LordOfTank/Content/DryLandscape/Textures/Tileables/T_Sand_01_R.uasset" 740
"../../../LordOfTank/Content/DryLandscape/Textures/Tileables/T_Soil_01_A.uasset" 741
"../../../LordOfTank/Content/DryLandscape/Textures/Tileables/T_Soil_01_N.uasset" 742
"../../../LordOfTank/Content/DryLandscape/Materials/Landscape/M_DryLandscape.uasset" 743
"../../../LordOfTank/Content/DryLandscape/Materials/Landscape/MI_DryLandscape.uasset" 744
"../../../Engine/Content/EngineMaterials/DefaultPhysicalMaterial.uasset" 745
"../../../LordOfTank/Content/DryLandscape/Materials/Backgrounds/MI_DryLandscape_Background.uasset" 746
"../../../LordOfTank/Content/DryLandscape/Meshes/Background/SM_Background_DryLandscape.uasset" 747
"../../../LordOfTank/Content/DryLandscape/Textures/HDRi/T_Neutral_HDRi.uasset" 748
"../../../LordOfTank/Content/LOTMaps/PlayMap.umap" 749
"../../../LordOfTank/Content/Blueprints/Main_Blueprints/KeypadDisplayWB.uasset" 750
"../../../LordOfTank/Content/Blueprints/Main_Blueprints/KeypadDisplay.uasset" 751
"../../../LordOfTank/Content/Blueprints/Main_Blueprints/KeypadWB.uasset" 752
"../../../LordOfTank/Content/Blueprints/Main_Blueprints/Keypad.uasset" 753
"../../../LordOfTank/Content/Blueprints/Main_Blueprints/Title.uasset" 754
"../../../LordOfTank/Content/Blueprints/Main_Blueprints/Menu_BP.uasset" 755
"../../../LordOfTank/Content/Blueprints/Main_Blueprints/Menu_Actor.uasset" 756
"../../../LordOfTank/Content/ProjectilesPack/Textures/Environment/T_BigNormal_N.uasset" 757
"../../../LordOfTank/Content/ProjectilesPack/Textures/Environment/T_OceonFoam2_M.uasset" 758
"../../../LordOfTank/Content/ProjectilesPack/Textures/Environment/T_OceonNormalShift2_M.uasset" 759
"../../../LordOfTank/Content/ProjectilesPack/Textures/Environment/T_OceonNormalShift2_N.uasset" 760
"../../../LordOfTank/Content/ProjectilesPack/Materials/Environment/M_WaterSIn.uasset" 761
"../../../LordOfTank/Content/ProjectilesPack/Materials/Environment/M_WaterSIn_Inst.uasset" 762
"../../../LordOfTank/Content/ProjectilesPack/Meshes/Environment/SM_Ocean.uasset" 763
"../../../LordOfTank/Content/ProjectilesPack/Environment/BP_Ocean.uasset" 764
"../../../LordOfTank/Content/LOTMaps/StartMap_BuiltData.uasset" 765
"../../../Engine/Content/BasicShapes/BasicShapeMaterial.uasset" 766
"../../../LordOfTank/Content/StarterContent/Textures/T_ground_Moss_D.uasset" 767
"../../../LordOfTank/Content/StarterContent/Textures/T_Ground_Moss_N.uasset" 768
"../../../LordOfTank/Content/StarterContent/Textures/T_MacroVariation.uasset" 769
"../../../LordOfTank/Content/StarterContent/Textures/T_Perlin_Noise_M.uasset" 770
"../../../LordOfTank/Content/StarterContent/Materials/M_Ground_Moss.uasset" 771
"../../../Engine/Content/BasicShapes/Cube.uasset" 772
"../../../Engine/Content/BasicShapes/Cylinder.uasset" 773
"../../../LordOfTank/Content/StarterContent/Audio/Starter_Background_Cue.uasset" 774
"../../../LordOfTank/Content/LOTMaps/StartMap.umap" 775
"../../../LordOfTank/Content/Blueprints/Tutorial_Blueprints/Shot_Spawn_Position.uasset" 776
"../../../LordOfTank/Content/Blueprints/Tutorial_Blueprints/Shot_UI.uasset" 777
"../../../LordOfTank/Content/Blueprints/Tutorial_Blueprints/Shot_UI_Actor.uasset" 778
"../../../LordOfTank/Content/Blueprints/Tutorial_Blueprints/Training_Drone.uasset" 779
"../../../LordOfTank/Content/Font/HMKMRHD_Font.uasset" 780
"../../../Engine/Content/Functions/Engine_MaterialFunctions03/Procedurals/ComputeFilterWidth.uasset" 781
"../../../LordOfTank/Content/Font/AntiAliasedTextMaterialTranslucent.uasset" 782
"../../../LordOfTank/Content/Blueprints/Tutorial_Blueprints/Trainig_Tank.uasset" 783
"../../../LordOfTank/Content/Blueprints/Tutorial_Blueprints/Training_Mode.uasset" 784
"../../../LordOfTank/Content/Blueprints/Tutorial_Blueprints/Target_Mat.uasset" 785
"../../../LordOfTank/Content/Blueprints/Tutorial_Blueprints/Target_Mat_Inst.uasset" 786
"../../../LordOfTank/Content/Blueprints/Tutorial_Blueprints/Target_SM.uasset" 787
"../../../LordOfTank/Content/Blueprints/Tutorial_Blueprints/Target_SM_DM.uasset" 788
"../../../LordOfTank/Content/Blueprints/Tutorial_Blueprints/Target_BP.uasset" 789
"../../../LordOfTank/Content/LOTMaps/TutorialMap_BuiltData.uasset" 790
"../../../LordOfTank/Content/Blueprints/Tutorial_Blueprints/Ground_GrassThickGreen_2k_alb.uasset" 791
"../../../LordOfTank/Content/Blueprints/Tutorial_Blueprints/Ground_GrassThickGreen_2k_alb_Mat.uasset" 792
"../../../Engine/Content/MapTemplates/SM_Template_Map_Floor.uasset" 793
"../../../LordOfTank/Content/LOTMaps/TutorialMap.umap" 794
"../../../LordOfTank/Content/StarterContent/Blueprints/Assets/FogBrightnessLUT.uasset" 795
"../../../LordOfTank/Content/StarterContent/Blueprints/Assets/SunlightColorLUT.uasset" 796
"../../../LordOfTank/Content/StarterContent/Blueprints/Assets/M_LightStage_Arrows.uasset" 797
"../../../Engine/Content/MapTemplates/Sky/DaylightAmbientCubemap.uasset" 798
"../../../LordOfTank/Content/StarterContent/Blueprints/Assets/M_LightStage_Skybox_Master.uasset" 799
"../../../LordOfTank/Content/StarterContent/Blueprints/Assets/M_LightStage_Skybox_Black.uasset" 800
"../../../LordOfTank/Content/StarterContent/Blueprints/Assets/M_LightStage_Skybox_HDRI.uasset" 801
"../../../Engine/Content/EditorMaterials/Thumbnails/SkySphereMaterial.uasset" 802
"../../../LordOfTank/Content/StarterContent/Blueprints/Assets/Skybox.uasset" 803
"../../../LordOfTank/Content/StarterContent/Blueprints/Assets/SM_Arrows.uasset" 804
"../../../LordOfTank/Content/StarterContent/HDRI/HDRI_Epic_Courtyard_Daylight.uasset" 805
"../../../LordOfTank/Content/StarterContent/Blueprints/BP_LightStudio.uasset" 806
"../../../LordOfTank/Content/StarterContent/Maps/Advanced_Lighting_BuiltData.uasset" 807
"../../../LordOfTank/Content/StarterContent/Materials/M_AssetPlatform.uasset" 808
"../../../Engine/Content/EditorMeshes/ColorCalibrator/M_ChromeBall.uasset" 809
"../../../Engine/Content/EditorMeshes/ColorCalibrator/M_ClearCoat.uasset" 810
"../../../Engine/Content/EditorMeshes/ColorCalibrator/M_ClearCoatBlack.uasset" 811
"../../../Engine/Content/EditorMeshes/ColorCalibrator/M_ColorGrid.uasset" 812
"../../../Engine/Content/EditorMeshes/ColorCalibrator/M_GreyBall.uasset" 813
"../../../Engine/Content/EditorMeshes/ColorCalibrator/SM_ColorCalibrator.uasset" 814
"../../../LordOfTank/Content/StarterContent/Maps/Advanced_Lighting.umap" 815
"../../../LordOfTank/Content/StarterContent/Maps/Minimal_Default_BuiltData.uasset" 816
"../../../LordOfTank/Content/StarterContent/Materials/M_Metal_Brushed_Nickel.uasset" 817
"../../../LordOfTank/Content/StarterContent/Materials/M_Metal_Burnished_Steel.uasset" 818
"../../../LordOfTank/Content/StarterContent/Materials/M_Metal_Copper.uasset" 819
"../../../LordOfTank/Content/StarterContent/Props/Materials/M_StatueGlass.uasset" 820
"../../../LordOfTank/Content/StarterContent/Props/SM_Chair.uasset" 821
"../../../LordOfTank/Content/StarterContent/Props/Materials/M_Statue.uasset" 822
"../../../LordOfTank/Content/StarterContent/Props/SM_Statue.uasset" 823
"../../../LordOfTank/Content/StarterContent/Props/Materials/M_TableRound.uasset" 824
"../../../LordOfTank/Content/StarterContent/Props/SM_TableRound.uasset" 825
"../../../LordOfTank/Content/StarterContent/Maps/Minimal_Default.umap" 826
"../../../LordOfTank/Content/StarterContent/Audio/Fire01_Cue.uasset" 827
"../../../LordOfTank/Content/StarterContent/Particles/Materials/M_Fire_SubUV.uasset" 828
"../../../LordOfTank/Content/StarterContent/Particles/Materials/M_Heat_Distortion.uasset" 829
"../../../LordOfTank/Content/StarterContent/Particles/Materials/M_Radial_Gradient.uasset" 830
"../../../LordOfTank/Content/StarterContent/Particles/P_Fire.uasset" 831
"../../../LordOfTank/Content/StarterContent/Blueprints/Blueprint_Effect_Fire.uasset" 832
"../../../LordOfTank/Content/StarterContent/Audio/Smoke01_Cue.uasset" 833
"../../../LordOfTank/Content/StarterContent/Particles/P_Smoke.uasset" 834
"../../../LordOfTank/Content/StarterContent/Blueprints/Blueprint_Effect_Smoke.uasset" 835
"../../../LordOfTank/Content/StarterContent/Audio/Fire_Sparks01_Cue.uasset" 836
"../../../LordOfTank/Content/StarterContent/Particles/Materials/M_Spark.uasset" 837
"../../../LordOfTank/Content/StarterContent/Particles/P_Sparks.uasset" 838
"../../../LordOfTank/Content/StarterContent/Blueprints/Blueprint_Effect_Sparks.uasset" 839
"../../../LordOfTank/Content/StarterContent/Audio/Steam01_Cue.uasset" 840
"../../../LordOfTank/Content/StarterContent/Particles/P_Steam_Lit.uasset" 841
"../../../LordOfTank/Content/StarterContent/Blueprints/Blueprint_Effect_Steam.uasset" 842
"../../../LordOfTank/Content/StarterContent/Props/Materials/M_Lamp.uasset" 843
"../../../LordOfTank/Content/StarterContent/Props/SM_Lamp_Ceiling.uasset" 844
"../../../LordOfTank/Content/StarterContent/Blueprints/Blueprint_CeilingLight.uasset" 845
"../../../LordOfTank/Content/StarterContent/Props/SM_Lamp_Wall.uasset" 846
"../../../LordOfTank/Content/StarterContent/Blueprints/Blueprint_WallSconce.uasset" 847
"../../../LordOfTank/Content/StarterContent/Maps/StarterMap_BuiltData.uasset" 848
"../../../Engine/Content/EngineMaterials/AntiAliasedTextMaterialTranslucent.uasset" 849
"../../../LordOfTank/Content/StarterContent/Materials/M_Brick_Clay_Beveled.uasset" 850
"../../../LordOfTank/Content/StarterContent/Materials/M_Brick_Clay_New.uasset" 851
"../../../LordOfTank/Content/StarterContent/Materials/M_Brick_Clay_Old.uasset" 852
"../../../LordOfTank/Content/StarterContent/Materials/M_Brick_Cut_Stone.uasset" 853
"../../../LordOfTank/Content/StarterContent/Materials/M_Brick_Hewn_Stone.uasset" 854
"../../../LordOfTank/Content/StarterContent/Materials/M_Ceramic_Tile_Checker.uasset" 855
"../../../LordOfTank/Content/StarterContent/Materials/M_CobbleStone_Pebble.uasset" 856
"../../../LordOfTank/Content/StarterContent/Materials/M_CobbleStone_Rough.uasset" 857
"../../../LordOfTank/Content/StarterContent/Materials/M_CobbleStone_Smooth.uasset" 858
"../../../LordOfTank/Content/StarterContent/Materials/M_Concrete_Grime.uasset" 859
"../../../LordOfTank/Content/StarterContent/Materials/M_Concrete_Panels.uasset" 860
"../../../LordOfTank/Content/StarterContent/Materials/M_Concrete_Poured.uasset" 861
"../../../LordOfTank/Content/StarterContent/Materials/M_Concrete_Tiles.uasset" 862
"../../../LordOfTank/Content/StarterContent/Textures/T_Ground_Grass_D.uasset" 863
"../../../LordOfTank/Content/StarterContent/Textures/T_Ground_Grass_N.uasset" 864
"../../../LordOfTank/Content/StarterContent/Materials/M_Ground_Grass.uasset" 865
"../../../LordOfTank/Content/StarterContent/Textures/T_Ground_Gravel_D.uasset" 866
"../../../LordOfTank/Content/StarterContent/Textures/T_Ground_Gravel_N.uasset" 867
"../../../LordOfTank/Content/StarterContent/Materials/M_Ground_Gravel.uasset" 868
"../../../LordOfTank/Content/StarterContent/Materials/M_Metal_Chrome.uasset" 869
"../../../LordOfTank/Content/StarterContent/Materials/M_Metal_Gold.uasset" 870
"../../../LordOfTank/Content/StarterContent/Materials/M_Metal_Rust.uasset" 871
"../../../LordOfTank/Content/StarterContent/Materials/M_Metal_Steel.uasset" 872
"../../../LordOfTank/Content/StarterContent/Materials/M_Rock_Basalt.uasset" 873
"../../../LordOfTank/Content/StarterContent/Materials/M_Rock_Marble_Polished.uasset" 874
"../../../LordOfTank/Content/StarterContent/Materials/M_Rock_Sandstone.uasset" 875
"../../../LordOfTank/Content/StarterContent/Materials/M_Rock_Slate.uasset" 876
"../../../LordOfTank/Content/StarterContent/Materials/M_Tech_Checker_Dot.uasset" 877
"../../../LordOfTank/Content/StarterContent/Materials/M_Tech_Hex_Tile.uasset" 878
"../../../LordOfTank/Content/StarterContent/Materials/M_Tech_Hex_Tile_Pulse.uasset" 879
"../../../LordOfTank/Content/StarterContent/Materials/M_Tech_Panel.uasset" 880
"../../../LordOfTank/Content/StarterContent/Materials/M_Water_Lake.uasset" 881
"../../../LordOfTank/Content/StarterContent/Materials/M_Water_Ocean.uasset" 882
"../../../LordOfTank/Content/StarterContent/Materials/M_Wood_Floor_Walnut_Polished.uasset" 883
"../../../Engine/Content/Functions/Engine_MaterialFunctions01/Opacity/AlphaOffset.uasset" 884
"../../../LordOfTank/Content/StarterContent/Materials/M_Wood_Floor_Walnut_Worn.uasset" 885
"../../../LordOfTank/Content/StarterContent/Materials/M_Wood_Oak.uasset" 886
"../../../LordOfTank/Content/StarterContent/Materials/M_Wood_Pine.uasset" 887
"../../../LordOfTank/Content/StarterContent/Materials/M_Wood_Walnut.uasset" 888
"../../../LordOfTank/Content/StarterContent/Audio/Collapse_Cue.uasset" 889
"../../../LordOfTank/Content/StarterContent/Audio/Starter_Music_Cue.uasset" 890
"../../../LordOfTank/Content/StarterContent/Particles/Materials/M_Dust_Particle.uasset" 891
"../../../LordOfTank/Content/StarterContent/Particles/P_Ambient_Dust.uasset" 892
"../../../LordOfTank/Content/StarterContent/Props/MaterialSphere.uasset" 893
"../../../LordOfTank/Content/StarterContent/Props/Materials/M_Frame.uasset" 894
"../../../LordOfTank/Content/StarterContent/Props/SM_CornerFrame.uasset" 895
"../../../LordOfTank/Content/StarterContent/Props/SM_DoorFrame.uasset" 896
"../../../LordOfTank/Content/StarterContent/Props/SM_GlassWindow.uasset" 897
"../../../LordOfTank/Content/StarterContent/Props/SM_PillarFrame.uasset" 898
"../../../LordOfTank/Content/StarterContent/Props/SM_PillarFrame300.uasset" 899
"../../../LordOfTank/Content/StarterContent/Props/SM_WindowFrame.uasset" 900
"../../../LordOfTank/Content/StarterContent/Shapes/Shape_Cube.uasset" 901
"../../../LordOfTank/Content/StarterContent/Shapes/Shape_QuadPyramid.uasset" 902
"../../../LordOfTank/Content/StarterContent/Shapes/Shape_Sphere.uasset" 903
"../../../LordOfTank/Content/StarterContent/Maps/StarterMap.umap" 904
"../../../Engine/Content/Maps/Entry.umap" 905
