Log file open, 04/02/17 23:17:43
LogInit:Display: Running engine for game: LordOfTank
LogPlatformFile: Not using cached read wrapper
LogInit:Display: RandInit(-1989068468) SRandInit(-1989068468).
LogTaskGraph: Started task graph with 5 named threads and 8 total threads with 1 sets of task threads.
LogStats: Stats thread started at 0.107325
LogInit: Using libcurl 7.47.1
LogInit:  - built for x86_64-pc-win32
LogInit:  - supports SSL with OpenSSL/1.0.2g
LogInit:  - supports HTTP deflate (compression) using libz 1.2.8
LogInit:  - other features:
LogInit:      CURL_VERSION_SSL
LogInit:      CURL_VERSION_LIBZ
LogInit:      CURL_VERSION_IPV6
LogInit:      CURL_VERSION_ASYNCHDNS
LogInit:      CURL_VERSION_LARGEFILE
LogInit:      CURL_VERSION_IDN
LogInit:  CurlRequestOptions (configurable via config and command line):
LogInit:  - bVerifyPeer = false  - Libcurl will NOT verify peer certificate
LogInit:  - bUseHttpProxy = false  - Libcurl will NOT use HTTP proxy
LogInit:  - bDontReuseConnections = false  - Libcurl will reuse connections
LogInit:  - CertBundlePath = nullptr  - Libcurl will use whatever was configured at build time.
OCULUS: Info: [CAPI] LibOVR module is located at C:\Program Files\Oculus\Support\oculus-runtime\LibOVRRT64_1.dll
OCULUS: Debug: Connected to the server running version (prod = 1).1.13.0(build = 361842) feature version = 0. Client runs version (prod = 1).1.13.0(build = 361842) feature version = 0
LogInit: Build: ++UE4+Release-4.15-CL-3299760
LogInit: Engine Version: 4.15.0-3299760+++UE4+Release-4.15
LogInit: Compatible Engine Version: 4.15.0-3299760+++UE4+Release-4.15
LogInit: Net CL: 3299760
LogDevObjectVersion: Number of dev versions registered: 14
LogDevObjectVersion:   Dev-Blueprints (B0D832E4-1F89-4F0D-ACCF-7EB736FD4AA2): 8
LogDevObjectVersion:   Dev-Build (E1C64328-A22C-4D53-A36C-8E866417BD8C): 0
LogDevObjectVersion:   Dev-Core (375EC13C-06E4-48FB-B500-84F0262A717E): 2
LogDevObjectVersion:   Dev-Editor (E4B068ED-F494-42E9-A231-DA0B2E46BB41): 14
LogDevObjectVersion:   Dev-Framework (CFFC743F-43B0-4480-9391-14DF171D2073): 22
LogDevObjectVersion:   Dev-Mobile (B02B49B5-BB20-44E9-A304-32B752E40360): 0
LogDevObjectVersion:   Dev-Networking (A4E4105C-59A1-49B5-A7C5-40C4547EDFEE): 0
LogDevObjectVersion:   Dev-Online (39C831C9-5AE6-47DC-9A44-9C173E1C8E7C): 0
LogDevObjectVersion:   Dev-Physics (78F01B33-EBEA-4F98-B9B4-84EACCB95AA2): 0
LogDevObjectVersion:   Dev-Platform (6631380F-2D4D-43E0-8009-CF276956A95A): 0
LogDevObjectVersion:   Dev-Rendering (12F88B9F-8875-4AFC-A67C-D90C383ABD29): 12
LogDevObjectVersion:   Dev-Sequencer (7B5AE74C-D270-4C10-A958-57980B212A5A): 3
LogDevObjectVersion:   Dev-VR (D7296918-1DD6-4BDD-9DE2-64A83CC13884): 0
LogDevObjectVersion:   Dev-LoadTimes (C2A15278-BFE7-4AFE-6C17-90FF531DF755): 1
LogInit: Compiled (64-bit): Feb 14 2017 02:04:14
LogInit: Compiled with Visual C++: 19.00.23026.00
LogInit: Build Configuration: Development
LogInit: Branch Name: ++UE4+Release-4.15
LogInit: Command line:  
LogInit: Base directory: C:/Program Files/Epic Games/UE_4.15/Engine/Binaries/Win64/
LogInit: Installed Engine Build: 1
LogInit: Presizing for max 8388607 objects, including 0 objects not considered by GC, pre-allocating 0 bytes for permanent pool.
LogInit: Object subsystem initialized
[2017.04.02-14.17.45:086][  0]LogInit: Selected Device Profile: [Windows]
[2017.04.02-14.17.45:086][  0]LogInit: Applying CVar settings loaded from the selected device profile: [Windows]
[2017.04.02-14.17.45:110][  0]LogInit: Computer: DESKTOP-HCO6J1Q
[2017.04.02-14.17.45:110][  0]LogInit: User: KSD
[2017.04.02-14.17.45:110][  0]LogInit: CPU Page size=65536, Cores=4
[2017.04.02-14.17.45:110][  0]LogInit: High frequency timer resolution =3.328124 MHz
[2017.04.02-14.17.45:111][  0]LogMemory: Memory total: Physical=15.9GB (16GB approx)
[2017.04.02-14.17.45:111][  0]LogMemory: Platform Memory Stats for Windows
[2017.04.02-14.17.45:111][  0]LogMemory: Process Physical Memory: 267.94 MB used, 267.94 MB peak
[2017.04.02-14.17.45:111][  0]LogMemory: Process Virtual Memory: 265.77 MB used, 265.77 MB peak
[2017.04.02-14.17.45:111][  0]LogMemory: Physical Memory: 5620.68 MB used,  10696.14 MB free, 16316.82 MB total
[2017.04.02-14.17.45:111][  0]LogMemory: Virtual Memory: 681.09 MB used,  10696.14 MB free, 134217728.00 MB total
[2017.04.02-14.17.45:444][  0]LogTextLocalizationManager: No specific translations for ('ko-KR') exist, so ('ko') translations will be used.
[2017.04.02-14.17.45:518][  0]LogTextLocalizationManager:Warning: Loaded localization resources contain conflicting entries for (Namespace:KismetSchema, Key:Default):
Localization Resource: (C:/Program Files/Epic Games/UE_4.15/Engine/Content/Localization/EditorTutorials/ko/EditorTutorials.locres) Source String Hash: (940523119) Localized String: (디폴트)
Localization Resource: (C:/Program Files/Epic Games/UE_4.15/Engine/Content/Localization/Engine/ko/Engine.locres) Source String Hash: (940523119) Localized String: (기본)
[2017.04.02-14.17.45:518][  0]LogTextLocalizationManager:Warning: Loaded localization resources contain conflicting entries for (Namespace:UObjectToolTips, Key:AnimNode_AssetPlayerBase:InternalTimeAccumulator):
Localization Resource: (C:/Program Files/Epic Games/UE_4.15/Engine/Content/Localization/EditorTutorials/ko/EditorTutorials.locres) Source String Hash: (502993589) Localized String: (이 노드에서 애셋을 레퍼런싱하는 데 사용되는 누적 시간입니다.)
Localization Resource: (C:/Program Files/Epic Games/UE_4.15/Engine/Content/Localization/Engine/ko/Engine.locres) Source String Hash: (502993589) Localized String: (이 노드에서 애셋을 레퍼런싱하는 데 사용된 누적 시간입니다.)
[2017.04.02-14.17.45:518][  0]LogTextLocalizationManager:Warning: Loaded localization resources contain conflicting entries for (Namespace:UObjectToolTips, Key:AnimNode_AssetPlayerBase:bIgnoreForRelevancyTest):
Localization Resource: (C:/Program Files/Epic Games/UE_4.15/Engine/Content/Localization/EditorTutorials/ko/EditorTutorials.locres) Source String Hash: (319969718) Localized String: (True 면, 스테이트에서 최고 가중치 애니메이션을 찾는 "Relevant anim" 노드는 이 노드를 무시합니다.
 )
Localization Resource: (C:/Program Files/Epic Games/UE_4.15/Engine/Content/Localization/Engine/ko/Engine.locres) Source String Hash: (319969718) Localized String: (True 면 스테이트 내 최고 웨이팅된 애니메이션을 찾는 "Relevant anim" 노드가 무시됩니다.
 )
[2017.04.02-14.17.45:518][  0]LogTextLocalizationManager:Warning: Loaded localization resources contain conflicting entries for (Namespace:UObjectToolTips, Key:AnimNode_AssetPlayerBase:BlendWeight):
Localization Resource: (C:/Program Files/Epic Games/UE_4.15/Engine/Content/Localization/EditorTutorials/ko/EditorTutorials.locres) Source String Hash: (-1232800293) Localized String: (이 노드에 마지막 걸린 블렌드웨이트 입니다.)
Localization Resource: (C:/Program Files/Epic Games/UE_4.15/Engine/Content/Localization/Engine/ko/Engine.locres) Source String Hash: (-1232800293) Localized String: (이 노드에 대해 마지막 접한 블렌드 웨이트)
[2017.04.02-14.17.48:029][  0]LogD3D11RHI: D3D11 adapters:
[2017.04.02-14.17.48:574][  0]LogD3D11RHI:    0. 'NVIDIA GeForce GTX 1070' (Feature Level 11_0)
[2017.04.02-14.17.48:574][  0]LogD3D11RHI:       8145/0/8158 MB DedicatedVideo/DedicatedSystem/SharedSystem, Outputs:1, VendorId:0x10de
[2017.04.02-14.17.48:576][  0]LogD3D11RHI:    1. 'Microsoft Basic Render Driver' (Feature Level 11_0)
[2017.04.02-14.17.48:576][  0]LogD3D11RHI:       0/0/8158 MB DedicatedVideo/DedicatedSystem/SharedSystem, Outputs:0, VendorId:0x1414
[2017.04.02-14.17.48:576][  0]LogD3D11RHI: Chosen D3D11 Adapter: 0
[2017.04.02-14.17.48:583][  0]LogD3D11RHI: Creating new Direct3DDevice
[2017.04.02-14.17.48:583][  0]LogD3D11RHI:     GPU DeviceId: 0x1b81 (for the marketing name, search the web for "GPU Device Id")
[2017.04.02-14.17.48:583][  0]LogWindows: EnumDisplayDevices:
[2017.04.02-14.17.48:584][  0]LogWindows:    0. 'NVIDIA GeForce GTX 1070' (P:1 D:1)
[2017.04.02-14.17.48:584][  0]LogWindows:    1. 'NVIDIA GeForce GTX 1070' (P:0 D:0)
[2017.04.02-14.17.48:584][  0]LogWindows:    2. 'NVIDIA GeForce GTX 1070' (P:0 D:0)
[2017.04.02-14.17.48:585][  0]LogWindows:    3. 'NVIDIA GeForce GTX 1070' (P:0 D:0)
[2017.04.02-14.17.48:585][  0]LogWindows: DebugString: FoundDriverCount:4 
[2017.04.02-14.17.48:585][  0]LogD3D11RHI:     Adapter Name: NVIDIA GeForce GTX 1070
[2017.04.02-14.17.48:585][  0]LogD3D11RHI:   Driver Version: 373.06 (internal:21.21.13.7306, unified:373.06)
[2017.04.02-14.17.48:585][  0]LogD3D11RHI:      Driver Date: 10-1-2016
[2017.04.02-14.17.48:586][  0]LogRHI: Texture pool is 1361 MB (70% of 1945 MB)
[2017.04.02-14.17.49:182][  0]LogD3D11RHI: Async texture creation enabled
[2017.04.02-14.17.49:286][  0]LogD3D11RHI: GPU Timing Frequency: 1000.000000 (Debug: 2 1)
[2017.04.02-14.17.49:343][  0]LogShaderCompilers: Guid format shader working directory is -22 characters bigger than the processId version (../../../../../../Users/KSD/Documents/GitHub/lordoftank/LordOfTank/Intermediate/Shaders/WorkingDirectory/9396/).
[2017.04.02-14.17.49:343][  0]LogShaderCompilers: Cleaned the shader compiler working directory 'C:/Users/KSD/AppData/Local/Temp/UnrealShaderWorkingDir/858A026141D4917765B51A8B4A504186/'.
[2017.04.02-14.17.49:343][  0]LogShaderCompilers:Display: Using Local Shader Compiler.
[2017.04.02-14.17.52:059][  0]LogTemp:Display: Loaded TP AllDesktopTargetPlatform
[2017.04.02-14.17.52:123][  0]LogTemp:Display: Loaded TP MacClientTargetPlatform
[2017.04.02-14.17.52:187][  0]LogTemp:Display: Loaded TP MacNoEditorTargetPlatform
[2017.04.02-14.17.52:252][  0]LogTemp:Display: Loaded TP MacServerTargetPlatform
[2017.04.02-14.17.52:333][  0]LogTemp:Display: Loaded TP MacTargetPlatform
[2017.04.02-14.17.52:400][  0]LogTemp:Display: Loaded TP WindowsClientTargetPlatform
[2017.04.02-14.17.52:469][  0]LogTemp:Display: Loaded TP WindowsNoEditorTargetPlatform
[2017.04.02-14.17.52:536][  0]LogTemp:Display: Loaded TP WindowsServerTargetPlatform
[2017.04.02-14.17.52:596][  0]LogTemp:Display: Loaded TP WindowsTargetPlatform
[2017.04.02-14.17.52:667][  0]LogTemp:Display: Loaded TP AndroidTargetPlatform
[2017.04.02-14.17.52:734][  0]LogTemp:Display: Loaded TP Android_ASTCTargetPlatform
[2017.04.02-14.17.52:792][  0]LogTemp:Display: Loaded TP Android_ATCTargetPlatform
[2017.04.02-14.17.52:851][  0]LogTemp:Display: Loaded TP Android_DXTTargetPlatform
[2017.04.02-14.17.52:911][  0]LogTemp:Display: Loaded TP Android_ETC1TargetPlatform
[2017.04.02-14.17.52:972][  0]LogTemp:Display: Loaded TP Android_ETC2TargetPlatform
[2017.04.02-14.17.53:104][  0]LogTemp:Display: Loaded TP Android_MultiTargetPlatform
[2017.04.02-14.17.53:104][  0]LogTemp:Display: Loaded TP Android_PVRTCTargetPlatform
[2017.04.02-14.17.53:149][  0]LogTemp:Display: Loaded TP HTML5TargetPlatform
[2017.04.02-14.17.53:281][  0]LogTemp:Display: Loaded TP IOSTargetPlatform
[2017.04.02-14.17.53:324][  0]LogTemp:Display: Loaded TP TVOSTargetPlatform
[2017.04.02-14.17.53:384][  0]LogTemp:Display: Loaded TP LinuxClientTargetPlatform
[2017.04.02-14.17.53:441][  0]LogTemp:Display: Loaded TP LinuxNoEditorTargetPlatform
[2017.04.02-14.17.53:498][  0]LogTemp:Display: Loaded TP LinuxServerTargetPlatform
[2017.04.02-14.17.53:562][  0]LogTemp:Display: Loaded TP LinuxTargetPlatform
[2017.04.02-14.17.53:562][  0]LogTargetPlatformManager:Display: Building Assets For Windows
[2017.04.02-14.17.54:405][  0]LogDerivedDataCache:Display: Max Cache Size: 512 MB
[2017.04.02-14.17.54:918][  0]LogDerivedDataCache: Loaded boot cache 0.51s 95MB C:/Users/KSD/AppData/Local/UnrealEngine/4.15/DerivedDataCache/Boot.ddc.
[2017.04.02-14.17.54:918][  0]LogDerivedDataCache:Display: Loaded Boot cache: C:/Users/KSD/AppData/Local/UnrealEngine/4.15/DerivedDataCache/Boot.ddc
[2017.04.02-14.17.54:918][  0]LogDerivedDataCache: FDerivedDataBackendGraph:  Pak pak cache file ../../../../../../Users/KSD/Documents/GitHub/lordoftank/LordOfTank/DerivedDataCache/DDC.ddp not found, will not use a pak cache.
[2017.04.02-14.17.54:918][  0]LogDerivedDataCache: Unable to find inner node Pak for hierarchical cache Hierarchy.
[2017.04.02-14.17.54:918][  0]LogDerivedDataCache: FDerivedDataBackendGraph:  CompressedPak pak cache file ../../../../../../Users/KSD/Documents/GitHub/lordoftank/LordOfTank/DerivedDataCache/Compressed.ddp not found, will not use a pak cache.
[2017.04.02-14.17.54:918][  0]LogDerivedDataCache: Unable to find inner node CompressedPak for hierarchical cache Hierarchy.
[2017.04.02-14.17.54:955][  0]LogDerivedDataCache:Display: Pak cache opened for reading ../../../Engine/DerivedDataCache/Compressed.ddp.
[2017.04.02-14.17.54:967][  0]LogDerivedDataCache: Using Local data cache path C:/Users/KSD/AppData/Local/UnrealEngine/Common/DerivedDataCache: Writable
[2017.04.02-14.17.54:985][  0]LogSlate: Using Freetype 2.6.0
[2017.04.02-14.17.54:998][  0]LogSlate: SlateFontCache - WITH_FREETYPE: 1, WITH_HARFBUZZ: 1
[2017.04.02-14.17.54:998][  0]LogSlate: SlateFontCache - WITH_FREETYPE: 1, WITH_HARFBUZZ: 1
[2017.04.02-14.17.58:025][  0]LogInit: Selected Device Profile: [Windows]
[2017.04.02-14.17.58:036][  0]LogContentStreaming: Texture pool size is 0.00 MB
[2017.04.02-14.17.58:357][  0]LogMeshUtilities: Using QuadricMeshReduction for automatic static mesh reduction
[2017.04.02-14.17.58:432][  0]LogSimplygon: Simplygon DLL not present - disabling.
[2017.04.02-14.17.58:493][  0]LogMeshUtilities: Using SimplygonSwarm for distributed automatic mesh merging
[2017.04.02-14.17.58:493][  0]LogMeshUtilities: No automatic skeletal mesh reduction module available
[2017.04.02-14.17.58:493][  0]LogMeshUtilities: No automatic mesh merging module available
[2017.04.02-14.17.59:959][  0]LogNetVersion: GetLocalNetworkVersion: CL: 3299760, ProjectName: lordoftank, ProjectVersion: , EngineNetworkVersion: 2, GameNetworkVersion: 0, NetworkChecksum: 665150540
[2017.04.02-14.18.00:023][  0]LogAssetRegistry: FAssetRegistry took 0.0236 seconds to start up
[2017.04.02-14.18.00:088][  0]LogPackageLocalizationCache: Processed 3 localized package path(s) for 2 prioritized culture(s) in 0.037621 seconds
[2017.04.02-14.18.00:095][  0]LogUObjectArray: 32475 objects as part of root set at end of initial load.
[2017.04.02-14.18.00:095][  0]LogUObjectAllocator: 7073368 out of 0 bytes used by permanent object pool.
[2017.04.02-14.18.00:095][  0]LogUObjectArray: CloseDisregardForGC: 0/0 objects in disregard for GC pool
[2017.04.02-14.18.00:180][  0]LogInit: WinSock: version 1.1 (2.2), MaxSocks=32767, MaxUdp=65467
[2017.04.02-14.18.03:996][  0]LogTcpMessaging: Initializing TcpMessaging bridge
[2017.04.02-14.18.04:049][  0]LogUdpMessaging: Initializing bridge on interface 0.0.0.0:0 to multicast group 230.0.0.1:6666.
[2017.04.02-14.18.04:377][  0]LogLinker:Warning: '/Game/LOTAssets/TankAssets/LOTBody' 파일을 찾을 수 없습니다.
[2017.04.02-14.18.04:377][  0]LogLinker:Warning: '/Game/LOTAssets/TankAssets/LOTBody' 파일을 찾을 수 없습니다.
[2017.04.02-14.18.04:377][  0]LogUObjectGlobals:Warning: 'SkeletalMesh /Game/LOTAssets/TankAssets/LOTBody.LOTBody' 오브젝트를 찾는 데 실패했습니다.
[2017.04.02-14.18.04:377][  0]Error: CDO Constructor (LOTPlayer): Failed to find /Game/LOTAssets/TankAssets/LOTBody.LOTBody

[2017.04.02-14.18.04:506][  0]LogMaterial: Missing cached shader map for material LBXTires_MAT, compiling. 
[2017.04.02-14.18.04:511][  0]LogTemp:Display: Added material ShaderMap 0x00000178D876CB80 with Material 0x00000178D94CE200 to ShaderMapsBeingCompiled
[2017.04.02-14.18.04:595][  0]LogTemp:Display: Kicking off shader compilation for LBXTires_MAT, GameThreadShaderMap 0x00000178D876CB80
[2017.04.02-14.18.04:630][  0]LogMaterial: Missing cached shader map for material LBXMY_MAT, compiling. 
[2017.04.02-14.18.04:632][  0]LogTemp:Display: Added material ShaderMap 0x00000178D4451D00 with Material 0x00000178D4413E80 to ShaderMapsBeingCompiled
[2017.04.02-14.18.04:667][  0]LogTemp:Display: Kicking off shader compilation for LBXMY_MAT, GameThreadShaderMap 0x00000178D4451D00
[2017.04.02-14.18.04:785][  0]LogStats: FPlatformStackWalk::StackWalkAndDump -  0.118 s
[2017.04.02-14.18.04:785][  0]LogOutputDevice:Error: === Handled ensure: ===
[2017.04.02-14.18.04:785][  0]LogOutputDevice:Error: 
[2017.04.02-14.18.04:785][  0]LogOutputDevice:Error: Ensure condition failed: !AttachmentRules.bWeldSimulatedBodies [File:D:\Build\++UE4+Release-4.15+Compile\Sync\Engine\Source\Runtime\Engine\Private\Components\SceneComponent.cpp] [Line: 1623]
[2017.04.02-14.18.04:785][  0]LogOutputDevice:Error: AttachToComponent when called from a constructor cannot weld simulated bodies. Consider calling SetupAttachment directly instead.
[2017.04.02-14.18.04:785][  0]LogOutputDevice:Error: Stack: 
[2017.04.02-14.18.04:785][  0]LogOutputDevice:Error: UE4Editor-Core.dll!0x0000000015A895D6
[2017.04.02-14.18.04:785][  0]LogOutputDevice:Error: UE4Editor-Core.dll!0x0000000015839B72
[2017.04.02-14.18.04:785][  0]LogOutputDevice:Error: UE4Editor-Core.dll!0x000000001584B656
[2017.04.02-14.18.04:785][  0]LogOutputDevice:Error: UE4Editor-Engine.dll!0x0000000000B50AEB
[2017.04.02-14.18.04:785][  0]LogOutputDevice:Error: UE4Editor-LordOfTank.dll!ALOTPlayer::ALOTPlayer() [c:\users\syj\documents\lordoftank\lordoftank\source\lordoftank\private\pawn\lotplayer.cpp:41]
[2017.04.02-14.18.04:785][  0]LogOutputDevice:Error: UE4Editor-LordOfTank.dll!InternalConstructor<ALOTPlayer>()
[2017.04.02-14.18.04:785][  0]LogOutputDevice:Error: UE4Editor-CoreUObject.dll!0x000000001609200F
[2017.04.02-14.18.04:785][  0]LogOutputDevice:Error: UE4Editor-CoreUObject.dll!0x0000000016229F60
[2017.04.02-14.18.04:785][  0]LogOutputDevice:Error: UE4Editor-CoreUObject.dll!0x000000001620C160
[2017.04.02-14.18.04:785][  0]LogOutputDevice:Error: UE4Editor-CoreUObject.dll!0x0000000016095637
[2017.04.02-14.18.04:785][  0]LogOutputDevice:Error: UE4Editor-Core.dll!0x00000000156E7163
[2017.04.02-14.18.04:785][  0]LogOutputDevice:Error: UE4Editor-Core.dll!0x00000000158AC6FA
[2017.04.02-14.18.04:785][  0]LogOutputDevice:Error: UE4Editor-Projects.dll!0x000000001E8BB4F2
[2017.04.02-14.18.04:785][  0]LogOutputDevice:Error: UE4Editor-Projects.dll!0x000000001E8BB838
[2017.04.02-14.18.04:785][  0]LogOutputDevice:Error: UE4Editor.exe!0x00000000DCCB2951
[2017.04.02-14.18.04:785][  0]LogOutputDevice:Error: UE4Editor.exe!0x00000000DCCB6A02
[2017.04.02-14.18.04:786][  0]LogOutputDevice:Error: UE4Editor.exe!0x00000000DCCAE96A
[2017.04.02-14.18.04:786][  0]LogOutputDevice:Error: UE4Editor.exe!0x00000000DCCAEBBA
[2017.04.02-14.18.04:786][  0]LogOutputDevice:Error: UE4Editor.exe!0x00000000DCCC0A29
[2017.04.02-14.18.04:786][  0]LogOutputDevice:Error: UE4Editor.exe!0x00000000DCCC22B6
[2017.04.02-14.18.04:786][  0]LogOutputDevice:Error: KERNEL32.DLL!0x00000000401D8364
[2017.04.02-14.18.04:786][  0]LogOutputDevice:Error: ntdll.dll!0x0000000040D370D1
[2017.04.02-14.18.04:786][  0]LogOutputDevice:Error: 
[2017.04.02-14.18.04:792][  0]LogStats:                SubmitErrorReport -  0.000 s
