Log file open, 04/06/17 03:16:20
LogInit:Display: Running engine for game: LordOfTank
LogPlatformFile: Not using cached read wrapper
LogInit:Display: RandInit(-1223216630) SRandInit(-1223216630).
LogTaskGraph: Started task graph with 5 named threads and 8 total threads with 1 sets of task threads.
LogStats: Stats thread started at 0.094173
LogInit: Using libcurl 7.47.1
LogInit:  - built for x86_64-pc-win32
LogInit:  - supports SSL with OpenSSL/1.0.2g
LogInit:  - supports HTTP deflate (compression) using libz 1.2.8
LogInit:  - other features:
LogInit:      CURL_VERSION_SSL
LogInit:      CURL_VERSION_LIBZ
LogInit:      CURL_VERSION_IPV6
LogInit:      CURL_VERSION_ASYNCHDNS
LogInit:      CURL_VERSION_LARGEFILE
LogInit:      CURL_VERSION_IDN
LogInit:  CurlRequestOptions (configurable via config and command line):
LogInit:  - bVerifyPeer = false  - Libcurl will NOT verify peer certificate
LogInit:  - bUseHttpProxy = false  - Libcurl will NOT use HTTP proxy
LogInit:  - bDontReuseConnections = false  - Libcurl will reuse connections
LogInit:  - CertBundlePath = nullptr  - Libcurl will use whatever was configured at build time.
OCULUS: Info: [CAPI] LibOVR module is located at C:\Program Files\Oculus\Support\oculus-runtime\LibOVRRT64_1.dll
OCULUS: Debug: Connected to the server running version (prod = 1).1.13.0(build = 361842) feature version = 0. Client runs version (prod = 1).1.13.0(build = 361842) feature version = 0
OCULUS: Debug: Failed to open file: C:\Users\syj\AppData\Local\Oculus/ProfileDB.json
OCULUS: Debug: Failed to open file: C:\Users\syj\AppData\Local\Oculus/Profiles.json
OCULUS: Debug: Failed to open file: C:\Users\syj\AppData\Local\Oculus/ProfileDB.json
OCULUS: Debug: Failed to open file: C:\Users\syj\AppData\Local\Oculus/Profiles.json
OCULUS: Debug: [HMDState] Using default profile default
OCULUS: Info: IAD changed to 63.5mm
OCULUS: Debug: Creating factory
LogHMD: GearVR: Emulating GearVR using Oculus Rift!
LogInit: Build: ++UE4+Release-4.15-CL-3348071
LogInit: Engine Version: 4.15.1-3348071+++UE4+Release-4.15
LogInit: Compatible Engine Version: 4.15.0-3299760+++UE4+Release-4.15
LogInit: Net CL: 3299760
LogDevObjectVersion: Number of dev versions registered: 14
LogDevObjectVersion:   Dev-Blueprints (B0D832E4-1F89-4F0D-ACCF-7EB736FD4AA2): 8
LogDevObjectVersion:   Dev-Build (E1C64328-A22C-4D53-A36C-8E866417BD8C): 0
LogDevObjectVersion:   Dev-Core (375EC13C-06E4-48FB-B500-84F0262A717E): 2
LogDevObjectVersion:   Dev-Editor (E4B068ED-F494-42E9-A231-DA0B2E46BB41): 14
LogDevObjectVersion:   Dev-Framework (CFFC743F-43B0-4480-9391-14DF171D2073): 22
LogDevObjectVersion:   Dev-Mobile (B02B49B5-BB20-44E9-A304-32B752E40360): 0
LogDevObjectVersion:   Dev-Networking (A4E4105C-59A1-49B5-A7C5-40C4547EDFEE): 0
LogDevObjectVersion:   Dev-Online (39C831C9-5AE6-47DC-9A44-9C173E1C8E7C): 0
LogDevObjectVersion:   Dev-Physics (78F01B33-EBEA-4F98-B9B4-84EACCB95AA2): 0
LogDevObjectVersion:   Dev-Platform (6631380F-2D4D-43E0-8009-CF276956A95A): 0
LogDevObjectVersion:   Dev-Rendering (12F88B9F-8875-4AFC-A67C-D90C383ABD29): 12
LogDevObjectVersion:   Dev-Sequencer (7B5AE74C-D270-4C10-A958-57980B212A5A): 3
LogDevObjectVersion:   Dev-VR (D7296918-1DD6-4BDD-9DE2-64A83CC13884): 0
LogDevObjectVersion:   Dev-LoadTimes (C2A15278-BFE7-4AFE-6C17-90FF531DF755): 1
LogInit: Compiled (64-bit): Mar 15 2017 16:52:47
LogInit: Compiled with Visual C++: 19.00.23026.00
LogInit: Build Configuration: Development
LogInit: Branch Name: ++UE4+Release-4.15
LogInit: Command line:  
LogInit: Base directory: C:/Program Files/Epic Games/UE_4.15/Engine/Binaries/Win64/
LogInit: Installed Engine Build: 1
LogInit: Presizing for max 8388607 objects, including 0 objects not considered by GC, pre-allocating 0 bytes for permanent pool.
LogInit: Object subsystem initialized
[2017.04.05-18.16.22:582][  0]LogInit: Selected Device Profile: [Windows]
[2017.04.05-18.16.22:582][  0]LogInit: Applying CVar settings loaded from the selected device profile: [Windows]
[2017.04.05-18.16.23:759][  0]LogInit: Computer: DESKTOP-QGBNOPV
[2017.04.05-18.16.23:759][  0]LogInit: User: syj
[2017.04.05-18.16.23:759][  0]LogInit: CPU Page size=65536, Cores=4
[2017.04.05-18.16.23:759][  0]LogInit: High frequency timer resolution =3.416988 MHz
[2017.04.05-18.16.23:759][  0]LogMemory: Memory total: Physical=7.9GB (8GB approx)
[2017.04.05-18.16.23:759][  0]LogMemory: Platform Memory Stats for Windows
[2017.04.05-18.16.23:759][  0]LogMemory: Process Physical Memory: 270.56 MB used, 270.56 MB peak
[2017.04.05-18.16.23:759][  0]LogMemory: Process Virtual Memory: 265.55 MB used, 265.55 MB peak
[2017.04.05-18.16.23:759][  0]LogMemory: Physical Memory: 5095.61 MB used,  3015.45 MB free, 8111.06 MB total
[2017.04.05-18.16.23:759][  0]LogMemory: Virtual Memory: 681.11 MB used,  3015.45 MB free, 134217728.00 MB total
[2017.04.05-18.16.23:917][  0]LogTextLocalizationManager: No specific translations for ('ko-KR') exist, so ('ko') translations will be used.
[2017.04.05-18.16.23:962][  0]LogTextLocalizationManager:Warning: Loaded localization resources contain conflicting entries for (Namespace:KismetSchema, Key:Default):
Localization Resource: (C:/Program Files/Epic Games/UE_4.15/Engine/Content/Localization/EditorTutorials/ko/EditorTutorials.locres) Source String Hash: (940523119) Localized String: (디폴트)
Localization Resource: (C:/Program Files/Epic Games/UE_4.15/Engine/Content/Localization/Engine/ko/Engine.locres) Source String Hash: (940523119) Localized String: (기본)
[2017.04.05-18.16.23:963][  0]LogTextLocalizationManager:Warning: Loaded localization resources contain conflicting entries for (Namespace:UObjectToolTips, Key:AnimNode_AssetPlayerBase:InternalTimeAccumulator):
Localization Resource: (C:/Program Files/Epic Games/UE_4.15/Engine/Content/Localization/EditorTutorials/ko/EditorTutorials.locres) Source String Hash: (502993589) Localized String: (이 노드에서 애셋을 레퍼런싱하는 데 사용되는 누적 시간입니다.)
Localization Resource: (C:/Program Files/Epic Games/UE_4.15/Engine/Content/Localization/ToolTips/ko/ToolTips.locres) Source String Hash: (502993589) Localized String: (내부 시간 누산기 - 이 노드에서 애셋을 레퍼런싱하는 데 사용된 누적 시간입니다.)
Localization Resource: (C:/Program Files/Epic Games/UE_4.15/Engine/Content/Localization/Engine/ko/Engine.locres) Source String Hash: (502993589) Localized String: (이 노드에서 애셋을 레퍼런싱하는 데 사용된 누적 시간입니다.)
[2017.04.05-18.16.23:963][  0]LogTextLocalizationManager:Warning: Loaded localization resources contain conflicting entries for (Namespace:UObjectToolTips, Key:AnimNode_AssetPlayerBase:bIgnoreForRelevancyTest):
Localization Resource: (C:/Program Files/Epic Games/UE_4.15/Engine/Content/Localization/EditorTutorials/ko/EditorTutorials.locres) Source String Hash: (319969718) Localized String: (True 면, 스테이트에서 최고 가중치 애니메이션을 찾는 "Relevant anim" 노드는 이 노드를 무시합니다.
 )
Localization Resource: (C:/Program Files/Epic Games/UE_4.15/Engine/Content/Localization/ToolTips/ko/ToolTips.locres) Source String Hash: (319969718) Localized String: (연관성 테스트에 무시 - true 인 경우 스테이트 내 최고 웨이팅된 애니메이션을 찾는 "Relevant anim" (연관 애님) 노드가
이 노드를 무시합니다.)
Localization Resource: (C:/Program Files/Epic Games/UE_4.15/Engine/Content/Localization/Engine/ko/Engine.locres) Source String Hash: (319969718) Localized String: (True 면 스테이트 내 최고 웨이팅된 애니메이션을 찾는 "Relevant anim" 노드가 무시됩니다.
 )
[2017.04.05-18.16.23:963][  0]LogTextLocalizationManager:Warning: Loaded localization resources contain conflicting entries for (Namespace:UObjectToolTips, Key:AnimNode_AssetPlayerBase:BlendWeight):
Localization Resource: (C:/Program Files/Epic Games/UE_4.15/Engine/Content/Localization/EditorTutorials/ko/EditorTutorials.locres) Source String Hash: (-1232800293) Localized String: (이 노드에 마지막 걸린 블렌드웨이트 입니다.)
Localization Resource: (C:/Program Files/Epic Games/UE_4.15/Engine/Content/Localization/ToolTips/ko/ToolTips.locres) Source String Hash: (-1232800293) Localized String: (블렌드 웨이트 - 이 노드에 대해 마지막으로 접한 블렌드 웨이트입니다.)
Localization Resource: (C:/Program Files/Epic Games/UE_4.15/Engine/Content/Localization/Engine/ko/Engine.locres) Source String Hash: (-1232800293) Localized String: (이 노드에 대해 마지막 접한 블렌드 웨이트)
[2017.04.05-18.16.23:963][  0]LogTextLocalizationManager:Warning: Loaded localization resources contain conflicting entries for (Namespace:UObjectToolTips, Key:AnimNode_BlendSpacePlayer:bLoop):
Localization Resource: (C:/Program Files/Epic Games/UE_4.15/Engine/Content/Localization/EditorTutorials/ko/EditorTutorials.locres) Source String Hash: (2133979316) Localized String: (애니메이션이 끝까지 재생되면 반복할까요?)
Localization Resource: (C:/Program Files/Epic Games/UE_4.15/Engine/Content/Localization/ToolTips/ko/ToolTips.locres) Source String Hash: (2133979316) Localized String: (루프 - 애니메이션이 끝에 도달했을 때 계속 반복할까요?)
[2017.04.05-18.16.23:963][  0]LogTextLocalizationManager:Warning: Loaded localization resources contain conflicting entries for (Namespace:UObjectToolTips, Key:AnimNode_StateMachine:bSkipFirstUpdateTransition):
Localization Resource: (C:/Program Files/Epic Games/UE_4.15/Engine/Content/Localization/EditorTutorials/ko/EditorTutorials.locres) Source String Hash: (1865475011) Localized String: (첫 업데이트시 도입 상태에서의 트랜지션을 건너뛸까요? 
기본은 true 로, 첫 업데이트시에는 트랜지션 데이터를 버립니다.)
Localization Resource: (C:/Program Files/Epic Games/UE_4.15/Engine/Content/Localization/ToolTips/ko/ToolTips.locres) Source String Hash: (1865475011) Localized String: (첫 번째 업데이트 트랜지션 건너뛰기 - 첫 번째 업데이트에서 입력 스테이트의 트랜지션을 건너뜁니까?
디폴트는 true 고 첫 번째 업데이트의 트랜지션 데이터를 버립니다.)
[2017.04.05-18.16.23:963][  0]LogTextLocalizationManager:Warning: Loaded localization resources contain conflicting entries for (Namespace:UObjectToolTips, Key:AnimNode_BlendSpacePlayer:X):
Localization Resource: (C:/Program Files/Epic Games/UE_4.15/Engine/Content/Localization/EditorTutorials/ko/EditorTutorials.locres) Source String Hash: (2060772590) Localized String: (블렌드스페이스에서 샘플링할 X 좌표입니다.)
Localization Resource: (C:/Program Files/Epic Games/UE_4.15/Engine/Content/Localization/ToolTips/ko/ToolTips.locres) Source String Hash: (2060772590) Localized String: (X - 블렌드스페이스 샘플의 X 좌표입니다.)
[2017.04.05-18.16.23:963][  0]LogTextLocalizationManager:Warning: Loaded localization resources contain conflicting entries for (Namespace:UObjectToolTips, Key:AnimNode_BlendSpacePlayer:Y):
Localization Resource: (C:/Program Files/Epic Games/UE_4.15/Engine/Content/Localization/EditorTutorials/ko/EditorTutorials.locres) Source String Hash: (-1719607538) Localized String: (블렌드스페이스에서 샘플링할 Y 좌표입니다.)
Localization Resource: (C:/Program Files/Epic Games/UE_4.15/Engine/Content/Localization/ToolTips/ko/ToolTips.locres) Source String Hash: (-1719607538) Localized String: (Y - 블렌드스페이스 샘플의 Y 좌표입니다.)
[2017.04.05-18.16.23:963][  0]LogTextLocalizationManager:Warning: Loaded localization resources contain conflicting entries for (Namespace:UObjectToolTips, Key:AnimNode_BlendSpacePlayer:Z):
Localization Resource: (C:/Program Files/Epic Games/UE_4.15/Engine/Content/Localization/EditorTutorials/ko/EditorTutorials.locres) Source String Hash: (1728943471) Localized String: (블렌드스페이스에서 샘플링할 Z 좌표입니다.)
Localization Resource: (C:/Program Files/Epic Games/UE_4.15/Engine/Content/Localization/ToolTips/ko/ToolTips.locres) Source String Hash: (1728943471) Localized String: (Z - 블렌드스페이스 샘플의 Z 좌표입니다.)
[2017.04.05-18.16.23:963][  0]LogTextLocalizationManager:Warning: Loaded localization resources contain conflicting entries for (Namespace:UObjectToolTips, Key:AnimNode_BlendSpacePlayer:BlendSpace):
Localization Resource: (C:/Program Files/Epic Games/UE_4.15/Engine/Content/Localization/EditorTutorials/ko/EditorTutorials.locres) Source String Hash: (1599043277) Localized String: (재생할 블렌드스페이스 애셋입니다.)
Localization Resource: (C:/Program Files/Epic Games/UE_4.15/Engine/Content/Localization/ToolTips/ko/ToolTips.locres) Source String Hash: (1599043277) Localized String: (블렌드스페이스 - 재생할 블렌드스페이스 애셋입니다.)
[2017.04.05-18.16.23:963][  0]LogTextLocalizationManager:Warning: Loaded localization resources contain conflicting entries for (Namespace:UObjectToolTips, Key:AnimNode_StateMachine:MaxTransitionsPerFrame):
Localization Resource: (C:/Program Files/Epic Games/UE_4.15/Engine/Content/Localization/EditorTutorials/ko/EditorTutorials.locres) Source String Hash: (1567650430) Localized String: (이 머신에서 한 프레임 내 '동시에' 취할 수 있는 트랜지션 최대 수입니다.)
Localization Resource: (C:/Program Files/Epic Games/UE_4.15/Engine/Content/Localization/ToolTips/ko/ToolTips.locres) Source String Hash: (1567650430) Localized String: (프레임 당 최대 트랜지션 - 한 프레임에서 이 머신이 동시에 취할 수 있는 트랜지션 최대 수입니다.)
[2017.04.05-18.16.23:963][  0]LogTextLocalizationManager:Warning: Loaded localization resources contain conflicting entries for (Namespace:UObjectToolTips, Key:AnimNode_BlendSpacePlayer:PlayRate):
Localization Resource: (C:/Program Files/Epic Games/UE_4.15/Engine/Content/Localization/EditorTutorials/ko/EditorTutorials.locres) Source String Hash: (-1274923958) Localized String: (재생 속도 배수입니다. 음수가 되면 애니메이션을 역순으로 재생하게 됩니다.)
Localization Resource: (C:/Program Files/Epic Games/UE_4.15/Engine/Content/Localization/ToolTips/ko/ToolTips.locres) Source String Hash: (-1274923958) Localized String: (재생 속도 - 재생 속도 배수입니다. 음수가 되면 애니메이션을 거꾸로 재생합니다.)
[2017.04.05-18.16.23:963][  0]LogTextLocalizationManager:Warning: Loaded localization resources contain conflicting entries for (Namespace:UObjectToolTips, Key:AnimNode_BlendSpacePlayer:StartPosition):
Localization Resource: (C:/Program Files/Epic Games/UE_4.15/Engine/Content/Localization/EditorTutorials/ko/EditorTutorials.locres) Source String Hash: (-207153555) Localized String: (시작 위치 범위는 [0,1] 이며, 재초기화시에만 적용됩니다.
루핑을 하면, 1 회전 후 0.f 부터 시작할 것입니다.)
Localization Resource: (C:/Program Files/Epic Games/UE_4.15/Engine/Content/Localization/ToolTips/ko/ToolTips.locres) Source String Hash: (-207153555) Localized String: (시작 위치 - [0, 1] 범위의 시작 위치로, 재초기화할 때만 적용됩니다.
반복하면 1회전 후 0.f 부터 시작됩니다.)
[2017.04.05-18.16.23:963][  0]LogTextLocalizationManager:Warning: Loaded localization resources contain conflicting entries for (Namespace:UObjectToolTips, Key:CameraFilmbackSettings:SensorWidth):
Localization Resource: (C:/Program Files/Epic Games/UE_4.15/Engine/Content/Localization/ToolTips/ko/ToolTips.locres) Source String Hash: (-1448580153) Localized String: (센서 폭 - 필름백 또는 디지털 센서의 가로 크기로, mm 단위입니다.)
Localization Resource: (C:/Program Files/Epic Games/UE_4.15/Engine/Content/Localization/Engine/ko/Engine.locres) Source String Hash: (-1448580153) Localized String: (필름백 또는 디지털 센서의 가로 크기로, mm 단위입니다.)
[2017.04.05-18.16.23:963][  0]LogTextLocalizationManager:Warning: Loaded localization resources contain conflicting entries for (Namespace:UObjectToolTips, Key:CameraFilmbackSettings:SensorAspectRatio):
Localization Resource: (C:/Program Files/Epic Games/UE_4.15/Engine/Content/Localization/ToolTips/ko/ToolTips.locres) Source String Hash: (-194807515) Localized String: (센서 종횡비 - 읽기 전용입니다. 센서 치수에서 계산했습니다.)
Localization Resource: (C:/Program Files/Epic Games/UE_4.15/Engine/Content/Localization/Engine/ko/Engine.locres) Source String Hash: (-194807515) Localized String: (읽기 전용입니다. 센서 크기에서 계산했습니다.)
[2017.04.05-18.16.23:963][  0]LogTextLocalizationManager:Warning: Loaded localization resources contain conflicting entries for (Namespace:UObjectToolTips, Key:AnimNode_SequencePlayer:bLoopAnimation):
Localization Resource: (C:/Program Files/Epic Games/UE_4.15/Engine/Content/Localization/ToolTips/ko/ToolTips.locres) Source String Hash: (2133979316) Localized String: (루프 - 애니메이션이 끝에 도달했을 때 계속 반복시켜야 할까요?)
Localization Resource: (C:/Program Files/Epic Games/UE_4.15/Engine/Content/Localization/Engine/ko/Engine.locres) Source String Hash: (2133979316) Localized String: (애니메이션이 끝에 도달하면 계속해서 루핑시킬것인지 입니다.)
[2017.04.05-18.16.23:963][  0]LogTextLocalizationManager:Warning: Loaded localization resources contain conflicting entries for (Namespace:UObjectToolTips, Key:AnimNode_SequencePlayer:Sequence):
Localization Resource: (C:/Program Files/Epic Games/UE_4.15/Engine/Content/Localization/ToolTips/ko/ToolTips.locres) Source String Hash: (421436424) Localized String: (시퀀스 - 재생할 애니메이션 시퀀스 애셋입니다.)
Localization Resource: (C:/Program Files/Epic Games/UE_4.15/Engine/Content/Localization/Engine/ko/Engine.locres) Source String Hash: (421436424) Localized String: (재생할 애니메이션 시퀀스 애셋입니다.)
[2017.04.05-18.16.23:963][  0]LogTextLocalizationManager:Warning: Loaded localization resources contain conflicting entries for (Namespace:UObjectToolTips, Key:AnimNode_SequencePlayer:PlayRate):
Localization Resource: (C:/Program Files/Epic Games/UE_4.15/Engine/Content/Localization/ToolTips/ko/ToolTips.locres) Source String Hash: (-1274923958) Localized String: (재생 속도 - 재생 속도 배수입니다. 음수가 될 수 있으며, 그러면 애니메이션이 거꾸로 재생됩니다.)
Localization Resource: (C:/Program Files/Epic Games/UE_4.15/Engine/Content/Localization/Engine/ko/Engine.locres) Source String Hash: (-1274923958) Localized String: (플레이 속도 배수입니다. 음수가 되면 애니메이션이 역방향으로 재생됩니다.)
[2017.04.05-18.16.23:963][  0]LogTextLocalizationManager:Warning: Loaded localization resources contain conflicting entries for (Namespace:UObjectToolTips, Key:AnimNode_SequencePlayer:StartPosition):
Localization Resource: (C:/Program Files/Epic Games/UE_4.15/Engine/Content/Localization/ToolTips/ko/ToolTips.locres) Source String Hash: (771611000) Localized String: (시작 위치 - 시작 위치로 재초기화할 때만 적용됩니다.
반복하면, 1회전 후 0.f 부터 시작됩니다.)
Localization Resource: (C:/Program Files/Epic Games/UE_4.15/Engine/Content/Localization/Engine/ko/Engine.locres) Source String Hash: (771611000) Localized String: (시작 위치로, 재초기화시에만 적용됩니다.
루핑을 하면, 1회전 후 0.f 부터 시작할 것입니다.)
[2017.04.05-18.16.23:963][  0]LogTextLocalizationManager:Warning: Loaded localization resources contain conflicting entries for (Namespace:UObjectToolTips, Key:CameraFilmbackSettings:SensorHeight):
Localization Resource: (C:/Program Files/Epic Games/UE_4.15/Engine/Content/Localization/ToolTips/ko/ToolTips.locres) Source String Hash: (-1311569777) Localized String: (센서 높이 - 필름백 또는 디지털 센서의 세로 크기로, mm 단위입니다.)
Localization Resource: (C:/Program Files/Epic Games/UE_4.15/Engine/Content/Localization/Engine/ko/Engine.locres) Source String Hash: (-1311569777) Localized String: (필름백 또는 디지털 센서의 세로 크기로, mm 단위입니다.)
[2017.04.05-18.16.24:547][  0]LogD3D11RHI: D3D11 adapters:
[2017.04.05-18.16.24:577][  0]LogD3D11RHI:    0. 'NVIDIA GeForce GTX 970' (Feature Level 11_0)
[2017.04.05-18.16.24:577][  0]LogD3D11RHI:       4058/0/4055 MB DedicatedVideo/DedicatedSystem/SharedSystem, Outputs:1, VendorId:0x10de
[2017.04.05-18.16.24:580][  0]LogD3D11RHI:    1. 'Microsoft Basic Render Driver' (Feature Level 11_0)
[2017.04.05-18.16.24:580][  0]LogD3D11RHI:       0/0/4055 MB DedicatedVideo/DedicatedSystem/SharedSystem, Outputs:0, VendorId:0x1414
[2017.04.05-18.16.24:580][  0]LogD3D11RHI: Chosen D3D11 Adapter: 0
[2017.04.05-18.16.24:585][  0]LogD3D11RHI: Creating new Direct3DDevice
[2017.04.05-18.16.24:585][  0]LogD3D11RHI:     GPU DeviceId: 0x13c2 (for the marketing name, search the web for "GPU Device Id")
[2017.04.05-18.16.24:585][  0]LogWindows: EnumDisplayDevices:
[2017.04.05-18.16.24:585][  0]LogWindows:    0. 'NVIDIA GeForce GTX 970' (P:1 D:1)
[2017.04.05-18.16.24:586][  0]LogWindows:    1. 'NVIDIA GeForce GTX 970' (P:0 D:0)
[2017.04.05-18.16.24:587][  0]LogWindows:    2. 'NVIDIA GeForce GTX 970' (P:0 D:0)
[2017.04.05-18.16.24:587][  0]LogWindows:    3. 'NVIDIA GeForce GTX 970' (P:0 D:0)
[2017.04.05-18.16.24:588][  0]LogWindows: DebugString: FoundDriverCount:4 
[2017.04.05-18.16.24:588][  0]LogD3D11RHI:     Adapter Name: NVIDIA GeForce GTX 970
[2017.04.05-18.16.24:588][  0]LogD3D11RHI:   Driver Version: 376.53 (internal:21.21.13.7653, unified:376.53)
[2017.04.05-18.16.24:588][  0]LogD3D11RHI:      Driver Date: 12-29-2016
[2017.04.05-18.16.24:588][  0]LogRHI: Texture pool is 1361 MB (70% of 1945 MB)
[2017.04.05-18.16.24:609][  0]LogD3D11RHI: Async texture creation enabled
[2017.04.05-18.16.24:620][  0]LogD3D11RHI: GPU Timing Frequency: 1000.000000 (Debug: 2 1)
[2017.04.05-18.16.24:670][  0]LogShaderCompilers: Guid format shader working directory is -14 characters bigger than the processId version (../../../../../../Users/syj/Documents/lordoftank/LordOfTank/Intermediate/Shaders/WorkingDirectory/560/).
[2017.04.05-18.16.24:671][  0]LogShaderCompilers: Cleaned the shader compiler working directory 'C:/Users/syj/AppData/Local/Temp/UnrealShaderWorkingDir/5F89B29645659EF7AF2C9280C2EA4F67/'.
[2017.04.05-18.16.24:671][  0]LogShaderCompilers:Display: Using Local Shader Compiler.
[2017.04.05-18.16.27:348][  0]LogTemp:Display: Loaded TP AllDesktopTargetPlatform
[2017.04.05-18.16.27:506][  0]LogTemp:Display: Loaded TP MacClientTargetPlatform
[2017.04.05-18.16.27:641][  0]LogTemp:Display: Loaded TP MacNoEditorTargetPlatform
[2017.04.05-18.16.27:788][  0]LogTemp:Display: Loaded TP MacServerTargetPlatform
[2017.04.05-18.16.27:943][  0]LogTemp:Display: Loaded TP MacTargetPlatform
[2017.04.05-18.16.28:071][  0]LogTemp:Display: Loaded TP WindowsClientTargetPlatform
[2017.04.05-18.16.28:204][  0]LogTemp:Display: Loaded TP WindowsNoEditorTargetPlatform
[2017.04.05-18.16.28:359][  0]LogTemp:Display: Loaded TP WindowsServerTargetPlatform
[2017.04.05-18.16.28:490][  0]LogTemp:Display: Loaded TP WindowsTargetPlatform
[2017.04.05-18.16.28:604][  0]LogTemp:Display: Loaded TP AndroidTargetPlatform
[2017.04.05-18.16.28:736][  0]LogTemp:Display: Loaded TP Android_ASTCTargetPlatform
[2017.04.05-18.16.28:850][  0]LogTemp:Display: Loaded TP Android_ATCTargetPlatform
[2017.04.05-18.16.28:963][  0]LogTemp:Display: Loaded TP Android_DXTTargetPlatform
[2017.04.05-18.16.29:104][  0]LogTemp:Display: Loaded TP Android_ETC1TargetPlatform
[2017.04.05-18.16.29:228][  0]LogTemp:Display: Loaded TP Android_ETC2TargetPlatform
[2017.04.05-18.16.29:457][  0]LogTemp:Display: Loaded TP Android_MultiTargetPlatform
[2017.04.05-18.16.29:457][  0]LogTemp:Display: Loaded TP Android_PVRTCTargetPlatform
[2017.04.05-18.16.29:553][  0]LogTemp:Display: Loaded TP HTML5TargetPlatform
[2017.04.05-18.16.29:736][  0]LogTemp:Display: Loaded TP IOSTargetPlatform
[2017.04.05-18.16.29:802][  0]LogTemp:Display: Loaded TP TVOSTargetPlatform
[2017.04.05-18.16.29:917][  0]LogTemp:Display: Loaded TP LinuxClientTargetPlatform
[2017.04.05-18.16.30:037][  0]LogTemp:Display: Loaded TP LinuxNoEditorTargetPlatform
[2017.04.05-18.16.30:152][  0]LogTemp:Display: Loaded TP LinuxServerTargetPlatform
[2017.04.05-18.16.30:269][  0]LogTemp:Display: Loaded TP LinuxTargetPlatform
[2017.04.05-18.16.30:269][  0]LogTargetPlatformManager:Display: Building Assets For Windows
[2017.04.05-18.16.31:418][  0]LogDerivedDataCache:Display: Max Cache Size: 512 MB
[2017.04.05-18.16.31:515][  0]LogDerivedDataCache: Loaded boot cache 0.10s 106MB C:/Users/syj/AppData/Local/UnrealEngine/4.15/DerivedDataCache/Boot.ddc.
[2017.04.05-18.16.31:515][  0]LogDerivedDataCache:Display: Loaded Boot cache: C:/Users/syj/AppData/Local/UnrealEngine/4.15/DerivedDataCache/Boot.ddc
[2017.04.05-18.16.31:515][  0]LogDerivedDataCache: FDerivedDataBackendGraph:  Pak pak cache file ../../../../../../Users/syj/Documents/lordoftank/LordOfTank/DerivedDataCache/DDC.ddp not found, will not use a pak cache.
[2017.04.05-18.16.31:515][  0]LogDerivedDataCache: Unable to find inner node Pak for hierarchical cache Hierarchy.
[2017.04.05-18.16.31:515][  0]LogDerivedDataCache: FDerivedDataBackendGraph:  CompressedPak pak cache file ../../../../../../Users/syj/Documents/lordoftank/LordOfTank/DerivedDataCache/Compressed.ddp not found, will not use a pak cache.
[2017.04.05-18.16.31:515][  0]LogDerivedDataCache: Unable to find inner node CompressedPak for hierarchical cache Hierarchy.
[2017.04.05-18.16.31:544][  0]LogDerivedDataCache:Display: Pak cache opened for reading ../../../Engine/DerivedDataCache/Compressed.ddp.
[2017.04.05-18.16.31:558][  0]LogDerivedDataCache: Using Local data cache path C:/Users/syj/AppData/Local/UnrealEngine/Common/DerivedDataCache: Writable
[2017.04.05-18.16.31:568][  0]LogSlate: Using Freetype 2.6.0
[2017.04.05-18.16.31:568][  0]LogSlate: SlateFontCache - WITH_FREETYPE: 1, WITH_HARFBUZZ: 1
[2017.04.05-18.16.31:568][  0]LogSlate: SlateFontCache - WITH_FREETYPE: 1, WITH_HARFBUZZ: 1
[2017.04.05-18.16.37:158][  0]LogInit: Selected Device Profile: [Windows]
[2017.04.05-18.16.37:160][  0]LogContentStreaming: Texture pool size is 0.00 MB
[2017.04.05-18.16.37:632][  0]LogMeshUtilities: Using QuadricMeshReduction for automatic static mesh reduction
[2017.04.05-18.16.37:753][  0]LogSimplygon: Simplygon DLL not present - disabling.
[2017.04.05-18.16.37:876][  0]LogMeshUtilities: Using SimplygonSwarm for distributed automatic mesh merging
[2017.04.05-18.16.37:876][  0]LogMeshUtilities: No automatic skeletal mesh reduction module available
[2017.04.05-18.16.37:876][  0]LogMeshUtilities: No automatic mesh merging module available
[2017.04.05-18.16.38:827][  0]LogNetVersion: GetLocalNetworkVersion: CL: 3299760, ProjectName: lordoftank, ProjectVersion: , EngineNetworkVersion: 2, GameNetworkVersion: 0, NetworkChecksum: 665150540
[2017.04.05-18.16.38:901][  0]LogAssetRegistry: FAssetRegistry took 0.0225 seconds to start up
[2017.04.05-18.16.39:179][  0]LogPackageLocalizationCache: Processed 3 localized package path(s) for 2 prioritized culture(s) in 0.219039 seconds
[2017.04.05-18.16.39:185][  0]LogUObjectArray: 32493 objects as part of root set at end of initial load.
[2017.04.05-18.16.39:185][  0]LogUObjectAllocator: 7077024 out of 0 bytes used by permanent object pool.
[2017.04.05-18.16.39:185][  0]LogUObjectArray: CloseDisregardForGC: 0/0 objects in disregard for GC pool
[2017.04.05-18.16.39:331][  0]LogInit: WinSock: version 1.1 (2.2), MaxSocks=32767, MaxUdp=65467
[2017.04.05-18.16.43:566][  0]LogTcpMessaging: Initializing TcpMessaging bridge
[2017.04.05-18.16.43:653][  0]LogUdpMessaging: Initializing bridge on interface 0.0.0.0:0 to multicast group 230.0.0.1:6666.
[2017.04.05-18.17.12:202][  0]LogStats: FPlatformStackWalk::StackWalkAndDump -  4.959 s
[2017.04.05-18.17.12:202][  0]LogOutputDevice:Error: === Handled ensure: ===
[2017.04.05-18.17.12:202][  0]LogOutputDevice:Error: 
[2017.04.05-18.17.12:202][  0]LogOutputDevice:Error: Ensure condition failed: !AttachmentRules.bWeldSimulatedBodies [File:D:\Build\++UE4+Release-4.15+Compile\Sync\Engine\Source\Runtime\Engine\Private\Components\SceneComponent.cpp] [Line: 1623]
[2017.04.05-18.17.12:202][  0]LogOutputDevice:Error: AttachToComponent when called from a constructor cannot weld simulated bodies. Consider calling SetupAttachment directly instead.
[2017.04.05-18.17.12:202][  0]LogOutputDevice:Error: Stack: 
[2017.04.05-18.17.12:202][  0]LogOutputDevice:Error: UE4Editor-Core.dll!0x000000000FC995E6
[2017.04.05-18.17.12:202][  0]LogOutputDevice:Error: UE4Editor-Core.dll!0x000000000FA49B82
[2017.04.05-18.17.12:202][  0]LogOutputDevice:Error: UE4Editor-Core.dll!0x000000000FA5B666
[2017.04.05-18.17.12:202][  0]LogOutputDevice:Error: UE4Editor-Engine.dll!0x000000000C9A0BDB
[2017.04.05-18.17.12:202][  0]LogOutputDevice:Error: UE4Editor-LordOfTank-5244.dll!ALOTPlayer::ALOTPlayer() [c:\users\syj\documents\lordoftank\lordoftank\source\lordoftank\private\pawn\lotplayer.cpp:40]
[2017.04.05-18.17.12:202][  0]LogOutputDevice:Error: UE4Editor-LordOfTank-5244.dll!InternalConstructor<ALOTPlayer>()
[2017.04.05-18.17.12:202][  0]LogOutputDevice:Error: UE4Editor-CoreUObject.dll!0x00000000102A200F
[2017.04.05-18.17.12:202][  0]LogOutputDevice:Error: UE4Editor-CoreUObject.dll!0x0000000010439F60
[2017.04.05-18.17.12:202][  0]LogOutputDevice:Error: UE4Editor-CoreUObject.dll!0x000000001041C160
[2017.04.05-18.17.12:202][  0]LogOutputDevice:Error: UE4Editor-CoreUObject.dll!0x00000000102A5637
[2017.04.05-18.17.12:202][  0]LogOutputDevice:Error: UE4Editor-Core.dll!0x000000000F8F7173
[2017.04.05-18.17.12:202][  0]LogOutputDevice:Error: UE4Editor-Core.dll!0x000000000FABC70A
[2017.04.05-18.17.12:202][  0]LogOutputDevice:Error: UE4Editor-Projects.dll!0x000000001D4EB4F2
[2017.04.05-18.17.12:202][  0]LogOutputDevice:Error: UE4Editor-Projects.dll!0x000000001D4EB838
[2017.04.05-18.17.12:202][  0]LogOutputDevice:Error: UE4Editor.exe!0x0000000013292951
[2017.04.05-18.17.12:202][  0]LogOutputDevice:Error: UE4Editor.exe!0x0000000013296A02
[2017.04.05-18.17.12:202][  0]LogOutputDevice:Error: UE4Editor.exe!0x000000001328E96A
[2017.04.05-18.17.12:202][  0]LogOutputDevice:Error: UE4Editor.exe!0x000000001328EBBA
[2017.04.05-18.17.12:202][  0]LogOutputDevice:Error: UE4Editor.exe!0x00000000132A0A29
[2017.04.05-18.17.12:202][  0]LogOutputDevice:Error: UE4Editor.exe!0x00000000132A22B6
[2017.04.05-18.17.12:202][  0]LogOutputDevice:Error: KERNEL32.DLL!0x0000000045E18364
[2017.04.05-18.17.12:202][  0]LogOutputDevice:Error: ntdll.dll!0x0000000047BA70D1
[2017.04.05-18.17.12:202][  0]LogOutputDevice:Error: 
[2017.04.05-18.17.12:206][  0]LogStats:                SubmitErrorReport -  0.000 s
[2017.04.05-18.17.31:173][  0]LogStats:                    SendNewReport - 18.967 s
[2017.04.05-18.17.31:173][  0]LogStats:             FDebug::EnsureFailed - 23.931 s
[2017.04.05-18.17.31:174][  0]LogStats: FPlatformStackWalk::StackWalkAndDump -  0.001 s
[2017.04.05-18.17.31:174][  0]LogOutputDevice:Error: === Handled ensure: ===
[2017.04.05-18.17.31:174][  0]LogOutputDevice:Error: 
[2017.04.05-18.17.31:174][  0]LogOutputDevice:Error: Ensure condition failed: AttachmentRules.LocationRule == EAttachmentRule::KeepRelative && AttachmentRules.RotationRule == EAttachmentRule::KeepRelative && AttachmentRules.ScaleRule == EAttachmentRule::KeepRelative [File:D:\Build\++UE4+Release-4.15+Compile\Sync\Engine\Source\Runtime\Engine\Private\Components\SceneComponent.cpp] [Line: 1624]
[2017.04.05-18.17.31:174][  0]LogOutputDevice:Error: AttachToComponent when called from a constructor is only setting up attachment and will always be treated as KeepRelative. Consider calling SetupAttachment directly instead.
[2017.04.05-18.17.31:174][  0]LogOutputDevice:Error: Stack: 
[2017.04.05-18.17.31:174][  0]LogOutputDevice:Error: UE4Editor-Core.dll!0x000000000FC995E6
[2017.04.05-18.17.31:174][  0]LogOutputDevice:Error: UE4Editor-Core.dll!0x000000000FA49B82
[2017.04.05-18.17.31:174][  0]LogOutputDevice:Error: UE4Editor-Core.dll!0x000000000FA5B666
[2017.04.05-18.17.31:174][  0]LogOutputDevice:Error: UE4Editor-Engine.dll!0x000000000C9A0C55
[2017.04.05-18.17.31:174][  0]LogOutputDevice:Error: UE4Editor-LordOfTank-5244.dll!ALOTPlayer::ALOTPlayer() [c:\users\syj\documents\lordoftank\lordoftank\source\lordoftank\private\pawn\lotplayer.cpp:40]
[2017.04.05-18.17.31:174][  0]LogOutputDevice:Error: UE4Editor-LordOfTank-5244.dll!InternalConstructor<ALOTPlayer>()
[2017.04.05-18.17.31:174][  0]LogOutputDevice:Error: UE4Editor-CoreUObject.dll!0x00000000102A200F
[2017.04.05-18.17.31:174][  0]LogOutputDevice:Error: UE4Editor-CoreUObject.dll!0x0000000010439F60
[2017.04.05-18.17.31:174][  0]LogOutputDevice:Error: UE4Editor-CoreUObject.dll!0x000000001041C160
[2017.04.05-18.17.31:174][  0]LogOutputDevice:Error: UE4Editor-CoreUObject.dll!0x00000000102A5637
[2017.04.05-18.17.31:174][  0]LogOutputDevice:Error: UE4Editor-Core.dll!0x000000000F8F7173
[2017.04.05-18.17.31:174][  0]LogOutputDevice:Error: UE4Editor-Core.dll!0x000000000FABC70A
[2017.04.05-18.17.31:174][  0]LogOutputDevice:Error: UE4Editor-Projects.dll!0x000000001D4EB4F2
[2017.04.05-18.17.31:174][  0]LogOutputDevice:Error: UE4Editor-Projects.dll!0x000000001D4EB838
[2017.04.05-18.17.31:174][  0]LogOutputDevice:Error: UE4Editor.exe!0x0000000013292951
[2017.04.05-18.17.31:174][  0]LogOutputDevice:Error: UE4Editor.exe!0x0000000013296A02
[2017.04.05-18.17.31:174][  0]LogOutputDevice:Error: UE4Editor.exe!0x000000001328E96A
[2017.04.05-18.17.31:174][  0]LogOutputDevice:Error: UE4Editor.exe!0x000000001328EBBA
[2017.04.05-18.17.31:174][  0]LogOutputDevice:Error: UE4Editor.exe!0x00000000132A0A29
[2017.04.05-18.17.31:174][  0]LogOutputDevice:Error: UE4Editor.exe!0x00000000132A22B6
[2017.04.05-18.17.31:174][  0]LogOutputDevice:Error: KERNEL32.DLL!0x0000000045E18364
[2017.04.05-18.17.31:174][  0]LogOutputDevice:Error: ntdll.dll!0x0000000047BA70D1
[2017.04.05-18.17.31:174][  0]LogOutputDevice:Error: 
[2017.04.05-18.17.31:183][  0]LogStats:                SubmitErrorReport -  0.000 s
[2017.04.05-18.17.31:694][  0]LogStats:                    SendNewReport -  0.511 s
[2017.04.05-18.17.31:694][  0]LogStats:             FDebug::EnsureFailed -  0.521 s
[2017.04.05-18.17.48:943][  0]LogMaterial: Uniform references updated for custom material expression Custom.
[2017.04.05-18.17.52:238][  0]SourceControl: 정보 소스 콘트롤이 꺼졌습니다.
[2017.04.05-18.17.52:403][  0]SourceControl: 정보 소스 콘트롤이 꺼졌습니다.
[2017.04.05-18.17.52:810][  0]SourceControl: 정보 소스 콘트롤이 꺼졌습니다.
[2017.04.05-18.17.52:991][  0]SourceControl: 정보 소스 콘트롤이 꺼졌습니다.
[2017.04.05-18.17.58:495][  0]LogEngine: Initializing Engine...
[2017.04.05-18.17.58:496][  0]LogHMD: Oculus plugin initialized. Version: 4.15.1-3348071+++UE4+Release-4.15, LibOVR: 1.13.0, SDK: 1.10.0, built Mar 15 2017, 16:59:09
[2017.04.05-18.17.58:811][  0]OCULUS: Debug: Failed to open file: C:\Users\syj\AppData\Local\Oculus/ProfileDB.json
[2017.04.05-18.17.58:811][  0]OCULUS: Debug: Failed to open file: C:\Users\syj\AppData\Local\Oculus/Profiles.json
[2017.04.05-18.17.58:811][  0]OCULUS: Debug: Failed to open file: C:\Users\syj\AppData\Local\Oculus/ProfileDB.json
[2017.04.05-18.17.58:811][  0]OCULUS: Debug: Failed to open file: C:\Users\syj\AppData\Local\Oculus/Profiles.json
[2017.04.05-18.17.58:811][  0]OCULUS: Debug: [HMDState] Using default profile default
[2017.04.05-18.17.58:811][  0]OCULUS: Info: IAD changed to 63.5mm
[2017.04.05-18.17.59:446][  0]LogAIModule: Creating AISystem for world Untitled
[2017.04.05-18.17.59:480][  0]LogInit: XAudio2 using '스피커(High Definition Audio 장치)' : 2 channels at 44.1 kHz using 16 bits per sample (channel mask 0x3)
[2017.04.05-18.17.59:508][  0]LogInit: FAudioDevice initialized.
[2017.04.05-18.17.59:569][  0]LogDerivedDataCache: Saved boot cache 0.06s 106MB C:/Users/syj/AppData/Local/UnrealEngine/4.15/DerivedDataCache/Boot.ddc.
[2017.04.05-18.17.59:581][  0]LogInit: Texture streaming: Enabled
[2017.04.05-18.17.59:881][  0]LogEngineSessionManager: EngineSessionManager initialized
[2017.04.05-18.18.00:308][  0]LogInit: Transaction tracking system initialized
[2017.04.05-18.18.02:106][  0]BlueprintLog: New page: 에디터 로드
[2017.04.05-18.18.05:509][  0]LocalizationService: 정보 현지화 서비스가 비활성화되었습니다.
[2017.04.05-18.18.08:107][  0]LogConsoleResponse:Display: 
[2017.04.05-18.18.09:180][  0]LogCook:Display: Max memory allowance for cook 16384mb min free memory 0mb
[2017.04.05-18.18.09:180][  0]LogCook:Display: Mobile HDR setting 1
[2017.04.05-18.18.10:018][  0]LogFileCache: Scanning file cache for directory 'C:/Users/syj/Documents/lordoftank/LordOfTank/Content/' took 0.04s
[2017.04.05-18.18.13:352][  0]SourceControl: 정보 소스 콘트롤이 꺼졌습니다.
[2017.04.05-18.18.13:352][  0]Cmd: MAP LOAD FILE="../../../../../../Users/syj/Documents/lordoftank/LordOfTank/Content/LOTMaps/StartMap.umap" TEMPLATE=0 SHOWPROGRESS=1 FEATURELEVEL=3
[2017.04.05-18.18.13:353][  0]LightingResults: New page: 라이팅 빌드
[2017.04.05-18.18.13:469][  0]MapCheck: New page: 맵 체크
[2017.04.05-18.18.13:469][  0]LightingResults: New page: 라이팅 빌드
[2017.04.05-18.18.20:254][  0]LogAIModule: Creating AISystem for world StartMap
[2017.04.05-18.18.21:961][  0]LogEditorServer: Finished looking for orphan Actors (0.000 secs)
[2017.04.05-18.18.21:961][  0]Cmd: MAP CHECKDEP NOCLEARLOG
[2017.04.05-18.18.22:068][  0]MapCheck: 정보 맵 체크 완료: 오류 0 회, 경고 0 회, 소요 시간 106.994ms.
[2017.04.05-18.18.22:069][  0]LogFileHelpers: Loading map 'StartMap' took 8.717
[2017.04.05-18.18.22:788][  0]LogCollectionManager: Loaded 0 collections in 0.002359 seconds
[2017.04.05-18.18.22:959][  0]LogFileCache: Scanning file cache for directory 'C:/Users/syj/Documents/lordoftank/LordOfTank/Saved/Collections/' took 0.01s
[2017.04.05-18.18.22:959][  0]LogFileCache: Scanning file cache for directory 'C:/Users/syj/Documents/lordoftank/LordOfTank/Content/Developers/syj/Collections/' took 0.01s
[2017.04.05-18.18.22:959][  0]LogFileCache: Scanning file cache for directory 'C:/Users/syj/Documents/lordoftank/LordOfTank/Content/Collections/' took 0.01s
[2017.04.05-18.18.22:959][  0]LogCollectionManager: Rebuilt the GUID cache for 0 collections in 0.000014 seconds
[2017.04.05-18.18.23:108][  0]LogContentBrowser: Native class hierarchy populated in 0.1493 seconds. Added 2258 classes and 461 folders.
[2017.04.05-18.18.23:112][  0]LogStats: UGameplayTagsManager::ConstructGameplayTagTree: Construct from data asset -  0.000 s
[2017.04.05-18.18.23:112][  0]LogStats: UGameplayTagsManager::ConstructGameplayTagTree: GameplayTagTreeChangedEvent.Broadcast -  0.000 s
[2017.04.05-18.18.23:410][  0]LogContentBrowser: Native class hierarchy updated for 'WidgetCarousel' in 0.1338 seconds. Added 0 classes and 0 folders.
[2017.04.05-18.18.24:441][  0]LogContentBrowser: Native class hierarchy updated for 'AddContentDialog' in 0.1534 seconds. Added 0 classes and 0 folders.
[2017.04.05-18.18.24:790][  0]LogContentBrowser: Native class hierarchy updated for 'SceneOutliner' in 0.1737 seconds. Added 1 classes and 2 folders.
[2017.04.05-18.18.25:267][  0]LogCrashTracker: Crashtracker disabled due to settings.
[2017.04.05-18.18.25:309][  0]LogUObjectGlobals:Warning: 'Class 없음.' 오브젝트를 찾는 데 실패했습니다.
[2017.04.05-18.18.25:871][  0]LogContentBrowser: Native class hierarchy updated for 'HierarchicalLODOutliner' in 0.1512 seconds. Added 1 classes and 2 folders.
[2017.04.05-18.18.25:871][  0]LogLoad: (Engine Initialization) Total time: 131.77 seconds
[2017.04.05-18.18.25:871][  0]LogLoad: (Engine Initialization) Total Blueprint compile time: 0.40 seconds
[2017.04.05-18.18.25:871][  0]LogExternalProfiler: Found external profiler: VSPerf
[2017.04.05-18.18.25:871][  0]LogExternalProfiler: Using external profiler: VSPerf
[2017.04.05-18.18.26:215][  0]LogOcInput: OculusInput pre-init called
[2017.04.05-18.18.26:232][  0]LogOcInput: OculusInput is initialized. Init status 0. Runtime version: 1.13.0
[2017.04.05-18.18.26:468][  0]LogContentStreaming: Texture pool size now 1000 MB
[2017.04.05-18.18.26:536][  0]LogSlate: Took 0.023198 seconds to synchronously load lazily loaded font '../../../Engine/Content/Slate/Fonts/Roboto-Regular.ttf' (155K)
[2017.04.05-18.18.27:044][  0]LogSlate: Took 0.506040 seconds to synchronously load lazily loaded font '../../../Engine/Content/Slate/Fonts/NanumGothic.ttf' (4243K)
[2017.04.05-18.18.27:134][  0]LogSlate: Took 0.088972 seconds to synchronously load lazily loaded font '../../../Engine/Content/Slate/Fonts/Roboto-Bold.ttf' (160K)
[2017.04.05-18.18.27:745][  0]LogSlate: Took 0.561472 seconds to synchronously load lazily loaded font '../../../Engine/Content/Editor/Slate/Fonts/FontAwesome.ttf' (139K)
[2017.04.05-18.18.29:233][  0]LogSlate: Took 0.020090 seconds to synchronously load lazily loaded font '../../../Engine/Content/Slate/Fonts/Roboto-Light.ttf' (159K)
[2017.04.05-18.18.29:360][  0]LogRenderer: Reallocating scene render targets to support 1168x576 NumSamples 1 (Frame:2).
[2017.04.05-18.18.30:204][  1]LogAssetRegistry: Asset discovery search completed in 111.3246 seconds
[2017.04.05-18.18.30:204][  1]LogCollectionManager: Rebuilt the object cache for 0 collections in 0.000009 seconds (found 0 objects)
[2017.04.05-18.18.30:204][  1]LogCollectionManager: Fixed up redirectors for 0 collections in 0.000162 seconds (updated 0 objects)
[2017.04.05-18.19.41:322][891]LogTemp: Repeting last play command: 선택된 뷰포트
[2017.04.05-18.19.41:335][891]LogBlueprintUserMessages: Early PlayInEditor Detection: Level '/Game/LOTMaps/StartMap.StartMap:PersistentLevel' has LevelScriptBlueprint '/Game/LOTMaps/StartMap.StartMap:PersistentLevel.StartMap' with GeneratedClass '/Game/LOTMaps/StartMap.StartMap_C' with ClassGeneratedBy '/Game/LOTMaps/StartMap.StartMap:PersistentLevel.StartMap'
[2017.04.05-18.19.41:352][891]LogPlayLevel: PlayLevel: No blueprints needed recompiling
[2017.04.05-18.19.41:353][891]OCULUS: Debug: Failed to open file: C:\Users\syj\AppData\Local\Oculus/ProfileDB.json
[2017.04.05-18.19.41:353][891]OCULUS: Debug: Failed to open file: C:\Users\syj\AppData\Local\Oculus/Profiles.json
[2017.04.05-18.19.41:353][891]OCULUS: Debug: Failed to open file: C:\Users\syj\AppData\Local\Oculus/ProfileDB.json
[2017.04.05-18.19.41:353][891]OCULUS: Debug: Failed to open file: C:\Users\syj\AppData\Local\Oculus/Profiles.json
[2017.04.05-18.19.41:353][891]OCULUS: Debug: [HMDState] Using default profile default
[2017.04.05-18.19.41:353][891]OCULUS: Info: IAD changed to 63.5mm
[2017.04.05-18.19.41:353][891]LogHMD: New ovr session is created
[2017.04.05-18.19.41:353][891]LogHMD: HMD Oculus Rift DK2, res = 1920 x 1080
[2017.04.05-18.19.41:389][891]PIE: New page: PIE 세션: StartMap (2017. 4. 6. 오후 12:19:41)
[2017.04.05-18.19.41:389][891]LogPlayLevel: Creating play world package: /Game/LOTMaps/UEDPIE_0_StartMap
[2017.04.05-18.19.41:423][891]LogPlayLevel: PIE: StaticDuplicateObject took: (0.033792s)
[2017.04.05-18.19.41:424][891]LogAIModule: Creating AISystem for world StartMap
[2017.04.05-18.19.41:436][891]LogPlayLevel: PIE: World Init took: (0.013061s)
[2017.04.05-18.19.41:436][891]LogPlayLevel: PIE: Created PIE world by copying editor world from /Game/LOTMaps/StartMap.StartMap to /Game/LOTMaps/UEDPIE_0_StartMap.StartMap (0.047169s)
[2017.04.05-18.19.41:480][891]LogInit: XAudio2 using '스피커(High Definition Audio 장치)' : 2 channels at 44.1 kHz using 16 bits per sample (channel mask 0x3)
[2017.04.05-18.19.41:499][891]LogInit: FAudioDevice initialized.
[2017.04.05-18.19.41:578][891]LogLoad: Game class is 'StartGameMode'
[2017.04.05-18.19.41:586][891]LogWorld: Bringing World /Game/LOTMaps/UEDPIE_0_StartMap.StartMap up for play (max tick rate 0) at 2017.04.06-03.19.41
[2017.04.05-18.19.41:587][891]LogWorld: Bringing up level for play took: 0.007548
[2017.04.05-18.19.41:851][891]LogContentBrowser: Native class hierarchy updated for 'MovieSceneCapture' in 0.1381 seconds. Added 11 classes and 0 folders.
[2017.04.05-18.19.41:853][891]PIE: 정보 /Game/LOTMaps/UEDPIE_0_StartMap 에 대한 에디터에서 플레이 시작 시간: 0.739
[2017.04.05-18.19.41:853][891]LogBlueprintUserMessages: Late PlayInEditor Detection: Level '/Game/LOTMaps/StartMap.StartMap:PersistentLevel' has LevelScriptBlueprint '/Game/LOTMaps/StartMap.StartMap:PersistentLevel.StartMap' with GeneratedClass '/Game/LOTMaps/StartMap.StartMap_C' with ClassGeneratedBy '/Game/LOTMaps/StartMap.StartMap:PersistentLevel.StartMap'
[2017.04.05-18.19.48:209][558]LogBlueprintUserMessages: Early EndPlayMap Detection: Level '/Game/LOTMaps/StartMap.StartMap:PersistentLevel' has LevelScriptBlueprint '/Game/LOTMaps/StartMap.StartMap:PersistentLevel.StartMap' with GeneratedClass '/Game/LOTMaps/StartMap.StartMap_C' with ClassGeneratedBy '/Game/LOTMaps/StartMap.StartMap:PersistentLevel.StartMap'
[2017.04.05-18.19.48:211][558]LogHMD: Destroying ovr session
[2017.04.05-18.19.48:266][558]LogBlueprintUserMessages: Late EndPlayMap Detection: Level '/Game/LOTMaps/StartMap.StartMap:PersistentLevel' has LevelScriptBlueprint '/Game/LOTMaps/StartMap.StartMap:PersistentLevel.StartMap' with GeneratedClass '/Game/LOTMaps/StartMap.StartMap_C' with ClassGeneratedBy '/Game/LOTMaps/StartMap.StartMap:PersistentLevel.StartMap'
[2017.04.05-18.19.50:728][824]LogBlueprintUserMessages: Early PlayInEditor Detection: Level '/Game/LOTMaps/StartMap.StartMap:PersistentLevel' has LevelScriptBlueprint '/Game/LOTMaps/StartMap.StartMap:PersistentLevel.StartMap' with GeneratedClass '/Game/LOTMaps/StartMap.StartMap_C' with ClassGeneratedBy '/Game/LOTMaps/StartMap.StartMap:PersistentLevel.StartMap'
[2017.04.05-18.19.50:728][824]LogPlayLevel: PlayLevel: No blueprints needed recompiling
[2017.04.05-18.19.50:729][824]OCULUS: Debug: Failed to open file: C:\Users\syj\AppData\Local\Oculus/ProfileDB.json
[2017.04.05-18.19.50:729][824]OCULUS: Debug: Failed to open file: C:\Users\syj\AppData\Local\Oculus/Profiles.json
[2017.04.05-18.19.50:729][824]OCULUS: Debug: Failed to open file: C:\Users\syj\AppData\Local\Oculus/ProfileDB.json
[2017.04.05-18.19.50:729][824]OCULUS: Debug: Failed to open file: C:\Users\syj\AppData\Local\Oculus/Profiles.json
[2017.04.05-18.19.50:729][824]OCULUS: Debug: [HMDState] Using default profile default
[2017.04.05-18.19.50:729][824]OCULUS: Info: IAD changed to 63.5mm
[2017.04.05-18.19.50:729][824]LogHMD: New ovr session is created
[2017.04.05-18.19.50:730][824]LogHMD: HMD Oculus Rift DK2, res = 1920 x 1080
[2017.04.05-18.19.50:730][824]PIE: New page: PIE 세션: StartMap (2017. 4. 6. 오후 12:19:50)
[2017.04.05-18.19.50:730][824]LogPlayLevel: Creating play world package: /Game/LOTMaps/UEDPIE_0_StartMap
[2017.04.05-18.19.50:749][824]LogPlayLevel: PIE: StaticDuplicateObject took: (0.019414s)
[2017.04.05-18.19.50:750][824]LogAIModule: Creating AISystem for world StartMap
[2017.04.05-18.19.50:750][824]LogPlayLevel: PIE: World Init took: (0.000770s)
[2017.04.05-18.19.50:750][824]LogPlayLevel: PIE: Created PIE world by copying editor world from /Game/LOTMaps/StartMap.StartMap to /Game/LOTMaps/UEDPIE_0_StartMap.StartMap (0.020415s)
[2017.04.05-18.19.50:809][824]LogInit: XAudio2 using '스피커(High Definition Audio 장치)' : 2 channels at 44.1 kHz using 16 bits per sample (channel mask 0x3)
[2017.04.05-18.19.50:826][824]LogInit: FAudioDevice initialized.
[2017.04.05-18.19.50:913][824]LogLoad: Game class is 'StartGameMode'
[2017.04.05-18.19.50:920][824]LogWorld: Bringing World /Game/LOTMaps/UEDPIE_0_StartMap.StartMap up for play (max tick rate 0) at 2017.04.06-03.19.50
[2017.04.05-18.19.50:921][824]LogWorld: Bringing up level for play took: 0.007355
[2017.04.05-18.19.50:930][824]PIE: 정보 /Game/LOTMaps/UEDPIE_0_StartMap 에 대한 에디터에서 플레이 시작 시간: -0.184
[2017.04.05-18.19.50:931][824]LogBlueprintUserMessages: Late PlayInEditor Detection: Level '/Game/LOTMaps/StartMap.StartMap:PersistentLevel' has LevelScriptBlueprint '/Game/LOTMaps/StartMap.StartMap:PersistentLevel.StartMap' with GeneratedClass '/Game/LOTMaps/StartMap.StartMap_C' with ClassGeneratedBy '/Game/LOTMaps/StartMap.StartMap:PersistentLevel.StartMap'
[2017.04.05-18.19.50:968][824]LogHMD: Reallocation of eye buffer was requested
[2017.04.05-18.19.50:970][824]LogHMD: Allocated a new swap texture set (size 2404 x 1472, mipcount = 1), 0x0000015B5D3BD320
[2017.04.05-18.19.51:001][824]LogHMD: Allocated a new mirror texture (size 1280 x 720)
[2017.04.05-18.19.51:001][824]LogRenderer: Reallocating scene render targets to support 2404x1472 NumSamples 1 (Frame:1637).
[2017.04.05-18.19.53:091][916]OCULUS: Info: [HMDState] Requested to SetForegroundWindow(809c4ll)
[2017.04.05-18.19.56:588][ 46]LogNet: Browse: /Game/LOTMaps/TutorialMap
[2017.04.05-18.19.56:601][ 46]LogLoadingSplash: Loading begins
[2017.04.05-18.19.56:617][ 46]LogHMD: Allocated a new swap texture set (size 16 x 16, mipcount = 5), 0x0000015B5D5E7900
[2017.04.05-18.19.56:618][ 46]LogHMD: FOculusRiftSplash::PushBlackFrame
[2017.04.05-18.19.56:618][ 46]LogHMD: FOculusRiftSplash::Show
[2017.04.05-18.19.56:618][ 46]LogLoad: LoadMap: /Game/LOTMaps/TutorialMap
[2017.04.05-18.19.56:689][ 46]Cmd: MEM
[2017.04.05-18.19.56:802][ 46]LogMemory: Platform Memory Stats for Windows
[2017.04.05-18.19.56:802][ 46]LogMemory: Process Physical Memory: 1333.57 MB used, 1344.07 MB peak
[2017.04.05-18.19.56:802][ 46]LogMemory: Process Virtual Memory: 2081.94 MB used, 2208.00 MB peak
[2017.04.05-18.19.56:802][ 46]LogMemory: Physical Memory: 6531.36 MB used,  1579.70 MB free, 8111.06 MB total
[2017.04.05-18.19.56:802][ 46]LogMemory: Virtual Memory: 2963.78 MB used,  1579.70 MB free, 134217728.00 MB total
[2017.04.05-18.19.56:802][ 46]LogMemory: 
[2017.04.05-18.19.56:802][ 46]Allocator Stats for TBB: (not implemented)
[2017.04.05-18.19.57:932][ 46]LogMaterial: Missing cached shader map for material Ground_GrassThickGreen_2k_alb_Mat, compiling. 
[2017.04.05-18.19.57:947][ 46]LogTemp:Display: Added material ShaderMap 0x0000015B5FA76B00 with Material 0x0000015B5C50BD00 to ShaderMapsBeingCompiled
[2017.04.05-18.19.58:026][ 46]LogTemp:Display: Kicking off shader compilation for Ground_GrassThickGreen_2k_alb_Mat, GameThreadShaderMap 0x0000015B5FA76B00
[2017.04.05-18.19.58:051][ 46]LogTexture:Display: 텍스처 빌드중: HQ_Lightmap0_1 (AutoDXT, 512X512) - 147 MB 총 VRAM
[2017.04.05-18.19.58:215][ 46]LogTexture:Display: 텍스처 빌드중: HQ_Lightmap0_2 (AutoDXT, 256X256) - 147 MB 총 VRAM
[2017.04.05-18.19.58:238][ 46]LogTexture:Display: 텍스처 빌드중: HQ_Lightmap0_3 (AutoDXT, 256X256) - 147 MB 총 VRAM
[2017.04.05-18.19.58:250][ 46]LogTexture:Display: 텍스처 빌드중: HQ_Lightmap0_4 (AutoDXT, 256X256) - 147 MB 총 VRAM
[2017.04.05-18.19.58:255][ 46]LogTexture:Display: 텍스처 빌드중: HQ_Lightmap0_5 (AutoDXT, 64X64) - 147 MB 총 VRAM
[2017.04.05-18.19.58:258][ 46]LogTexture:Display: 텍스처 빌드중: LQ_Lightmap_0_1 (DXT1, 512X512) - 147 MB 총 VRAM
[2017.04.05-18.19.58:277][ 46]LogTexture:Display: 텍스처 빌드중: LQ_Lightmap_0_2 (DXT1, 256X256) - 147 MB 총 VRAM
[2017.04.05-18.19.58:287][ 46]LogTexture:Display: 텍스처 빌드중: LQ_Lightmap_0_3 (DXT1, 256X256) - 147 MB 총 VRAM
[2017.04.05-18.19.58:294][ 46]LogTexture:Display: 텍스처 빌드중: LQ_Lightmap_0_4 (DXT1, 256X256) - 147 MB 총 VRAM
[2017.04.05-18.19.58:297][ 46]LogTexture:Display: 텍스처 빌드중: LQ_Lightmap_0_5 (DXT1, 64X64) - 147 MB 총 VRAM
[2017.04.05-18.19.58:297][ 46]LogTexture:Display: 텍스처 빌드중: ShadowMapTexture2D_0 (G8, 512X128) - 147 MB 총 VRAM
[2017.04.05-18.19.58:299][ 46]LogTexture:Display: 텍스처 빌드중: ShadowMapTexture2D_1 (G8, 256X128) - 147 MB 총 VRAM
[2017.04.05-18.19.58:300][ 46]LogTexture:Display: 텍스처 빌드중: ShadowMapTexture2D_2 (G8, 128X128) - 147 MB 총 VRAM
[2017.04.05-18.19.58:301][ 46]LogTexture:Display: 텍스처 빌드중: ShadowMapTexture2D_3 (G8, 128X128) - 147 MB 총 VRAM
[2017.04.05-18.19.58:301][ 46]LogTexture:Display: 텍스처 빌드중: ShadowMapTexture2D_4 (G8, 32X32) - 147 MB 총 VRAM
[2017.04.05-18.20.01:151][ 46]LogAIModule: Creating AISystem for world TutorialMap
[2017.04.05-18.20.01:152][ 46]LogLoad: Game class is 'Training_Mode_C'
[2017.04.05-18.20.01:363][ 46]LogWorld: Bringing World /Game/LOTMaps/UEDPIE_0_TutorialMap.TutorialMap up for play (max tick rate 0) at 2017.04.06-03.20.01
[2017.04.05-18.20.01:363][ 46]LogWorld: Bringing up level for play took: 0.210411
[2017.04.05-18.20.01:468][ 46]OCULUS: Error: Prediction interval too high: 0.159283 s, clamping at 0.100000 s
[2017.04.05-18.20.01:468][ 46]LogLoadingSplash: Loading ends
[2017.04.05-18.20.01:468][ 46]LogHMD: FOculusRiftSplash::Hide
[2017.04.05-18.20.01:469][ 46]LogHMD: Freeing textureSet 0x0000015B5D5E7900
[2017.04.05-18.20.01:469][ 46]LogHMD: Allocated a new swap texture set (size 16 x 16, mipcount = 5), 0x0000015B38B8B1C0
[2017.04.05-18.20.01:512][ 46]LogHMD: FOculusRiftSplash::PushBlackFrame
[2017.04.05-18.20.01:512][ 46]LogLoad: Took 4.893592 seconds to LoadMap(/Game/LOTMaps/TutorialMap)
[2017.04.05-18.20.01:770][ 48]LogTemp:Display: Finished compile of shader map 0x0000015B5FA76B00
[2017.04.05-18.20.01:770][ 48]LogTemp:Display: Shader map Ground_GrassThickGreen_2k_alb_Mat complete, GameThreadShaderMap 0x0000015B5FA76B00, marking material Ground_GrassThickGreen_2k_alb_Mat as finished
[2017.04.05-18.20.01:770][ 48]LogTemp:Display: Marking material as finished 0x0000015B5C50BD00
[2017.04.05-18.24.40:877][563]LogBlueprintUserMessages: Early EndPlayMap Detection: Level '/Game/LOTMaps/StartMap.StartMap:PersistentLevel' has LevelScriptBlueprint '/Game/LOTMaps/StartMap.StartMap:PersistentLevel.StartMap' with GeneratedClass '/Game/LOTMaps/StartMap.StartMap_C' with ClassGeneratedBy '/Game/LOTMaps/StartMap.StartMap:PersistentLevel.StartMap'
[2017.04.05-18.24.40:891][563]LogHMD: Destroying ovr session
[2017.04.05-18.24.40:891][563]LogHMD: Freeing textureSet 0x0000015B38B8B1C0
[2017.04.05-18.24.40:891][563]LogHMD: Freeing textureSet 0x0000015B5D3BD320
[2017.04.05-18.24.40:902][563]OCULUS: Info: [HMDState] Requested to SetForegroundWindow(809c4ll)
[2017.04.05-18.24.41:060][563]LogBlueprintUserMessages: Late EndPlayMap Detection: Level '/Game/LOTMaps/StartMap.StartMap:PersistentLevel' has LevelScriptBlueprint '/Game/LOTMaps/StartMap.StartMap:PersistentLevel.StartMap' with GeneratedClass '/Game/LOTMaps/StartMap.StartMap_C' with ClassGeneratedBy '/Game/LOTMaps/StartMap.StartMap:PersistentLevel.StartMap'
[2017.04.05-18.29.27:546][742]LogEditorViewport: Clicking on Actor (context menu): Landscape (Landscape)
[2017.04.05-18.29.30:758][ 56]LogEditorViewport: Clicking on Actor (context menu): Landscape (Landscape)
[2017.04.05-18.58.51:589][381]LogEditorViewport: Clicking on Actor (context menu): MyLOTPlayer4_C (MyLOTPlayer4)
[2017.04.05-18.58.51:928][381]LogEditorViewport: Clicking on Actor (context menu): MyLOTPlayer4_C (MyLOTPlayer4)
[2017.04.05-18.58.52:779][430]LogEditorViewport: Clicking on Actor (LMB): Landscape (Landscape)
[2017.04.05-18.59.30:293][852]LogSlate: Took 0.016691 seconds to synchronously load lazily loaded font '../../../Engine/Content/Slate/Fonts/Roboto-Light.ttf' (159K)
[2017.04.05-18.59.31:463][852]LogContentBrowser: Native class hierarchy updated for 'Cascade' in 0.1333 seconds. Added 2 classes and 2 folders.
[2017.04.05-18.59.31:529][852]LogSlate: Took 0.000799 seconds to synchronously load lazily loaded font '../../../Engine/Content/Slate/Fonts/Roboto-Regular.ttf' (155K)
[2017.04.05-18.59.41:869][143]LogCascade: Quitting Cascade. FXSystem=0x0000015B3DDCEE80
[2017.04.05-18.59.50:494][877]LogCascade: Quitting Cascade. FXSystem=0x0000015B5C641DA0
[2017.04.05-19.22.00:867][978]LogSavePackage: Save=273.93ms
[2017.04.05-19.22.00:867][978]LogSavePackage: Moving '../../../../../../Users/syj/Documents/lordoftank/LordOfTank/Saved/CommonAmmo1B7680CD44E2C3AF1EEA2CA0E04B3D00.tmp' to '../../../../../../Users/syj/Documents/lordoftank/LordOfTank/Content/LOTAssets/TankAssets/Meshes/CommonAmmo.uasset'
[2017.04.05-19.22.00:876][978]LogSavePackage:Display: Finished SavePackage ../../../../../../Users/syj/Documents/lordoftank/LordOfTank/Content/LOTAssets/TankAssets/Meshes/CommonAmmo.uasset
[2017.04.05-19.23.05:538][736]LogSlate: Took 0.000391 seconds to synchronously load lazily loaded font '../../../Engine/Content/Slate/Fonts/Roboto-Light.ttf' (159K)
[2017.04.05-19.23.05:657][736]LogFileHelpers: Editor autosave (incl. sublevels) for '/Game/LOTMaps/StartMap' took 0.026
[2017.04.05-19.23.05:684][736]OBJ SavePackage: Generating thumbnails for [0] asset(s) in package [/Game/LOTAssets/TankAssets/Meshes/CommonAmmo] ([1] browsable assets)...
[2017.04.05-19.23.05:685][736]OBJ SavePackage: Finished generating thumbnails for package [/Game/LOTAssets/TankAssets/Meshes/CommonAmmo]
[2017.04.05-19.23.05:696][736]LogSavePackage: Save=4.65ms
[2017.04.05-19.23.05:696][736]LogSavePackage: Moving '../../../../../../Users/syj/Documents/lordoftank/LordOfTank/Saved/CommonAmmo_Auto1EF76050E4436C88BDE5677B9E4F1A431.tmp' to '../../../../../../Users/syj/Documents/lordoftank/LordOfTank/Saved/Autosaves/Game/LOTAssets/TankAssets/Meshes/CommonAmmo_Auto1.uasset'
[2017.04.05-19.23.05:699][736]LogSavePackage:Display: Finished SavePackage ../../../../../../Users/syj/Documents/lordoftank/LordOfTank/Saved/Autosaves/Game/LOTAssets/TankAssets/Meshes/CommonAmmo_Auto1.uasset
[2017.04.05-19.23.05:699][736]LogFileHelpers: Auto-saving content packages took 0.041
[2017.04.05-19.24.37:704][ 12]LogHotReload: New module detected: UE4Editor-LordOfTank-5444.dll
[2017.04.05-19.24.41:759][ 25]LogHotReload: Starting Hot-Reload from IDE
[2017.04.05-19.24.42:617][ 25]LogHotReload: Re-instancing CommonProjectile after hot-reload.
[2017.04.05-19.24.43:934][ 25]LogContentBrowser: Native class hierarchy updated for 'LordOfTank' in 0.2533 seconds. Added 13 classes and 8 folders.
[2017.04.05-19.24.43:936][ 25]Display: HotReload successful (10 functions remapped  0 scriptstructs remapped)
[2017.04.05-19.24.44:344][ 25]LogContentBrowser: Native class hierarchy populated in 0.2074 seconds. Added 2262 classes and 467 folders.
[2017.04.05-19.24.44:411][ 25]Display: HotReload took  2.7s.
[2017.04.05-19.24.50:388][342]LogTemp: Repeting last play command: VR 프리뷰
[2017.04.05-19.24.50:401][342]LogBlueprintUserMessages: Early PlayInEditor Detection: Level '/Game/LOTMaps/StartMap.StartMap:PersistentLevel' has LevelScriptBlueprint '/Game/LOTMaps/StartMap.StartMap:PersistentLevel.StartMap' with GeneratedClass '/Game/LOTMaps/StartMap.StartMap_C' with ClassGeneratedBy '/Game/LOTMaps/StartMap.StartMap:PersistentLevel.StartMap'
[2017.04.05-19.24.50:401][342]LogPlayLevel: PlayLevel: No blueprints needed recompiling
[2017.04.05-19.24.50:404][342]OCULUS: Debug: Failed to open file: C:\Users\syj\AppData\Local\Oculus/ProfileDB.json
[2017.04.05-19.24.50:404][342]OCULUS: Debug: Failed to open file: C:\Users\syj\AppData\Local\Oculus/Profiles.json
[2017.04.05-19.24.50:404][342]OCULUS: Debug: Failed to open file: C:\Users\syj\AppData\Local\Oculus/ProfileDB.json
[2017.04.05-19.24.50:404][342]OCULUS: Debug: Failed to open file: C:\Users\syj\AppData\Local\Oculus/Profiles.json
[2017.04.05-19.24.50:404][342]OCULUS: Debug: [HMDState] Using default profile default
[2017.04.05-19.24.50:404][342]OCULUS: Info: IAD changed to 63.5mm
[2017.04.05-19.24.50:404][342]OCULUS: Info: [HMDState] Requested to SetForegroundWindow(320942ll)
[2017.04.05-19.24.50:404][342]OCULUS: Info: [HMDState] Requested to SetForegroundWindow(320942ll)
[2017.04.05-19.24.50:404][342]LogHMD: New ovr session is created
[2017.04.05-19.24.50:404][342]LogHMD: HMD Oculus Rift DK2, res = 1920 x 1080
[2017.04.05-19.24.50:404][342]PIE: New page: PIE 세션: StartMap (2017. 4. 6. 오후 1:24:50)
[2017.04.05-19.24.50:404][342]LogPlayLevel: Creating play world package: /Game/LOTMaps/UEDPIE_0_StartMap
[2017.04.05-19.24.50:478][342]LogPlayLevel: PIE: StaticDuplicateObject took: (0.074333s)
[2017.04.05-19.24.50:479][342]LogAIModule: Creating AISystem for world StartMap
[2017.04.05-19.24.50:480][342]LogPlayLevel: PIE: World Init took: (0.001107s)
[2017.04.05-19.24.50:480][342]LogPlayLevel: PIE: Created PIE world by copying editor world from /Game/LOTMaps/StartMap.StartMap to /Game/LOTMaps/UEDPIE_0_StartMap.StartMap (0.075754s)
[2017.04.05-19.24.50:520][342]LogInit: XAudio2 using '스피커(High Definition Audio 장치)' : 2 channels at 44.1 kHz using 16 bits per sample (channel mask 0x3)
[2017.04.05-19.24.50:538][342]LogInit: FAudioDevice initialized.
[2017.04.05-19.24.50:616][342]LogLoad: Game class is 'StartGameMode'
[2017.04.05-19.24.50:624][342]LogWorld: Bringing World /Game/LOTMaps/UEDPIE_0_StartMap.StartMap up for play (max tick rate 0) at 2017.04.06-04.24.50
[2017.04.05-19.24.50:625][342]LogWorld: Bringing up level for play took: 0.008452
[2017.04.05-19.24.50:633][342]PIE: 정보 /Game/LOTMaps/UEDPIE_0_StartMap 에 대한 에디터에서 플레이 시작 시간: -0.481
[2017.04.05-19.24.50:634][342]LogBlueprintUserMessages: Late PlayInEditor Detection: Level '/Game/LOTMaps/StartMap.StartMap:PersistentLevel' has LevelScriptBlueprint '/Game/LOTMaps/StartMap.StartMap:PersistentLevel.StartMap' with GeneratedClass '/Game/LOTMaps/StartMap.StartMap_C' with ClassGeneratedBy '/Game/LOTMaps/StartMap.StartMap:PersistentLevel.StartMap'
[2017.04.05-19.24.50:678][342]LogHMD: Need to reallocate eye buffer, reason: no textureset was allocated
[2017.04.05-19.24.50:681][342]LogHMD: Allocated a new swap texture set (size 2404 x 1472, mipcount = 1), 0x0000015B5D3BC6C0
[2017.04.05-19.24.50:710][342]LogHMD: Allocated a new mirror texture (size 1280 x 720)
[2017.04.05-19.24.53:743][460]LogBlueprintUserMessages: Early EndPlayMap Detection: Level '/Game/LOTMaps/StartMap.StartMap:PersistentLevel' has LevelScriptBlueprint '/Game/LOTMaps/StartMap.StartMap:PersistentLevel.StartMap' with GeneratedClass '/Game/LOTMaps/StartMap.StartMap_C' with ClassGeneratedBy '/Game/LOTMaps/StartMap.StartMap:PersistentLevel.StartMap'
[2017.04.05-19.24.53:771][460]LogHMD: Destroying ovr session
[2017.04.05-19.24.53:772][460]LogHMD: Freeing textureSet 0x0000015B5D3BC6C0
[2017.04.05-19.24.53:778][460]OCULUS: Info: [HMDState] Requested to SetForegroundWindow(2507b8ll)
[2017.04.05-19.24.53:919][460]LogBlueprintUserMessages: Late EndPlayMap Detection: Level '/Game/LOTMaps/StartMap.StartMap:PersistentLevel' has LevelScriptBlueprint '/Game/LOTMaps/StartMap.StartMap:PersistentLevel.StartMap' with GeneratedClass '/Game/LOTMaps/StartMap.StartMap_C' with ClassGeneratedBy '/Game/LOTMaps/StartMap.StartMap:PersistentLevel.StartMap'
[2017.04.05-19.25.15:370][706]LogClass:Warning: Enum '/Game/LOTAssets/TankAssets/Blueprints/Components/LBXArcDrawType_ENUM.LBXArcDrawType_ENUM' was upgraded to use FText to store its display name data. Please re-save this asset to avoid issues with localization and determinstic cooking.
[2017.04.05-19.25.16:046][706]LogContentBrowser: Native class hierarchy updated for 'BlueprintGraph' in 0.1261 seconds. Added 112 classes and 0 folders.
[2017.04.05-19.25.19:748][771]LogSlate: Took 0.062562 seconds to synchronously load lazily loaded font '../../../Engine/Content/Editor/Slate/Fonts/Roboto-Italic.ttf' (157K)
[2017.04.05-19.25.25:123][123]LogSlate:Warning: Prevented a slow task dialog from being summoned while a context menu was open
[2017.04.05-19.25.28:533][442]BlueprintLog: New page: TEST 컴파일
[2017.04.05-19.25.29:152][458]Cmd: OBJ SAVEPACKAGE PACKAGE="/Game/TEST" FILE="../../../../../../Users/syj/Documents/lordoftank/LordOfTank/Content/TEST.uasset" SILENT=true
[2017.04.05-19.25.29:166][458]LogSavePackage: Save=10.59ms
[2017.04.05-19.25.29:166][458]LogSavePackage: Moving '../../../../../../Users/syj/Documents/lordoftank/LordOfTank/Saved/TESTD2C762344A7AEC5C2EB55195360FC565.tmp' to '../../../../../../Users/syj/Documents/lordoftank/LordOfTank/Content/TEST.uasset'
[2017.04.05-19.25.29:183][458]LogSavePackage:Display: Finished SavePackage ../../../../../../Users/syj/Documents/lordoftank/LordOfTank/Content/TEST.uasset
[2017.04.05-19.25.30:365][572]LogTemp: Repeting last play command: VR 프리뷰
[2017.04.05-19.25.30:382][572]LogBlueprintUserMessages: Early PlayInEditor Detection: Level '/Game/LOTMaps/StartMap.StartMap:PersistentLevel' has LevelScriptBlueprint '/Game/LOTMaps/StartMap.StartMap:PersistentLevel.StartMap' with GeneratedClass '/Game/LOTMaps/StartMap.StartMap_C' with ClassGeneratedBy '/Game/LOTMaps/StartMap.StartMap:PersistentLevel.StartMap'
[2017.04.05-19.25.30:382][572]LogPlayLevel: PlayLevel: No blueprints needed recompiling
[2017.04.05-19.25.30:384][572]OCULUS: Debug: Failed to open file: C:\Users\syj\AppData\Local\Oculus/ProfileDB.json
[2017.04.05-19.25.30:384][572]OCULUS: Debug: Failed to open file: C:\Users\syj\AppData\Local\Oculus/Profiles.json
[2017.04.05-19.25.30:384][572]OCULUS: Debug: Failed to open file: C:\Users\syj\AppData\Local\Oculus/ProfileDB.json
[2017.04.05-19.25.30:384][572]OCULUS: Debug: Failed to open file: C:\Users\syj\AppData\Local\Oculus/Profiles.json
[2017.04.05-19.25.30:384][572]OCULUS: Debug: [HMDState] Using default profile default
[2017.04.05-19.25.30:384][572]OCULUS: Info: IAD changed to 63.5mm
[2017.04.05-19.25.30:384][572]OCULUS: Info: [HMDState] Requested to SetForegroundWindow(320942ll)
[2017.04.05-19.25.30:384][572]OCULUS: Info: [HMDState] Requested to SetForegroundWindow(320942ll)
[2017.04.05-19.25.30:384][572]LogHMD: New ovr session is created
[2017.04.05-19.25.30:384][572]LogHMD: HMD Oculus Rift DK2, res = 1920 x 1080
[2017.04.05-19.25.30:384][572]PIE: New page: PIE 세션: StartMap (2017. 4. 6. 오후 1:25:30)
[2017.04.05-19.25.30:384][572]LogPlayLevel: Creating play world package: /Game/LOTMaps/UEDPIE_0_StartMap
[2017.04.05-19.25.30:406][572]LogPlayLevel: PIE: StaticDuplicateObject took: (0.021643s)
[2017.04.05-19.25.30:407][572]LogAIModule: Creating AISystem for world StartMap
[2017.04.05-19.25.30:407][572]LogPlayLevel: PIE: World Init took: (0.000879s)
[2017.04.05-19.25.30:407][572]LogPlayLevel: PIE: Created PIE world by copying editor world from /Game/LOTMaps/StartMap.StartMap to /Game/LOTMaps/UEDPIE_0_StartMap.StartMap (0.022974s)
[2017.04.05-19.25.30:449][572]LogInit: XAudio2 using '스피커(High Definition Audio 장치)' : 2 channels at 44.1 kHz using 16 bits per sample (channel mask 0x3)
[2017.04.05-19.25.30:464][572]LogInit: FAudioDevice initialized.
[2017.04.05-19.25.30:550][572]LogLoad: Game class is 'StartGameMode'
[2017.04.05-19.25.30:558][572]LogWorld: Bringing World /Game/LOTMaps/UEDPIE_0_StartMap.StartMap up for play (max tick rate 0) at 2017.04.06-04.25.30
[2017.04.05-19.25.30:558][572]LogWorld: Bringing up level for play took: 0.007299
[2017.04.05-19.25.30:567][572]PIE: 정보 /Game/LOTMaps/UEDPIE_0_StartMap 에 대한 에디터에서 플레이 시작 시간: -0.547
[2017.04.05-19.25.30:568][572]LogBlueprintUserMessages: Late PlayInEditor Detection: Level '/Game/LOTMaps/StartMap.StartMap:PersistentLevel' has LevelScriptBlueprint '/Game/LOTMaps/StartMap.StartMap:PersistentLevel.StartMap' with GeneratedClass '/Game/LOTMaps/StartMap.StartMap_C' with ClassGeneratedBy '/Game/LOTMaps/StartMap.StartMap:PersistentLevel.StartMap'
[2017.04.05-19.25.30:612][572]LogHMD: Need to reallocate eye buffer, reason: no textureset was allocated
[2017.04.05-19.25.30:614][572]LogHMD: Allocated a new swap texture set (size 2404 x 1472, mipcount = 1), 0x0000015B3C562630
[2017.04.05-19.25.30:643][572]LogHMD: Allocated a new mirror texture (size 1280 x 720)
[2017.04.05-19.25.31:528][608]LogBlueprintUserMessages: Early EndPlayMap Detection: Level '/Game/LOTMaps/StartMap.StartMap:PersistentLevel' has LevelScriptBlueprint '/Game/LOTMaps/StartMap.StartMap:PersistentLevel.StartMap' with GeneratedClass '/Game/LOTMaps/StartMap.StartMap_C' with ClassGeneratedBy '/Game/LOTMaps/StartMap.StartMap:PersistentLevel.StartMap'
[2017.04.05-19.25.31:556][608]LogHMD: Destroying ovr session
[2017.04.05-19.25.31:556][608]LogHMD: Freeing textureSet 0x0000015B3C562630
[2017.04.05-19.25.31:565][608]OCULUS: Info: [HMDState] Requested to SetForegroundWindow(2b07ecll)
[2017.04.05-19.25.31:694][608]LogBlueprintUserMessages: Late EndPlayMap Detection: Level '/Game/LOTMaps/StartMap.StartMap:PersistentLevel' has LevelScriptBlueprint '/Game/LOTMaps/StartMap.StartMap:PersistentLevel.StartMap' with GeneratedClass '/Game/LOTMaps/StartMap.StartMap_C' with ClassGeneratedBy '/Game/LOTMaps/StartMap.StartMap:PersistentLevel.StartMap'
[2017.04.05-19.25.32:529][693]LogSlate:Warning: Prevented a slow task dialog from being summoned while a context menu was open
[2017.04.05-19.25.36:286][ 91]LogTemp: Repeting last play command: VR 프리뷰
[2017.04.05-19.25.36:298][ 91]LogBlueprintUserMessages: Early PlayInEditor Detection: Level '/Game/LOTMaps/StartMap.StartMap:PersistentLevel' has LevelScriptBlueprint '/Game/LOTMaps/StartMap.StartMap:PersistentLevel.StartMap' with GeneratedClass '/Game/LOTMaps/StartMap.StartMap_C' with ClassGeneratedBy '/Game/LOTMaps/StartMap.StartMap:PersistentLevel.StartMap'
[2017.04.05-19.25.36:298][ 91]LogPlayLevel: PlayLevel: No blueprints needed recompiling
[2017.04.05-19.25.36:300][ 91]OCULUS: Debug: Failed to open file: C:\Users\syj\AppData\Local\Oculus/ProfileDB.json
[2017.04.05-19.25.36:300][ 91]OCULUS: Debug: Failed to open file: C:\Users\syj\AppData\Local\Oculus/Profiles.json
[2017.04.05-19.25.36:300][ 91]OCULUS: Debug: Failed to open file: C:\Users\syj\AppData\Local\Oculus/ProfileDB.json
[2017.04.05-19.25.36:300][ 91]OCULUS: Debug: Failed to open file: C:\Users\syj\AppData\Local\Oculus/Profiles.json
[2017.04.05-19.25.36:300][ 91]OCULUS: Debug: [HMDState] Using default profile default
[2017.04.05-19.25.36:300][ 91]OCULUS: Info: IAD changed to 63.5mm
[2017.04.05-19.25.36:300][ 91]OCULUS: Info: [HMDState] Requested to SetForegroundWindow(320942ll)
[2017.04.05-19.25.36:300][ 91]OCULUS: Info: [HMDState] Requested to SetForegroundWindow(320942ll)
[2017.04.05-19.25.36:300][ 91]LogHMD: New ovr session is created
[2017.04.05-19.25.36:300][ 91]LogHMD: HMD Oculus Rift DK2, res = 1920 x 1080
[2017.04.05-19.25.36:300][ 91]PIE: New page: PIE 세션: StartMap (2017. 4. 6. 오후 1:25:36)
[2017.04.05-19.25.36:300][ 91]LogPlayLevel: Creating play world package: /Game/LOTMaps/UEDPIE_0_StartMap
[2017.04.05-19.25.36:319][ 91]LogPlayLevel: PIE: StaticDuplicateObject took: (0.019091s)
[2017.04.05-19.25.36:320][ 91]LogAIModule: Creating AISystem for world StartMap
[2017.04.05-19.25.36:320][ 91]LogPlayLevel: PIE: World Init took: (0.000879s)
[2017.04.05-19.25.36:321][ 91]LogPlayLevel: PIE: Created PIE world by copying editor world from /Game/LOTMaps/StartMap.StartMap to /Game/LOTMaps/UEDPIE_0_StartMap.StartMap (0.020260s)
[2017.04.05-19.25.36:363][ 91]LogInit: XAudio2 using '스피커(High Definition Audio 장치)' : 2 channels at 44.1 kHz using 16 bits per sample (channel mask 0x3)
[2017.04.05-19.25.36:377][ 91]LogInit: FAudioDevice initialized.
[2017.04.05-19.25.36:464][ 91]LogLoad: Game class is 'TEST_C'
[2017.04.05-19.25.36:471][ 91]LogWorld: Bringing World /Game/LOTMaps/UEDPIE_0_StartMap.StartMap up for play (max tick rate 0) at 2017.04.06-04.25.36
[2017.04.05-19.25.36:472][ 91]LogWorld: Bringing up level for play took: 0.006800
[2017.04.05-19.25.36:480][ 91]PIE: 정보 /Game/LOTMaps/UEDPIE_0_StartMap 에 대한 에디터에서 플레이 시작 시간: -0.634
[2017.04.05-19.25.36:481][ 91]LogBlueprintUserMessages: Late PlayInEditor Detection: Level '/Game/LOTMaps/StartMap.StartMap:PersistentLevel' has LevelScriptBlueprint '/Game/LOTMaps/StartMap.StartMap:PersistentLevel.StartMap' with GeneratedClass '/Game/LOTMaps/StartMap.StartMap_C' with ClassGeneratedBy '/Game/LOTMaps/StartMap.StartMap:PersistentLevel.StartMap'
[2017.04.05-19.25.36:528][ 91]LogHMD: Need to reallocate eye buffer, reason: no textureset was allocated
[2017.04.05-19.25.36:530][ 91]LogHMD: Allocated a new swap texture set (size 2404 x 1472, mipcount = 1), 0x0000015B9215D450
[2017.04.05-19.25.36:559][ 91]LogHMD: Allocated a new mirror texture (size 1280 x 720)
[2017.04.05-19.25.42:061][295]OCULUS: Error: Prediction interval too high: 0.200800 s, clamping at 0.100000 s
[2017.04.05-19.26.17:929][668]LogBlueprintUserMessages: Early EndPlayMap Detection: Level '/Game/LOTMaps/StartMap.StartMap:PersistentLevel' has LevelScriptBlueprint '/Game/LOTMaps/StartMap.StartMap:PersistentLevel.StartMap' with GeneratedClass '/Game/LOTMaps/StartMap.StartMap_C' with ClassGeneratedBy '/Game/LOTMaps/StartMap.StartMap:PersistentLevel.StartMap'
[2017.04.05-19.26.17:957][668]LogHMD: Destroying ovr session
[2017.04.05-19.26.17:958][668]LogHMD: Freeing textureSet 0x0000015B9215D450
[2017.04.05-19.26.17:966][668]OCULUS: Info: [HMDState] Requested to SetForegroundWindow(2d07ecll)
[2017.04.05-19.26.18:093][668]LogBlueprintUserMessages: Late EndPlayMap Detection: Level '/Game/LOTMaps/StartMap.StartMap:PersistentLevel' has LevelScriptBlueprint '/Game/LOTMaps/StartMap.StartMap:PersistentLevel.StartMap' with GeneratedClass '/Game/LOTMaps/StartMap.StartMap_C' with ClassGeneratedBy '/Game/LOTMaps/StartMap.StartMap:PersistentLevel.StartMap'
[2017.04.05-19.26.49:136][978]OCULUS: Info: [HMDState] Requested to SetForegroundWindow(309d2ll)
[2017.04.05-19.26.49:145][979]OCULUS: Info: [HMDState] Requested to SetForegroundWindow(309d2ll)
[2017.04.05-19.34.01:745][835]LogSavePackage: Save=2565.85ms
[2017.04.05-19.34.01:745][835]LogSavePackage: Moving '../../../../../../Users/syj/Documents/lordoftank/LordOfTank/Saved/StartMap_Auto23A9E37724A0F3F2B9E6B06A462E1DE64.tmp' to '../../../../../../Users/syj/Documents/lordoftank/LordOfTank/Saved/Autosaves/Game/LOTMaps/StartMap_Auto2.umap'
[2017.04.05-19.34.01:760][835]LogSavePackage:Display: Finished SavePackage ../../../../../../Users/syj/Documents/lordoftank/LordOfTank/Saved/Autosaves/Game/LOTMaps/StartMap_Auto2.umap
[2017.04.05-19.34.01:903][835]LogFileHelpers: Editor autosave (incl. sublevels) for '/Game/LOTMaps/StartMap' took 5.290
[2017.04.05-19.34.01:903][835]LogFileHelpers: Editor autosave (incl. sublevels) for all levels took 5.290
[2017.04.05-19.35.31:814][105]LogHotReload: New module detected: UE4Editor-LordOfTank-2730.dll
[2017.04.05-19.35.36:783][119]LogHotReload: Starting Hot-Reload from IDE
[2017.04.05-19.35.37:254][119]LogHotReload: Re-instancing CommonProjectile after hot-reload.
[2017.04.05-19.35.38:396][119]LogContentBrowser: Native class hierarchy updated for 'LordOfTank' in 0.1728 seconds. Added 13 classes and 8 folders.
[2017.04.05-19.35.38:400][119]Display: HotReload successful (10 functions remapped  0 scriptstructs remapped)
[2017.04.05-19.35.39:465][119]LogContentBrowser: Native class hierarchy populated in 0.1642 seconds. Added 2262 classes and 467 folders.
[2017.04.05-19.35.39:480][119]Display: HotReload took  2.7s.
[2017.04.05-19.35.42:488][246]LogTemp: Repeting last play command: VR 프리뷰
[2017.04.05-19.35.42:501][246]LogBlueprintUserMessages: Early PlayInEditor Detection: Level '/Game/LOTMaps/StartMap.StartMap:PersistentLevel' has LevelScriptBlueprint '/Game/LOTMaps/StartMap.StartMap:PersistentLevel.StartMap' with GeneratedClass '/Game/LOTMaps/StartMap.StartMap_C' with ClassGeneratedBy '/Game/LOTMaps/StartMap.StartMap:PersistentLevel.StartMap'
[2017.04.05-19.35.42:501][246]LogPlayLevel: PlayLevel: No blueprints needed recompiling
[2017.04.05-19.35.42:503][246]OCULUS: Debug: Failed to open file: C:\Users\syj\AppData\Local\Oculus/ProfileDB.json
[2017.04.05-19.35.42:503][246]OCULUS: Debug: Failed to open file: C:\Users\syj\AppData\Local\Oculus/Profiles.json
[2017.04.05-19.35.42:503][246]OCULUS: Debug: Failed to open file: C:\Users\syj\AppData\Local\Oculus/ProfileDB.json
[2017.04.05-19.35.42:503][246]OCULUS: Debug: Failed to open file: C:\Users\syj\AppData\Local\Oculus/Profiles.json
[2017.04.05-19.35.42:503][246]OCULUS: Debug: [HMDState] Using default profile default
[2017.04.05-19.35.42:503][246]OCULUS: Info: IAD changed to 63.5mm
[2017.04.05-19.35.42:503][246]LogHMD: New ovr session is created
[2017.04.05-19.35.42:503][246]LogHMD: HMD Oculus Rift DK2, res = 1920 x 1080
[2017.04.05-19.35.42:503][246]PIE: New page: PIE 세션: StartMap (2017. 4. 6. 오후 1:35:42)
[2017.04.05-19.35.42:503][246]LogPlayLevel: Creating play world package: /Game/LOTMaps/UEDPIE_0_StartMap
[2017.04.05-19.35.42:593][246]LogPlayLevel: PIE: StaticDuplicateObject took: (0.089486s)
[2017.04.05-19.35.42:595][246]LogAIModule: Creating AISystem for world StartMap
[2017.04.05-19.35.42:595][246]LogPlayLevel: PIE: World Init took: (0.002474s)
[2017.04.05-19.35.42:596][246]LogPlayLevel: PIE: Created PIE world by copying editor world from /Game/LOTMaps/StartMap.StartMap to /Game/LOTMaps/UEDPIE_0_StartMap.StartMap (0.092328s)
[2017.04.05-19.35.42:701][246]LogInit: XAudio2 using '스피커(High Definition Audio 장치)' : 2 channels at 44.1 kHz using 16 bits per sample (channel mask 0x3)
[2017.04.05-19.35.42:718][246]LogInit: FAudioDevice initialized.
[2017.04.05-19.35.42:813][246]LogLoad: Game class is 'TEST_C'
[2017.04.05-19.35.42:860][246]LogWorld: Bringing World /Game/LOTMaps/UEDPIE_0_StartMap.StartMap up for play (max tick rate 0) at 2017.04.06-04.35.42
[2017.04.05-19.35.42:870][246]LogWorld: Bringing up level for play took: 0.055756
[2017.04.05-19.35.42:882][246]PIE: 정보 /Game/LOTMaps/UEDPIE_0_StartMap 에 대한 에디터에서 플레이 시작 시간: -0.232
[2017.04.05-19.35.42:882][246]LogBlueprintUserMessages: Late PlayInEditor Detection: Level '/Game/LOTMaps/StartMap.StartMap:PersistentLevel' has LevelScriptBlueprint '/Game/LOTMaps/StartMap.StartMap:PersistentLevel.StartMap' with GeneratedClass '/Game/LOTMaps/StartMap.StartMap_C' with ClassGeneratedBy '/Game/LOTMaps/StartMap.StartMap:PersistentLevel.StartMap'
[2017.04.05-19.35.42:929][246]LogHMD: Need to reallocate eye buffer, reason: no textureset was allocated
[2017.04.05-19.35.42:958][246]LogHMD: Allocated a new swap texture set (size 2404 x 1472, mipcount = 1), 0x0000015BAB8FB320
[2017.04.05-19.35.42:987][246]LogHMD: Allocated a new mirror texture (size 1280 x 720)
[2017.04.05-19.35.46:828][441]OCULUS: Info: [HMDState] Requested to SetForegroundWindow(210a04ll)
[2017.04.05-19.36.15:743][600]LogBlueprintUserMessages: Early EndPlayMap Detection: Level '/Game/LOTMaps/StartMap.StartMap:PersistentLevel' has LevelScriptBlueprint '/Game/LOTMaps/StartMap.StartMap:PersistentLevel.StartMap' with GeneratedClass '/Game/LOTMaps/StartMap.StartMap_C' with ClassGeneratedBy '/Game/LOTMaps/StartMap.StartMap:PersistentLevel.StartMap'
[2017.04.05-19.36.15:771][600]LogHMD: Destroying ovr session
[2017.04.05-19.36.15:772][600]LogHMD: Freeing textureSet 0x0000015BAB8FB320
[2017.04.05-19.36.15:780][600]OCULUS: Info: [HMDState] Requested to SetForegroundWindow(210a04ll)
[2017.04.05-19.36.15:907][600]LogBlueprintUserMessages: Late EndPlayMap Detection: Level '/Game/LOTMaps/StartMap.StartMap:PersistentLevel' has LevelScriptBlueprint '/Game/LOTMaps/StartMap.StartMap:PersistentLevel.StartMap' with GeneratedClass '/Game/LOTMaps/StartMap.StartMap_C' with ClassGeneratedBy '/Game/LOTMaps/StartMap.StartMap:PersistentLevel.StartMap'
[2017.04.05-19.36.18:206][836]LogSlate:Warning: Prevented a slow task dialog from being summoned while a context menu was open
[2017.04.05-19.36.22:417][321]LogTemp: Repeting last play command: VR 프리뷰
[2017.04.05-19.36.22:430][321]LogBlueprintUserMessages: Early PlayInEditor Detection: Level '/Game/LOTMaps/StartMap.StartMap:PersistentLevel' has LevelScriptBlueprint '/Game/LOTMaps/StartMap.StartMap:PersistentLevel.StartMap' with GeneratedClass '/Game/LOTMaps/StartMap.StartMap_C' with ClassGeneratedBy '/Game/LOTMaps/StartMap.StartMap:PersistentLevel.StartMap'
[2017.04.05-19.36.22:430][321]LogPlayLevel: PlayLevel: No blueprints needed recompiling
[2017.04.05-19.36.22:431][321]OCULUS: Debug: Failed to open file: C:\Users\syj\AppData\Local\Oculus/ProfileDB.json
[2017.04.05-19.36.22:431][321]OCULUS: Debug: Failed to open file: C:\Users\syj\AppData\Local\Oculus/Profiles.json
[2017.04.05-19.36.22:431][321]OCULUS: Debug: Failed to open file: C:\Users\syj\AppData\Local\Oculus/ProfileDB.json
[2017.04.05-19.36.22:431][321]OCULUS: Debug: Failed to open file: C:\Users\syj\AppData\Local\Oculus/Profiles.json
[2017.04.05-19.36.22:431][321]OCULUS: Debug: [HMDState] Using default profile default
[2017.04.05-19.36.22:431][321]OCULUS: Info: IAD changed to 63.5mm
[2017.04.05-19.36.22:431][321]OCULUS: Info: [HMDState] Requested to SetForegroundWindow(320942ll)
[2017.04.05-19.36.22:431][321]OCULUS: Info: [HMDState] Requested to SetForegroundWindow(320942ll)
[2017.04.05-19.36.22:431][321]LogHMD: New ovr session is created
[2017.04.05-19.36.22:431][321]LogHMD: HMD Oculus Rift DK2, res = 1920 x 1080
[2017.04.05-19.36.22:431][321]PIE: New page: PIE 세션: StartMap (2017. 4. 6. 오후 1:36:22)
[2017.04.05-19.36.22:431][321]LogPlayLevel: Creating play world package: /Game/LOTMaps/UEDPIE_0_StartMap
[2017.04.05-19.36.22:450][321]LogPlayLevel: PIE: StaticDuplicateObject took: (0.018845s)
[2017.04.05-19.36.22:451][321]LogAIModule: Creating AISystem for world StartMap
[2017.04.05-19.36.22:451][321]LogPlayLevel: PIE: World Init took: (0.000832s)
[2017.04.05-19.36.22:451][321]LogPlayLevel: PIE: Created PIE world by copying editor world from /Game/LOTMaps/StartMap.StartMap to /Game/LOTMaps/UEDPIE_0_StartMap.StartMap (0.019959s)
[2017.04.05-19.36.22:497][321]LogInit: XAudio2 using '스피커(High Definition Audio 장치)' : 2 channels at 44.1 kHz using 16 bits per sample (channel mask 0x3)
[2017.04.05-19.36.22:511][321]LogInit: FAudioDevice initialized.
[2017.04.05-19.36.22:597][321]LogLoad: Game class is 'StartGameMode'
[2017.04.05-19.36.22:604][321]LogWorld: Bringing World /Game/LOTMaps/UEDPIE_0_StartMap.StartMap up for play (max tick rate 0) at 2017.04.06-04.36.22
[2017.04.05-19.36.22:605][321]LogWorld: Bringing up level for play took: 0.007146
[2017.04.05-19.36.22:612][321]PIE: 정보 /Game/LOTMaps/UEDPIE_0_StartMap 에 대한 에디터에서 플레이 시작 시간: -0.501
[2017.04.05-19.36.22:613][321]LogBlueprintUserMessages: Late PlayInEditor Detection: Level '/Game/LOTMaps/StartMap.StartMap:PersistentLevel' has LevelScriptBlueprint '/Game/LOTMaps/StartMap.StartMap:PersistentLevel.StartMap' with GeneratedClass '/Game/LOTMaps/StartMap.StartMap_C' with ClassGeneratedBy '/Game/LOTMaps/StartMap.StartMap:PersistentLevel.StartMap'
[2017.04.05-19.36.22:661][321]LogHMD: Need to reallocate eye buffer, reason: no textureset was allocated
[2017.04.05-19.36.22:741][321]LogHMD: Allocated a new swap texture set (size 2404 x 1472, mipcount = 1), 0x0000015B3C562790
[2017.04.05-19.36.22:770][321]LogHMD: Allocated a new mirror texture (size 1280 x 720)
[2017.04.05-19.36.25:889][441]LogNet: Browse: /Game/LOTMaps/TutorialMap
[2017.04.05-19.36.25:889][441]LogLoadingSplash: Loading begins
[2017.04.05-19.36.25:917][441]LogHMD: Allocated a new swap texture set (size 16 x 16, mipcount = 5), 0x0000015B5D3BC350
[2017.04.05-19.36.25:942][441]LogHMD: FOculusRiftSplash::Tick, DELTA > 0.5 secs, ie: 0.0267 4584.5688
[2017.04.05-19.36.25:969][441]LogHMD: FOculusRiftSplash::PushBlackFrame
[2017.04.05-19.36.25:969][441]LogHMD: FOculusRiftSplash::Show
[2017.04.05-19.36.25:969][441]LogLoad: LoadMap: /Game/LOTMaps/TutorialMap
[2017.04.05-19.36.26:027][441]Cmd: MEM
[2017.04.05-19.36.26:161][441]LogMemory: Platform Memory Stats for Windows
[2017.04.05-19.36.26:161][441]LogMemory: Process Physical Memory: 668.11 MB used, 1577.68 MB peak
[2017.04.05-19.36.26:161][441]LogMemory: Process Virtual Memory: 3153.56 MB used, 3741.26 MB peak
[2017.04.05-19.36.26:161][441]LogMemory: Physical Memory: 6123.70 MB used,  1987.36 MB free, 8111.06 MB total
[2017.04.05-19.36.26:161][441]LogMemory: Virtual Memory: 4356.79 MB used,  1987.36 MB free, 134217728.00 MB total
[2017.04.05-19.36.26:161][441]LogMemory: 
[2017.04.05-19.36.26:161][441]Allocator Stats for TBB: (not implemented)
[2017.04.05-19.36.27:266][441]LogAIModule: Creating AISystem for world TutorialMap
[2017.04.05-19.36.27:266][441]LogLoad: Game class is 'Training_Mode_C'
[2017.04.05-19.36.27:448][441]LogWorld: Bringing World /Game/LOTMaps/UEDPIE_0_TutorialMap.TutorialMap up for play (max tick rate 0) at 2017.04.06-04.36.27
[2017.04.05-19.36.27:448][441]LogWorld: Bringing up level for play took: 0.181122
[2017.04.05-19.36.27:495][441]LogLoadingSplash: Loading ends
[2017.04.05-19.36.27:495][441]LogHMD: FOculusRiftSplash::Hide
[2017.04.05-19.36.27:495][441]LogHMD: Freeing textureSet 0x0000015B5D3BC350
[2017.04.05-19.36.27:497][441]LogHMD: Allocated a new swap texture set (size 16 x 16, mipcount = 5), 0x0000015B5D3BC350
[2017.04.05-19.36.27:497][441]LogHMD: FOculusRiftSplash::PushBlackFrame
[2017.04.05-19.36.27:497][441]LogLoad: Took 1.528407 seconds to LoadMap(/Game/LOTMaps/TutorialMap)
[2017.04.05-19.36.27:552][442]OCULUS: Error: Prediction interval too high: 0.186349 s, clamping at 0.100000 s
[2017.04.05-19.37.11:607][713]LogBlueprintUserMessages: Early EndPlayMap Detection: Level '/Game/LOTMaps/StartMap.StartMap:PersistentLevel' has LevelScriptBlueprint '/Game/LOTMaps/StartMap.StartMap:PersistentLevel.StartMap' with GeneratedClass '/Game/LOTMaps/StartMap.StartMap_C' with ClassGeneratedBy '/Game/LOTMaps/StartMap.StartMap:PersistentLevel.StartMap'
[2017.04.05-19.37.11:622][713]LogHMD: Destroying ovr session
[2017.04.05-19.37.11:622][713]LogHMD: Freeing textureSet 0x0000015B5D3BC350
[2017.04.05-19.37.11:622][713]LogHMD: Freeing textureSet 0x0000015B3C562790
[2017.04.05-19.37.11:629][713]OCULUS: Info: [HMDState] Requested to SetForegroundWindow(230a04ll)
[2017.04.05-19.37.11:756][713]LogBlueprintUserMessages: Late EndPlayMap Detection: Level '/Game/LOTMaps/StartMap.StartMap:PersistentLevel' has LevelScriptBlueprint '/Game/LOTMaps/StartMap.StartMap:PersistentLevel.StartMap' with GeneratedClass '/Game/LOTMaps/StartMap.StartMap_C' with ClassGeneratedBy '/Game/LOTMaps/StartMap.StartMap:PersistentLevel.StartMap'
[2017.04.05-19.41.54:913][978]LogHotReload: New module detected: UE4Editor-LordOfTank-2613.dll
[2017.04.05-19.41.55:926][982]LogHotReload: Starting Hot-Reload from IDE
[2017.04.05-19.41.56:260][982]LogClass: Could not find existing class Projectile in package /Script/LordOfTank for HotReload, assuming new class
[2017.04.05-19.41.56:286][982]LogClass: Function OnHit is new.
[2017.04.05-19.41.56:286][982]LogClass: Could not find existing class ArmorPiercingProjectile in package /Script/LordOfTank for HotReload, assuming new class
[2017.04.05-19.41.56:286][982]LogClass: Function OnHit is new.
[2017.04.05-19.41.56:286][982]LogClass: Could not find existing class CommonProjectile in package /Script/LordOfTank for HotReload, assuming new class
[2017.04.05-19.41.56:286][982]LogClass: Function AddObjectTypeToAffect is new.
[2017.04.05-19.41.56:286][982]LogClass: Function OnHit is new.
[2017.04.05-19.41.56:286][982]LogClass: Could not find existing class HomingProjectile in package /Script/LordOfTank for HotReload, assuming new class
[2017.04.05-19.41.56:286][982]LogClass: Function AddObjectTypeToAffect is new.
[2017.04.05-19.41.56:286][982]LogClass: Function OnHit is new.
[2017.04.05-19.41.56:367][982]LogWindows: Windows GetLastError: 작업을 완료했습니다. (0)
