Log file open, 04/06/17 04:44:40
LogInit:Display: Running engine for game: LordOfTank
LogPlatformFile: Not using cached read wrapper
LogInit:Display: RandInit(-281513400) SRandInit(-281513400).
LogTaskGraph: Started task graph with 5 named threads and 8 total threads with 1 sets of task threads.
LogStats: Stats thread started at 0.092041
LogInit: Using libcurl 7.47.1
LogInit:  - built for x86_64-pc-win32
LogInit:  - supports SSL with OpenSSL/1.0.2g
LogInit:  - supports HTTP deflate (compression) using libz 1.2.8
LogInit:  - other features:
LogInit:      CURL_VERSION_SSL
LogInit:      CURL_VERSION_LIBZ
LogInit:      CURL_VERSION_IPV6
LogInit:      CURL_VERSION_ASYNCHDNS
LogInit:      CURL_VERSION_LARGEFILE
LogInit:      CURL_VERSION_IDN
LogInit:  CurlRequestOptions (configurable via config and command line):
LogInit:  - bVerifyPeer = false  - Libcurl will NOT verify peer certificate
LogInit:  - bUseHttpProxy = false  - Libcurl will NOT use HTTP proxy
LogInit:  - bDontReuseConnections = false  - Libcurl will reuse connections
LogInit:  - CertBundlePath = nullptr  - Libcurl will use whatever was configured at build time.
OCULUS: Info: [CAPI] LibOVR module is located at C:\Program Files\Oculus\Support\oculus-runtime\LibOVRRT64_1.dll
OCULUS: Info: [HMDState] Requested to SetForegroundWindow(180784ll)
OCULUS: Debug: Connected to the server running version (prod = 1).1.13.0(build = 361842) feature version = 0. Client runs version (prod = 1).1.13.0(build = 361842) feature version = 0
OCULUS: Debug: Failed to open file: C:\Users\syj\AppData\Local\Oculus/ProfileDB.json
OCULUS: Debug: Failed to open file: C:\Users\syj\AppData\Local\Oculus/Profiles.json
OCULUS: Debug: Failed to open file: C:\Users\syj\AppData\Local\Oculus/ProfileDB.json
OCULUS: Debug: Failed to open file: C:\Users\syj\AppData\Local\Oculus/Profiles.json
OCULUS: Debug: [HMDState] Using default profile default
OCULUS: Info: IAD changed to 63.5mm
OCULUS: Debug: Creating factory
OCULUS: Info: [HMDState] Requested to SetForegroundWindow(180784ll)
LogHMD: GearVR: Emulating GearVR using Oculus Rift!
LogInit: Build: ++UE4+Release-4.15-CL-3348071
LogInit: Engine Version: 4.15.1-3348071+++UE4+Release-4.15
LogInit: Compatible Engine Version: 4.15.0-3299760+++UE4+Release-4.15
LogInit: Net CL: 3299760
LogDevObjectVersion: Number of dev versions registered: 14
LogDevObjectVersion:   Dev-Blueprints (B0D832E4-1F89-4F0D-ACCF-7EB736FD4AA2): 8
LogDevObjectVersion:   Dev-Build (E1C64328-A22C-4D53-A36C-8E866417BD8C): 0
LogDevObjectVersion:   Dev-Core (375EC13C-06E4-48FB-B500-84F0262A717E): 2
LogDevObjectVersion:   Dev-Editor (E4B068ED-F494-42E9-A231-DA0B2E46BB41): 14
LogDevObjectVersion:   Dev-Framework (CFFC743F-43B0-4480-9391-14DF171D2073): 22
LogDevObjectVersion:   Dev-Mobile (B02B49B5-BB20-44E9-A304-32B752E40360): 0
LogDevObjectVersion:   Dev-Networking (A4E4105C-59A1-49B5-A7C5-40C4547EDFEE): 0
LogDevObjectVersion:   Dev-Online (39C831C9-5AE6-47DC-9A44-9C173E1C8E7C): 0
LogDevObjectVersion:   Dev-Physics (78F01B33-EBEA-4F98-B9B4-84EACCB95AA2): 0
LogDevObjectVersion:   Dev-Platform (6631380F-2D4D-43E0-8009-CF276956A95A): 0
LogDevObjectVersion:   Dev-Rendering (12F88B9F-8875-4AFC-A67C-D90C383ABD29): 12
LogDevObjectVersion:   Dev-Sequencer (7B5AE74C-D270-4C10-A958-57980B212A5A): 3
LogDevObjectVersion:   Dev-VR (D7296918-1DD6-4BDD-9DE2-64A83CC13884): 0
LogDevObjectVersion:   Dev-LoadTimes (C2A15278-BFE7-4AFE-6C17-90FF531DF755): 1
LogInit: Compiled (64-bit): Mar 15 2017 16:52:47
LogInit: Compiled with Visual C++: 19.00.23026.00
LogInit: Build Configuration: Development
LogInit: Branch Name: ++UE4+Release-4.15
LogInit: Command line:  
LogInit: Base directory: C:/Program Files/Epic Games/UE_4.15/Engine/Binaries/Win64/
LogInit: Installed Engine Build: 1
LogInit: Presizing for max 8388607 objects, including 0 objects not considered by GC, pre-allocating 0 bytes for permanent pool.
LogInit: Object subsystem initialized
[2017.04.05-19.44.42:701][  0]LogInit: Selected Device Profile: [Windows]
[2017.04.05-19.44.42:701][  0]LogInit: Applying CVar settings loaded from the selected device profile: [Windows]
[2017.04.05-19.44.43:002][  0]LogInit: Computer: DESKTOP-QGBNOPV
[2017.04.05-19.44.43:002][  0]LogInit: User: syj
[2017.04.05-19.44.43:002][  0]LogInit: CPU Page size=65536, Cores=4
[2017.04.05-19.44.43:002][  0]LogInit: High frequency timer resolution =3.416988 MHz
[2017.04.05-19.44.43:002][  0]LogMemory: Memory total: Physical=7.9GB (8GB approx)
[2017.04.05-19.44.43:002][  0]LogMemory: Platform Memory Stats for Windows
[2017.04.05-19.44.43:002][  0]LogMemory: Process Physical Memory: 270.63 MB used, 270.63 MB peak
[2017.04.05-19.44.43:002][  0]LogMemory: Process Virtual Memory: 265.63 MB used, 265.63 MB peak
[2017.04.05-19.44.43:002][  0]LogMemory: Physical Memory: 4926.03 MB used,  3185.03 MB free, 8111.06 MB total
[2017.04.05-19.44.43:002][  0]LogMemory: Virtual Memory: 681.11 MB used,  3185.03 MB free, 134217728.00 MB total
[2017.04.05-19.44.44:575][  0]LogTextLocalizationManager: No specific translations for ('ko-KR') exist, so ('ko') translations will be used.
[2017.04.05-19.44.44:826][  0]LogTextLocalizationManager:Warning: Loaded localization resources contain conflicting entries for (Namespace:KismetSchema, Key:Default):
Localization Resource: (C:/Program Files/Epic Games/UE_4.15/Engine/Content/Localization/EditorTutorials/ko/EditorTutorials.locres) Source String Hash: (940523119) Localized String: (디폴트)
Localization Resource: (C:/Program Files/Epic Games/UE_4.15/Engine/Content/Localization/Engine/ko/Engine.locres) Source String Hash: (940523119) Localized String: (기본)
[2017.04.05-19.44.44:826][  0]LogTextLocalizationManager:Warning: Loaded localization resources contain conflicting entries for (Namespace:UObjectToolTips, Key:AnimNode_AssetPlayerBase:InternalTimeAccumulator):
Localization Resource: (C:/Program Files/Epic Games/UE_4.15/Engine/Content/Localization/EditorTutorials/ko/EditorTutorials.locres) Source String Hash: (502993589) Localized String: (이 노드에서 애셋을 레퍼런싱하는 데 사용되는 누적 시간입니다.)
Localization Resource: (C:/Program Files/Epic Games/UE_4.15/Engine/Content/Localization/ToolTips/ko/ToolTips.locres) Source String Hash: (502993589) Localized String: (내부 시간 누산기 - 이 노드에서 애셋을 레퍼런싱하는 데 사용된 누적 시간입니다.)
Localization Resource: (C:/Program Files/Epic Games/UE_4.15/Engine/Content/Localization/Engine/ko/Engine.locres) Source String Hash: (502993589) Localized String: (이 노드에서 애셋을 레퍼런싱하는 데 사용된 누적 시간입니다.)
[2017.04.05-19.44.44:826][  0]LogTextLocalizationManager:Warning: Loaded localization resources contain conflicting entries for (Namespace:UObjectToolTips, Key:AnimNode_AssetPlayerBase:bIgnoreForRelevancyTest):
Localization Resource: (C:/Program Files/Epic Games/UE_4.15/Engine/Content/Localization/EditorTutorials/ko/EditorTutorials.locres) Source String Hash: (319969718) Localized String: (True 면, 스테이트에서 최고 가중치 애니메이션을 찾는 "Relevant anim" 노드는 이 노드를 무시합니다.
 )
Localization Resource: (C:/Program Files/Epic Games/UE_4.15/Engine/Content/Localization/ToolTips/ko/ToolTips.locres) Source String Hash: (319969718) Localized String: (연관성 테스트에 무시 - true 인 경우 스테이트 내 최고 웨이팅된 애니메이션을 찾는 "Relevant anim" (연관 애님) 노드가
이 노드를 무시합니다.)
Localization Resource: (C:/Program Files/Epic Games/UE_4.15/Engine/Content/Localization/Engine/ko/Engine.locres) Source String Hash: (319969718) Localized String: (True 면 스테이트 내 최고 웨이팅된 애니메이션을 찾는 "Relevant anim" 노드가 무시됩니다.
 )
[2017.04.05-19.44.44:826][  0]LogTextLocalizationManager:Warning: Loaded localization resources contain conflicting entries for (Namespace:UObjectToolTips, Key:AnimNode_AssetPlayerBase:BlendWeight):
Localization Resource: (C:/Program Files/Epic Games/UE_4.15/Engine/Content/Localization/EditorTutorials/ko/EditorTutorials.locres) Source String Hash: (-1232800293) Localized String: (이 노드에 마지막 걸린 블렌드웨이트 입니다.)
Localization Resource: (C:/Program Files/Epic Games/UE_4.15/Engine/Content/Localization/ToolTips/ko/ToolTips.locres) Source String Hash: (-1232800293) Localized String: (블렌드 웨이트 - 이 노드에 대해 마지막으로 접한 블렌드 웨이트입니다.)
Localization Resource: (C:/Program Files/Epic Games/UE_4.15/Engine/Content/Localization/Engine/ko/Engine.locres) Source String Hash: (-1232800293) Localized String: (이 노드에 대해 마지막 접한 블렌드 웨이트)
[2017.04.05-19.44.44:826][  0]LogTextLocalizationManager:Warning: Loaded localization resources contain conflicting entries for (Namespace:UObjectToolTips, Key:AnimNode_BlendSpacePlayer:bLoop):
Localization Resource: (C:/Program Files/Epic Games/UE_4.15/Engine/Content/Localization/EditorTutorials/ko/EditorTutorials.locres) Source String Hash: (2133979316) Localized String: (애니메이션이 끝까지 재생되면 반복할까요?)
Localization Resource: (C:/Program Files/Epic Games/UE_4.15/Engine/Content/Localization/ToolTips/ko/ToolTips.locres) Source String Hash: (2133979316) Localized String: (루프 - 애니메이션이 끝에 도달했을 때 계속 반복할까요?)
[2017.04.05-19.44.44:826][  0]LogTextLocalizationManager:Warning: Loaded localization resources contain conflicting entries for (Namespace:UObjectToolTips, Key:AnimNode_StateMachine:bSkipFirstUpdateTransition):
Localization Resource: (C:/Program Files/Epic Games/UE_4.15/Engine/Content/Localization/EditorTutorials/ko/EditorTutorials.locres) Source String Hash: (1865475011) Localized String: (첫 업데이트시 도입 상태에서의 트랜지션을 건너뛸까요? 
기본은 true 로, 첫 업데이트시에는 트랜지션 데이터를 버립니다.)
Localization Resource: (C:/Program Files/Epic Games/UE_4.15/Engine/Content/Localization/ToolTips/ko/ToolTips.locres) Source String Hash: (1865475011) Localized String: (첫 번째 업데이트 트랜지션 건너뛰기 - 첫 번째 업데이트에서 입력 스테이트의 트랜지션을 건너뜁니까?
디폴트는 true 고 첫 번째 업데이트의 트랜지션 데이터를 버립니다.)
[2017.04.05-19.44.44:826][  0]LogTextLocalizationManager:Warning: Loaded localization resources contain conflicting entries for (Namespace:UObjectToolTips, Key:AnimNode_BlendSpacePlayer:X):
Localization Resource: (C:/Program Files/Epic Games/UE_4.15/Engine/Content/Localization/EditorTutorials/ko/EditorTutorials.locres) Source String Hash: (2060772590) Localized String: (블렌드스페이스에서 샘플링할 X 좌표입니다.)
Localization Resource: (C:/Program Files/Epic Games/UE_4.15/Engine/Content/Localization/ToolTips/ko/ToolTips.locres) Source String Hash: (2060772590) Localized String: (X - 블렌드스페이스 샘플의 X 좌표입니다.)
[2017.04.05-19.44.44:826][  0]LogTextLocalizationManager:Warning: Loaded localization resources contain conflicting entries for (Namespace:UObjectToolTips, Key:AnimNode_BlendSpacePlayer:Y):
Localization Resource: (C:/Program Files/Epic Games/UE_4.15/Engine/Content/Localization/EditorTutorials/ko/EditorTutorials.locres) Source String Hash: (-1719607538) Localized String: (블렌드스페이스에서 샘플링할 Y 좌표입니다.)
Localization Resource: (C:/Program Files/Epic Games/UE_4.15/Engine/Content/Localization/ToolTips/ko/ToolTips.locres) Source String Hash: (-1719607538) Localized String: (Y - 블렌드스페이스 샘플의 Y 좌표입니다.)
[2017.04.05-19.44.44:826][  0]LogTextLocalizationManager:Warning: Loaded localization resources contain conflicting entries for (Namespace:UObjectToolTips, Key:AnimNode_BlendSpacePlayer:Z):
Localization Resource: (C:/Program Files/Epic Games/UE_4.15/Engine/Content/Localization/EditorTutorials/ko/EditorTutorials.locres) Source String Hash: (1728943471) Localized String: (블렌드스페이스에서 샘플링할 Z 좌표입니다.)
Localization Resource: (C:/Program Files/Epic Games/UE_4.15/Engine/Content/Localization/ToolTips/ko/ToolTips.locres) Source String Hash: (1728943471) Localized String: (Z - 블렌드스페이스 샘플의 Z 좌표입니다.)
[2017.04.05-19.44.44:826][  0]LogTextLocalizationManager:Warning: Loaded localization resources contain conflicting entries for (Namespace:UObjectToolTips, Key:AnimNode_BlendSpacePlayer:BlendSpace):
Localization Resource: (C:/Program Files/Epic Games/UE_4.15/Engine/Content/Localization/EditorTutorials/ko/EditorTutorials.locres) Source String Hash: (1599043277) Localized String: (재생할 블렌드스페이스 애셋입니다.)
Localization Resource: (C:/Program Files/Epic Games/UE_4.15/Engine/Content/Localization/ToolTips/ko/ToolTips.locres) Source String Hash: (1599043277) Localized String: (블렌드스페이스 - 재생할 블렌드스페이스 애셋입니다.)
[2017.04.05-19.44.44:826][  0]LogTextLocalizationManager:Warning: Loaded localization resources contain conflicting entries for (Namespace:UObjectToolTips, Key:AnimNode_StateMachine:MaxTransitionsPerFrame):
Localization Resource: (C:/Program Files/Epic Games/UE_4.15/Engine/Content/Localization/EditorTutorials/ko/EditorTutorials.locres) Source String Hash: (1567650430) Localized String: (이 머신에서 한 프레임 내 '동시에' 취할 수 있는 트랜지션 최대 수입니다.)
Localization Resource: (C:/Program Files/Epic Games/UE_4.15/Engine/Content/Localization/ToolTips/ko/ToolTips.locres) Source String Hash: (1567650430) Localized String: (프레임 당 최대 트랜지션 - 한 프레임에서 이 머신이 동시에 취할 수 있는 트랜지션 최대 수입니다.)
[2017.04.05-19.44.44:826][  0]LogTextLocalizationManager:Warning: Loaded localization resources contain conflicting entries for (Namespace:UObjectToolTips, Key:AnimNode_BlendSpacePlayer:PlayRate):
Localization Resource: (C:/Program Files/Epic Games/UE_4.15/Engine/Content/Localization/EditorTutorials/ko/EditorTutorials.locres) Source String Hash: (-1274923958) Localized String: (재생 속도 배수입니다. 음수가 되면 애니메이션을 역순으로 재생하게 됩니다.)
Localization Resource: (C:/Program Files/Epic Games/UE_4.15/Engine/Content/Localization/ToolTips/ko/ToolTips.locres) Source String Hash: (-1274923958) Localized String: (재생 속도 - 재생 속도 배수입니다. 음수가 되면 애니메이션을 거꾸로 재생합니다.)
[2017.04.05-19.44.44:826][  0]LogTextLocalizationManager:Warning: Loaded localization resources contain conflicting entries for (Namespace:UObjectToolTips, Key:AnimNode_BlendSpacePlayer:StartPosition):
Localization Resource: (C:/Program Files/Epic Games/UE_4.15/Engine/Content/Localization/EditorTutorials/ko/EditorTutorials.locres) Source String Hash: (-207153555) Localized String: (시작 위치 범위는 [0,1] 이며, 재초기화시에만 적용됩니다.
루핑을 하면, 1 회전 후 0.f 부터 시작할 것입니다.)
Localization Resource: (C:/Program Files/Epic Games/UE_4.15/Engine/Content/Localization/ToolTips/ko/ToolTips.locres) Source String Hash: (-207153555) Localized String: (시작 위치 - [0, 1] 범위의 시작 위치로, 재초기화할 때만 적용됩니다.
반복하면 1회전 후 0.f 부터 시작됩니다.)
[2017.04.05-19.44.44:826][  0]LogTextLocalizationManager:Warning: Loaded localization resources contain conflicting entries for (Namespace:UObjectToolTips, Key:CameraFilmbackSettings:SensorWidth):
Localization Resource: (C:/Program Files/Epic Games/UE_4.15/Engine/Content/Localization/ToolTips/ko/ToolTips.locres) Source String Hash: (-1448580153) Localized String: (센서 폭 - 필름백 또는 디지털 센서의 가로 크기로, mm 단위입니다.)
Localization Resource: (C:/Program Files/Epic Games/UE_4.15/Engine/Content/Localization/Engine/ko/Engine.locres) Source String Hash: (-1448580153) Localized String: (필름백 또는 디지털 센서의 가로 크기로, mm 단위입니다.)
[2017.04.05-19.44.44:826][  0]LogTextLocalizationManager:Warning: Loaded localization resources contain conflicting entries for (Namespace:UObjectToolTips, Key:CameraFilmbackSettings:SensorAspectRatio):
Localization Resource: (C:/Program Files/Epic Games/UE_4.15/Engine/Content/Localization/ToolTips/ko/ToolTips.locres) Source String Hash: (-194807515) Localized String: (센서 종횡비 - 읽기 전용입니다. 센서 치수에서 계산했습니다.)
Localization Resource: (C:/Program Files/Epic Games/UE_4.15/Engine/Content/Localization/Engine/ko/Engine.locres) Source String Hash: (-194807515) Localized String: (읽기 전용입니다. 센서 크기에서 계산했습니다.)
[2017.04.05-19.44.44:826][  0]LogTextLocalizationManager:Warning: Loaded localization resources contain conflicting entries for (Namespace:UObjectToolTips, Key:AnimNode_SequencePlayer:bLoopAnimation):
Localization Resource: (C:/Program Files/Epic Games/UE_4.15/Engine/Content/Localization/ToolTips/ko/ToolTips.locres) Source String Hash: (2133979316) Localized String: (루프 - 애니메이션이 끝에 도달했을 때 계속 반복시켜야 할까요?)
Localization Resource: (C:/Program Files/Epic Games/UE_4.15/Engine/Content/Localization/Engine/ko/Engine.locres) Source String Hash: (2133979316) Localized String: (애니메이션이 끝에 도달하면 계속해서 루핑시킬것인지 입니다.)
[2017.04.05-19.44.44:826][  0]LogTextLocalizationManager:Warning: Loaded localization resources contain conflicting entries for (Namespace:UObjectToolTips, Key:AnimNode_SequencePlayer:Sequence):
Localization Resource: (C:/Program Files/Epic Games/UE_4.15/Engine/Content/Localization/ToolTips/ko/ToolTips.locres) Source String Hash: (421436424) Localized String: (시퀀스 - 재생할 애니메이션 시퀀스 애셋입니다.)
Localization Resource: (C:/Program Files/Epic Games/UE_4.15/Engine/Content/Localization/Engine/ko/Engine.locres) Source String Hash: (421436424) Localized String: (재생할 애니메이션 시퀀스 애셋입니다.)
[2017.04.05-19.44.44:826][  0]LogTextLocalizationManager:Warning: Loaded localization resources contain conflicting entries for (Namespace:UObjectToolTips, Key:AnimNode_SequencePlayer:PlayRate):
Localization Resource: (C:/Program Files/Epic Games/UE_4.15/Engine/Content/Localization/ToolTips/ko/ToolTips.locres) Source String Hash: (-1274923958) Localized String: (재생 속도 - 재생 속도 배수입니다. 음수가 될 수 있으며, 그러면 애니메이션이 거꾸로 재생됩니다.)
Localization Resource: (C:/Program Files/Epic Games/UE_4.15/Engine/Content/Localization/Engine/ko/Engine.locres) Source String Hash: (-1274923958) Localized String: (플레이 속도 배수입니다. 음수가 되면 애니메이션이 역방향으로 재생됩니다.)
[2017.04.05-19.44.44:826][  0]LogTextLocalizationManager:Warning: Loaded localization resources contain conflicting entries for (Namespace:UObjectToolTips, Key:AnimNode_SequencePlayer:StartPosition):
Localization Resource: (C:/Program Files/Epic Games/UE_4.15/Engine/Content/Localization/ToolTips/ko/ToolTips.locres) Source String Hash: (771611000) Localized String: (시작 위치 - 시작 위치로 재초기화할 때만 적용됩니다.
반복하면, 1회전 후 0.f 부터 시작됩니다.)
Localization Resource: (C:/Program Files/Epic Games/UE_4.15/Engine/Content/Localization/Engine/ko/Engine.locres) Source String Hash: (771611000) Localized String: (시작 위치로, 재초기화시에만 적용됩니다.
루핑을 하면, 1회전 후 0.f 부터 시작할 것입니다.)
[2017.04.05-19.44.44:826][  0]LogTextLocalizationManager:Warning: Loaded localization resources contain conflicting entries for (Namespace:UObjectToolTips, Key:CameraFilmbackSettings:SensorHeight):
Localization Resource: (C:/Program Files/Epic Games/UE_4.15/Engine/Content/Localization/ToolTips/ko/ToolTips.locres) Source String Hash: (-1311569777) Localized String: (센서 높이 - 필름백 또는 디지털 센서의 세로 크기로, mm 단위입니다.)
Localization Resource: (C:/Program Files/Epic Games/UE_4.15/Engine/Content/Localization/Engine/ko/Engine.locres) Source String Hash: (-1311569777) Localized String: (필름백 또는 디지털 센서의 세로 크기로, mm 단위입니다.)
[2017.04.05-19.44.47:050][  0]LogD3D11RHI: D3D11 adapters:
[2017.04.05-19.44.47:100][  0]LogD3D11RHI:    0. 'NVIDIA GeForce GTX 970' (Feature Level 11_0)
[2017.04.05-19.44.47:100][  0]LogD3D11RHI:       4058/0/4055 MB DedicatedVideo/DedicatedSystem/SharedSystem, Outputs:1, VendorId:0x10de
[2017.04.05-19.44.47:132][  0]LogD3D11RHI:    1. 'Microsoft Basic Render Driver' (Feature Level 11_0)
[2017.04.05-19.44.47:132][  0]LogD3D11RHI:       0/0/4055 MB DedicatedVideo/DedicatedSystem/SharedSystem, Outputs:0, VendorId:0x1414
[2017.04.05-19.44.47:132][  0]LogD3D11RHI: Chosen D3D11 Adapter: 0
[2017.04.05-19.44.47:147][  0]LogD3D11RHI: Creating new Direct3DDevice
[2017.04.05-19.44.47:147][  0]LogD3D11RHI:     GPU DeviceId: 0x13c2 (for the marketing name, search the web for "GPU Device Id")
[2017.04.05-19.44.47:147][  0]LogWindows: EnumDisplayDevices:
[2017.04.05-19.44.47:148][  0]LogWindows:    0. 'NVIDIA GeForce GTX 970' (P:1 D:1)
[2017.04.05-19.44.47:148][  0]LogWindows:    1. 'NVIDIA GeForce GTX 970' (P:0 D:0)
[2017.04.05-19.44.47:149][  0]LogWindows:    2. 'NVIDIA GeForce GTX 970' (P:0 D:0)
[2017.04.05-19.44.47:150][  0]LogWindows:    3. 'NVIDIA GeForce GTX 970' (P:0 D:0)
[2017.04.05-19.44.47:151][  0]LogWindows: DebugString: FoundDriverCount:4 
[2017.04.05-19.44.47:151][  0]LogD3D11RHI:     Adapter Name: NVIDIA GeForce GTX 970
[2017.04.05-19.44.47:151][  0]LogD3D11RHI:   Driver Version: 376.53 (internal:21.21.13.7653, unified:376.53)
[2017.04.05-19.44.47:151][  0]LogD3D11RHI:      Driver Date: 12-29-2016
[2017.04.05-19.44.47:151][  0]LogRHI: Texture pool is 1361 MB (70% of 1945 MB)
[2017.04.05-19.44.47:201][  0]LogD3D11RHI: Async texture creation enabled
[2017.04.05-19.44.47:286][  0]LogD3D11RHI: GPU Timing Frequency: 1000.000000 (Debug: 2 1)
[2017.04.05-19.44.47:375][  0]LogShaderCompilers: Guid format shader working directory is -16 characters bigger than the processId version (../../../../../../Users/syj/Documents/lordoftank/LordOfTank/Intermediate/Shaders/WorkingDirectory/12880/).
[2017.04.05-19.44.47:379][  0]LogShaderCompilers: Cleaned the shader compiler working directory 'C:/Users/syj/AppData/Local/Temp/UnrealShaderWorkingDir/DF3279A74E8B959F4A83DB87EAA33C58/'.
[2017.04.05-19.44.47:379][  0]LogShaderCompilers:Display: Using Local Shader Compiler.
[2017.04.05-19.44.49:546][  0]LogTemp:Display: Loaded TP AllDesktopTargetPlatform
[2017.04.05-19.44.49:673][  0]LogTemp:Display: Loaded TP MacClientTargetPlatform
[2017.04.05-19.44.49:796][  0]LogTemp:Display: Loaded TP MacNoEditorTargetPlatform
[2017.04.05-19.44.49:918][  0]LogTemp:Display: Loaded TP MacServerTargetPlatform
[2017.04.05-19.44.50:081][  0]LogTemp:Display: Loaded TP MacTargetPlatform
[2017.04.05-19.44.50:206][  0]LogTemp:Display: Loaded TP WindowsClientTargetPlatform
[2017.04.05-19.44.50:331][  0]LogTemp:Display: Loaded TP WindowsNoEditorTargetPlatform
[2017.04.05-19.44.50:452][  0]LogTemp:Display: Loaded TP WindowsServerTargetPlatform
[2017.04.05-19.44.50:854][  0]LogTemp:Display: Loaded TP WindowsTargetPlatform
[2017.04.05-19.44.51:016][  0]LogTemp:Display: Loaded TP AndroidTargetPlatform
[2017.04.05-19.44.51:141][  0]LogTemp:Display: Loaded TP Android_ASTCTargetPlatform
[2017.04.05-19.44.51:264][  0]LogTemp:Display: Loaded TP Android_ATCTargetPlatform
[2017.04.05-19.44.51:656][  0]LogTemp:Display: Loaded TP Android_DXTTargetPlatform
[2017.04.05-19.44.51:787][  0]LogTemp:Display: Loaded TP Android_ETC1TargetPlatform
[2017.04.05-19.44.51:908][  0]LogTemp:Display: Loaded TP Android_ETC2TargetPlatform
[2017.04.05-19.44.52:152][  0]LogTemp:Display: Loaded TP Android_MultiTargetPlatform
[2017.04.05-19.44.52:152][  0]LogTemp:Display: Loaded TP Android_PVRTCTargetPlatform
[2017.04.05-19.44.52:262][  0]LogTemp:Display: Loaded TP HTML5TargetPlatform
[2017.04.05-19.44.52:487][  0]LogTemp:Display: Loaded TP IOSTargetPlatform
[2017.04.05-19.44.52:552][  0]LogTemp:Display: Loaded TP TVOSTargetPlatform
[2017.04.05-19.44.52:678][  0]LogTemp:Display: Loaded TP LinuxClientTargetPlatform
[2017.04.05-19.44.52:798][  0]LogTemp:Display: Loaded TP LinuxNoEditorTargetPlatform
[2017.04.05-19.44.52:919][  0]LogTemp:Display: Loaded TP LinuxServerTargetPlatform
[2017.04.05-19.44.53:062][  0]LogTemp:Display: Loaded TP LinuxTargetPlatform
[2017.04.05-19.44.53:062][  0]LogTargetPlatformManager:Display: Building Assets For Windows
[2017.04.05-19.44.54:304][  0]LogDerivedDataCache:Display: Max Cache Size: 512 MB
[2017.04.05-19.44.55:012][  0]LogDerivedDataCache: Loaded boot cache 0.71s 95MB C:/Users/syj/AppData/Local/UnrealEngine/4.15/DerivedDataCache/Boot.ddc.
[2017.04.05-19.44.55:012][  0]LogDerivedDataCache:Display: Loaded Boot cache: C:/Users/syj/AppData/Local/UnrealEngine/4.15/DerivedDataCache/Boot.ddc
[2017.04.05-19.44.55:012][  0]LogDerivedDataCache: FDerivedDataBackendGraph:  Pak pak cache file ../../../../../../Users/syj/Documents/lordoftank/LordOfTank/DerivedDataCache/DDC.ddp not found, will not use a pak cache.
[2017.04.05-19.44.55:012][  0]LogDerivedDataCache: Unable to find inner node Pak for hierarchical cache Hierarchy.
[2017.04.05-19.44.55:012][  0]LogDerivedDataCache: FDerivedDataBackendGraph:  CompressedPak pak cache file ../../../../../../Users/syj/Documents/lordoftank/LordOfTank/DerivedDataCache/Compressed.ddp not found, will not use a pak cache.
[2017.04.05-19.44.55:012][  0]LogDerivedDataCache: Unable to find inner node CompressedPak for hierarchical cache Hierarchy.
[2017.04.05-19.44.55:091][  0]LogDerivedDataCache:Display: Pak cache opened for reading ../../../Engine/DerivedDataCache/Compressed.ddp.
[2017.04.05-19.44.55:105][  0]LogDerivedDataCache: Using Local data cache path C:/Users/syj/AppData/Local/UnrealEngine/Common/DerivedDataCache: Writable
[2017.04.05-19.44.55:136][  0]LogSlate: Using Freetype 2.6.0
[2017.04.05-19.44.55:140][  0]LogSlate: SlateFontCache - WITH_FREETYPE: 1, WITH_HARFBUZZ: 1
[2017.04.05-19.44.55:140][  0]LogSlate: SlateFontCache - WITH_FREETYPE: 1, WITH_HARFBUZZ: 1
[2017.04.05-19.44.59:579][  0]LogInit: Selected Device Profile: [Windows]
[2017.04.05-19.44.59:581][  0]LogContentStreaming: Texture pool size is 0.00 MB
[2017.04.05-19.44.59:991][  0]LogMeshUtilities: Using QuadricMeshReduction for automatic static mesh reduction
[2017.04.05-19.45.00:131][  0]LogSimplygon: Simplygon DLL not present - disabling.
[2017.04.05-19.45.00:252][  0]LogMeshUtilities: Using SimplygonSwarm for distributed automatic mesh merging
[2017.04.05-19.45.00:252][  0]LogMeshUtilities: No automatic skeletal mesh reduction module available
[2017.04.05-19.45.00:252][  0]LogMeshUtilities: No automatic mesh merging module available
[2017.04.05-19.45.01:681][  0]LogNetVersion: GetLocalNetworkVersion: CL: 3299760, ProjectName: lordoftank, ProjectVersion: , EngineNetworkVersion: 2, GameNetworkVersion: 0, NetworkChecksum: 665150540
[2017.04.05-19.45.01:758][  0]LogAssetRegistry: FAssetRegistry took 0.0213 seconds to start up
[2017.04.05-19.45.02:005][  0]LogPackageLocalizationCache: Processed 3 localized package path(s) for 2 prioritized culture(s) in 0.175906 seconds
[2017.04.05-19.45.02:011][  0]LogUObjectArray: 32493 objects as part of root set at end of initial load.
[2017.04.05-19.45.02:011][  0]LogUObjectAllocator: 7077024 out of 0 bytes used by permanent object pool.
[2017.04.05-19.45.02:011][  0]LogUObjectArray: CloseDisregardForGC: 0/0 objects in disregard for GC pool
[2017.04.05-19.45.02:153][  0]LogInit: WinSock: version 1.1 (2.2), MaxSocks=32767, MaxUdp=65467
[2017.04.05-19.45.23:775][  0]LogTcpMessaging: Initializing TcpMessaging bridge
[2017.04.05-19.45.23:853][  0]LogUdpMessaging: Initializing bridge on interface 0.0.0.0:0 to multicast group 230.0.0.1:6666.
[2017.04.05-19.45.25:807][  0]LogStats: FPlatformStackWalk::StackWalkAndDump -  0.107 s
[2017.04.05-19.45.25:807][  0]LogOutputDevice:Error: === Handled ensure: ===
[2017.04.05-19.45.25:807][  0]LogOutputDevice:Error: 
[2017.04.05-19.45.25:807][  0]LogOutputDevice:Error: Ensure condition failed: !AttachmentRules.bWeldSimulatedBodies [File:D:\Build\++UE4+Release-4.15+Compile\Sync\Engine\Source\Runtime\Engine\Private\Components\SceneComponent.cpp] [Line: 1623]
[2017.04.05-19.45.25:807][  0]LogOutputDevice:Error: AttachToComponent when called from a constructor cannot weld simulated bodies. Consider calling SetupAttachment directly instead.
[2017.04.05-19.45.25:807][  0]LogOutputDevice:Error: Stack: 
[2017.04.05-19.45.25:807][  0]LogOutputDevice:Error: UE4Editor-Core.dll!0x000000000FC995E6
[2017.04.05-19.45.25:807][  0]LogOutputDevice:Error: UE4Editor-Core.dll!0x000000000FA49B82
[2017.04.05-19.45.25:807][  0]LogOutputDevice:Error: UE4Editor-Core.dll!0x000000000FA5B666
[2017.04.05-19.45.25:807][  0]LogOutputDevice:Error: UE4Editor-Engine.dll!0x000000000C9A0BDB
[2017.04.05-19.45.25:807][  0]LogOutputDevice:Error: UE4Editor-LordOfTank-6899.dll!ALOTPlayer::ALOTPlayer() [c:\users\syj\documents\lordoftank\lordoftank\source\lordoftank\private\pawn\lotplayer.cpp:40]
[2017.04.05-19.45.25:807][  0]LogOutputDevice:Error: UE4Editor-LordOfTank-6899.dll!InternalConstructor<ALOTPlayer>()
[2017.04.05-19.45.25:807][  0]LogOutputDevice:Error: UE4Editor-CoreUObject.dll!0x00000000102A200F
[2017.04.05-19.45.25:807][  0]LogOutputDevice:Error: UE4Editor-CoreUObject.dll!0x0000000010439F60
[2017.04.05-19.45.25:807][  0]LogOutputDevice:Error: UE4Editor-CoreUObject.dll!0x000000001041C160
[2017.04.05-19.45.25:807][  0]LogOutputDevice:Error: UE4Editor-CoreUObject.dll!0x00000000102A5637
[2017.04.05-19.45.25:808][  0]LogOutputDevice:Error: UE4Editor-Core.dll!0x000000000F8F7173
[2017.04.05-19.45.25:808][  0]LogOutputDevice:Error: UE4Editor-Core.dll!0x000000000FABC70A
[2017.04.05-19.45.25:808][  0]LogOutputDevice:Error: UE4Editor-Projects.dll!0x000000001D4EB4F2
[2017.04.05-19.45.25:808][  0]LogOutputDevice:Error: UE4Editor-Projects.dll!0x000000001D4EB838
[2017.04.05-19.45.25:808][  0]LogOutputDevice:Error: UE4Editor.exe!0x0000000013292951
[2017.04.05-19.45.25:808][  0]LogOutputDevice:Error: UE4Editor.exe!0x0000000013296A02
[2017.04.05-19.45.25:808][  0]LogOutputDevice:Error: UE4Editor.exe!0x000000001328E96A
[2017.04.05-19.45.25:808][  0]LogOutputDevice:Error: UE4Editor.exe!0x000000001328EBBA
[2017.04.05-19.45.25:808][  0]LogOutputDevice:Error: UE4Editor.exe!0x00000000132A0A29
[2017.04.05-19.45.25:808][  0]LogOutputDevice:Error: UE4Editor.exe!0x00000000132A22B6
[2017.04.05-19.45.25:808][  0]LogOutputDevice:Error: KERNEL32.DLL!0x0000000045E18364
[2017.04.05-19.45.25:808][  0]LogOutputDevice:Error: ntdll.dll!0x0000000047BA70D1
[2017.04.05-19.45.25:808][  0]LogOutputDevice:Error: 
[2017.04.05-19.45.25:811][  0]LogStats:                SubmitErrorReport -  0.000 s
[2017.04.05-19.45.26:184][  0]LogStats:                    SendNewReport -  0.373 s
[2017.04.05-19.45.26:184][  0]LogStats:             FDebug::EnsureFailed -  0.484 s
[2017.04.05-19.45.26:185][  0]LogStats: FPlatformStackWalk::StackWalkAndDump -  0.001 s
[2017.04.05-19.45.26:185][  0]LogOutputDevice:Error: === Handled ensure: ===
[2017.04.05-19.45.26:185][  0]LogOutputDevice:Error: 
[2017.04.05-19.45.26:185][  0]LogOutputDevice:Error: Ensure condition failed: AttachmentRules.LocationRule == EAttachmentRule::KeepRelative && AttachmentRules.RotationRule == EAttachmentRule::KeepRelative && AttachmentRules.ScaleRule == EAttachmentRule::KeepRelative [File:D:\Build\++UE4+Release-4.15+Compile\Sync\Engine\Source\Runtime\Engine\Private\Components\SceneComponent.cpp] [Line: 1624]
[2017.04.05-19.45.26:185][  0]LogOutputDevice:Error: AttachToComponent when called from a constructor is only setting up attachment and will always be treated as KeepRelative. Consider calling SetupAttachment directly instead.
[2017.04.05-19.45.26:185][  0]LogOutputDevice:Error: Stack: 
[2017.04.05-19.45.26:185][  0]LogOutputDevice:Error: UE4Editor-Core.dll!0x000000000FC995E6
[2017.04.05-19.45.26:185][  0]LogOutputDevice:Error: UE4Editor-Core.dll!0x000000000FA49B82
[2017.04.05-19.45.26:185][  0]LogOutputDevice:Error: UE4Editor-Core.dll!0x000000000FA5B666
[2017.04.05-19.45.26:185][  0]LogOutputDevice:Error: UE4Editor-Engine.dll!0x000000000C9A0C55
[2017.04.05-19.45.26:185][  0]LogOutputDevice:Error: UE4Editor-LordOfTank-6899.dll!ALOTPlayer::ALOTPlayer() [c:\users\syj\documents\lordoftank\lordoftank\source\lordoftank\private\pawn\lotplayer.cpp:40]
[2017.04.05-19.45.26:185][  0]LogOutputDevice:Error: UE4Editor-LordOfTank-6899.dll!InternalConstructor<ALOTPlayer>()
[2017.04.05-19.45.26:185][  0]LogOutputDevice:Error: UE4Editor-CoreUObject.dll!0x00000000102A200F
[2017.04.05-19.45.26:185][  0]LogOutputDevice:Error: UE4Editor-CoreUObject.dll!0x0000000010439F60
[2017.04.05-19.45.26:185][  0]LogOutputDevice:Error: UE4Editor-CoreUObject.dll!0x000000001041C160
[2017.04.05-19.45.26:185][  0]LogOutputDevice:Error: UE4Editor-CoreUObject.dll!0x00000000102A5637
[2017.04.05-19.45.26:185][  0]LogOutputDevice:Error: UE4Editor-Core.dll!0x000000000F8F7173
[2017.04.05-19.45.26:185][  0]LogOutputDevice:Error: UE4Editor-Core.dll!0x000000000FABC70A
[2017.04.05-19.45.26:185][  0]LogOutputDevice:Error: UE4Editor-Projects.dll!0x000000001D4EB4F2
[2017.04.05-19.45.26:185][  0]LogOutputDevice:Error: UE4Editor-Projects.dll!0x000000001D4EB838
[2017.04.05-19.45.26:185][  0]LogOutputDevice:Error: UE4Editor.exe!0x0000000013292951
[2017.04.05-19.45.26:185][  0]LogOutputDevice:Error: UE4Editor.exe!0x0000000013296A02
[2017.04.05-19.45.26:185][  0]LogOutputDevice:Error: UE4Editor.exe!0x000000001328E96A
[2017.04.05-19.45.26:185][  0]LogOutputDevice:Error: UE4Editor.exe!0x000000001328EBBA
[2017.04.05-19.45.26:185][  0]LogOutputDevice:Error: UE4Editor.exe!0x00000000132A0A29
[2017.04.05-19.45.26:185][  0]LogOutputDevice:Error: UE4Editor.exe!0x00000000132A22B6
[2017.04.05-19.45.26:185][  0]LogOutputDevice:Error: KERNEL32.DLL!0x0000000045E18364
[2017.04.05-19.45.26:185][  0]LogOutputDevice:Error: ntdll.dll!0x0000000047BA70D1
[2017.04.05-19.45.26:185][  0]LogOutputDevice:Error: 
[2017.04.05-19.45.26:187][  0]LogStats:                SubmitErrorReport -  0.000 s
[2017.04.05-19.45.26:492][  0]LogStats:                    SendNewReport -  0.304 s
[2017.04.05-19.45.26:492][  0]LogStats:             FDebug::EnsureFailed -  0.307 s
[2017.04.05-19.45.28:897][  0]LogMaterial: Uniform references updated for custom material expression Custom.
[2017.04.05-19.45.29:994][  0]SourceControl: 정보 소스 콘트롤이 꺼졌습니다.
[2017.04.05-19.45.30:189][  0]SourceControl: 정보 소스 콘트롤이 꺼졌습니다.
[2017.04.05-19.45.30:430][  0]SourceControl: 정보 소스 콘트롤이 꺼졌습니다.
[2017.04.05-19.45.30:581][  0]SourceControl: 정보 소스 콘트롤이 꺼졌습니다.
[2017.04.05-19.45.34:356][  0]LogEngine: Initializing Engine...
[2017.04.05-19.45.34:356][  0]LogHMD: Oculus plugin initialized. Version: 4.15.1-3348071+++UE4+Release-4.15, LibOVR: 1.13.0, SDK: 1.10.0, built Mar 15 2017, 16:59:09
[2017.04.05-19.45.34:468][  0]OCULUS: Debug: Failed to open file: C:\Users\syj\AppData\Local\Oculus/ProfileDB.json
[2017.04.05-19.45.34:468][  0]OCULUS: Debug: Failed to open file: C:\Users\syj\AppData\Local\Oculus/Profiles.json
[2017.04.05-19.45.34:468][  0]OCULUS: Debug: Failed to open file: C:\Users\syj\AppData\Local\Oculus/ProfileDB.json
[2017.04.05-19.45.34:468][  0]OCULUS: Debug: Failed to open file: C:\Users\syj\AppData\Local\Oculus/Profiles.json
[2017.04.05-19.45.34:468][  0]OCULUS: Debug: [HMDState] Using default profile default
[2017.04.05-19.45.34:468][  0]OCULUS: Info: IAD changed to 63.5mm
[2017.04.05-19.45.34:861][  0]LogAIModule: Creating AISystem for world Untitled
[2017.04.05-19.45.34:903][  0]LogInit: XAudio2 using '스피커(High Definition Audio 장치)' : 2 channels at 44.1 kHz using 16 bits per sample (channel mask 0x3)
[2017.04.05-19.45.34:928][  0]LogInit: FAudioDevice initialized.
[2017.04.05-19.45.34:982][  0]LogDerivedDataCache: Saved boot cache 0.05s 96MB C:/Users/syj/AppData/Local/UnrealEngine/4.15/DerivedDataCache/Boot.ddc.
[2017.04.05-19.45.34:992][  0]LogInit: Texture streaming: Enabled
[2017.04.05-19.45.35:210][  0]LogEngineSessionManager: EngineSessionManager initialized
[2017.04.05-19.45.35:239][  0]LogEngineSessionManager: EngineSessionManager sent abnormal shutdown report. Type=Crashed, SessionId={F66495B2-4372-29EE-5793-F0ACACA73405}
[2017.04.05-19.45.35:474][  0]LogInit: Transaction tracking system initialized
[2017.04.05-19.45.36:721][  0]BlueprintLog: New page: 에디터 로드
[2017.04.05-19.45.39:242][  0]LocalizationService: 정보 현지화 서비스가 비활성화되었습니다.
[2017.04.05-19.45.41:181][  0]LogConsoleResponse:Display: 
[2017.04.05-19.45.41:863][  0]LogCook:Display: Max memory allowance for cook 16384mb min free memory 0mb
[2017.04.05-19.45.41:863][  0]LogCook:Display: Mobile HDR setting 1
[2017.04.05-19.45.42:024][  0]LogFileCache: Scanning file cache for directory 'C:/Users/syj/Documents/lordoftank/LordOfTank/Content/' took 0.06s
[2017.04.05-19.45.45:243][  0]SourceControl: 정보 소스 콘트롤이 꺼졌습니다.
[2017.04.05-19.45.45:368][  0]LogSlate: Took 0.000397 seconds to synchronously load lazily loaded font '../../../Engine/Content/Slate/Fonts/Roboto-Regular.ttf' (155K)
[2017.04.05-19.45.45:403][  0]LogSlate: Took 0.034695 seconds to synchronously load lazily loaded font '../../../Engine/Content/Slate/Fonts/NanumGothic.ttf' (4243K)
[2017.04.05-19.45.49:145][  0]LogWindowsTextInputMethodSystem:Display: IME system now activated using TSF (Microsoft 입력기).
[2017.04.05-19.45.49:176][  0]LogWindowsTextInputMethodSystem:Display: IME system now activated using TSF (Microsoft 입력기).
[2017.04.05-19.45.55:783][  0]LogWindowsTextInputMethodSystem:Display: IME system now activated using TSF (Microsoft 입력기).
[2017.04.05-19.45.55:831][  0]LoadErrors: New page: 패키지 로드중: /Game/LOTAssets/TankAssets/Meshes/CommonAmmo
[2017.04.05-19.45.55:882][  0]LogWindowsTextInputMethodSystem:Display: IME system now activated using TSF (Microsoft 입력기).
[2017.04.05-19.45.55:884][  0]Cmd: MAP LOAD FILE="../../../../../../Users/syj/Documents/lordoftank/LordOfTank/Content/LOTMaps/StartMap.umap" TEMPLATE=0 SHOWPROGRESS=1 FEATURELEVEL=3
[2017.04.05-19.45.55:884][  0]LightingResults: New page: 라이팅 빌드
[2017.04.05-19.45.55:992][  0]MapCheck: New page: 맵 체크
[2017.04.05-19.45.55:992][  0]LightingResults: New page: 라이팅 빌드
[2017.04.05-19.46.03:685][  0]LogAIModule: Creating AISystem for world StartMap
[2017.04.05-19.46.05:652][  0]LogEditorServer: Finished looking for orphan Actors (0.000 secs)
[2017.04.05-19.46.05:653][  0]Cmd: MAP CHECKDEP NOCLEARLOG
[2017.04.05-19.46.05:785][  0]MapCheck: 정보 맵 체크 완료: 오류 0 회, 경고 0 회, 소요 시간 132.047ms.
[2017.04.05-19.46.05:785][  0]LogFileHelpers: Loading map 'StartMap' took 9.902
[2017.04.05-19.46.06:119][  0]LogStats:Warning: MetaData mismatch. Did you assign a stat to two groups? New //STATGROUP_Threads//SplashScreenThread///Thread_fd0_0///####STATCAT_Advanced#### old //STATGROUP_Threads//SplashScreenThread///Thread_1d2c_0///####STATCAT_Advanced####
[2017.04.05-19.46.06:119][  0]LogCollectionManager: Loaded 0 collections in 0.002213 seconds
[2017.04.05-19.46.06:273][  0]LogFileCache: Scanning file cache for directory 'C:/Users/syj/Documents/lordoftank/LordOfTank/Saved/Collections/' took 0.01s
[2017.04.05-19.46.06:273][  0]LogFileCache: Scanning file cache for directory 'C:/Users/syj/Documents/lordoftank/LordOfTank/Content/Developers/syj/Collections/' took 0.01s
[2017.04.05-19.46.06:273][  0]LogFileCache: Scanning file cache for directory 'C:/Users/syj/Documents/lordoftank/LordOfTank/Content/Collections/' took 0.01s
[2017.04.05-19.46.06:273][  0]LogCollectionManager: Rebuilt the GUID cache for 0 collections in 0.000001 seconds
[2017.04.05-19.46.06:421][  0]LogContentBrowser: Native class hierarchy populated in 0.1480 seconds. Added 2258 classes and 461 folders.
[2017.04.05-19.46.06:425][  0]LogStats: UGameplayTagsManager::ConstructGameplayTagTree: Construct from data asset -  0.000 s
[2017.04.05-19.46.06:425][  0]LogStats: UGameplayTagsManager::ConstructGameplayTagTree: GameplayTagTreeChangedEvent.Broadcast -  0.000 s
[2017.04.05-19.46.06:756][  0]LogContentBrowser: Native class hierarchy updated for 'WidgetCarousel' in 0.1377 seconds. Added 0 classes and 0 folders.
[2017.04.05-19.46.08:459][  0]LogContentBrowser: Native class hierarchy updated for 'AddContentDialog' in 0.1922 seconds. Added 0 classes and 0 folders.
[2017.04.05-19.46.08:826][  0]LogContentBrowser: Native class hierarchy updated for 'SceneOutliner' in 0.1707 seconds. Added 1 classes and 2 folders.
[2017.04.05-19.46.09:329][  0]LogCrashTracker: Crashtracker disabled due to settings.
[2017.04.05-19.46.09:348][  0]LogUObjectGlobals:Warning: 'Class 없음.' 오브젝트를 찾는 데 실패했습니다.
[2017.04.05-19.46.09:654][  0]LogContentBrowser: Native class hierarchy updated for 'HierarchicalLODOutliner' in 0.1428 seconds. Added 1 classes and 2 folders.
[2017.04.05-19.46.09:654][  0]LogLoad: (Engine Initialization) Total time: 92.18 seconds
[2017.04.05-19.46.09:654][  0]LogLoad: (Engine Initialization) Total Blueprint compile time: 0.47 seconds
[2017.04.05-19.46.09:654][  0]LogExternalProfiler: Found external profiler: VSPerf
[2017.04.05-19.46.09:654][  0]LogExternalProfiler: Using external profiler: VSPerf
[2017.04.05-19.46.09:665][  0]LogOcInput: OculusInput pre-init called
[2017.04.05-19.46.09:679][  0]LogOcInput: OculusInput is initialized. Init status 0. Runtime version: 1.13.0
[2017.04.05-19.46.09:712][  0]LogContentStreaming: Texture pool size now 1000 MB
[2017.04.05-19.46.09:715][  0]LogSlate: Took 0.000263 seconds to synchronously load lazily loaded font '../../../Engine/Content/Slate/Fonts/Roboto-Bold.ttf' (160K)
[2017.04.05-19.46.09:783][  0]LogSlate: Took 0.062987 seconds to synchronously load lazily loaded font '../../../Engine/Content/Editor/Slate/Fonts/FontAwesome.ttf' (139K)
[2017.04.05-19.46.10:062][  0]LogRenderer: Reallocating scene render targets to support 1168x576 NumSamples 1 (Frame:2).
[2017.04.05-19.46.10:062][  0]LogSlate: Took 0.042538 seconds to synchronously load lazily loaded font '../../../Engine/Content/Slate/Fonts/Roboto-Light.ttf' (159K)
[2017.04.05-19.46.10:184][  1]LogAssetRegistry: Asset discovery search completed in 68.4479 seconds
[2017.04.05-19.46.10:184][  1]LogCollectionManager: Rebuilt the object cache for 0 collections in 0.000010 seconds (found 0 objects)
[2017.04.05-19.46.10:184][  1]LogCollectionManager: Fixed up redirectors for 0 collections in 0.000023 seconds (updated 0 objects)
[2017.04.05-19.46.22:063][805]LogTemp: Repeting last play command: VR 프리뷰
[2017.04.05-19.46.22:075][805]LogBlueprintUserMessages: Early PlayInEditor Detection: Level '/Game/LOTMaps/StartMap.StartMap:PersistentLevel' has LevelScriptBlueprint '/Game/LOTMaps/StartMap.StartMap:PersistentLevel.StartMap' with GeneratedClass '/Game/LOTMaps/StartMap.StartMap_C' with ClassGeneratedBy '/Game/LOTMaps/StartMap.StartMap:PersistentLevel.StartMap'
[2017.04.05-19.46.22:075][805]LogPlayLevel: PlayLevel: No blueprints needed recompiling
[2017.04.05-19.46.22:076][805]OCULUS: Debug: Failed to open file: C:\Users\syj\AppData\Local\Oculus/ProfileDB.json
[2017.04.05-19.46.22:076][805]OCULUS: Debug: Failed to open file: C:\Users\syj\AppData\Local\Oculus/Profiles.json
[2017.04.05-19.46.22:076][805]OCULUS: Debug: Failed to open file: C:\Users\syj\AppData\Local\Oculus/ProfileDB.json
[2017.04.05-19.46.22:076][805]OCULUS: Debug: Failed to open file: C:\Users\syj\AppData\Local\Oculus/Profiles.json
[2017.04.05-19.46.22:076][805]OCULUS: Debug: [HMDState] Using default profile default
[2017.04.05-19.46.22:076][805]OCULUS: Info: IAD changed to 63.5mm
[2017.04.05-19.46.22:076][805]LogHMD: New ovr session is created
[2017.04.05-19.46.22:076][805]LogHMD: HMD Oculus Rift DK2, res = 1920 x 1080
[2017.04.05-19.46.22:077][805]PIE: New page: PIE 세션: StartMap (2017. 4. 6. 오후 1:46:22)
[2017.04.05-19.46.22:077][805]LogPlayLevel: Creating play world package: /Game/LOTMaps/UEDPIE_0_StartMap
[2017.04.05-19.46.22:098][805]LogPlayLevel: PIE: StaticDuplicateObject took: (0.021071s)
[2017.04.05-19.46.22:099][805]LogAIModule: Creating AISystem for world StartMap
[2017.04.05-19.46.22:099][805]LogPlayLevel: PIE: World Init took: (0.000831s)
[2017.04.05-19.46.22:099][805]LogPlayLevel: PIE: Created PIE world by copying editor world from /Game/LOTMaps/StartMap.StartMap to /Game/LOTMaps/UEDPIE_0_StartMap.StartMap (0.022159s)
[2017.04.05-19.46.22:143][805]LogInit: XAudio2 using '스피커(High Definition Audio 장치)' : 2 channels at 44.1 kHz using 16 bits per sample (channel mask 0x3)
[2017.04.05-19.46.22:159][805]LogInit: FAudioDevice initialized.
[2017.04.05-19.46.22:254][805]LogLoad: Game class is 'TEST_C'
[2017.04.05-19.46.22:262][805]LogWorld: Bringing World /Game/LOTMaps/UEDPIE_0_StartMap.StartMap up for play (max tick rate 0) at 2017.04.06-04.46.22
[2017.04.05-19.46.22:262][805]LogWorld: Bringing up level for play took: 0.006919
[2017.04.05-19.46.22:515][805]LogContentBrowser: Native class hierarchy updated for 'MovieSceneCapture' in 0.1321 seconds. Added 11 classes and 0 folders.
[2017.04.05-19.46.22:523][805]PIE: 정보 /Game/LOTMaps/UEDPIE_0_StartMap 에 대한 에디터에서 플레이 시작 시간: 1.409
[2017.04.05-19.46.22:523][805]LogBlueprintUserMessages: Late PlayInEditor Detection: Level '/Game/LOTMaps/StartMap.StartMap:PersistentLevel' has LevelScriptBlueprint '/Game/LOTMaps/StartMap.StartMap:PersistentLevel.StartMap' with GeneratedClass '/Game/LOTMaps/StartMap.StartMap_C' with ClassGeneratedBy '/Game/LOTMaps/StartMap.StartMap:PersistentLevel.StartMap'
[2017.04.05-19.46.22:552][805]LogHMD: Reallocation of eye buffer was requested
[2017.04.05-19.46.22:555][805]LogHMD: Allocated a new swap texture set (size 2404 x 1472, mipcount = 1), 0x000001A10EBABF40
[2017.04.05-19.46.22:592][805]LogHMD: Allocated a new mirror texture (size 1280 x 720)
[2017.04.05-19.46.22:592][805]LogRenderer: Reallocating scene render targets to support 2404x1472 NumSamples 1 (Frame:772).
[2017.04.05-19.46.30:814][193]OCULUS: Info: [HMDState] Requested to SetForegroundWindow(709d0ll)
[2017.04.05-19.46.30:974][200]OCULUS: Error: Prediction interval too high: 0.103904 s, clamping at 0.100000 s
[2017.04.05-19.46.59:085][384]OCULUS: Error: Prediction interval too high: 0.105452 s, clamping at 0.100000 s
[2017.04.05-19.47.14:011][941]LogBlueprintUserMessages: Early EndPlayMap Detection: Level '/Game/LOTMaps/StartMap.StartMap:PersistentLevel' has LevelScriptBlueprint '/Game/LOTMaps/StartMap.StartMap:PersistentLevel.StartMap' with GeneratedClass '/Game/LOTMaps/StartMap.StartMap_C' with ClassGeneratedBy '/Game/LOTMaps/StartMap.StartMap:PersistentLevel.StartMap'
[2017.04.05-19.47.14:039][941]LogHMD: Destroying ovr session
[2017.04.05-19.47.14:039][941]LogHMD: Freeing textureSet 0x000001A10EBABF40
[2017.04.05-19.47.14:049][941]OCULUS: Info: [HMDState] Requested to SetForegroundWindow(709d0ll)
[2017.04.05-19.47.14:164][941]LogBlueprintUserMessages: Late EndPlayMap Detection: Level '/Game/LOTMaps/StartMap.StartMap:PersistentLevel' has LevelScriptBlueprint '/Game/LOTMaps/StartMap.StartMap:PersistentLevel.StartMap' with GeneratedClass '/Game/LOTMaps/StartMap.StartMap_C' with ClassGeneratedBy '/Game/LOTMaps/StartMap.StartMap:PersistentLevel.StartMap'
[2017.04.05-19.53.57:245][433]LogHotReload: New module detected: UE4Editor-LordOfTank-9430.dll
[2017.04.05-19.53.58:132][500]LogHotReload: Starting Hot-Reload from IDE
[2017.04.05-19.53.58:138][500]LogSlate: Took 0.000615 seconds to synchronously load lazily loaded font '../../../Engine/Content/Slate/Fonts/Roboto-Light.ttf' (159K)
[2017.04.05-19.53.58:339][500]LogHotReload: Re-instancing ArmorPiercingProjectile after hot-reload.
[2017.04.05-19.53.58:657][500]LogHotReload: Re-instancing CommonProjectile after hot-reload.
[2017.04.05-19.53.59:277][500]LogHotReload: Re-instancing HomingProjectile after hot-reload.
[2017.04.05-19.53.59:539][500]LogContentBrowser: Native class hierarchy updated for 'LordOfTank' in 0.1247 seconds. Added 13 classes and 8 folders.
[2017.04.05-19.53.59:541][500]Display: HotReload successful (10 functions remapped  0 scriptstructs remapped)
[2017.04.05-19.53.59:849][500]LogContentBrowser: Native class hierarchy populated in 0.1564 seconds. Added 2260 classes and 465 folders.
[2017.04.05-19.53.59:911][500]Display: HotReload took  1.8s.
[2017.04.05-19.58.35:123][  1]LogEditorViewport: Clicking on Actor (context menu): Landscape (Landscape)
[2017.04.05-19.58.35:678][ 46]LogEditorViewport: Clicking on Actor (context menu): Landscape (Landscape)
[2017.04.05-19.58.36:137][ 93]LogEditorViewport: Clicking on Actor (context menu): Landscape (Landscape)
[2017.04.05-19.58.39:240][435]LogTemp: Repeting last play command: VR 프리뷰
[2017.04.05-19.58.39:254][435]LogBlueprintUserMessages: Early PlayInEditor Detection: Level '/Game/LOTMaps/StartMap.StartMap:PersistentLevel' has LevelScriptBlueprint '/Game/LOTMaps/StartMap.StartMap:PersistentLevel.StartMap' with GeneratedClass '/Game/LOTMaps/StartMap.StartMap_C' with ClassGeneratedBy '/Game/LOTMaps/StartMap.StartMap:PersistentLevel.StartMap'
[2017.04.05-19.58.39:254][435]LogPlayLevel: PlayLevel: No blueprints needed recompiling
[2017.04.05-19.58.39:257][435]OCULUS: Debug: Failed to open file: C:\Users\syj\AppData\Local\Oculus/ProfileDB.json
[2017.04.05-19.58.39:257][435]OCULUS: Debug: Failed to open file: C:\Users\syj\AppData\Local\Oculus/Profiles.json
[2017.04.05-19.58.39:257][435]OCULUS: Debug: Failed to open file: C:\Users\syj\AppData\Local\Oculus/ProfileDB.json
[2017.04.05-19.58.39:257][435]OCULUS: Debug: Failed to open file: C:\Users\syj\AppData\Local\Oculus/Profiles.json
[2017.04.05-19.58.39:257][435]OCULUS: Debug: [HMDState] Using default profile default
[2017.04.05-19.58.39:257][435]OCULUS: Info: IAD changed to 63.5mm
[2017.04.05-19.58.39:257][435]OCULUS: Info: [HMDState] Requested to SetForegroundWindow(b0a00ll)
[2017.04.05-19.58.39:257][435]OCULUS: Info: [HMDState] Requested to SetForegroundWindow(b0a00ll)
[2017.04.05-19.58.39:257][435]LogHMD: New ovr session is created
[2017.04.05-19.58.39:257][435]LogHMD: HMD Oculus Rift DK2, res = 1920 x 1080
[2017.04.05-19.58.39:257][435]PIE: New page: PIE 세션: StartMap (2017. 4. 6. 오후 1:58:39)
[2017.04.05-19.58.39:258][435]LogPlayLevel: Creating play world package: /Game/LOTMaps/UEDPIE_0_StartMap
[2017.04.05-19.58.39:300][435]LogPlayLevel: PIE: StaticDuplicateObject took: (0.041985s)
[2017.04.05-19.58.39:302][435]LogAIModule: Creating AISystem for world StartMap
[2017.04.05-19.58.39:302][435]LogPlayLevel: PIE: World Init took: (0.002793s)
[2017.04.05-19.58.39:303][435]LogPlayLevel: PIE: Created PIE world by copying editor world from /Game/LOTMaps/StartMap.StartMap to /Game/LOTMaps/UEDPIE_0_StartMap.StartMap (0.045198s)
[2017.04.05-19.58.39:343][435]LogInit: XAudio2 using '스피커(High Definition Audio 장치)' : 2 channels at 44.1 kHz using 16 bits per sample (channel mask 0x3)
[2017.04.05-19.58.39:360][435]LogInit: FAudioDevice initialized.
[2017.04.05-19.58.39:453][435]LogLoad: Game class is 'TEST_C'
[2017.04.05-19.58.39:462][435]LogWorld: Bringing World /Game/LOTMaps/UEDPIE_0_StartMap.StartMap up for play (max tick rate 0) at 2017.04.06-04.58.39
[2017.04.05-19.58.39:462][435]LogWorld: Bringing up level for play took: 0.008687
[2017.04.05-19.58.39:472][435]PIE: 정보 /Game/LOTMaps/UEDPIE_0_StartMap 에 대한 에디터에서 플레이 시작 시간: 0.358
[2017.04.05-19.58.39:473][435]LogBlueprintUserMessages: Late PlayInEditor Detection: Level '/Game/LOTMaps/StartMap.StartMap:PersistentLevel' has LevelScriptBlueprint '/Game/LOTMaps/StartMap.StartMap:PersistentLevel.StartMap' with GeneratedClass '/Game/LOTMaps/StartMap.StartMap_C' with ClassGeneratedBy '/Game/LOTMaps/StartMap.StartMap:PersistentLevel.StartMap'
[2017.04.05-19.58.39:543][435]LogHMD: Need to reallocate eye buffer, reason: no textureset was allocated
[2017.04.05-19.58.39:567][435]LogHMD: Allocated a new swap texture set (size 2404 x 1472, mipcount = 1), 0x000001A195D6F860
[2017.04.05-19.58.39:596][435]LogHMD: Allocated a new mirror texture (size 1280 x 720)
[2017.04.05-19.58.49:273][799]LogBlueprintUserMessages: Early EndPlayMap Detection: Level '/Game/LOTMaps/StartMap.StartMap:PersistentLevel' has LevelScriptBlueprint '/Game/LOTMaps/StartMap.StartMap:PersistentLevel.StartMap' with GeneratedClass '/Game/LOTMaps/StartMap.StartMap_C' with ClassGeneratedBy '/Game/LOTMaps/StartMap.StartMap:PersistentLevel.StartMap'
[2017.04.05-19.58.49:301][799]LogHMD: Destroying ovr session
[2017.04.05-19.58.49:301][799]LogHMD: Freeing textureSet 0x000001A195D6F860
[2017.04.05-19.58.49:307][799]OCULUS: Info: [HMDState] Requested to SetForegroundWindow(2f0378ll)
[2017.04.05-19.58.49:434][799]LogBlueprintUserMessages: Late EndPlayMap Detection: Level '/Game/LOTMaps/StartMap.StartMap:PersistentLevel' has LevelScriptBlueprint '/Game/LOTMaps/StartMap.StartMap:PersistentLevel.StartMap' with GeneratedClass '/Game/LOTMaps/StartMap.StartMap_C' with ClassGeneratedBy '/Game/LOTMaps/StartMap.StartMap:PersistentLevel.StartMap'
[2017.04.05-20.00.20:625][950]LogEditorViewport: Clicking on Actor (context menu): Landscape (Landscape)
[2017.04.05-20.00.21:220][ 15]LogEditorViewport: Clicking on Actor (LMB): Landscape (Landscape)
[2017.04.05-20.00.43:656][519]LogSlate: Took 0.000306 seconds to synchronously load lazily loaded font '../../../Engine/Content/Slate/Fonts/Roboto-Regular.ttf' (155K)
[2017.04.05-20.00.54:584][250]LogSlate: Slate: Had to block on waiting for a draw buffer
[2017.04.05-20.02.38:277][280]LogMaterial: Missing cached shader map for material M_Rocket_03, compiling. 
[2017.04.05-20.02.38:298][280]LogTemp:Display: Added material ShaderMap 0x000001A19B697580 with Material 0x000001A1D02A3A00 to ShaderMapsBeingCompiled
[2017.04.05-20.02.38:378][280]LogTemp:Display: Kicking off shader compilation for M_Rocket_03, GameThreadShaderMap 0x000001A19B697580
[2017.04.05-20.02.45:755][503]LogTemp:Display: Finished compile of shader map 0x000001A19B697580
[2017.04.05-20.02.45:756][503]LogTemp:Display: Shader map M_Rocket_03 complete, GameThreadShaderMap 0x000001A19B697580, marking material M_Rocket_03 as finished
[2017.04.05-20.02.45:756][503]LogTemp:Display: Marking material as finished 0x000001A1D02A3A00
[2017.04.05-20.03.07:337][977]LogSlate: Took 0.000461 seconds to synchronously load lazily loaded font '../../../Engine/Content/Slate/Fonts/Roboto-Light.ttf' (159K)
[2017.04.05-20.03.16:070][584]LogFileHelpers: Editor autosave (incl. sublevels) for '/Game/LOTMaps/StartMap' took 0.013
[2017.04.05-20.03.16:093][584]OBJ SavePackage: Generating thumbnails for [1] asset(s) in package [/Game/ProjectilesPack/Meshes/Projectiles/Rockets/SM_Rocket_05] ([1] browsable assets)...
[2017.04.05-20.03.16:158][584]OBJ SavePackage:     Rendered thumbnail for [StaticMesh /Game/ProjectilesPack/Meshes/Projectiles/Rockets/SM_Rocket_05.SM_Rocket_05]
[2017.04.05-20.03.16:158][584]OBJ SavePackage: Finished generating thumbnails for package [/Game/ProjectilesPack/Meshes/Projectiles/Rockets/SM_Rocket_05]
[2017.04.05-20.03.16:605][584]LogSavePackage: Save=90.32ms
[2017.04.05-20.03.16:605][584]LogSavePackage: Moving '../../../../../../Users/syj/Documents/lordoftank/LordOfTank/Saved/SM_Rocket_05_Auto1596447214F5DC9DDBAC1A8B40447CC09.tmp' to '../../../../../../Users/syj/Documents/lordoftank/LordOfTank/Saved/Autosaves/Game/ProjectilesPack/Meshes/Projectiles/Rockets/SM_Rocket_05_Auto1.uasset'
[2017.04.05-20.03.16:625][584]LogSavePackage:Display: Finished SavePackage ../../../../../../Users/syj/Documents/lordoftank/LordOfTank/Saved/Autosaves/Game/ProjectilesPack/Meshes/Projectiles/Rockets/SM_Rocket_05_Auto1.uasset
[2017.04.05-20.03.16:625][584]LogFileHelpers: Auto-saving content packages took 0.555
[2017.04.05-20.03.20:874][887]LogSavePackage: Save=5.35ms
[2017.04.05-20.03.20:875][887]LogSavePackage: Moving '../../../../../../Users/syj/Documents/lordoftank/LordOfTank/Saved/SM_Rocket_055C4ABAB44FFCDD774C1D278DA7392825.tmp' to '../../../../../../Users/syj/Documents/lordoftank/LordOfTank/Content/ProjectilesPack/Meshes/Projectiles/Rockets/SM_Rocket_05.uasset'
[2017.04.05-20.03.20:892][887]LogSavePackage:Display: Finished SavePackage ../../../../../../Users/syj/Documents/lordoftank/LordOfTank/Content/ProjectilesPack/Meshes/Projectiles/Rockets/SM_Rocket_05.uasset
[2017.04.05-20.06.27:623][209]LogHotReload: New module detected: UE4Editor-LordOfTank-4333.dll
[2017.04.05-20.06.28:308][212]LogHotReload: Starting Hot-Reload from IDE
[2017.04.05-20.06.28:497][212]LogHotReload: Re-instancing CommonProjectile after hot-reload.
[2017.04.05-20.06.29:221][212]LogHotReload: Re-instancing HomingProjectile after hot-reload.
[2017.04.05-20.06.29:487][212]LogContentBrowser: Native class hierarchy updated for 'LordOfTank' in 0.1287 seconds. Added 13 classes and 8 folders.
[2017.04.05-20.06.29:489][212]Display: HotReload successful (10 functions remapped  0 scriptstructs remapped)
[2017.04.05-20.06.29:740][212]LogContentBrowser: Native class hierarchy populated in 0.1305 seconds. Added 2260 classes and 465 folders.
[2017.04.05-20.06.29:745][212]Display: HotReload took  1.4s.
[2017.04.05-20.06.43:332][397]LogTemp: Repeting last play command: VR 프리뷰
[2017.04.05-20.06.43:345][397]LogBlueprintUserMessages: Early PlayInEditor Detection: Level '/Game/LOTMaps/StartMap.StartMap:PersistentLevel' has LevelScriptBlueprint '/Game/LOTMaps/StartMap.StartMap:PersistentLevel.StartMap' with GeneratedClass '/Game/LOTMaps/StartMap.StartMap_C' with ClassGeneratedBy '/Game/LOTMaps/StartMap.StartMap:PersistentLevel.StartMap'
[2017.04.05-20.06.43:345][397]LogPlayLevel: PlayLevel: No blueprints needed recompiling
[2017.04.05-20.06.43:346][397]OCULUS: Debug: Failed to open file: C:\Users\syj\AppData\Local\Oculus/ProfileDB.json
[2017.04.05-20.06.43:346][397]OCULUS: Debug: Failed to open file: C:\Users\syj\AppData\Local\Oculus/Profiles.json
[2017.04.05-20.06.43:346][397]OCULUS: Debug: Failed to open file: C:\Users\syj\AppData\Local\Oculus/ProfileDB.json
[2017.04.05-20.06.43:346][397]OCULUS: Debug: Failed to open file: C:\Users\syj\AppData\Local\Oculus/Profiles.json
[2017.04.05-20.06.43:346][397]OCULUS: Debug: [HMDState] Using default profile default
[2017.04.05-20.06.43:346][397]OCULUS: Info: IAD changed to 63.5mm
[2017.04.05-20.06.43:346][397]OCULUS: Info: [HMDState] Requested to SetForegroundWindow(b0a00ll)
[2017.04.05-20.06.43:346][397]OCULUS: Info: [HMDState] Requested to SetForegroundWindow(b0a00ll)
[2017.04.05-20.06.43:346][397]LogHMD: New ovr session is created
[2017.04.05-20.06.43:347][397]LogHMD: HMD Oculus Rift DK2, res = 1920 x 1080
[2017.04.05-20.06.43:347][397]PIE: New page: PIE 세션: StartMap (2017. 4. 6. 오후 2:06:43)
[2017.04.05-20.06.43:347][397]LogPlayLevel: Creating play world package: /Game/LOTMaps/UEDPIE_0_StartMap
[2017.04.05-20.06.43:365][397]LogPlayLevel: PIE: StaticDuplicateObject took: (0.017816s)
[2017.04.05-20.06.43:365][397]LogAIModule: Creating AISystem for world StartMap
[2017.04.05-20.06.43:366][397]LogPlayLevel: PIE: World Init took: (0.000914s)
[2017.04.05-20.06.43:366][397]LogPlayLevel: PIE: Created PIE world by copying editor world from /Game/LOTMaps/StartMap.StartMap to /Game/LOTMaps/UEDPIE_0_StartMap.StartMap (0.019042s)
[2017.04.05-20.06.43:403][397]LogInit: XAudio2 using '스피커(High Definition Audio 장치)' : 2 channels at 44.1 kHz using 16 bits per sample (channel mask 0x3)
[2017.04.05-20.06.43:418][397]LogInit: FAudioDevice initialized.
[2017.04.05-20.06.43:499][397]LogLoad: Game class is 'TEST_C'
[2017.04.05-20.06.43:507][397]LogWorld: Bringing World /Game/LOTMaps/UEDPIE_0_StartMap.StartMap up for play (max tick rate 0) at 2017.04.06-05.06.43
[2017.04.05-20.06.43:508][397]LogWorld: Bringing up level for play took: 0.007433
[2017.04.05-20.06.43:515][397]PIE: 정보 /Game/LOTMaps/UEDPIE_0_StartMap 에 대한 에디터에서 플레이 시작 시간: 0.401
[2017.04.05-20.06.43:515][397]LogBlueprintUserMessages: Late PlayInEditor Detection: Level '/Game/LOTMaps/StartMap.StartMap:PersistentLevel' has LevelScriptBlueprint '/Game/LOTMaps/StartMap.StartMap:PersistentLevel.StartMap' with GeneratedClass '/Game/LOTMaps/StartMap.StartMap_C' with ClassGeneratedBy '/Game/LOTMaps/StartMap.StartMap:PersistentLevel.StartMap'
[2017.04.05-20.06.43:549][397]LogHMD: Need to reallocate eye buffer, reason: no textureset was allocated
[2017.04.05-20.06.43:551][397]LogHMD: Allocated a new swap texture set (size 2404 x 1472, mipcount = 1), 0x000001A1A5F0AFF0
[2017.04.05-20.06.43:580][397]LogHMD: Allocated a new mirror texture (size 1280 x 720)
[2017.04.05-20.06.57:670][  8]LogBlueprintUserMessages: Early EndPlayMap Detection: Level '/Game/LOTMaps/StartMap.StartMap:PersistentLevel' has LevelScriptBlueprint '/Game/LOTMaps/StartMap.StartMap:PersistentLevel.StartMap' with GeneratedClass '/Game/LOTMaps/StartMap.StartMap_C' with ClassGeneratedBy '/Game/LOTMaps/StartMap.StartMap:PersistentLevel.StartMap'
[2017.04.05-20.06.57:698][  8]LogHMD: Destroying ovr session
[2017.04.05-20.06.57:698][  8]LogHMD: Freeing textureSet 0x000001A1A5F0AFF0
[2017.04.05-20.06.57:725][  8]OCULUS: Info: [HMDState] Requested to SetForegroundWindow(1e0852ll)
[2017.04.05-20.06.57:844][  8]LogBlueprintUserMessages: Late EndPlayMap Detection: Level '/Game/LOTMaps/StartMap.StartMap:PersistentLevel' has LevelScriptBlueprint '/Game/LOTMaps/StartMap.StartMap:PersistentLevel.StartMap' with GeneratedClass '/Game/LOTMaps/StartMap.StartMap_C' with ClassGeneratedBy '/Game/LOTMaps/StartMap.StartMap:PersistentLevel.StartMap'
[2017.04.05-20.07.01:550][304]LogEditorViewport: Clicking on Actor (context menu): Landscape (Landscape)
[2017.04.05-20.07.05:930][793]LogTemp: Repeting last play command: VR 프리뷰
[2017.04.05-20.07.05:942][793]LogBlueprintUserMessages: Early PlayInEditor Detection: Level '/Game/LOTMaps/StartMap.StartMap:PersistentLevel' has LevelScriptBlueprint '/Game/LOTMaps/StartMap.StartMap:PersistentLevel.StartMap' with GeneratedClass '/Game/LOTMaps/StartMap.StartMap_C' with ClassGeneratedBy '/Game/LOTMaps/StartMap.StartMap:PersistentLevel.StartMap'
[2017.04.05-20.07.05:942][793]LogPlayLevel: PlayLevel: No blueprints needed recompiling
[2017.04.05-20.07.05:944][793]OCULUS: Debug: Failed to open file: C:\Users\syj\AppData\Local\Oculus/ProfileDB.json
[2017.04.05-20.07.05:944][793]OCULUS: Debug: Failed to open file: C:\Users\syj\AppData\Local\Oculus/Profiles.json
[2017.04.05-20.07.05:944][793]OCULUS: Debug: Failed to open file: C:\Users\syj\AppData\Local\Oculus/ProfileDB.json
[2017.04.05-20.07.05:944][793]OCULUS: Debug: Failed to open file: C:\Users\syj\AppData\Local\Oculus/Profiles.json
[2017.04.05-20.07.05:944][793]OCULUS: Debug: [HMDState] Using default profile default
[2017.04.05-20.07.05:944][793]OCULUS: Info: IAD changed to 63.5mm
[2017.04.05-20.07.05:944][793]OCULUS: Info: [HMDState] Requested to SetForegroundWindow(b0a00ll)
[2017.04.05-20.07.05:944][793]OCULUS: Info: [HMDState] Requested to SetForegroundWindow(b0a00ll)
[2017.04.05-20.07.05:944][793]LogHMD: New ovr session is created
[2017.04.05-20.07.05:944][793]LogHMD: HMD Oculus Rift DK2, res = 1920 x 1080
[2017.04.05-20.07.05:944][793]PIE: New page: PIE 세션: StartMap (2017. 4. 6. 오후 2:07:05)
[2017.04.05-20.07.05:945][793]LogPlayLevel: Creating play world package: /Game/LOTMaps/UEDPIE_0_StartMap
[2017.04.05-20.07.05:962][793]LogPlayLevel: PIE: StaticDuplicateObject took: (0.017872s)
[2017.04.05-20.07.05:963][793]LogAIModule: Creating AISystem for world StartMap
[2017.04.05-20.07.05:963][793]LogPlayLevel: PIE: World Init took: (0.000919s)
[2017.04.05-20.07.05:964][793]LogPlayLevel: PIE: Created PIE world by copying editor world from /Game/LOTMaps/StartMap.StartMap to /Game/LOTMaps/UEDPIE_0_StartMap.StartMap (0.019039s)
[2017.04.05-20.07.06:005][793]LogInit: XAudio2 using '스피커(High Definition Audio 장치)' : 2 channels at 44.1 kHz using 16 bits per sample (channel mask 0x3)
[2017.04.05-20.07.06:019][793]LogInit: FAudioDevice initialized.
[2017.04.05-20.07.06:102][793]LogLoad: Game class is 'StartGameMode'
[2017.04.05-20.07.06:109][793]LogWorld: Bringing World /Game/LOTMaps/UEDPIE_0_StartMap.StartMap up for play (max tick rate 0) at 2017.04.06-05.07.06
[2017.04.05-20.07.06:109][793]LogWorld: Bringing up level for play took: 0.006930
[2017.04.05-20.07.06:117][793]PIE: 정보 /Game/LOTMaps/UEDPIE_0_StartMap 에 대한 에디터에서 플레이 시작 시간: 1.003
[2017.04.05-20.07.06:118][793]LogBlueprintUserMessages: Late PlayInEditor Detection: Level '/Game/LOTMaps/StartMap.StartMap:PersistentLevel' has LevelScriptBlueprint '/Game/LOTMaps/StartMap.StartMap:PersistentLevel.StartMap' with GeneratedClass '/Game/LOTMaps/StartMap.StartMap_C' with ClassGeneratedBy '/Game/LOTMaps/StartMap.StartMap:PersistentLevel.StartMap'
[2017.04.05-20.07.06:210][793]LogHMD: Need to reallocate eye buffer, reason: no textureset was allocated
[2017.04.05-20.07.06:212][793]LogHMD: Allocated a new swap texture set (size 2404 x 1472, mipcount = 1), 0x000001A196A325D0
[2017.04.05-20.07.06:241][793]LogHMD: Allocated a new mirror texture (size 1280 x 720)
[2017.04.05-20.07.11:077][976]LogNet: Browse: /Game/LOTMaps/TutorialMap
[2017.04.05-20.07.11:077][976]LogLoadingSplash: Loading begins
[2017.04.05-20.07.11:133][976]LogHMD: Allocated a new swap texture set (size 16 x 16, mipcount = 5), 0x000001A196B58F90
[2017.04.05-20.07.11:187][976]LogHMD: FOculusRiftSplash::PushBlackFrame
[2017.04.05-20.07.11:187][976]LogHMD: FOculusRiftSplash::Show
[2017.04.05-20.07.11:187][976]LogLoad: LoadMap: /Game/LOTMaps/TutorialMap
[2017.04.05-20.07.11:275][976]Cmd: MEM
[2017.04.05-20.07.11:422][976]LogMemory: Platform Memory Stats for Windows
[2017.04.05-20.07.11:422][976]LogMemory: Process Physical Memory: 951.85 MB used, 1699.80 MB peak
[2017.04.05-20.07.11:422][976]LogMemory: Process Virtual Memory: 2876.10 MB used, 3453.71 MB peak
[2017.04.05-20.07.11:422][976]LogMemory: Physical Memory: 6397.21 MB used,  1713.85 MB free, 8111.06 MB total
[2017.04.05-20.07.11:422][976]LogMemory: Virtual Memory: 4165.14 MB used,  1713.85 MB free, 134217728.00 MB total
[2017.04.05-20.07.11:422][976]LogMemory: 
[2017.04.05-20.07.11:422][976]Allocator Stats for TBB: (not implemented)
[2017.04.05-20.07.15:938][976]LogAIModule: Creating AISystem for world TutorialMap
[2017.04.05-20.07.15:939][976]LogLoad: Game class is 'Training_Mode_C'
[2017.04.05-20.07.16:073][976]LogWorld: Bringing World /Game/LOTMaps/UEDPIE_0_TutorialMap.TutorialMap up for play (max tick rate 0) at 2017.04.06-05.07.16
[2017.04.05-20.07.16:073][976]LogWorld: Bringing up level for play took: 0.131736
[2017.04.05-20.07.16:121][976]LogLoadingSplash: Loading ends
[2017.04.05-20.07.16:121][976]LogHMD: FOculusRiftSplash::Hide
[2017.04.05-20.07.16:121][976]LogHMD: Freeing textureSet 0x000001A196B58F90
[2017.04.05-20.07.16:124][976]LogHMD: Allocated a new swap texture set (size 16 x 16, mipcount = 5), 0x000001A1264E77A0
[2017.04.05-20.07.16:133][976]LogHMD: FOculusRiftSplash::PushBlackFrame
[2017.04.05-20.07.16:133][976]LogLoad: Took 4.946484 seconds to LoadMap(/Game/LOTMaps/TutorialMap)
[2017.04.05-20.07.16:221][977]OCULUS: Error: Prediction interval too high: 0.165417 s, clamping at 0.100000 s
[2017.04.05-20.09.07:908][249]LogBlueprintUserMessages: Early EndPlayMap Detection: Level '/Game/LOTMaps/StartMap.StartMap:PersistentLevel' has LevelScriptBlueprint '/Game/LOTMaps/StartMap.StartMap:PersistentLevel.StartMap' with GeneratedClass '/Game/LOTMaps/StartMap.StartMap_C' with ClassGeneratedBy '/Game/LOTMaps/StartMap.StartMap:PersistentLevel.StartMap'
[2017.04.05-20.09.07:922][249]LogHMD: Destroying ovr session
[2017.04.05-20.09.07:922][249]LogHMD: Freeing textureSet 0x000001A1264E77A0
[2017.04.05-20.09.07:922][249]LogHMD: Freeing textureSet 0x000001A196A325D0
[2017.04.05-20.09.07:929][249]OCULUS: Info: [HMDState] Requested to SetForegroundWindow(220852ll)
[2017.04.05-20.09.08:101][249]LogBlueprintUserMessages: Late EndPlayMap Detection: Level '/Game/LOTMaps/StartMap.StartMap:PersistentLevel' has LevelScriptBlueprint '/Game/LOTMaps/StartMap.StartMap:PersistentLevel.StartMap' with GeneratedClass '/Game/LOTMaps/StartMap.StartMap_C' with ClassGeneratedBy '/Game/LOTMaps/StartMap.StartMap:PersistentLevel.StartMap'
[2017.04.05-20.11.08:245][ 90]Cmd: OBJ SAVEPACKAGE PACKAGE="/Game/LOTMaps/StartMap" FILE="../../../../../../Users/syj/Documents/lordoftank/LordOfTank/Content/LOTMaps/StartMap.umap" SILENT=true AUTOSAVING=false KEEPDIRTY=false
[2017.04.05-20.11.08:720][ 90]LogSavePackage: Save=399.88ms
[2017.04.05-20.11.08:720][ 90]LogSavePackage: Moving '../../../../../../Users/syj/Documents/lordoftank/LordOfTank/Saved/StartMap52FEB24449968A851E8ECC857E8A259B.tmp' to '../../../../../../Users/syj/Documents/lordoftank/LordOfTank/Content/LOTMaps/StartMap.umap'
[2017.04.05-20.11.08:725][ 90]LogSavePackage:Display: Finished SavePackage ../../../../../../Users/syj/Documents/lordoftank/LordOfTank/Content/LOTMaps/StartMap.umap
[2017.04.05-20.11.08:758][ 90]LogFileHelpers: Saving map 'StartMap' took 0.728
[2017.04.05-20.11.09:162][ 91]Cmd: QUIT_EDITOR
[2017.04.05-20.11.09:772][ 91]LogWindowsTextInputMethodSystem:Display: IME system now activated using TSF (Microsoft 입력기).
[2017.04.05-20.11.09:833][ 91]LogExit: Preparing to exit.
[2017.04.05-20.11.11:023][ 91]LogDirectoryWatcher: A directory notification for 'C:/Users/syj/Documents/lordoftank/LordOfTank/Content/' was aborted.
[2017.04.05-20.11.11:180][ 91]LogExit: Editor shut down
[2017.04.05-20.11.11:181][ 91]LogExit: Transaction tracking system shut down
[2017.04.05-20.11.12:168][ 91]LogObj: Freed 0b from 0 cluster array pools.
[2017.04.05-20.11.12:168][ 91]LogExit: Object subsystem successfully closed.
[2017.04.05-20.11.12:312][ 91]LogD3D11RHI: Shutdown
[2017.04.05-20.11.12:312][ 91]LogD3D11RHI: CleanupD3DDevice
[2017.04.05-20.11.12:797][ 91]LogD3D11RHI: ~FD3D11DynamicRHI
[2017.04.05-20.11.13:432][ 91]LogModuleManager: Shutting down and abandoning module LordOfTank (506)
[2017.04.05-20.11.13:432][ 91]LogModuleManager: Shutting down and abandoning module StaticMeshEditor (505)
[2017.04.05-20.11.13:433][ 91]LogModuleManager: Shutting down and abandoning module MovieSceneCapture (502)
[2017.04.05-20.11.13:433][ 91]LogModuleManager: Shutting down and abandoning module HierarchicalLODOutliner (500)
[2017.04.05-20.11.13:446][ 91]LogModuleManager: Shutting down and abandoning module CrashTracker (498)
[2017.04.05-20.11.13:446][ 91]LogModuleManager: Shutting down and abandoning module SceneOutliner (496)
[2017.04.05-20.11.13:446][ 91]LogModuleManager: Shutting down and abandoning module AddContentDialog (494)
[2017.04.05-20.11.13:477][ 91]LogDirectoryWatcher: A directory notification for 'C:/Program Files/Epic Games/UE_4.15/FeaturePacks/' was aborted.
[2017.04.05-20.11.13:875][ 91]LogModuleManager: Shutting down and abandoning module WidgetCarousel (493)
[2017.04.05-20.11.13:875][ 91]LogModuleManager: Shutting down and abandoning module EditorWidgets (490)
[2017.04.05-20.11.13:875][ 91]LogModuleManager: Shutting down and abandoning module CollectionManager (488)
[2017.04.05-20.11.13:896][ 91]LogDirectoryWatcher: A directory notification for 'C:/Users/syj/Documents/lordoftank/LordOfTank/Content/Collections/' was aborted.
[2017.04.05-20.11.13:896][ 91]LogDirectoryWatcher: A directory notification for 'C:/Users/syj/Documents/lordoftank/LordOfTank/Content/Developers/syj/Collections/' was aborted.
[2017.04.05-20.11.13:896][ 91]LogDirectoryWatcher: A directory notification for 'C:/Users/syj/Documents/lordoftank/LordOfTank/Saved/Collections/' was aborted.
[2017.04.05-20.11.13:896][ 91]LogModuleManager: Shutting down and abandoning module StatsViewer (486)
[2017.04.05-20.11.13:909][ 91]LogModuleManager: Shutting down and abandoning module FoliageEdit (484)
[2017.04.05-20.11.13:909][ 91]LogModuleManager: Shutting down and abandoning module LandscapeEditor (482)
[2017.04.05-20.11.13:918][ 91]LogModuleManager: Shutting down and abandoning module SceneDepthPickerMode (480)
[2017.04.05-20.11.13:918][ 91]LogModuleManager: Shutting down and abandoning module ActorPickerMode (478)
[2017.04.05-20.11.13:918][ 91]LogModuleManager: Shutting down and abandoning module GeometryMode (476)
[2017.04.05-20.11.13:918][ 91]LogModuleManager: Shutting down and abandoning module TextureAlignMode (474)
[2017.04.05-20.11.13:918][ 91]LogModuleManager: Shutting down and abandoning module BspMode (472)
[2017.04.05-20.11.13:922][ 91]LogModuleManager: Shutting down and abandoning module HardwareSurvey (470)
[2017.04.05-20.11.13:927][ 91]LogModuleManager: Shutting down and abandoning module SequenceRecorderSections (468)
[2017.04.05-20.11.13:933][ 91]LogModuleManager: Shutting down and abandoning module AutomationWorker (466)
[2017.04.05-20.11.13:949][ 91]LogModuleManager: Shutting down and abandoning module MatineeToLevelSequence (464)
[2017.04.05-20.11.13:951][ 91]LogModuleManager: Shutting down and abandoning module LevelSequenceEditor (462)
[2017.04.05-20.11.13:984][ 91]LogModuleManager: Shutting down and abandoning module PlacementMode (461)
[2017.04.05-20.11.13:984][ 91]LogModuleManager: Shutting down and abandoning module WmfMediaFactory (458)
[2017.04.05-20.11.13:984][ 91]LogModuleManager: Shutting down and abandoning module WmfMediaEditor (456)
[2017.04.05-20.11.13:984][ 91]LogModuleManager: Shutting down and abandoning module MfMediaFactory (454)
[2017.04.05-20.11.13:984][ 91]LogModuleManager: Shutting down and abandoning module MfMediaEditor (452)
[2017.04.05-20.11.13:984][ 91]LogModuleManager: Shutting down and abandoning module AvfMediaFactory (450)
[2017.04.05-20.11.13:984][ 91]LogModuleManager: Shutting down and abandoning module AvfMediaEditor (448)
[2017.04.05-20.11.13:984][ 91]LogModuleManager: Shutting down and abandoning module AndroidMediaFactory (446)
[2017.04.05-20.11.13:984][ 91]LogModuleManager: Shutting down and abandoning module Media (445)
[2017.04.05-20.11.13:984][ 91]LogModuleManager: Shutting down and abandoning module AndroidMediaEditor (442)
[2017.04.05-20.11.13:984][ 91]LogModuleManager: Shutting down and abandoning module CharacterAI (440)
[2017.04.05-20.11.13:984][ 91]LogModuleManager: Shutting down and abandoning module AudioCapture (438)
[2017.04.05-20.11.13:990][ 91]LogModuleManager: Shutting down and abandoning module SequenceRecorder (437)
[2017.04.05-20.11.14:006][ 91]LogModuleManager: Shutting down and abandoning module SmartSnapping (434)
[2017.04.05-20.11.14:006][ 91]LogModuleManager: Shutting down and abandoning module SessionServices (432)
[2017.04.05-20.11.14:006][ 91]LogModuleManager: Shutting down and abandoning module ViewportSnapping (430)
[2017.04.05-20.11.14:006][ 91]LogModuleManager: Shutting down and abandoning module ViewportInteraction (428)
[2017.04.05-20.11.14:006][ 91]LogModuleManager: Shutting down and abandoning module LogVisualizer (426)
[2017.04.05-20.11.14:018][ 91]LogModuleManager: Shutting down and abandoning module IntroTutorials (424)
[2017.04.05-20.11.14:027][ 91]LogModuleManager: Shutting down and abandoning module GameProjectGeneration (423)
[2017.04.05-20.11.14:048][ 91]LogModuleManager: Shutting down and abandoning module EditorLiveStreaming (420)
[2017.04.05-20.11.14:048][ 91]LogModuleManager: Shutting down and abandoning module IOSPlatformEditor (418)
[2017.04.05-20.11.14:048][ 91]LogModuleManager: Shutting down and abandoning module HTML5PlatformEditor (416)
[2017.04.05-20.11.14:048][ 91]LogModuleManager: Shutting down and abandoning module AndroidPlatformEditor (414)
[2017.04.05-20.11.14:056][ 91]LogModuleManager: Shutting down and abandoning module AndroidDeviceDetection (413)
[2017.04.05-20.11.14:408][ 91]LogModuleManager: Shutting down and abandoning module IOSRuntimeSettings (410)
[2017.04.05-20.11.14:408][ 91]LogModuleManager: Shutting down and abandoning module AndroidRuntimeSettings (408)
[2017.04.05-20.11.14:408][ 91]LogModuleManager: Shutting down and abandoning module InputBindingEditor (406)
[2017.04.05-20.11.14:415][ 91]LogModuleManager: Shutting down and abandoning module NiagaraEditor (404)
[2017.04.05-20.11.14:576][ 91]LogModuleManager: Shutting down and abandoning module MergeActors (402)
[2017.04.05-20.11.14:602][ 91]LogModuleManager: Shutting down and abandoning module SizeMap (400)
[2017.04.05-20.11.14:612][ 91]LogModuleManager: Shutting down and abandoning module TreeMap (398)
[2017.04.05-20.11.14:645][ 91]LogModuleManager: Shutting down and abandoning module ReferenceViewer (396)
[2017.04.05-20.11.14:645][ 91]LogModuleManager: Shutting down and abandoning module LocalizationDashboard (394)
[2017.04.05-20.11.14:677][ 91]LogModuleManager: Shutting down and abandoning module LocalizationService (393)
[2017.04.05-20.11.14:702][ 91]LogModuleManager: Shutting down and abandoning module HardwareTargeting (390)
[2017.04.05-20.11.14:731][ 91]LogModuleManager: Shutting down and abandoning module DeviceProfileEditor (388)
[2017.04.05-20.11.14:755][ 91]LogModuleManager: Shutting down and abandoning module UndoHistory (386)
[2017.04.05-20.11.14:765][ 91]LogModuleManager: Shutting down and abandoning module UserFeedback (384)
[2017.04.05-20.11.14:765][ 91]LogModuleManager: Shutting down and abandoning module XmlParser (382)
[2017.04.05-20.11.14:799][ 91]LogModuleManager: Shutting down and abandoning module Blutility (380)
[2017.04.05-20.11.14:837][ 91]LogModuleManager: Shutting down and abandoning module ProjectSettingsViewer (378)
[2017.04.05-20.11.14:837][ 91]LogModuleManager: Shutting down and abandoning module ProjectTargetPlatformEditor (377)
[2017.04.05-20.11.14:837][ 91]LogModuleManager: Shutting down and abandoning module EditorSettingsViewer (374)
[2017.04.05-20.11.14:837][ 91]LogModuleManager: Shutting down and abandoning module SettingsEditor (372)
[2017.04.05-20.11.14:891][ 91]LogModuleManager: Shutting down and abandoning module ProjectLauncher (370)
[2017.04.05-20.11.14:962][ 91]LogModuleManager: Shutting down and abandoning module SessionFrontend (368)
[2017.04.05-20.11.15:067][ 91]LogModuleManager: Shutting down and abandoning module ProfilerClient (366)
[2017.04.05-20.11.15:084][ 91]LogModuleManager: Shutting down and abandoning module DeviceManager (364)
[2017.04.05-20.11.15:153][ 91]LogModuleManager: Shutting down and abandoning module TargetDeviceServices (363)
[2017.04.05-20.11.15:196][ 91]LogModuleManager: Shutting down and abandoning module AutomationController (360)
[2017.04.05-20.11.15:269][ 91]LogModuleManager: Shutting down and abandoning module AutomationWindow (358)
[2017.04.05-20.11.15:286][ 91]LogModuleManager: Shutting down and abandoning module Layers (356)
[2017.04.05-20.11.15:340][ 91]LogModuleManager: Shutting down and abandoning module ComponentVisualizers (354)
[2017.04.05-20.11.15:340][ 91]LogModuleManager: Shutting down and abandoning module DetailCustomizations (352)
[2017.04.05-20.11.15:361][ 91]LogModuleManager: Shutting down and abandoning module PackagesDialog (350)
[2017.04.05-20.11.15:361][ 91]LogModuleManager: Shutting down and abandoning module Persona (348)
[2017.04.05-20.11.15:423][ 91]LogModuleManager: Shutting down and abandoning module AnimGraph (347)
[2017.04.05-20.11.15:423][ 91]LogModuleManager: Shutting down and abandoning module Kismet (344)
[2017.04.05-20.11.15:424][ 91]LogModuleManager: Shutting down and abandoning module GraphEditor (342)
[2017.04.05-20.11.15:424][ 91]LogModuleManager: Shutting down and abandoning module ClassViewer (340)
[2017.04.05-20.11.15:425][ 91]LogModuleManager: Shutting down and abandoning module Toolbox (338)
[2017.04.05-20.11.15:457][ 91]LogModuleManager: Shutting down and abandoning module ModuleUI (336)
[2017.04.05-20.11.15:526][ 91]LogModuleManager: Shutting down and abandoning module MovieSceneTools (334)
[2017.04.05-20.11.15:542][ 91]LogModuleManager: Shutting down and abandoning module OutputLog (332)
[2017.04.05-20.11.15:581][ 91]LogModuleManager: Shutting down and abandoning module GammaUI (330)
[2017.04.05-20.11.15:602][ 91]LogModuleManager: Shutting down and abandoning module Documentation (328)
[2017.04.05-20.11.15:602][ 91]LogModuleManager: Shutting down and abandoning module Niagara (326)
[2017.04.05-20.11.15:602][ 91]LogModuleManager: Shutting down and abandoning module StreamingPauseRendering (324)
[2017.04.05-20.11.15:602][ 91]LogModuleManager: Shutting down and abandoning module AnalyticsET (322)
[2017.04.05-20.11.15:602][ 91]LogModuleManager: Shutting down and abandoning module PortalServices (320)
[2017.04.05-20.11.15:602][ 91]LogModuleManager: Shutting down and abandoning module PortalRpc (318)
[2017.04.05-20.11.15:602][ 91]LogModuleManager: Shutting down and abandoning module MessagingRpc (316)
[2017.04.05-20.11.15:602][ 91]LogModuleManager: Shutting down and abandoning module AIModule (314)
[2017.04.05-20.11.15:617][ 91]LogModuleManager: Shutting down and abandoning module GameplayDebugger (313)
[2017.04.05-20.11.15:638][ 91]LogModuleManager: Shutting down and abandoning module AITestSuite (311)
[2017.04.05-20.11.15:638][ 91]LogModuleManager: Shutting down and abandoning module ProfilerService (308)
[2017.04.05-20.11.15:660][ 91]LogModuleManager: Shutting down and abandoning module TaskGraph (306)
[2017.04.05-20.11.15:797][ 91]LogModuleManager: Shutting down and abandoning module SteamVRController (304)
[2017.04.05-20.11.15:797][ 91]LogModuleManager: Shutting down and abandoning module SteamVR (302)
[2017.04.05-20.11.15:808][ 91]LogModuleManager: Shutting down and abandoning module ProceduralMeshComponentEditor (300)
[2017.04.05-20.11.15:808][ 91]LogModuleManager: Shutting down and abandoning module ProceduralMeshComponent (298)
[2017.04.05-20.11.15:821][ 91]LogModuleManager: Shutting down and abandoning module OculusLibrary (296)
[2017.04.05-20.11.15:821][ 91]LogModuleManager: Shutting down and abandoning module OculusInput (294)
[2017.04.05-20.11.15:821][ 91]LogModuleManager: Shutting down and abandoning module MobilePatchingUtils (292)
[2017.04.05-20.11.15:821][ 91]LogModuleManager: Shutting down and abandoning module CustomMeshComponent (290)
[2017.04.05-20.11.15:821][ 91]LogModuleManager: Shutting down and abandoning module CableComponent (288)
[2017.04.05-20.11.15:850][ 91]LogModuleManager: Shutting down and abandoning module ArchVisCharacter (286)
[2017.04.05-20.11.15:850][ 91]LogModuleManager: Shutting down and abandoning module MediaPlayerEditor (282)
[2017.04.05-20.11.15:918][ 91]LogModuleManager: Shutting down and abandoning module HTML5Networking (280)
[2017.04.05-20.11.15:918][ 91]LogModuleManager: Shutting down and abandoning module AlembicImporter (278)
[2017.04.05-20.11.15:933][ 91]LogModuleManager: Shutting down and abandoning module AlembicLibrary (277)
[2017.04.05-20.11.15:933][ 91]LogModuleManager: Shutting down and abandoning module GeometryCache (276)
[2017.04.05-20.11.15:967][ 91]LogModuleManager: Shutting down and abandoning module GeometryCacheEd (275)
[2017.04.05-20.11.15:967][ 91]LogModuleManager: Shutting down and abandoning module SuperSearchEditor (270)
[2017.04.05-20.11.15:967][ 91]LogModuleManager: Shutting down and abandoning module SuperSearch (269)
[2017.04.05-20.11.15:967][ 91]LogModuleManager: Shutting down and abandoning module SpeedTreeImporter (266)
[2017.04.05-20.11.15:967][ 91]LogModuleManager: Shutting down and abandoning module PluginBrowser (264)
[2017.04.05-20.11.16:153][ 91]LogModuleManager: Shutting down and abandoning module MobileLauncherProfileWizard (262)
[2017.04.05-20.11.16:263][ 91]LogModuleManager: Shutting down and abandoning module EpicSurvey (260)
[2017.04.05-20.11.16:264][ 91]LogModuleManager: Shutting down and abandoning module VisualStudioSourceCodeAccess (258)
[2017.04.05-20.11.16:264][ 91]LogModuleManager: Shutting down and abandoning module DesktopPlatform (257)
[2017.04.05-20.11.16:264][ 91]LogModuleManager: Shutting down and abandoning module UObjectPlugin (254)
[2017.04.05-20.11.16:264][ 91]LogModuleManager: Shutting down and abandoning module SubversionSourceControl (252)
[2017.04.05-20.11.16:309][ 91]LogModuleManager: Shutting down and abandoning module PerforceSourceControl (250)
[2017.04.05-20.11.16:363][ 91]LogModuleManager: Shutting down and abandoning module GitSourceControl (248)
[2017.04.05-20.11.16:392][ 91]LogModuleManager: Shutting down and abandoning module SourceControl (247)
[2017.04.05-20.11.16:430][ 91]LogModuleManager: Shutting down and abandoning module LightPropagationVolumeEditor (244)
[2017.04.05-20.11.16:431][ 91]LogModuleManager: Shutting down and abandoning module PaperTiledImporter (242)
[2017.04.05-20.11.16:431][ 91]LogModuleManager: Shutting down and abandoning module PaperSpriteSheetImporter (240)
[2017.04.05-20.11.16:431][ 91]LogModuleManager: Shutting down and abandoning module Paper2DEditor (238)
[2017.04.05-20.11.16:523][ 91]LogModuleManager: Shutting down and abandoning module MeshPaint (237)
[2017.04.05-20.11.16:549][ 91]LogModuleManager: Shutting down and abandoning module LevelEditor (235)
[2017.04.05-20.11.16:598][ 91]LogModuleManager: Shutting down and abandoning module PixelInspectorModule (234)
[2017.04.05-20.11.16:704][ 91]LogModuleManager: Shutting down and abandoning module MainFrame (232)
[2017.04.05-20.11.16:704][ 91]LogModuleManager: Shutting down and abandoning module HotReload (231)
[2017.04.05-20.11.16:704][ 91]LogDirectoryWatcher: A directory notification for 'C:/Users/syj/Documents/lordoftank/LordOfTank/Binaries/Win64' was aborted.
[2017.04.05-20.11.16:727][ 91]LogModuleManager: Shutting down and abandoning module ContentBrowser (227)
[2017.04.05-20.11.16:728][ 91]LogModuleManager: Shutting down and abandoning module PhysXVehiclesEditor (222)
[2017.04.05-20.11.16:734][ 91]LogModuleManager: Shutting down and abandoning module PhysXVehicles (220)
[2017.04.05-20.11.16:734][ 91]LogModuleManager: Shutting down and abandoning module LocationServicesBPLibrary (218)
[2017.04.05-20.11.16:734][ 91]LogModuleManager: Shutting down and abandoning module UdpMessaging (216)
[2017.04.05-20.11.16:955][ 91]LogModuleManager: Shutting down and abandoning module TcpMessaging (214)
[2017.04.05-20.11.17:246][ 91]LogModuleManager: Shutting down and abandoning module GameplayTagsEditor (212)
[2017.04.05-20.11.17:280][ 91]LogModuleManager: Shutting down and abandoning module FacialAnimationEditor (210)
[2017.04.05-20.11.17:296][ 91]LogModuleManager: Shutting down and abandoning module FacialAnimation (208)
[2017.04.05-20.11.17:296][ 91]LogModuleManager: Shutting down and abandoning module LightPropagationVolumeRuntime (206)
[2017.04.05-20.11.17:296][ 91]LogModuleManager: Shutting down and abandoning module Paper2D (204)
[2017.04.05-20.11.17:312][ 91]LogModuleManager: Shutting down and abandoning module WindowsMoviePlayer (202)
[2017.04.05-20.11.17:325][ 91]LogModuleManager: Shutting down and abandoning module WmfMedia (200)
[2017.04.05-20.11.17:349][ 91]LogModuleManager: Shutting down and abandoning module MfMedia (198)
[2017.04.05-20.11.17:349][ 91]LogModuleManager: Shutting down and abandoning module MediaAssets (196)
[2017.04.05-20.11.17:349][ 91]LogModuleManager: Shutting down and abandoning module GameLiveStreaming (194)
[2017.04.05-20.11.17:364][ 91]LogModuleManager: Shutting down and abandoning module VREditor (192)
[2017.04.05-20.11.17:365][ 91]LogModuleManager: Shutting down and abandoning module GameplayTasksEditor (190)
[2017.04.05-20.11.17:365][ 91]LogModuleManager: Shutting down and abandoning module BehaviorTreeEditor (188)
[2017.04.05-20.11.17:380][ 91]LogModuleManager: Shutting down and abandoning module FunctionalTesting (186)
[2017.04.05-20.11.17:380][ 91]LogModuleManager: Shutting down and abandoning module CollisionAnalyzer (184)
[2017.04.05-20.11.17:394][ 91]LogModuleManager: Shutting down and abandoning module UMG (182)
[2017.04.05-20.11.17:408][ 91]LogModuleManager: Shutting down and abandoning module UMGEditor (181)
[2017.04.05-20.11.17:460][ 91]LogModuleManager: Shutting down and abandoning module Sequencer (180)
[2017.04.05-20.11.17:491][ 91]LogModuleManager: Shutting down and abandoning module AssetTools (178)
[2017.04.05-20.11.17:659][ 91]LogModuleManager: Shutting down and abandoning module MessageLog (177)
[2017.04.05-20.11.17:659][ 91]LogModuleManager: Shutting down and abandoning module WorkspaceMenuStructure (176)
[2017.04.05-20.11.17:659][ 91]LogModuleManager: Shutting down and abandoning module SlateReflector (170)
[2017.04.05-20.11.17:724][ 91]LogModuleManager: Shutting down and abandoning module Slate (168)
[2017.04.05-20.11.17:724][ 91]LogModuleManager: Shutting down and abandoning module EditorStyle (166)
[2017.04.05-20.11.17:747][ 91]LogModuleManager: Shutting down and abandoning module SourceCodeAccess (164)
[2017.04.05-20.11.17:762][ 91]LogModuleManager: Shutting down and abandoning module HeadMountedDisplay (162)
[2017.04.05-20.11.17:763][ 91]LogModuleManager: Shutting down and abandoning module XAudio2 (160)
[2017.04.05-20.11.17:763][ 91]LogModuleManager: Shutting down and abandoning module Networking (158)
[2017.04.05-20.11.17:763][ 91]LogModuleManager: Shutting down and abandoning module Core (154)
[2017.04.05-20.11.17:763][ 91]LogModuleManager: Shutting down and abandoning module AssetRegistry (152)
[2017.04.05-20.11.18:134][ 91]LogDirectoryWatcher: A directory notification for '../../../Engine/Content/' was aborted.
[2017.04.05-20.11.18:134][ 91]LogDirectoryWatcher: A directory notification for '../../../../../../Users/syj/Documents/lordoftank/LordOfTank/Content/' was aborted.
[2017.04.05-20.11.18:134][ 91]LogDirectoryWatcher: A directory notification for '../../../Engine/Plugins/2D/Paper2D/Content/' was aborted.
[2017.04.05-20.11.18:143][ 91]LogModuleManager: Shutting down and abandoning module DirectoryWatcher (151)
[2017.04.05-20.11.18:148][ 91]LogModuleManager: Shutting down and abandoning module KismetCompiler (148)
[2017.04.05-20.11.18:148][ 91]LogModuleManager: Shutting down and abandoning module PhysXFormats (146)
[2017.04.05-20.11.18:148][ 91]LogModuleManager: Shutting down and abandoning module MeshUtilities (144)
[2017.04.05-20.11.18:200][ 91]LogModuleManager: Shutting down and abandoning module SimplygonSwarm (143)
[2017.04.05-20.11.18:219][ 91]LogModuleManager: Shutting down and abandoning module SimplygonMeshReduction (141)
[2017.04.05-20.11.18:219][ 91]LogModuleManager: Shutting down and abandoning module QuadricMeshReduction (139)
[2017.04.05-20.11.18:227][ 91]LogModuleManager: Shutting down and abandoning module PropertyEditor (137)
[2017.04.05-20.11.18:227][ 91]LogModuleManager: Shutting down and abandoning module DerivedDataCache (134)
[2017.04.05-20.11.18:229][ 91]LogDerivedDataCache: Shutdown
[2017.04.05-20.11.18:229][ 91]LogModuleManager: Shutting down and abandoning module TargetPlatform (132)
[2017.04.05-20.11.18:229][ 91]LogModuleManager: Shutting down and abandoning module VulkanShaderFormat (131)
[2017.04.05-20.11.18:267][ 91]LogModuleManager: Shutting down and abandoning module ShaderFormatOpenGL (129)
[2017.04.05-20.11.18:282][ 91]LogModuleManager: Shutting down and abandoning module ShaderFormatD3D (127)
[2017.04.05-20.11.18:295][ 91]LogModuleManager: Shutting down and abandoning module MetalShaderFormat (125)
[2017.04.05-20.11.18:301][ 91]LogModuleManager: Shutting down and abandoning module TextureFormatUncompressed (123)
[2017.04.05-20.11.18:301][ 91]LogModuleManager: Shutting down and abandoning module TextureFormatPVR (121)
[2017.04.05-20.11.18:301][ 91]LogModuleManager: Shutting down and abandoning module TextureFormatDXT (119)
[2017.04.05-20.11.18:308][ 91]LogModuleManager: Shutting down and abandoning module TextureFormatIntelISPCTexComp (117)
[2017.04.05-20.11.18:333][ 91]LogModuleManager: Shutting down and abandoning module TextureFormatASTC (115)
[2017.04.05-20.11.18:333][ 91]LogModuleManager: Shutting down and abandoning module ImageWrapper (114)
[2017.04.05-20.11.18:333][ 91]LogModuleManager: Shutting down and abandoning module TextureFormatAndroid (111)
[2017.04.05-20.11.18:333][ 91]LogModuleManager: Shutting down and abandoning module AudioFormatOpus (109)
[2017.04.05-20.11.18:337][ 91]LogModuleManager: Shutting down and abandoning module AudioFormatOgg (107)
[2017.04.05-20.11.18:337][ 91]LogModuleManager: Shutting down and abandoning module AudioFormatADPCM (105)
[2017.04.05-20.11.18:337][ 91]LogModuleManager: Shutting down and abandoning module LinuxTargetPlatform (103)
[2017.04.05-20.11.18:337][ 91]LogModuleManager: Shutting down and abandoning module LinuxServerTargetPlatform (101)
[2017.04.05-20.11.18:338][ 91]LogModuleManager: Shutting down and abandoning module LinuxNoEditorTargetPlatform (99)
[2017.04.05-20.11.18:338][ 91]LogModuleManager: Shutting down and abandoning module LinuxClientTargetPlatform (97)
[2017.04.05-20.11.18:338][ 91]LogModuleManager: Shutting down and abandoning module TVOSTargetPlatform (95)
[2017.04.05-20.11.18:338][ 91]LogModuleManager: Shutting down and abandoning module Messaging (93)
[2017.04.05-20.11.18:338][ 91]LogModuleManager: Shutting down and abandoning module IOSTargetPlatform (91)
[2017.04.05-20.11.18:338][ 91]LogModuleManager: Shutting down and abandoning module HTML5TargetPlatform (89)
[2017.04.05-20.11.18:338][ 91]LogModuleManager: Shutting down and abandoning module Android_PVRTCTargetPlatform (87)
[2017.04.05-20.11.18:338][ 91]LogModuleManager: Shutting down and abandoning module Android_MultiTargetPlatform (85)
[2017.04.05-20.11.18:338][ 91]LogModuleManager: Shutting down and abandoning module Android_ETC2TargetPlatform (83)
[2017.04.05-20.11.18:338][ 91]LogModuleManager: Shutting down and abandoning module Android_ETC1TargetPlatform (81)
[2017.04.05-20.11.18:338][ 91]LogModuleManager: Shutting down and abandoning module Android_DXTTargetPlatform (79)
[2017.04.05-20.11.18:338][ 91]LogModuleManager: Shutting down and abandoning module Android_ATCTargetPlatform (77)
[2017.04.05-20.11.18:338][ 91]LogModuleManager: Shutting down and abandoning module Android_ASTCTargetPlatform (75)
[2017.04.05-20.11.18:338][ 91]LogModuleManager: Shutting down and abandoning module AndroidTargetPlatform (73)
[2017.04.05-20.11.18:338][ 91]LogModuleManager: Shutting down and abandoning module WindowsTargetPlatform (71)
[2017.04.05-20.11.18:338][ 91]LogModuleManager: Shutting down and abandoning module WindowsServerTargetPlatform (69)
[2017.04.05-20.11.18:338][ 91]LogModuleManager: Shutting down and abandoning module WindowsNoEditorTargetPlatform (67)
[2017.04.05-20.11.18:338][ 91]LogModuleManager: Shutting down and abandoning module WindowsClientTargetPlatform (65)
[2017.04.05-20.11.18:338][ 91]LogModuleManager: Shutting down and abandoning module MacTargetPlatform (63)
[2017.04.05-20.11.18:338][ 91]LogModuleManager: Shutting down and abandoning module MacServerTargetPlatform (61)
[2017.04.05-20.11.18:338][ 91]LogModuleManager: Shutting down and abandoning module MacNoEditorTargetPlatform (59)
[2017.04.05-20.11.18:338][ 91]LogModuleManager: Shutting down and abandoning module MacClientTargetPlatform (57)
[2017.04.05-20.11.18:338][ 91]LogModuleManager: Shutting down and abandoning module AllDesktopTargetPlatform (55)
[2017.04.05-20.11.18:338][ 91]LogModuleManager: Shutting down and abandoning module InputCore (52)
[2017.04.05-20.11.18:338][ 91]LogModuleManager: Shutting down and abandoning module Settings (50)
[2017.04.05-20.11.18:338][ 91]LogModuleManager: Shutting down and abandoning module OculusRift (48)
[2017.04.05-20.11.18:339][ 91]LogHMD: Oculus shutdown.
[2017.04.05-20.11.18:339][ 91]LogModuleManager: Shutting down and abandoning module GearVR (46)
[2017.04.05-20.11.18:339][ 91]LogModuleManager: Shutting down and abandoning module ExampleDeviceProfileSelector (44)
[2017.04.05-20.11.18:339][ 91]LogModuleManager: Shutting down and abandoning module OnlineBlueprintSupport (42)
[2017.04.05-20.11.18:339][ 91]LogModuleManager: Shutting down and abandoning module OnlineSubsystem (38)
[2017.04.05-20.11.18:339][ 91]LogOnline:Display: Unloading online subsystem: NULL
[2017.04.05-20.11.18:353][ 91]LogModuleManager: Shutting down and abandoning module XMPP (37)
[2017.04.05-20.11.18:363][ 91]LogModuleManager: Shutting down and abandoning module HTTP (35)
[2017.04.05-20.11.18:365][ 91]LogHttp:Display: Http module shutting down, but needs to wait on 1 outstanding Http requests:
[2017.04.05-20.11.18:365][ 91]LogHttp:Display: 	verb=[POST] url=[https://datarouter.ol.epicgames.com/datarouter/api/v1/public/data?SessionID=%7B8A51A8E8-48EA-6AC4-AA04-DEAF883FFE04%7D&AppID=UEEditor.Rocket.Release&AppVersion=4.15.1-3348071%2B%2B%2BUE4%2BRelease-4.15&UserID=b7af4be64c2f7f90e80caf93515ecd3d%7C625225da24bf49bd9dcc94f8eb08c150%7C1e33b659-c911-4b61-b646-24cd5b71aa09&AppEnvironment=datacollector-binary&UploadType=eteventstream] status=Processing
[2017.04.05-20.11.18:485][ 91]LogModuleManager: Shutting down and abandoning module SSL (34)
[2017.04.05-20.11.18:600][ 91]LogModuleManager: Shutting down and abandoning module AudioEditor (30)
[2017.04.05-20.11.18:608][ 91]LogModuleManager: Shutting down and abandoning module TextureCompressor (28)
[2017.04.05-20.11.18:628][ 91]LogModuleManager: Shutting down and abandoning module ShaderCore (26)
[2017.04.05-20.11.18:628][ 91]LogModuleManager: Shutting down and abandoning module Landscape (24)
[2017.04.05-20.11.18:628][ 91]LogModuleManager: Shutting down and abandoning module SlateRHIRenderer (22)
[2017.04.05-20.11.18:648][ 91]LogModuleManager: Shutting down and abandoning module OpenGLDrv (20)
[2017.04.05-20.11.18:652][ 91]LogModuleManager: Shutting down and abandoning module D3D11RHI (18)
[2017.04.05-20.11.18:652][ 91]LogModuleManager: Shutting down and abandoning module AnimGraphRuntime (16)
[2017.04.05-20.11.18:661][ 91]LogModuleManager: Shutting down and abandoning module Renderer (14)
[2017.04.05-20.11.18:661][ 91]LogModuleManager: Shutting down and abandoning module Engine (12)
[2017.04.05-20.11.18:661][ 91]LogModuleManager: Shutting down and abandoning module CoreUObject (10)
[2017.04.05-20.11.18:661][ 91]LogModuleManager: Shutting down and abandoning module NetworkFile (8)
[2017.04.05-20.11.18:666][ 91]LogModuleManager: Shutting down and abandoning module StreamingFile (6)
[2017.04.05-20.11.18:671][ 91]LogModuleManager: Shutting down and abandoning module SandboxFile (4)
[2017.04.05-20.11.18:671][ 91]LogModuleManager: Shutting down and abandoning module PakFile (2)
[2017.04.05-20.11.18:698][ 91]LogExit: Exiting.
[2017.04.05-20.11.18:711][ 91]Log file closed, 04/06/17 05:11:18
