Log file open, 05/01/17 02:11:23
LogInit:Display: Running engine for game: LordOfTank
LogPlatformFile: Not using cached read wrapper
LogInit:Display: RandInit(1475930643) SRandInit(1475930643).
LogTaskGraph: Started task graph with 5 named threads and 8 total threads with 1 sets of task threads.
LogStats: Stats thread started at 0.085905
LogInit: Using libcurl 7.47.1
LogInit:  - built for x86_64-pc-win32
LogInit:  - supports SSL with OpenSSL/1.0.2g
LogInit:  - supports HTTP deflate (compression) using libz 1.2.8
LogInit:  - other features:
LogInit:      CURL_VERSION_SSL
LogInit:      CURL_VERSION_LIBZ
LogInit:      CURL_VERSION_IPV6
LogInit:      CURL_VERSION_ASYNCHDNS
LogInit:      CURL_VERSION_LARGEFILE
LogInit:      CURL_VERSION_IDN
LogInit:  CurlRequestOptions (configurable via config and command line):
LogInit:  - bVerifyPeer = false  - Libcurl will NOT verify peer certificate
LogInit:  - bUseHttpProxy = false  - Libcurl will NOT use HTTP proxy
LogInit:  - bDontReuseConnections = false  - Libcurl will reuse connections
LogInit:  - CertBundlePath = nullptr  - Libcurl will use whatever was configured at build time.
OCULUS: Info: [CAPI] LibOVR module is located at C:\Program Files\Oculus\Support\oculus-runtime\LibOVRRT64_1.dll
OCULUS: Debug: Connected to the server running version (prod = 1).1.14.0(build = 378771) feature version = 0. Client runs version (prod = 1).1.14.0(build = 378771) feature version = 0
LogHMD: GearVR: Emulating GearVR using Oculus Rift!
LogInit: Build: ++UE4+Release-4.15-CL-3348071
LogInit: Engine Version: 4.15.1-3348071+++UE4+Release-4.15
LogInit: Compatible Engine Version: 4.15.0-3299760+++UE4+Release-4.15
LogInit: Net CL: 3299760
LogDevObjectVersion: Number of dev versions registered: 14
LogDevObjectVersion:   Dev-Blueprints (B0D832E4-1F89-4F0D-ACCF-7EB736FD4AA2): 8
LogDevObjectVersion:   Dev-Build (E1C64328-A22C-4D53-A36C-8E866417BD8C): 0
LogDevObjectVersion:   Dev-Core (375EC13C-06E4-48FB-B500-84F0262A717E): 2
LogDevObjectVersion:   Dev-Editor (E4B068ED-F494-42E9-A231-DA0B2E46BB41): 14
LogDevObjectVersion:   Dev-Framework (CFFC743F-43B0-4480-9391-14DF171D2073): 22
LogDevObjectVersion:   Dev-Mobile (B02B49B5-BB20-44E9-A304-32B752E40360): 0
LogDevObjectVersion:   Dev-Networking (A4E4105C-59A1-49B5-A7C5-40C4547EDFEE): 0
LogDevObjectVersion:   Dev-Online (39C831C9-5AE6-47DC-9A44-9C173E1C8E7C): 0
LogDevObjectVersion:   Dev-Physics (78F01B33-EBEA-4F98-B9B4-84EACCB95AA2): 0
LogDevObjectVersion:   Dev-Platform (6631380F-2D4D-43E0-8009-CF276956A95A): 0
LogDevObjectVersion:   Dev-Rendering (12F88B9F-8875-4AFC-A67C-D90C383ABD29): 12
LogDevObjectVersion:   Dev-Sequencer (7B5AE74C-D270-4C10-A958-57980B212A5A): 3
LogDevObjectVersion:   Dev-VR (D7296918-1DD6-4BDD-9DE2-64A83CC13884): 0
LogDevObjectVersion:   Dev-LoadTimes (C2A15278-BFE7-4AFE-6C17-90FF531DF755): 1
LogInit: Compiled (64-bit): Mar 15 2017 16:52:47
LogInit: Compiled with Visual C++: 19.00.23026.00
LogInit: Build Configuration: Development
LogInit: Branch Name: ++UE4+Release-4.15
LogInit: Command line:  
LogInit: Base directory: C:/Program Files/Epic Games/UE_4.15/Engine/Binaries/Win64/
LogInit: Installed Engine Build: 1
LogInit: Presizing for max 8388607 objects, including 0 objects not considered by GC, pre-allocating 0 bytes for permanent pool.
LogInit: Object subsystem initialized
[2017.04.30-17.11.26:908][  0]LogInit: Selected Device Profile: [Windows]
[2017.04.30-17.11.26:908][  0]LogInit: Applying CVar settings loaded from the selected device profile: [Windows]
[2017.04.30-17.11.26:970][  0]LogInit: Computer: DESKTOP-QGBNOPV
[2017.04.30-17.11.26:970][  0]LogInit: User: syj
[2017.04.30-17.11.26:970][  0]LogInit: CPU Page size=65536, Cores=4
[2017.04.30-17.11.26:970][  0]LogInit: High frequency timer resolution =3.416987 MHz
[2017.04.30-17.11.26:970][  0]LogMemory: Memory total: Physical=7.9GB (8GB approx)
[2017.04.30-17.11.26:970][  0]LogMemory: Platform Memory Stats for Windows
[2017.04.30-17.11.26:970][  0]LogMemory: Process Physical Memory: 270.60 MB used, 270.60 MB peak
[2017.04.30-17.11.26:970][  0]LogMemory: Process Virtual Memory: 265.58 MB used, 265.58 MB peak
[2017.04.30-17.11.26:970][  0]LogMemory: Physical Memory: 3966.76 MB used,  4144.30 MB free, 8111.06 MB total
[2017.04.30-17.11.26:970][  0]LogMemory: Virtual Memory: 681.15 MB used,  4144.30 MB free, 134217728.00 MB total
[2017.04.30-17.11.27:960][  0]LogTextLocalizationManager: No specific translations for ('ko-KR') exist, so ('ko') translations will be used.
[2017.04.30-17.11.28:074][  0]LogTextLocalizationManager:Warning: Loaded localization resources contain conflicting entries for (Namespace:KismetSchema, Key:Default):
Localization Resource: (C:/Program Files/Epic Games/UE_4.15/Engine/Content/Localization/EditorTutorials/ko/EditorTutorials.locres) Source String Hash: (940523119) Localized String: (디폴트)
Localization Resource: (C:/Program Files/Epic Games/UE_4.15/Engine/Content/Localization/Engine/ko/Engine.locres) Source String Hash: (940523119) Localized String: (기본)
[2017.04.30-17.11.28:074][  0]LogTextLocalizationManager:Warning: Loaded localization resources contain conflicting entries for (Namespace:UObjectToolTips, Key:AnimNode_AssetPlayerBase:InternalTimeAccumulator):
Localization Resource: (C:/Program Files/Epic Games/UE_4.15/Engine/Content/Localization/EditorTutorials/ko/EditorTutorials.locres) Source String Hash: (502993589) Localized String: (이 노드에서 애셋을 레퍼런싱하는 데 사용되는 누적 시간입니다.)
Localization Resource: (C:/Program Files/Epic Games/UE_4.15/Engine/Content/Localization/ToolTips/ko/ToolTips.locres) Source String Hash: (502993589) Localized String: (내부 시간 누산기 - 이 노드에서 애셋을 레퍼런싱하는 데 사용된 누적 시간입니다.)
Localization Resource: (C:/Program Files/Epic Games/UE_4.15/Engine/Content/Localization/Engine/ko/Engine.locres) Source String Hash: (502993589) Localized String: (이 노드에서 애셋을 레퍼런싱하는 데 사용된 누적 시간입니다.)
[2017.04.30-17.11.28:074][  0]LogTextLocalizationManager:Warning: Loaded localization resources contain conflicting entries for (Namespace:UObjectToolTips, Key:AnimNode_AssetPlayerBase:bIgnoreForRelevancyTest):
Localization Resource: (C:/Program Files/Epic Games/UE_4.15/Engine/Content/Localization/EditorTutorials/ko/EditorTutorials.locres) Source String Hash: (319969718) Localized String: (True 면, 스테이트에서 최고 가중치 애니메이션을 찾는 "Relevant anim" 노드는 이 노드를 무시합니다.
 )
Localization Resource: (C:/Program Files/Epic Games/UE_4.15/Engine/Content/Localization/ToolTips/ko/ToolTips.locres) Source String Hash: (319969718) Localized String: (연관성 테스트에 무시 - true 인 경우 스테이트 내 최고 웨이팅된 애니메이션을 찾는 "Relevant anim" (연관 애님) 노드가
이 노드를 무시합니다.)
Localization Resource: (C:/Program Files/Epic Games/UE_4.15/Engine/Content/Localization/Engine/ko/Engine.locres) Source String Hash: (319969718) Localized String: (True 면 스테이트 내 최고 웨이팅된 애니메이션을 찾는 "Relevant anim" 노드가 무시됩니다.
 )
[2017.04.30-17.11.28:074][  0]LogTextLocalizationManager:Warning: Loaded localization resources contain conflicting entries for (Namespace:UObjectToolTips, Key:AnimNode_AssetPlayerBase:BlendWeight):
Localization Resource: (C:/Program Files/Epic Games/UE_4.15/Engine/Content/Localization/EditorTutorials/ko/EditorTutorials.locres) Source String Hash: (-1232800293) Localized String: (이 노드에 마지막 걸린 블렌드웨이트 입니다.)
Localization Resource: (C:/Program Files/Epic Games/UE_4.15/Engine/Content/Localization/ToolTips/ko/ToolTips.locres) Source String Hash: (-1232800293) Localized String: (블렌드 웨이트 - 이 노드에 대해 마지막으로 접한 블렌드 웨이트입니다.)
Localization Resource: (C:/Program Files/Epic Games/UE_4.15/Engine/Content/Localization/Engine/ko/Engine.locres) Source String Hash: (-1232800293) Localized String: (이 노드에 대해 마지막 접한 블렌드 웨이트)
[2017.04.30-17.11.28:074][  0]LogTextLocalizationManager:Warning: Loaded localization resources contain conflicting entries for (Namespace:UObjectToolTips, Key:AnimNode_BlendSpacePlayer:bLoop):
Localization Resource: (C:/Program Files/Epic Games/UE_4.15/Engine/Content/Localization/EditorTutorials/ko/EditorTutorials.locres) Source String Hash: (2133979316) Localized String: (애니메이션이 끝까지 재생되면 반복할까요?)
Localization Resource: (C:/Program Files/Epic Games/UE_4.15/Engine/Content/Localization/ToolTips/ko/ToolTips.locres) Source String Hash: (2133979316) Localized String: (루프 - 애니메이션이 끝에 도달했을 때 계속 반복할까요?)
[2017.04.30-17.11.28:074][  0]LogTextLocalizationManager:Warning: Loaded localization resources contain conflicting entries for (Namespace:UObjectToolTips, Key:AnimNode_StateMachine:bSkipFirstUpdateTransition):
Localization Resource: (C:/Program Files/Epic Games/UE_4.15/Engine/Content/Localization/EditorTutorials/ko/EditorTutorials.locres) Source String Hash: (1865475011) Localized String: (첫 업데이트시 도입 상태에서의 트랜지션을 건너뛸까요? 
기본은 true 로, 첫 업데이트시에는 트랜지션 데이터를 버립니다.)
Localization Resource: (C:/Program Files/Epic Games/UE_4.15/Engine/Content/Localization/ToolTips/ko/ToolTips.locres) Source String Hash: (1865475011) Localized String: (첫 번째 업데이트 트랜지션 건너뛰기 - 첫 번째 업데이트에서 입력 스테이트의 트랜지션을 건너뜁니까?
디폴트는 true 고 첫 번째 업데이트의 트랜지션 데이터를 버립니다.)
[2017.04.30-17.11.28:074][  0]LogTextLocalizationManager:Warning: Loaded localization resources contain conflicting entries for (Namespace:UObjectToolTips, Key:AnimNode_BlendSpacePlayer:X):
Localization Resource: (C:/Program Files/Epic Games/UE_4.15/Engine/Content/Localization/EditorTutorials/ko/EditorTutorials.locres) Source String Hash: (2060772590) Localized String: (블렌드스페이스에서 샘플링할 X 좌표입니다.)
Localization Resource: (C:/Program Files/Epic Games/UE_4.15/Engine/Content/Localization/ToolTips/ko/ToolTips.locres) Source String Hash: (2060772590) Localized String: (X - 블렌드스페이스 샘플의 X 좌표입니다.)
[2017.04.30-17.11.28:074][  0]LogTextLocalizationManager:Warning: Loaded localization resources contain conflicting entries for (Namespace:UObjectToolTips, Key:AnimNode_BlendSpacePlayer:Y):
Localization Resource: (C:/Program Files/Epic Games/UE_4.15/Engine/Content/Localization/EditorTutorials/ko/EditorTutorials.locres) Source String Hash: (-1719607538) Localized String: (블렌드스페이스에서 샘플링할 Y 좌표입니다.)
Localization Resource: (C:/Program Files/Epic Games/UE_4.15/Engine/Content/Localization/ToolTips/ko/ToolTips.locres) Source String Hash: (-1719607538) Localized String: (Y - 블렌드스페이스 샘플의 Y 좌표입니다.)
[2017.04.30-17.11.28:074][  0]LogTextLocalizationManager:Warning: Loaded localization resources contain conflicting entries for (Namespace:UObjectToolTips, Key:AnimNode_BlendSpacePlayer:Z):
Localization Resource: (C:/Program Files/Epic Games/UE_4.15/Engine/Content/Localization/EditorTutorials/ko/EditorTutorials.locres) Source String Hash: (1728943471) Localized String: (블렌드스페이스에서 샘플링할 Z 좌표입니다.)
Localization Resource: (C:/Program Files/Epic Games/UE_4.15/Engine/Content/Localization/ToolTips/ko/ToolTips.locres) Source String Hash: (1728943471) Localized String: (Z - 블렌드스페이스 샘플의 Z 좌표입니다.)
[2017.04.30-17.11.28:074][  0]LogTextLocalizationManager:Warning: Loaded localization resources contain conflicting entries for (Namespace:UObjectToolTips, Key:AnimNode_BlendSpacePlayer:BlendSpace):
Localization Resource: (C:/Program Files/Epic Games/UE_4.15/Engine/Content/Localization/EditorTutorials/ko/EditorTutorials.locres) Source String Hash: (1599043277) Localized String: (재생할 블렌드스페이스 애셋입니다.)
Localization Resource: (C:/Program Files/Epic Games/UE_4.15/Engine/Content/Localization/ToolTips/ko/ToolTips.locres) Source String Hash: (1599043277) Localized String: (블렌드스페이스 - 재생할 블렌드스페이스 애셋입니다.)
[2017.04.30-17.11.28:074][  0]LogTextLocalizationManager:Warning: Loaded localization resources contain conflicting entries for (Namespace:UObjectToolTips, Key:AnimNode_StateMachine:MaxTransitionsPerFrame):
Localization Resource: (C:/Program Files/Epic Games/UE_4.15/Engine/Content/Localization/EditorTutorials/ko/EditorTutorials.locres) Source String Hash: (1567650430) Localized String: (이 머신에서 한 프레임 내 '동시에' 취할 수 있는 트랜지션 최대 수입니다.)
Localization Resource: (C:/Program Files/Epic Games/UE_4.15/Engine/Content/Localization/ToolTips/ko/ToolTips.locres) Source String Hash: (1567650430) Localized String: (프레임 당 최대 트랜지션 - 한 프레임에서 이 머신이 동시에 취할 수 있는 트랜지션 최대 수입니다.)
[2017.04.30-17.11.28:074][  0]LogTextLocalizationManager:Warning: Loaded localization resources contain conflicting entries for (Namespace:UObjectToolTips, Key:AnimNode_BlendSpacePlayer:PlayRate):
Localization Resource: (C:/Program Files/Epic Games/UE_4.15/Engine/Content/Localization/EditorTutorials/ko/EditorTutorials.locres) Source String Hash: (-1274923958) Localized String: (재생 속도 배수입니다. 음수가 되면 애니메이션을 역순으로 재생하게 됩니다.)
Localization Resource: (C:/Program Files/Epic Games/UE_4.15/Engine/Content/Localization/ToolTips/ko/ToolTips.locres) Source String Hash: (-1274923958) Localized String: (재생 속도 - 재생 속도 배수입니다. 음수가 되면 애니메이션을 거꾸로 재생합니다.)
[2017.04.30-17.11.28:074][  0]LogTextLocalizationManager:Warning: Loaded localization resources contain conflicting entries for (Namespace:UObjectToolTips, Key:AnimNode_BlendSpacePlayer:StartPosition):
Localization Resource: (C:/Program Files/Epic Games/UE_4.15/Engine/Content/Localization/EditorTutorials/ko/EditorTutorials.locres) Source String Hash: (-207153555) Localized String: (시작 위치 범위는 [0,1] 이며, 재초기화시에만 적용됩니다.
루핑을 하면, 1 회전 후 0.f 부터 시작할 것입니다.)
Localization Resource: (C:/Program Files/Epic Games/UE_4.15/Engine/Content/Localization/ToolTips/ko/ToolTips.locres) Source String Hash: (-207153555) Localized String: (시작 위치 - [0, 1] 범위의 시작 위치로, 재초기화할 때만 적용됩니다.
반복하면 1회전 후 0.f 부터 시작됩니다.)
[2017.04.30-17.11.28:074][  0]LogTextLocalizationManager:Warning: Loaded localization resources contain conflicting entries for (Namespace:UObjectToolTips, Key:CameraFilmbackSettings:SensorWidth):
Localization Resource: (C:/Program Files/Epic Games/UE_4.15/Engine/Content/Localization/ToolTips/ko/ToolTips.locres) Source String Hash: (-1448580153) Localized String: (센서 폭 - 필름백 또는 디지털 센서의 가로 크기로, mm 단위입니다.)
Localization Resource: (C:/Program Files/Epic Games/UE_4.15/Engine/Content/Localization/Engine/ko/Engine.locres) Source String Hash: (-1448580153) Localized String: (필름백 또는 디지털 센서의 가로 크기로, mm 단위입니다.)
[2017.04.30-17.11.28:074][  0]LogTextLocalizationManager:Warning: Loaded localization resources contain conflicting entries for (Namespace:UObjectToolTips, Key:CameraFilmbackSettings:SensorAspectRatio):
Localization Resource: (C:/Program Files/Epic Games/UE_4.15/Engine/Content/Localization/ToolTips/ko/ToolTips.locres) Source String Hash: (-194807515) Localized String: (센서 종횡비 - 읽기 전용입니다. 센서 치수에서 계산했습니다.)
Localization Resource: (C:/Program Files/Epic Games/UE_4.15/Engine/Content/Localization/Engine/ko/Engine.locres) Source String Hash: (-194807515) Localized String: (읽기 전용입니다. 센서 크기에서 계산했습니다.)
[2017.04.30-17.11.28:074][  0]LogTextLocalizationManager:Warning: Loaded localization resources contain conflicting entries for (Namespace:UObjectToolTips, Key:AnimNode_SequencePlayer:bLoopAnimation):
Localization Resource: (C:/Program Files/Epic Games/UE_4.15/Engine/Content/Localization/ToolTips/ko/ToolTips.locres) Source String Hash: (2133979316) Localized String: (루프 - 애니메이션이 끝에 도달했을 때 계속 반복시켜야 할까요?)
Localization Resource: (C:/Program Files/Epic Games/UE_4.15/Engine/Content/Localization/Engine/ko/Engine.locres) Source String Hash: (2133979316) Localized String: (애니메이션이 끝에 도달하면 계속해서 루핑시킬것인지 입니다.)
[2017.04.30-17.11.28:074][  0]LogTextLocalizationManager:Warning: Loaded localization resources contain conflicting entries for (Namespace:UObjectToolTips, Key:AnimNode_SequencePlayer:Sequence):
Localization Resource: (C:/Program Files/Epic Games/UE_4.15/Engine/Content/Localization/ToolTips/ko/ToolTips.locres) Source String Hash: (421436424) Localized String: (시퀀스 - 재생할 애니메이션 시퀀스 애셋입니다.)
Localization Resource: (C:/Program Files/Epic Games/UE_4.15/Engine/Content/Localization/Engine/ko/Engine.locres) Source String Hash: (421436424) Localized String: (재생할 애니메이션 시퀀스 애셋입니다.)
[2017.04.30-17.11.28:074][  0]LogTextLocalizationManager:Warning: Loaded localization resources contain conflicting entries for (Namespace:UObjectToolTips, Key:AnimNode_SequencePlayer:PlayRate):
Localization Resource: (C:/Program Files/Epic Games/UE_4.15/Engine/Content/Localization/ToolTips/ko/ToolTips.locres) Source String Hash: (-1274923958) Localized String: (재생 속도 - 재생 속도 배수입니다. 음수가 될 수 있으며, 그러면 애니메이션이 거꾸로 재생됩니다.)
Localization Resource: (C:/Program Files/Epic Games/UE_4.15/Engine/Content/Localization/Engine/ko/Engine.locres) Source String Hash: (-1274923958) Localized String: (플레이 속도 배수입니다. 음수가 되면 애니메이션이 역방향으로 재생됩니다.)
[2017.04.30-17.11.28:074][  0]LogTextLocalizationManager:Warning: Loaded localization resources contain conflicting entries for (Namespace:UObjectToolTips, Key:AnimNode_SequencePlayer:StartPosition):
Localization Resource: (C:/Program Files/Epic Games/UE_4.15/Engine/Content/Localization/ToolTips/ko/ToolTips.locres) Source String Hash: (771611000) Localized String: (시작 위치 - 시작 위치로 재초기화할 때만 적용됩니다.
반복하면, 1회전 후 0.f 부터 시작됩니다.)
Localization Resource: (C:/Program Files/Epic Games/UE_4.15/Engine/Content/Localization/Engine/ko/Engine.locres) Source String Hash: (771611000) Localized String: (시작 위치로, 재초기화시에만 적용됩니다.
루핑을 하면, 1회전 후 0.f 부터 시작할 것입니다.)
[2017.04.30-17.11.28:074][  0]LogTextLocalizationManager:Warning: Loaded localization resources contain conflicting entries for (Namespace:UObjectToolTips, Key:CameraFilmbackSettings:SensorHeight):
Localization Resource: (C:/Program Files/Epic Games/UE_4.15/Engine/Content/Localization/ToolTips/ko/ToolTips.locres) Source String Hash: (-1311569777) Localized String: (센서 높이 - 필름백 또는 디지털 센서의 세로 크기로, mm 단위입니다.)
Localization Resource: (C:/Program Files/Epic Games/UE_4.15/Engine/Content/Localization/Engine/ko/Engine.locres) Source String Hash: (-1311569777) Localized String: (필름백 또는 디지털 센서의 세로 크기로, mm 단위입니다.)
[2017.04.30-17.11.29:236][  0]LogD3D11RHI: D3D11 adapters:
[2017.04.30-17.11.29:276][  0]LogD3D11RHI:    0. 'NVIDIA GeForce GTX 970' (Feature Level 11_0)
[2017.04.30-17.11.29:276][  0]LogD3D11RHI:       4058/0/4055 MB DedicatedVideo/DedicatedSystem/SharedSystem, Outputs:1, VendorId:0x10de
[2017.04.30-17.11.29:278][  0]LogD3D11RHI:    1. 'Microsoft Basic Render Driver' (Feature Level 11_0)
[2017.04.30-17.11.29:278][  0]LogD3D11RHI:       0/0/4055 MB DedicatedVideo/DedicatedSystem/SharedSystem, Outputs:0, VendorId:0x1414
[2017.04.30-17.11.29:278][  0]LogD3D11RHI: Chosen D3D11 Adapter: 0
[2017.04.30-17.11.29:286][  0]LogD3D11RHI: Creating new Direct3DDevice
[2017.04.30-17.11.29:286][  0]LogD3D11RHI:     GPU DeviceId: 0x13c2 (for the marketing name, search the web for "GPU Device Id")
[2017.04.30-17.11.29:286][  0]LogWindows: EnumDisplayDevices:
[2017.04.30-17.11.29:286][  0]LogWindows:    0. 'NVIDIA GeForce GTX 970' (P:1 D:1)
[2017.04.30-17.11.29:287][  0]LogWindows:    1. 'NVIDIA GeForce GTX 970' (P:0 D:0)
[2017.04.30-17.11.29:287][  0]LogWindows:    2. 'NVIDIA GeForce GTX 970' (P:0 D:0)
[2017.04.30-17.11.29:288][  0]LogWindows:    3. 'NVIDIA GeForce GTX 970' (P:0 D:0)
[2017.04.30-17.11.29:288][  0]LogWindows: DebugString: FoundDriverCount:4 
[2017.04.30-17.11.29:288][  0]LogD3D11RHI:     Adapter Name: NVIDIA GeForce GTX 970
[2017.04.30-17.11.29:288][  0]LogD3D11RHI:   Driver Version: 376.53 (internal:21.21.13.7653, unified:376.53)
[2017.04.30-17.11.29:288][  0]LogD3D11RHI:      Driver Date: 12-29-2016
[2017.04.30-17.11.29:288][  0]LogRHI: Texture pool is 1361 MB (70% of 1945 MB)
[2017.04.30-17.11.29:373][  0]LogD3D11RHI: Async texture creation enabled
[2017.04.30-17.11.29:450][  0]LogD3D11RHI: GPU Timing Frequency: 1000.000000 (Debug: 2 1)
[2017.04.30-17.11.29:544][  0]LogShaderCompilers: Guid format shader working directory is -16 characters bigger than the processId version (../../../../../../Users/syj/Documents/lordoftank/LordOfTank/Intermediate/Shaders/WorkingDirectory/15060/).
[2017.04.30-17.11.29:545][  0]LogShaderCompilers: Cleaned the shader compiler working directory 'C:/Users/syj/AppData/Local/Temp/UnrealShaderWorkingDir/6546FF40447A2E7548D00A82D3A03375/'.
[2017.04.30-17.11.29:545][  0]LogShaderCompilers:Display: Using Local Shader Compiler.
[2017.04.30-17.11.32:544][  0]LogTemp:Display: Loaded TP AllDesktopTargetPlatform
[2017.04.30-17.11.32:664][  0]LogTemp:Display: Loaded TP MacClientTargetPlatform
[2017.04.30-17.11.32:762][  0]LogTemp:Display: Loaded TP MacNoEditorTargetPlatform
[2017.04.30-17.11.32:851][  0]LogTemp:Display: Loaded TP MacServerTargetPlatform
[2017.04.30-17.11.32:964][  0]LogTemp:Display: Loaded TP MacTargetPlatform
[2017.04.30-17.11.33:070][  0]LogTemp:Display: Loaded TP WindowsClientTargetPlatform
[2017.04.30-17.11.33:161][  0]LogTemp:Display: Loaded TP WindowsNoEditorTargetPlatform
[2017.04.30-17.11.33:255][  0]LogTemp:Display: Loaded TP WindowsServerTargetPlatform
[2017.04.30-17.11.33:346][  0]LogTemp:Display: Loaded TP WindowsTargetPlatform
[2017.04.30-17.11.33:483][  0]LogTemp:Display: Loaded TP AndroidTargetPlatform
[2017.04.30-17.11.33:586][  0]LogTemp:Display: Loaded TP Android_ASTCTargetPlatform
[2017.04.30-17.11.33:692][  0]LogTemp:Display: Loaded TP Android_ATCTargetPlatform
[2017.04.30-17.11.33:785][  0]LogTemp:Display: Loaded TP Android_DXTTargetPlatform
[2017.04.30-17.11.33:889][  0]LogTemp:Display: Loaded TP Android_ETC1TargetPlatform
[2017.04.30-17.11.33:985][  0]LogTemp:Display: Loaded TP Android_ETC2TargetPlatform
[2017.04.30-17.11.34:199][  0]LogTemp:Display: Loaded TP Android_MultiTargetPlatform
[2017.04.30-17.11.34:199][  0]LogTemp:Display: Loaded TP Android_PVRTCTargetPlatform
[2017.04.30-17.11.34:289][  0]LogTemp:Display: Loaded TP HTML5TargetPlatform
[2017.04.30-17.11.34:523][  0]LogTemp:Display: Loaded TP IOSTargetPlatform
[2017.04.30-17.11.34:576][  0]LogTemp:Display: Loaded TP TVOSTargetPlatform
[2017.04.30-17.11.34:663][  0]LogTemp:Display: Loaded TP LinuxClientTargetPlatform
[2017.04.30-17.11.34:761][  0]LogTemp:Display: Loaded TP LinuxNoEditorTargetPlatform
[2017.04.30-17.11.34:862][  0]LogTemp:Display: Loaded TP LinuxServerTargetPlatform
[2017.04.30-17.11.34:978][  0]LogTemp:Display: Loaded TP LinuxTargetPlatform
[2017.04.30-17.11.34:978][  0]LogTargetPlatformManager:Display: Building Assets For Windows
[2017.04.30-17.11.36:376][  0]LogDerivedDataCache:Display: Max Cache Size: 512 MB
[2017.04.30-17.11.37:713][  0]LogDerivedDataCache: Loaded boot cache 1.34s 190MB C:/Users/syj/AppData/Local/UnrealEngine/4.15/DerivedDataCache/Boot.ddc.
[2017.04.30-17.11.37:713][  0]LogDerivedDataCache:Display: Loaded Boot cache: C:/Users/syj/AppData/Local/UnrealEngine/4.15/DerivedDataCache/Boot.ddc
[2017.04.30-17.11.37:713][  0]LogDerivedDataCache: FDerivedDataBackendGraph:  Pak pak cache file ../../../../../../Users/syj/Documents/lordoftank/LordOfTank/DerivedDataCache/DDC.ddp not found, will not use a pak cache.
[2017.04.30-17.11.37:713][  0]LogDerivedDataCache: Unable to find inner node Pak for hierarchical cache Hierarchy.
[2017.04.30-17.11.37:713][  0]LogDerivedDataCache: FDerivedDataBackendGraph:  CompressedPak pak cache file ../../../../../../Users/syj/Documents/lordoftank/LordOfTank/DerivedDataCache/Compressed.ddp not found, will not use a pak cache.
[2017.04.30-17.11.37:713][  0]LogDerivedDataCache: Unable to find inner node CompressedPak for hierarchical cache Hierarchy.
[2017.04.30-17.11.37:740][  0]LogDerivedDataCache:Display: Pak cache opened for reading ../../../Engine/DerivedDataCache/Compressed.ddp.
[2017.04.30-17.11.37:753][  0]LogDerivedDataCache: Using Local data cache path C:/Users/syj/AppData/Local/UnrealEngine/Common/DerivedDataCache: Writable
[2017.04.30-17.11.37:813][  0]LogSlate: Using Freetype 2.6.0
[2017.04.30-17.11.37:813][  0]LogSlate: SlateFontCache - WITH_FREETYPE: 1, WITH_HARFBUZZ: 1
[2017.04.30-17.11.37:813][  0]LogSlate: SlateFontCache - WITH_FREETYPE: 1, WITH_HARFBUZZ: 1
[2017.04.30-17.11.40:204][  0]LogInit: Selected Device Profile: [Windows]
[2017.04.30-17.11.40:206][  0]LogContentStreaming: Texture pool size is 0.00 MB
[2017.04.30-17.11.40:602][  0]LogMeshUtilities: Using QuadricMeshReduction for automatic static mesh reduction
[2017.04.30-17.11.40:728][  0]LogSimplygon: Simplygon DLL not present - disabling.
[2017.04.30-17.11.40:858][  0]LogMeshUtilities: Using SimplygonSwarm for distributed automatic mesh merging
[2017.04.30-17.11.40:858][  0]LogMeshUtilities: No automatic skeletal mesh reduction module available
[2017.04.30-17.11.40:858][  0]LogMeshUtilities: No automatic mesh merging module available
[2017.04.30-17.11.41:851][  0]LogNetVersion: GetLocalNetworkVersion: CL: 3299760, ProjectName: lordoftank, ProjectVersion: , EngineNetworkVersion: 2, GameNetworkVersion: 0, NetworkChecksum: 665150540
[2017.04.30-17.11.41:935][  0]LogAssetRegistry: FAssetRegistry took 0.0221 seconds to start up
[2017.04.30-17.11.42:246][  0]LogPackageLocalizationCache: Processed 3 localized package path(s) for 2 prioritized culture(s) in 0.270123 seconds
[2017.04.30-17.11.42:252][  0]LogUObjectArray: 32493 objects as part of root set at end of initial load.
[2017.04.30-17.11.42:252][  0]LogUObjectAllocator: 7077024 out of 0 bytes used by permanent object pool.
[2017.04.30-17.11.42:252][  0]LogUObjectArray: CloseDisregardForGC: 0/0 objects in disregard for GC pool
[2017.04.30-17.11.42:376][  0]LogInit: WinSock: version 1.1 (2.2), MaxSocks=32767, MaxUdp=65467
[2017.04.30-17.12.05:861][  0]LogSubstanceCoreModule: Substance [CPU] Engine Loaded, Max Texture Size = 2048
[2017.04.30-17.12.05:968][  0]LogTcpMessaging: Initializing TcpMessaging bridge
[2017.04.30-17.12.06:090][  0]LogUdpMessaging: Initializing bridge on interface 0.0.0.0:0 to multicast group 230.0.0.1:6666.
[2017.04.30-17.12.08:192][  0]LogStats: FPlatformStackWalk::StackWalkAndDump -  0.503 s
[2017.04.30-17.12.08:192][  0]LogOutputDevice:Error: === Handled ensure: ===
[2017.04.30-17.12.08:192][  0]LogOutputDevice:Error: 
[2017.04.30-17.12.08:192][  0]LogOutputDevice:Error: Ensure condition failed: !AttachmentRules.bWeldSimulatedBodies [File:D:\Build\++UE4+Release-4.15+Compile\Sync\Engine\Source\Runtime\Engine\Private\Components\SceneComponent.cpp] [Line: 1623]
[2017.04.30-17.12.08:192][  0]LogOutputDevice:Error: AttachToComponent when called from a constructor cannot weld simulated bodies. Consider calling SetupAttachment directly instead.
[2017.04.30-17.12.08:192][  0]LogOutputDevice:Error: Stack: 
[2017.04.30-17.12.08:192][  0]LogOutputDevice:Error: UE4Editor-Core.dll!0x00000000186595E6
[2017.04.30-17.12.08:192][  0]LogOutputDevice:Error: UE4Editor-Core.dll!0x0000000018409B82
[2017.04.30-17.12.08:192][  0]LogOutputDevice:Error: UE4Editor-Core.dll!0x000000001841B666
[2017.04.30-17.12.08:192][  0]LogOutputDevice:Error: UE4Editor-Engine.dll!0x0000000000F20BDB
[2017.04.30-17.12.08:192][  0]LogOutputDevice:Error: UE4Editor-LordOfTank-5603.dll!ALOTPlayer::ALOTPlayer() [c:\users\syj\documents\lordoftank\lordoftank\source\lordoftank\private\pawn\lotplayer.cpp:43]
[2017.04.30-17.12.08:192][  0]LogOutputDevice:Error: UE4Editor-LordOfTank-5603.dll!InternalConstructor<ALOTPlayer>()
[2017.04.30-17.12.08:192][  0]LogOutputDevice:Error: UE4Editor-CoreUObject.dll!0x000000001D3E200F
[2017.04.30-17.12.08:192][  0]LogOutputDevice:Error: UE4Editor-CoreUObject.dll!0x000000001D579F60
[2017.04.30-17.12.08:192][  0]LogOutputDevice:Error: UE4Editor-CoreUObject.dll!0x000000001D55C160
[2017.04.30-17.12.08:192][  0]LogOutputDevice:Error: UE4Editor-CoreUObject.dll!0x000000001D3E5637
[2017.04.30-17.12.08:192][  0]LogOutputDevice:Error: UE4Editor-Core.dll!0x00000000182B7173
[2017.04.30-17.12.08:192][  0]LogOutputDevice:Error: UE4Editor-Core.dll!0x000000001847C70A
[2017.04.30-17.12.08:192][  0]LogOutputDevice:Error: UE4Editor-Projects.dll!0x000000002D53B4F2
[2017.04.30-17.12.08:192][  0]LogOutputDevice:Error: UE4Editor-Projects.dll!0x000000002D53B838
[2017.04.30-17.12.08:192][  0]LogOutputDevice:Error: UE4Editor.exe!0x00000000DA8F2951
[2017.04.30-17.12.08:192][  0]LogOutputDevice:Error: UE4Editor.exe!0x00000000DA8F6A02
[2017.04.30-17.12.08:192][  0]LogOutputDevice:Error: UE4Editor.exe!0x00000000DA8EE96A
[2017.04.30-17.12.08:192][  0]LogOutputDevice:Error: UE4Editor.exe!0x00000000DA8EEBBA
[2017.04.30-17.12.08:192][  0]LogOutputDevice:Error: UE4Editor.exe!0x00000000DA900A29
[2017.04.30-17.12.08:192][  0]LogOutputDevice:Error: UE4Editor.exe!0x00000000DA9022B6
[2017.04.30-17.12.08:192][  0]LogOutputDevice:Error: KERNEL32.DLL!0x0000000048478364
[2017.04.30-17.12.08:192][  0]LogOutputDevice:Error: ntdll.dll!0x00000000485870D1
[2017.04.30-17.12.08:192][  0]LogOutputDevice:Error: 
[2017.04.30-17.12.08:198][  0]LogStats:                SubmitErrorReport -  0.000 s
[2017.04.30-17.12.08:654][  0]LogStats:                    SendNewReport -  0.456 s
[2017.04.30-17.12.08:654][  0]LogStats:             FDebug::EnsureFailed -  0.965 s
[2017.04.30-17.12.08:655][  0]LogStats: FPlatformStackWalk::StackWalkAndDump -  0.001 s
[2017.04.30-17.12.08:655][  0]LogOutputDevice:Error: === Handled ensure: ===
[2017.04.30-17.12.08:655][  0]LogOutputDevice:Error: 
[2017.04.30-17.12.08:655][  0]LogOutputDevice:Error: Ensure condition failed: AttachmentRules.LocationRule == EAttachmentRule::KeepRelative && AttachmentRules.RotationRule == EAttachmentRule::KeepRelative && AttachmentRules.ScaleRule == EAttachmentRule::KeepRelative [File:D:\Build\++UE4+Release-4.15+Compile\Sync\Engine\Source\Runtime\Engine\Private\Components\SceneComponent.cpp] [Line: 1624]
[2017.04.30-17.12.08:655][  0]LogOutputDevice:Error: AttachToComponent when called from a constructor is only setting up attachment and will always be treated as KeepRelative. Consider calling SetupAttachment directly instead.
[2017.04.30-17.12.08:655][  0]LogOutputDevice:Error: Stack: 
[2017.04.30-17.12.08:655][  0]LogOutputDevice:Error: UE4Editor-Core.dll!0x00000000186595E6
[2017.04.30-17.12.08:655][  0]LogOutputDevice:Error: UE4Editor-Core.dll!0x0000000018409B82
[2017.04.30-17.12.08:655][  0]LogOutputDevice:Error: UE4Editor-Core.dll!0x000000001841B666
[2017.04.30-17.12.08:655][  0]LogOutputDevice:Error: UE4Editor-Engine.dll!0x0000000000F20C55
[2017.04.30-17.12.08:655][  0]LogOutputDevice:Error: UE4Editor-LordOfTank-5603.dll!ALOTPlayer::ALOTPlayer() [c:\users\syj\documents\lordoftank\lordoftank\source\lordoftank\private\pawn\lotplayer.cpp:43]
[2017.04.30-17.12.08:655][  0]LogOutputDevice:Error: UE4Editor-LordOfTank-5603.dll!InternalConstructor<ALOTPlayer>()
[2017.04.30-17.12.08:655][  0]LogOutputDevice:Error: UE4Editor-CoreUObject.dll!0x000000001D3E200F
[2017.04.30-17.12.08:655][  0]LogOutputDevice:Error: UE4Editor-CoreUObject.dll!0x000000001D579F60
[2017.04.30-17.12.08:655][  0]LogOutputDevice:Error: UE4Editor-CoreUObject.dll!0x000000001D55C160
[2017.04.30-17.12.08:655][  0]LogOutputDevice:Error: UE4Editor-CoreUObject.dll!0x000000001D3E5637
[2017.04.30-17.12.08:655][  0]LogOutputDevice:Error: UE4Editor-Core.dll!0x00000000182B7173
[2017.04.30-17.12.08:655][  0]LogOutputDevice:Error: UE4Editor-Core.dll!0x000000001847C70A
[2017.04.30-17.12.08:655][  0]LogOutputDevice:Error: UE4Editor-Projects.dll!0x000000002D53B4F2
[2017.04.30-17.12.08:655][  0]LogOutputDevice:Error: UE4Editor-Projects.dll!0x000000002D53B838
[2017.04.30-17.12.08:655][  0]LogOutputDevice:Error: UE4Editor.exe!0x00000000DA8F2951
[2017.04.30-17.12.08:655][  0]LogOutputDevice:Error: UE4Editor.exe!0x00000000DA8F6A02
[2017.04.30-17.12.08:655][  0]LogOutputDevice:Error: UE4Editor.exe!0x00000000DA8EE96A
[2017.04.30-17.12.08:655][  0]LogOutputDevice:Error: UE4Editor.exe!0x00000000DA8EEBBA
[2017.04.30-17.12.08:655][  0]LogOutputDevice:Error: UE4Editor.exe!0x00000000DA900A29
[2017.04.30-17.12.08:655][  0]LogOutputDevice:Error: UE4Editor.exe!0x00000000DA9022B6
[2017.04.30-17.12.08:655][  0]LogOutputDevice:Error: KERNEL32.DLL!0x0000000048478364
[2017.04.30-17.12.08:655][  0]LogOutputDevice:Error: ntdll.dll!0x00000000485870D1
[2017.04.30-17.12.08:655][  0]LogOutputDevice:Error: 
[2017.04.30-17.12.08:661][  0]LogStats:                SubmitErrorReport -  0.000 s
[2017.04.30-17.12.08:897][  0]LogStats:                    SendNewReport -  0.237 s
[2017.04.30-17.12.08:897][  0]LogStats:             FDebug::EnsureFailed -  0.243 s
[2017.04.30-17.12.23:010][  0]LogMaterial: Uniform references updated for custom material expression Custom.
[2017.04.30-17.12.24:284][  0]SourceControl: 정보 소스 콘트롤이 꺼졌습니다.
[2017.04.30-17.12.24:662][  0]SourceControl: 정보 소스 콘트롤이 꺼졌습니다.
[2017.04.30-17.12.24:775][  0]SourceControl: 정보 소스 콘트롤이 꺼졌습니다.
[2017.04.30-17.12.24:993][  0]SourceControl: 정보 소스 콘트롤이 꺼졌습니다.
[2017.04.30-17.12.28:915][  0]LogEngine: Initializing Engine...
[2017.04.30-17.12.28:927][  0]LogHMD: Oculus plugin initialized. Version: 4.15.1-3348071+++UE4+Release-4.15, LibOVR: 1.14.0, SDK: 1.10.0, built Mar 15 2017, 16:59:09
[2017.04.30-17.12.29:399][  0]LogAIModule: Creating AISystem for world Untitled
[2017.04.30-17.12.29:447][  0]LogInit: XAudio2 using '스피커(High Definition Audio 장치)' : 2 channels at 44.1 kHz using 16 bits per sample (channel mask 0x3)
[2017.04.30-17.12.29:471][  0]LogInit: FAudioDevice initialized.
[2017.04.30-17.12.29:580][  0]LogDerivedDataCache: Saved boot cache 0.11s 178MB C:/Users/syj/AppData/Local/UnrealEngine/4.15/DerivedDataCache/Boot.ddc.
[2017.04.30-17.12.29:599][  0]LogInit: Texture streaming: Enabled
[2017.04.30-17.12.29:941][  0]LogEngineSessionManager: EngineSessionManager initialized
[2017.04.30-17.12.29:947][  0]LogEngineSessionManager: EngineSessionManager sent abnormal shutdown report. Type=Crashed, SessionId={E8ADC35A-463F-029C-EF8D-31847DE377B7}
[2017.04.30-17.12.30:185][  0]LogInit: Transaction tracking system initialized
[2017.04.30-17.12.30:975][  0]BlueprintLog: New page: 에디터 로드
[2017.04.30-17.12.34:155][  0]LocalizationService: 정보 현지화 서비스가 비활성화되었습니다.
[2017.04.30-17.12.36:126][  0]LogConsoleResponse:Display: 
[2017.04.30-17.12.36:955][  0]LogCook:Display: Max memory allowance for cook 16384mb min free memory 0mb
[2017.04.30-17.12.36:955][  0]LogCook:Display: Mobile HDR setting 1
[2017.04.30-17.12.38:168][  0]LogFileCache: Scanning file cache for directory 'C:/Users/syj/Documents/lordoftank/LordOfTank/Content/' took 0.09s
[2017.04.30-17.12.40:059][  0]SourceControl: 정보 소스 콘트롤이 꺼졌습니다.
[2017.04.30-17.12.40:059][  0]Cmd: MAP LOAD FILE="../../../../../../Users/syj/Documents/lordoftank/LordOfTank/Content/LOTMaps/MainMap.umap" TEMPLATE=0 SHOWPROGRESS=1 FEATURELEVEL=3
[2017.04.30-17.12.40:060][  0]LightingResults: New page: 라이팅 빌드
[2017.04.30-17.12.40:151][  0]MapCheck: New page: 맵 체크
[2017.04.30-17.12.40:151][  0]LightingResults: New page: 라이팅 빌드
[2017.04.30-17.12.53:809][  0]LogAIModule: Creating AISystem for world MainMap
[2017.04.30-17.12.54:288][  0]LogPhysics:Warning: FConstraintInstance::GetRefFrame : Contained scale.
[2017.04.30-17.12.54:288][  0]LogPhysics:Warning: FConstraintInstance::GetRefFrame : Contained scale.
[2017.04.30-17.12.54:288][  0]LogPhysics:Warning: FConstraintInstance::GetRefFrame : Contained scale.
[2017.04.30-17.12.54:288][  0]LogPhysics:Warning: FConstraintInstance::GetRefFrame : Contained scale.
[2017.04.30-17.12.54:289][  0]LogPhysics:Warning: FConstraintInstance::GetRefFrame : Contained scale.
[2017.04.30-17.12.54:289][  0]LogPhysics:Warning: FConstraintInstance::GetRefFrame : Contained scale.
[2017.04.30-17.12.54:289][  0]LogPhysics:Warning: FConstraintInstance::GetRefFrame : Contained scale.
[2017.04.30-17.12.54:289][  0]LogPhysics:Warning: FConstraintInstance::GetRefFrame : Contained scale.
[2017.04.30-17.12.54:290][  0]LogPhysics:Warning: FConstraintInstance::GetRefFrame : Contained scale.
[2017.04.30-17.12.54:290][  0]LogPhysics:Warning: FConstraintInstance::GetRefFrame : Contained scale.
[2017.04.30-17.12.54:290][  0]LogPhysics:Warning: FConstraintInstance::GetRefFrame : Contained scale.
[2017.04.30-17.12.54:290][  0]LogPhysics:Warning: FConstraintInstance::GetRefFrame : Contained scale.
[2017.04.30-17.12.54:455][  0]LogEditorServer: Finished looking for orphan Actors (0.000 secs)
[2017.04.30-17.12.54:455][  0]Cmd: MAP CHECKDEP NOCLEARLOG
[2017.04.30-17.12.54:664][  0]MapCheck: 정보 맵 체크 완료: 오류 0 회, 경고 0 회, 소요 시간 208.36ms.
[2017.04.30-17.12.54:664][  0]LogFileHelpers: Loading map 'MainMap' took 14.604
[2017.04.30-17.12.55:969][  0]LogCollectionManager: Loaded 1 collections in 0.004494 seconds
[2017.04.30-17.12.56:173][  0]LogFileCache: Scanning file cache for directory 'C:/Users/syj/Documents/lordoftank/LordOfTank/Saved/Collections/' took 0.01s
[2017.04.30-17.12.56:173][  0]LogFileCache: Scanning file cache for directory 'C:/Users/syj/Documents/lordoftank/LordOfTank/Content/Developers/syj/Collections/' took 0.01s
[2017.04.30-17.12.56:173][  0]LogFileCache: Scanning file cache for directory 'C:/Users/syj/Documents/lordoftank/LordOfTank/Content/Collections/' took 0.01s
[2017.04.30-17.12.56:173][  0]LogCollectionManager: Rebuilt the GUID cache for 1 collections in 0.000004 seconds
[2017.04.30-17.12.56:183][  0]LogCollectionManager: Rebuilt the hierarchy cache for 1 collections in 0.000002 seconds
[2017.04.30-17.12.56:406][  0]LogContentBrowser: Native class hierarchy populated in 0.2228 seconds. Added 2274 classes and 467 folders.
[2017.04.30-17.12.56:410][  0]LogStats: UGameplayTagsManager::ConstructGameplayTagTree: Construct from data asset -  0.000 s
[2017.04.30-17.12.56:410][  0]LogStats: UGameplayTagsManager::ConstructGameplayTagTree: GameplayTagTreeChangedEvent.Broadcast -  0.000 s
[2017.04.30-17.12.56:682][  0]LogContentBrowser: Native class hierarchy updated for 'WidgetCarousel' in 0.1317 seconds. Added 0 classes and 0 folders.
[2017.04.30-17.13.00:505][  0]LogContentBrowser: Native class hierarchy updated for 'AddContentDialog' in 0.1711 seconds. Added 0 classes and 0 folders.
[2017.04.30-17.13.00:969][  0]LogContentBrowser: Native class hierarchy updated for 'SceneOutliner' in 0.1544 seconds. Added 1 classes and 2 folders.
[2017.04.30-17.13.01:836][  0]LogCrashTracker: Crashtracker disabled due to settings.
[2017.04.30-17.13.01:844][  0]LogUObjectGlobals:Warning: 'Class 없음.' 오브젝트를 찾는 데 실패했습니다.
[2017.04.30-17.13.02:241][  0]LogContentBrowser: Native class hierarchy updated for 'HierarchicalLODOutliner' in 0.1776 seconds. Added 1 classes and 2 folders.
[2017.04.30-17.13.02:241][  0]LogLoad: (Engine Initialization) Total time: 102.72 seconds
[2017.04.30-17.13.02:241][  0]LogLoad: (Engine Initialization) Total Blueprint compile time: 0.56 seconds
[2017.04.30-17.13.02:241][  0]LogExternalProfiler: Found external profiler: VSPerf
[2017.04.30-17.13.02:241][  0]LogExternalProfiler: Using external profiler: VSPerf
[2017.04.30-17.13.02:587][  0]LogOcInput: OculusInput pre-init called
[2017.04.30-17.13.02:621][  0]LogOcInput: OculusInput is initialized. Init status 0. Runtime version: 1.14.0
[2017.04.30-17.13.02:654][  0]LogContentStreaming: Texture pool size now 3000 MB
[2017.04.30-17.13.02:685][  0]LogSlate: Took 0.000657 seconds to synchronously load lazily loaded font '../../../Engine/Content/Slate/Fonts/Roboto-Regular.ttf' (155K)
[2017.04.30-17.13.02:731][  0]LogSlate: Took 0.043591 seconds to synchronously load lazily loaded font '../../../Engine/Content/Slate/Fonts/NanumGothic.ttf' (4243K)
[2017.04.30-17.13.02:733][  0]LogSlate: Took 0.000319 seconds to synchronously load lazily loaded font '../../../Engine/Content/Slate/Fonts/Roboto-Bold.ttf' (160K)
[2017.04.30-17.13.02:749][  0]LogSlate: Took 0.010101 seconds to synchronously load lazily loaded font '../../../Engine/Content/Editor/Slate/Fonts/FontAwesome.ttf' (139K)
[2017.04.30-17.13.03:270][  0]LogRenderer: Reallocating scene render targets to support 884x592 NumSamples 1 (Frame:2).
[2017.04.30-17.13.03:270][  0]LogSlate: Took 0.068697 seconds to synchronously load lazily loaded font '../../../Engine/Content/Slate/Fonts/Roboto-Light.ttf' (159K)
[2017.04.30-17.13.04:839][  3]LogAssetRegistry: Asset discovery search completed in 82.9267 seconds
[2017.04.30-17.13.04:856][  3]LogCollectionManager: Rebuilt the object cache for 1 collections in 0.016983 seconds (found 0 objects)
[2017.04.30-17.13.04:856][  3]LogCollectionManager: Fixed up redirectors for 1 collections in 0.017028 seconds (updated 0 objects)
[2017.04.30-17.14.11:990][512]LogBlueprintUserMessages: Early PlayInEditor Detection: Level '/Game/LOTMaps/MainMap.MainMap:PersistentLevel' has LevelScriptBlueprint '/Game/LOTMaps/MainMap.MainMap:PersistentLevel.MainMap' with GeneratedClass '/Game/LOTMaps/MainMap.MainMap_C' with ClassGeneratedBy '/Game/LOTMaps/MainMap.MainMap:PersistentLevel.MainMap'
[2017.04.30-17.14.11:990][512]LogPlayLevel: PlayLevel: No blueprints needed recompiling
[2017.04.30-17.14.12:062][512]PIE: New page: PIE 세션: MainMap (2017. 5. 1. 오전 11:14:11)
[2017.04.30-17.14.12:062][512]LogPlayLevel: Creating play world package: /Game/LOTMaps/UEDPIE_0_MainMap
[2017.04.30-17.14.13:130][512]LogPlayLevel: PIE: StaticDuplicateObject took: (1.068014s)
[2017.04.30-17.14.13:131][512]LogAIModule: Creating AISystem for world MainMap
[2017.04.30-17.14.13:131][512]LogPlayLevel: PIE: World Init took: (0.000920s)
[2017.04.30-17.14.13:132][512]LogPlayLevel: PIE: Created PIE world by copying editor world from /Game/LOTMaps/MainMap.MainMap to /Game/LOTMaps/UEDPIE_0_MainMap.MainMap (1.069391s)
[2017.04.30-17.14.13:199][512]LogInit: XAudio2 using '스피커(High Definition Audio 장치)' : 2 channels at 44.1 kHz using 16 bits per sample (channel mask 0x3)
[2017.04.30-17.14.13:214][512]LogInit: FAudioDevice initialized.
[2017.04.30-17.14.13:316][512]LogLoad: Game class is 'StartGameModeBP_C'
[2017.04.30-17.14.13:514][512]LogPhysics:Warning: FConstraintInstance::GetRefFrame : Contained scale.
[2017.04.30-17.14.13:514][512]LogPhysics:Warning: FConstraintInstance::GetRefFrame : Contained scale.
[2017.04.30-17.14.13:514][512]LogPhysics:Warning: FConstraintInstance::GetRefFrame : Contained scale.
[2017.04.30-17.14.13:514][512]LogPhysics:Warning: FConstraintInstance::GetRefFrame : Contained scale.
[2017.04.30-17.14.13:515][512]LogPhysics:Warning: FConstraintInstance::GetRefFrame : Contained scale.
[2017.04.30-17.14.13:515][512]LogPhysics:Warning: FConstraintInstance::GetRefFrame : Contained scale.
[2017.04.30-17.14.13:515][512]LogPhysics:Warning: FConstraintInstance::GetRefFrame : Contained scale.
[2017.04.30-17.14.13:515][512]LogPhysics:Warning: FConstraintInstance::GetRefFrame : Contained scale.
[2017.04.30-17.14.13:515][512]LogPhysics:Warning: FConstraintInstance::GetRefFrame : Contained scale.
[2017.04.30-17.14.13:515][512]LogPhysics:Warning: FConstraintInstance::GetRefFrame : Contained scale.
[2017.04.30-17.14.13:515][512]LogPhysics:Warning: FConstraintInstance::GetRefFrame : Contained scale.
[2017.04.30-17.14.13:515][512]LogPhysics:Warning: FConstraintInstance::GetRefFrame : Contained scale.
[2017.04.30-17.14.13:517][512]LogWorld: Bringing World /Game/LOTMaps/UEDPIE_0_MainMap.MainMap up for play (max tick rate 0) at 2017.05.01-02.14.13
[2017.04.30-17.14.13:525][512]LogWorld: Bringing up level for play took: 0.197744
[2017.04.30-17.14.13:806][512]LogContentBrowser: Native class hierarchy updated for 'MovieSceneCapture' in 0.1252 seconds. Added 11 classes and 0 folders.
[2017.04.30-17.14.13:856][512]PIE: 정보 /Game/LOTMaps/UEDPIE_0_MainMap 에 대한 에디터에서 플레이 시작 시간: 1.741
[2017.04.30-17.14.13:857][512]LogBlueprintUserMessages: Late PlayInEditor Detection: Level '/Game/LOTMaps/MainMap.MainMap:PersistentLevel' has LevelScriptBlueprint '/Game/LOTMaps/MainMap.MainMap:PersistentLevel.MainMap' with GeneratedClass '/Game/LOTMaps/MainMap.MainMap_C' with ClassGeneratedBy '/Game/LOTMaps/MainMap.MainMap:PersistentLevel.MainMap'
[2017.04.30-17.14.19:339][923]LogBlueprintUserMessages: Early EndPlayMap Detection: Level '/Game/LOTMaps/MainMap.MainMap:PersistentLevel' has LevelScriptBlueprint '/Game/LOTMaps/MainMap.MainMap:PersistentLevel.MainMap' with GeneratedClass '/Game/LOTMaps/MainMap.MainMap_C' with ClassGeneratedBy '/Game/LOTMaps/MainMap.MainMap:PersistentLevel.MainMap'
[2017.04.30-17.14.19:462][923]LogBlueprintUserMessages: Late EndPlayMap Detection: Level '/Game/LOTMaps/MainMap.MainMap:PersistentLevel' has LevelScriptBlueprint '/Game/LOTMaps/MainMap.MainMap:PersistentLevel.MainMap' with GeneratedClass '/Game/LOTMaps/MainMap.MainMap_C' with ClassGeneratedBy '/Game/LOTMaps/MainMap.MainMap:PersistentLevel.MainMap'
[2017.04.30-17.14.29:254][343]LogSlate: Took 0.000209 seconds to synchronously load lazily loaded font '../../../Engine/Content/Slate/Fonts/Roboto-Light.ttf' (159K)
[2017.04.30-17.15.00:758][343]LogSlate: Took 0.000242 seconds to synchronously load lazily loaded font '../../../Engine/Content/Slate/Fonts/Roboto-Regular.ttf' (155K)
[2017.04.30-17.15.08:622][343]LogAIModule: Creating AISystem for world AutomotiveMaterials_Overview
[2017.04.30-17.15.09:135][343]Cmd: MAP LOAD FILE="../../../../../../Users/syj/Documents/lordoftank/LordOfTank/Content/AutomotiveMaterials/Maps/AutomotiveMaterials_Overview.umap" TEMPLATE=0 SHOWPROGRESS=1 FEATURELEVEL=3
[2017.04.30-17.15.09:137][343]LightingResults: New page: 라이팅 빌드
[2017.04.30-17.15.09:142][343]LoadErrors: New page: 맵 로드중: AutomotiveMaterials_Overview.umap
[2017.04.30-17.15.09:324][343]MapCheck: New page: 맵 체크
[2017.04.30-17.15.09:324][343]LightingResults: New page: 라이팅 빌드
[2017.04.30-17.15.10:498][343]LogEditorServer: Finished looking for orphan Actors (0.000 secs)
[2017.04.30-17.15.10:809][343]Cmd: MAP CHECKDEP NOCLEARLOG
[2017.04.30-17.15.11:074][343]MapCheck: 정보 맵 체크 완료: 오류 0 회, 경고 0 회, 소요 시간 264.285ms.
[2017.04.30-17.15.11:074][343]LogFileHelpers: Loading map 'AutomotiveMaterials_Overview' took 2.140
[2017.04.30-17.15.15:768][708]LogEditorViewport: Clicking on Actor (context menu): StaticMeshActor (Floor_400x400)
[2017.04.30-17.15.16:546][708]LogEditorViewport: Clicking on Actor (context menu): StaticMeshActor (Floor_400x400)
[2017.04.30-17.15.17:246][776]LogEditorViewport: Clicking on Actor (LMB): StaticMeshActor (Floor_400x400)
[2017.04.30-17.15.58:831][995]LogSlate: Took 0.025230 seconds to synchronously load lazily loaded font '../../../Engine/Content/Editor/Slate/Fonts/Roboto-Italic.ttf' (157K)
[2017.04.30-17.16.53:556][ 16]LogTemp: Repeting last play command: 선택된 뷰포트
[2017.04.30-17.16.53:573][ 16]LogBlueprintUserMessages: Early PlayInEditor Detection: Level '/Game/AutomotiveMaterials/Maps/AutomotiveMaterials_Overview.AutomotiveMaterials_Overview:PersistentLevel' has LevelScriptBlueprint '/Game/AutomotiveMaterials/Maps/AutomotiveMaterials_Overview.AutomotiveMaterials_Overview:PersistentLevel.AutomotiveMaterials_Overview' with GeneratedClass '/Game/AutomotiveMaterials/Maps/AutomotiveMaterials_Overview.AutomotiveMaterials_Overview_C' with ClassGeneratedBy '/Game/AutomotiveMaterials/Maps/AutomotiveMaterials_Overview.AutomotiveMaterials_Overview:PersistentLevel.AutomotiveMaterials_Overview'
[2017.04.30-17.16.53:573][ 16]LogPlayLevel: PlayLevel: No blueprints needed recompiling
[2017.04.30-17.16.53:574][ 16]PIE: New page: PIE 세션: AutomotiveMaterials_Overview (2017. 5. 1. 오전 11:16:53)
[2017.04.30-17.16.53:574][ 16]LogPlayLevel: Creating play world package: /Game/AutomotiveMaterials/Maps/UEDPIE_0_AutomotiveMaterials_Overview
[2017.04.30-17.16.53:584][ 16]LogPlayLevel: PIE: StaticDuplicateObject took: (0.009301s)
[2017.04.30-17.16.53:584][ 16]LogAIModule: Creating AISystem for world AutomotiveMaterials_Overview
[2017.04.30-17.16.53:584][ 16]LogPlayLevel: PIE: World Init took: (0.000834s)
[2017.04.30-17.16.53:585][ 16]LogPlayLevel: PIE: Created PIE world by copying editor world from /Game/AutomotiveMaterials/Maps/AutomotiveMaterials_Overview.AutomotiveMaterials_Overview to /Game/AutomotiveMaterials/Maps/UEDPIE_0_AutomotiveMaterials_Overview.AutomotiveMaterials_Overview (0.010453s)
[2017.04.30-17.16.53:681][ 16]LogInit: XAudio2 using '스피커(High Definition Audio 장치)' : 2 channels at 44.1 kHz using 16 bits per sample (channel mask 0x3)
[2017.04.30-17.16.53:696][ 16]LogInit: FAudioDevice initialized.
[2017.04.30-17.16.53:725][ 16]LogLoad: Game class is 'FunctionalTestGameMode'
[2017.04.30-17.16.54:037][ 16]LogWorld: Bringing World /Game/AutomotiveMaterials/Maps/UEDPIE_0_AutomotiveMaterials_Overview.AutomotiveMaterials_Overview up for play (max tick rate 0) at 2017.05.01-02.16.54
[2017.04.30-17.16.54:418][ 16]LogWorld: Bringing up level for play took: 0.691200
[2017.04.30-17.16.54:442][ 16]PIE: 정보 /Game/AutomotiveMaterials/Maps/UEDPIE_0_AutomotiveMaterials_Overview 에 대한 에디터에서 플레이 시작 시간: 0.327
[2017.04.30-17.16.54:443][ 16]LogBlueprintUserMessages: Late PlayInEditor Detection: Level '/Game/AutomotiveMaterials/Maps/AutomotiveMaterials_Overview.AutomotiveMaterials_Overview:PersistentLevel' has LevelScriptBlueprint '/Game/AutomotiveMaterials/Maps/AutomotiveMaterials_Overview.AutomotiveMaterials_Overview:PersistentLevel.AutomotiveMaterials_Overview' with GeneratedClass '/Game/AutomotiveMaterials/Maps/AutomotiveMaterials_Overview.AutomotiveMaterials_Overview_C' with ClassGeneratedBy '/Game/AutomotiveMaterials/Maps/AutomotiveMaterials_Overview.AutomotiveMaterials_Overview:PersistentLevel.AutomotiveMaterials_Overview'
[2017.04.30-17.17.06:853][404]LogBlueprintUserMessages: Early EndPlayMap Detection: Level '/Game/AutomotiveMaterials/Maps/AutomotiveMaterials_Overview.AutomotiveMaterials_Overview:PersistentLevel' has LevelScriptBlueprint '/Game/AutomotiveMaterials/Maps/AutomotiveMaterials_Overview.AutomotiveMaterials_Overview:PersistentLevel.AutomotiveMaterials_Overview' with GeneratedClass '/Game/AutomotiveMaterials/Maps/AutomotiveMaterials_Overview.AutomotiveMaterials_Overview_C' with ClassGeneratedBy '/Game/AutomotiveMaterials/Maps/AutomotiveMaterials_Overview.AutomotiveMaterials_Overview:PersistentLevel.AutomotiveMaterials_Overview'
[2017.04.30-17.17.07:037][404]LogBlueprintUserMessages: Late EndPlayMap Detection: Level '/Game/AutomotiveMaterials/Maps/AutomotiveMaterials_Overview.AutomotiveMaterials_Overview:PersistentLevel' has LevelScriptBlueprint '/Game/AutomotiveMaterials/Maps/AutomotiveMaterials_Overview.AutomotiveMaterials_Overview:PersistentLevel.AutomotiveMaterials_Overview' with GeneratedClass '/Game/AutomotiveMaterials/Maps/AutomotiveMaterials_Overview.AutomotiveMaterials_Overview_C' with ClassGeneratedBy '/Game/AutomotiveMaterials/Maps/AutomotiveMaterials_Overview.AutomotiveMaterials_Overview:PersistentLevel.AutomotiveMaterials_Overview'
[2017.04.30-17.17.16:442][341]LogVSAccessor:Warning: Couldn't goto line number '0' in 'C:/Users/syj/Documents/lordoftank/LordOfTank/Source/LordOfTank/LordOfTankGameModeBase.h'
[2017.04.30-17.17.19:426][341]LogVSAccessor:Warning: Couldn't goto line number '0' in 'C:/Users/syj/Documents/lordoftank/LordOfTank/Source/LordOfTank/LordOfTankGameModeBase.cpp'
[2017.04.30-17.17.38:504][727]LogRenderer: Reallocating scene render targets to support 1432x924 NumSamples 1 (Frame:18007).
[2017.04.30-17.18.14:633][237]LogEditorViewport: Clicking on Actor (context menu): StaticMeshActor (Floor_400x400)
[2017.04.30-17.18.26:209][930]LogSlate: Took 0.000236 seconds to synchronously load lazily loaded font '../../../Engine/Content/Slate/Fonts/Roboto-Light.ttf' (159K)
[2017.04.30-17.19.17:361][449]LogSavePackage: Save=331.24ms
[2017.04.30-17.19.17:361][449]LogSavePackage: Moving '../../../../../../Users/syj/Documents/lordoftank/LordOfTank/Saved/babylon_Babyl8F0AB2B194859922C3905BDA1299FC231.tmp' to '../../../../../../Users/syj/Documents/lordoftank/LordOfTank/Content/LOTAssets/DroneAssets/Babylon/babylon_Babyl8.uasset'
[2017.04.30-17.19.17:451][449]LogSavePackage:Display: Finished SavePackage ../../../../../../Users/syj/Documents/lordoftank/LordOfTank/Content/LOTAssets/DroneAssets/Babylon/babylon_Babyl8.uasset
[2017.04.30-17.19.19:040][555]LogEditorViewport: Clicking on Actor (LMB): StaticMeshActor (Floor_400x400)
[2017.04.30-17.20.26:789][500]LogSavePackage: Save=14.21ms
[2017.04.30-17.20.26:789][500]LogSavePackage: Moving '../../../../../../Users/syj/Documents/lordoftank/LordOfTank/Saved/babylon_Babyl16C65D60F342DB2FFE346A4AB6078E2BD3.tmp' to '../../../../../../Users/syj/Documents/lordoftank/LordOfTank/Content/LOTAssets/DroneAssets/Babylon/babylon_Babyl16.uasset'
[2017.04.30-17.20.26:808][500]LogSavePackage:Display: Finished SavePackage ../../../../../../Users/syj/Documents/lordoftank/LordOfTank/Content/LOTAssets/DroneAssets/Babylon/babylon_Babyl16.uasset
[2017.04.30-17.20.37:784][715]LogTemp: Repeting last play command: 선택된 뷰포트
[2017.04.30-17.20.37:801][715]LogBlueprintUserMessages: Early PlayInEditor Detection: Level '/Game/AutomotiveMaterials/Maps/AutomotiveMaterials_Overview.AutomotiveMaterials_Overview:PersistentLevel' has LevelScriptBlueprint '/Game/AutomotiveMaterials/Maps/AutomotiveMaterials_Overview.AutomotiveMaterials_Overview:PersistentLevel.AutomotiveMaterials_Overview' with GeneratedClass '/Game/AutomotiveMaterials/Maps/AutomotiveMaterials_Overview.AutomotiveMaterials_Overview_C' with ClassGeneratedBy '/Game/AutomotiveMaterials/Maps/AutomotiveMaterials_Overview.AutomotiveMaterials_Overview:PersistentLevel.AutomotiveMaterials_Overview'
[2017.04.30-17.20.37:802][715]LogPlayLevel: PlayLevel: No blueprints needed recompiling
[2017.04.30-17.20.37:802][715]PIE: New page: PIE 세션: AutomotiveMaterials_Overview (2017. 5. 1. 오전 11:20:37)
[2017.04.30-17.20.37:802][715]LogPlayLevel: Creating play world package: /Game/AutomotiveMaterials/Maps/UEDPIE_0_AutomotiveMaterials_Overview
[2017.04.30-17.20.37:812][715]LogPlayLevel: PIE: StaticDuplicateObject took: (0.009618s)
[2017.04.30-17.20.37:812][715]LogAIModule: Creating AISystem for world AutomotiveMaterials_Overview
[2017.04.30-17.20.37:813][715]LogPlayLevel: PIE: World Init took: (0.000842s)
[2017.04.30-17.20.37:813][715]LogPlayLevel: PIE: Created PIE world by copying editor world from /Game/AutomotiveMaterials/Maps/AutomotiveMaterials_Overview.AutomotiveMaterials_Overview to /Game/AutomotiveMaterials/Maps/UEDPIE_0_AutomotiveMaterials_Overview.AutomotiveMaterials_Overview (0.010845s)
[2017.04.30-17.20.37:877][715]LogInit: XAudio2 using '스피커(High Definition Audio 장치)' : 2 channels at 44.1 kHz using 16 bits per sample (channel mask 0x3)
[2017.04.30-17.20.37:892][715]LogInit: FAudioDevice initialized.
[2017.04.30-17.20.37:923][715]LogLoad: Game class is 'FunctionalTestGameMode'
[2017.04.30-17.20.37:930][715]LogWorld: Bringing World /Game/AutomotiveMaterials/Maps/UEDPIE_0_AutomotiveMaterials_Overview.AutomotiveMaterials_Overview up for play (max tick rate 0) at 2017.05.01-02.20.37
[2017.04.30-17.20.37:931][715]LogWorld: Bringing up level for play took: 0.006459
[2017.04.30-17.20.37:932][715]PIE: 정보 /Game/AutomotiveMaterials/Maps/UEDPIE_0_AutomotiveMaterials_Overview 에 대한 에디터에서 플레이 시작 시간: -0.184
[2017.04.30-17.20.37:932][715]LogBlueprintUserMessages: Late PlayInEditor Detection: Level '/Game/AutomotiveMaterials/Maps/AutomotiveMaterials_Overview.AutomotiveMaterials_Overview:PersistentLevel' has LevelScriptBlueprint '/Game/AutomotiveMaterials/Maps/AutomotiveMaterials_Overview.AutomotiveMaterials_Overview:PersistentLevel.AutomotiveMaterials_Overview' with GeneratedClass '/Game/AutomotiveMaterials/Maps/AutomotiveMaterials_Overview.AutomotiveMaterials_Overview_C' with ClassGeneratedBy '/Game/AutomotiveMaterials/Maps/AutomotiveMaterials_Overview.AutomotiveMaterials_Overview:PersistentLevel.AutomotiveMaterials_Overview'
[2017.04.30-17.21.31:433][121]LogActor:Warning: LOTMultiPlayer_4 is outside the world bounds!
[2017.04.30-17.23.16:422][715]LogBlueprintUserMessages: Early EndPlayMap Detection: Level '/Game/AutomotiveMaterials/Maps/AutomotiveMaterials_Overview.AutomotiveMaterials_Overview:PersistentLevel' has LevelScriptBlueprint '/Game/AutomotiveMaterials/Maps/AutomotiveMaterials_Overview.AutomotiveMaterials_Overview:PersistentLevel.AutomotiveMaterials_Overview' with GeneratedClass '/Game/AutomotiveMaterials/Maps/AutomotiveMaterials_Overview.AutomotiveMaterials_Overview_C' with ClassGeneratedBy '/Game/AutomotiveMaterials/Maps/AutomotiveMaterials_Overview.AutomotiveMaterials_Overview:PersistentLevel.AutomotiveMaterials_Overview'
[2017.04.30-17.23.16:495][715]LogBlueprintUserMessages: Late EndPlayMap Detection: Level '/Game/AutomotiveMaterials/Maps/AutomotiveMaterials_Overview.AutomotiveMaterials_Overview:PersistentLevel' has LevelScriptBlueprint '/Game/AutomotiveMaterials/Maps/AutomotiveMaterials_Overview.AutomotiveMaterials_Overview:PersistentLevel.AutomotiveMaterials_Overview' with GeneratedClass '/Game/AutomotiveMaterials/Maps/AutomotiveMaterials_Overview.AutomotiveMaterials_Overview_C' with ClassGeneratedBy '/Game/AutomotiveMaterials/Maps/AutomotiveMaterials_Overview.AutomotiveMaterials_Overview:PersistentLevel.AutomotiveMaterials_Overview'
[2017.04.30-17.27.22:586][710]LogSavePackage: Save=615.34ms
[2017.04.30-17.27.22:586][710]LogSavePackage: Moving '../../../../../../Users/syj/Documents/lordoftank/LordOfTank/Saved/AutomotiveMaterials_Overview_Auto1AFEEAAA7499A36A390C4FFB263EDEC53.tmp' to '../../../../../../Users/syj/Documents/lordoftank/LordOfTank/Saved/Autosaves/Game/AutomotiveMaterials/Maps/AutomotiveMaterials_Overview_Auto1.umap'
[2017.04.30-17.27.22:626][710]LogSavePackage:Display: Finished SavePackage ../../../../../../Users/syj/Documents/lordoftank/LordOfTank/Saved/Autosaves/Game/AutomotiveMaterials/Maps/AutomotiveMaterials_Overview_Auto1.umap
[2017.04.30-17.27.22:656][710]LogFileHelpers: Editor autosave (incl. sublevels) for '/Game/AutomotiveMaterials/Maps/AutomotiveMaterials_Overview' took 0.785
[2017.04.30-17.27.22:656][710]LogFileHelpers: Editor autosave (incl. sublevels) for all levels took 0.785
[2017.04.30-17.32.03:994][697]LogHotReload: New module detected: UE4Editor-LordOfTank-1190.dll
[2017.04.30-17.32.09:011][713]LogHotReload: Starting Hot-Reload from IDE
[2017.04.30-17.32.13:919][713]LogClass: ShowLobby HotReload.
[2017.04.30-17.32.13:919][713]LogClass: ShowRoom HotReload.
[2017.04.30-17.32.14:237][713]LogContentBrowser: Native class hierarchy updated for 'LordOfTank' in 0.1342 seconds. Added 15 classes and 8 folders.
[2017.04.30-17.32.14:239][713]Display: HotReload successful (23 functions remapped  2 scriptstructs remapped)
[2017.04.30-17.32.14:811][713]LogContentBrowser: Native class hierarchy populated in 0.1399 seconds. Added 2276 classes and 471 folders.
[2017.04.30-17.32.14:830][713]Display: HotReload took  5.8s.
[2017.04.30-17.32.20:825][892]LogSavePackage: Save=276.53ms
[2017.04.30-17.32.20:825][892]LogSavePackage: Moving '../../../../../../Users/syj/Documents/lordoftank/LordOfTank/Saved/AutomotiveMaterials_OverviewB7C317A74D7F2DE95636C2A960F13AAD.tmp' to '../../../../../../Users/syj/Documents/lordoftank/LordOfTank/Content/AutomotiveMaterials/Maps/AutomotiveMaterials_Overview.umap'
[2017.04.30-17.32.20:829][892]LogSavePackage:Display: Finished SavePackage ../../../../../../Users/syj/Documents/lordoftank/LordOfTank/Content/AutomotiveMaterials/Maps/AutomotiveMaterials_Overview.umap
[2017.04.30-17.32.20:862][892]LogFileHelpers: Saving map 'AutomotiveMaterials_Overview' took 0.732
[2017.04.30-17.32.21:434][893]Cmd: QUIT_EDITOR
[2017.04.30-17.32.22:296][893]LogWindowsTextInputMethodSystem:Display: IME system now activated using TSF (Microsoft 입력기).
[2017.04.30-17.32.22:344][893]LogExit: Preparing to exit.
[2017.04.30-17.32.23:149][893]LogDirectoryWatcher: A directory notification for 'C:/Users/syj/Documents/lordoftank/LordOfTank/Content/' was aborted.
[2017.04.30-17.32.23:399][893]LogExit: Editor shut down
[2017.04.30-17.32.23:401][893]LogExit: Transaction tracking system shut down
[2017.04.30-17.32.26:304][893]LogObj: Freed 0b from 0 cluster array pools.
[2017.04.30-17.32.26:304][893]LogExit: Object subsystem successfully closed.
[2017.04.30-17.32.26:572][893]LogD3D11RHI: Shutdown
[2017.04.30-17.32.26:572][893]LogD3D11RHI: CleanupD3DDevice
[2017.04.30-17.32.26:857][893]LogD3D11RHI: ~FD3D11DynamicRHI
[2017.04.30-17.32.28:141][893]LogModuleManager: Shutting down and abandoning module LordOfTank (509)
[2017.04.30-17.32.28:141][893]LogModuleManager: Shutting down and abandoning module StaticMeshEditor (508)
[2017.04.30-17.32.28:141][893]LogModuleManager: Shutting down and abandoning module MovieSceneCapture (506)
[2017.04.30-17.32.28:141][893]LogModuleManager: Shutting down and abandoning module HierarchicalLODOutliner (504)
[2017.04.30-17.32.28:150][893]LogModuleManager: Shutting down and abandoning module CrashTracker (502)
[2017.04.30-17.32.28:150][893]LogModuleManager: Shutting down and abandoning module SceneOutliner (500)
[2017.04.30-17.32.28:150][893]LogModuleManager: Shutting down and abandoning module AddContentDialog (498)
[2017.04.30-17.32.28:173][893]LogDirectoryWatcher: A directory notification for 'C:/Program Files/Epic Games/UE_4.15/FeaturePacks/' was aborted.
[2017.04.30-17.32.28:187][893]LogModuleManager: Shutting down and abandoning module WidgetCarousel (497)
[2017.04.30-17.32.28:187][893]LogModuleManager: Shutting down and abandoning module EditorWidgets (494)
[2017.04.30-17.32.28:187][893]LogModuleManager: Shutting down and abandoning module CollectionManager (492)
[2017.04.30-17.32.28:198][893]LogDirectoryWatcher: A directory notification for 'C:/Users/syj/Documents/lordoftank/LordOfTank/Content/Collections/' was aborted.
[2017.04.30-17.32.28:198][893]LogDirectoryWatcher: A directory notification for 'C:/Users/syj/Documents/lordoftank/LordOfTank/Content/Developers/syj/Collections/' was aborted.
[2017.04.30-17.32.28:198][893]LogDirectoryWatcher: A directory notification for 'C:/Users/syj/Documents/lordoftank/LordOfTank/Saved/Collections/' was aborted.
[2017.04.30-17.32.28:198][893]LogModuleManager: Shutting down and abandoning module StatsViewer (490)
[2017.04.30-17.32.28:215][893]LogModuleManager: Shutting down and abandoning module FoliageEdit (488)
[2017.04.30-17.32.28:215][893]LogModuleManager: Shutting down and abandoning module LandscapeEditor (486)
[2017.04.30-17.32.28:228][893]LogModuleManager: Shutting down and abandoning module SceneDepthPickerMode (484)
[2017.04.30-17.32.28:228][893]LogModuleManager: Shutting down and abandoning module ActorPickerMode (482)
[2017.04.30-17.32.28:228][893]LogModuleManager: Shutting down and abandoning module GeometryMode (480)
[2017.04.30-17.32.28:228][893]LogModuleManager: Shutting down and abandoning module TextureAlignMode (478)
[2017.04.30-17.32.28:228][893]LogModuleManager: Shutting down and abandoning module BspMode (476)
[2017.04.30-17.32.28:235][893]LogModuleManager: Shutting down and abandoning module HardwareSurvey (474)
[2017.04.30-17.32.28:244][893]LogModuleManager: Shutting down and abandoning module SequenceRecorderSections (472)
[2017.04.30-17.32.28:251][893]LogModuleManager: Shutting down and abandoning module AutomationWorker (470)
[2017.04.30-17.32.28:270][893]LogModuleManager: Shutting down and abandoning module MatineeToLevelSequence (468)
[2017.04.30-17.32.28:281][893]LogModuleManager: Shutting down and abandoning module LevelSequenceEditor (466)
[2017.04.30-17.32.28:331][893]LogModuleManager: Shutting down and abandoning module PlacementMode (465)
[2017.04.30-17.32.28:331][893]LogModuleManager: Shutting down and abandoning module WmfMediaFactory (462)
[2017.04.30-17.32.28:331][893]LogModuleManager: Shutting down and abandoning module WmfMediaEditor (460)
[2017.04.30-17.32.28:331][893]LogModuleManager: Shutting down and abandoning module MfMediaFactory (458)
[2017.04.30-17.32.28:331][893]LogModuleManager: Shutting down and abandoning module MfMediaEditor (456)
[2017.04.30-17.32.28:331][893]LogModuleManager: Shutting down and abandoning module AvfMediaFactory (454)
[2017.04.30-17.32.28:331][893]LogModuleManager: Shutting down and abandoning module AvfMediaEditor (452)
[2017.04.30-17.32.28:331][893]LogModuleManager: Shutting down and abandoning module AndroidMediaFactory (450)
[2017.04.30-17.32.28:331][893]LogModuleManager: Shutting down and abandoning module Media (449)
[2017.04.30-17.32.28:331][893]LogModuleManager: Shutting down and abandoning module AndroidMediaEditor (446)
[2017.04.30-17.32.28:331][893]LogModuleManager: Shutting down and abandoning module CharacterAI (444)
[2017.04.30-17.32.28:331][893]LogModuleManager: Shutting down and abandoning module AudioCapture (442)
[2017.04.30-17.32.28:338][893]LogModuleManager: Shutting down and abandoning module SequenceRecorder (441)
[2017.04.30-17.32.28:371][893]LogModuleManager: Shutting down and abandoning module SmartSnapping (438)
[2017.04.30-17.32.28:371][893]LogModuleManager: Shutting down and abandoning module SessionServices (436)
[2017.04.30-17.32.28:371][893]LogModuleManager: Shutting down and abandoning module ViewportSnapping (434)
[2017.04.30-17.32.28:371][893]LogModuleManager: Shutting down and abandoning module ViewportInteraction (432)
[2017.04.30-17.32.28:371][893]LogModuleManager: Shutting down and abandoning module LogVisualizer (430)
[2017.04.30-17.32.28:387][893]LogModuleManager: Shutting down and abandoning module IntroTutorials (428)
[2017.04.30-17.32.28:394][893]LogModuleManager: Shutting down and abandoning module GameProjectGeneration (427)
[2017.04.30-17.32.28:412][893]LogModuleManager: Shutting down and abandoning module EditorLiveStreaming (424)
[2017.04.30-17.32.28:412][893]LogModuleManager: Shutting down and abandoning module IOSPlatformEditor (422)
[2017.04.30-17.32.28:412][893]LogModuleManager: Shutting down and abandoning module HTML5PlatformEditor (420)
[2017.04.30-17.32.28:412][893]LogModuleManager: Shutting down and abandoning module AndroidPlatformEditor (418)
[2017.04.30-17.32.28:433][893]LogModuleManager: Shutting down and abandoning module AndroidDeviceDetection (417)
[2017.04.30-17.32.28:896][893]LogModuleManager: Shutting down and abandoning module IOSRuntimeSettings (414)
[2017.04.30-17.32.28:896][893]LogModuleManager: Shutting down and abandoning module AndroidRuntimeSettings (412)
[2017.04.30-17.32.28:896][893]LogModuleManager: Shutting down and abandoning module InputBindingEditor (410)
[2017.04.30-17.32.28:920][893]LogModuleManager: Shutting down and abandoning module NiagaraEditor (408)
[2017.04.30-17.32.28:939][893]LogModuleManager: Shutting down and abandoning module MergeActors (406)
[2017.04.30-17.32.28:961][893]LogModuleManager: Shutting down and abandoning module SizeMap (404)
[2017.04.30-17.32.28:969][893]LogModuleManager: Shutting down and abandoning module TreeMap (402)
[2017.04.30-17.32.28:987][893]LogModuleManager: Shutting down and abandoning module ReferenceViewer (400)
[2017.04.30-17.32.28:987][893]LogModuleManager: Shutting down and abandoning module LocalizationDashboard (398)
[2017.04.30-17.32.28:996][893]LogModuleManager: Shutting down and abandoning module LocalizationService (397)
[2017.04.30-17.32.29:032][893]LogModuleManager: Shutting down and abandoning module HardwareTargeting (394)
[2017.04.30-17.32.29:036][893]LogModuleManager: Shutting down and abandoning module DeviceProfileEditor (392)
[2017.04.30-17.32.29:041][893]LogModuleManager: Shutting down and abandoning module UndoHistory (390)
[2017.04.30-17.32.29:049][893]LogModuleManager: Shutting down and abandoning module UserFeedback (388)
[2017.04.30-17.32.29:049][893]LogModuleManager: Shutting down and abandoning module XmlParser (386)
[2017.04.30-17.32.29:067][893]LogModuleManager: Shutting down and abandoning module Blutility (384)
[2017.04.30-17.32.29:076][893]LogModuleManager: Shutting down and abandoning module ProjectSettingsViewer (382)
[2017.04.30-17.32.29:077][893]LogModuleManager: Shutting down and abandoning module ProjectTargetPlatformEditor (381)
[2017.04.30-17.32.29:077][893]LogModuleManager: Shutting down and abandoning module EditorSettingsViewer (378)
[2017.04.30-17.32.29:077][893]LogModuleManager: Shutting down and abandoning module SettingsEditor (376)
[2017.04.30-17.32.29:084][893]LogModuleManager: Shutting down and abandoning module ProjectLauncher (374)
[2017.04.30-17.32.29:101][893]LogModuleManager: Shutting down and abandoning module SessionFrontend (372)
[2017.04.30-17.32.29:121][893]LogModuleManager: Shutting down and abandoning module ProfilerClient (370)
[2017.04.30-17.32.29:157][893]LogModuleManager: Shutting down and abandoning module DeviceManager (368)
[2017.04.30-17.32.29:176][893]LogModuleManager: Shutting down and abandoning module TargetDeviceServices (367)
[2017.04.30-17.32.29:221][893]LogModuleManager: Shutting down and abandoning module AutomationController (364)
[2017.04.30-17.32.29:287][893]LogModuleManager: Shutting down and abandoning module AutomationWindow (362)
[2017.04.30-17.32.29:303][893]LogModuleManager: Shutting down and abandoning module Layers (360)
[2017.04.30-17.32.29:334][893]LogModuleManager: Shutting down and abandoning module ComponentVisualizers (358)
[2017.04.30-17.32.29:334][893]LogModuleManager: Shutting down and abandoning module DetailCustomizations (356)
[2017.04.30-17.32.29:348][893]LogModuleManager: Shutting down and abandoning module PackagesDialog (354)
[2017.04.30-17.32.29:348][893]LogModuleManager: Shutting down and abandoning module Persona (352)
[2017.04.30-17.32.29:367][893]LogModuleManager: Shutting down and abandoning module AnimGraph (351)
[2017.04.30-17.32.29:367][893]LogModuleManager: Shutting down and abandoning module Kismet (348)
[2017.04.30-17.32.29:378][893]LogModuleManager: Shutting down and abandoning module GraphEditor (346)
[2017.04.30-17.32.29:431][893]LogModuleManager: Shutting down and abandoning module ClassViewer (344)
[2017.04.30-17.32.29:440][893]LogModuleManager: Shutting down and abandoning module Toolbox (342)
[2017.04.30-17.32.29:452][893]LogModuleManager: Shutting down and abandoning module ModuleUI (340)
[2017.04.30-17.32.29:823][893]LogModuleManager: Shutting down and abandoning module MovieSceneTools (338)
[2017.04.30-17.32.29:874][893]LogModuleManager: Shutting down and abandoning module OutputLog (336)
[2017.04.30-17.32.29:888][893]LogModuleManager: Shutting down and abandoning module GammaUI (334)
[2017.04.30-17.32.29:898][893]LogModuleManager: Shutting down and abandoning module Documentation (332)
[2017.04.30-17.32.29:898][893]LogModuleManager: Shutting down and abandoning module Niagara (330)
[2017.04.30-17.32.29:898][893]LogModuleManager: Shutting down and abandoning module StreamingPauseRendering (328)
[2017.04.30-17.32.29:898][893]LogModuleManager: Shutting down and abandoning module AnalyticsET (326)
[2017.04.30-17.32.29:898][893]LogModuleManager: Shutting down and abandoning module PortalServices (324)
[2017.04.30-17.32.29:898][893]LogModuleManager: Shutting down and abandoning module PortalRpc (322)
[2017.04.30-17.32.29:898][893]LogModuleManager: Shutting down and abandoning module MessagingRpc (320)
[2017.04.30-17.32.29:898][893]LogModuleManager: Shutting down and abandoning module AIModule (318)
[2017.04.30-17.32.29:910][893]LogModuleManager: Shutting down and abandoning module GameplayDebugger (317)
[2017.04.30-17.32.29:920][893]LogModuleManager: Shutting down and abandoning module AITestSuite (315)
[2017.04.30-17.32.29:920][893]LogModuleManager: Shutting down and abandoning module ProfilerService (312)
[2017.04.30-17.32.30:053][893]LogModuleManager: Shutting down and abandoning module TaskGraph (310)
[2017.04.30-17.32.30:184][893]LogModuleManager: Shutting down and abandoning module SubstanceEditor (308)
[2017.04.30-17.32.30:297][893]LogModuleManager: Shutting down and abandoning module SteamVRController (306)
[2017.04.30-17.32.30:297][893]LogModuleManager: Shutting down and abandoning module SteamVR (304)
[2017.04.30-17.32.30:321][893]LogModuleManager: Shutting down and abandoning module ProceduralMeshComponentEditor (302)
[2017.04.30-17.32.30:321][893]LogModuleManager: Shutting down and abandoning module ProceduralMeshComponent (300)
[2017.04.30-17.32.30:356][893]LogModuleManager: Shutting down and abandoning module OculusLibrary (298)
[2017.04.30-17.32.30:356][893]LogModuleManager: Shutting down and abandoning module OculusInput (296)
[2017.04.30-17.32.30:356][893]LogModuleManager: Shutting down and abandoning module MobilePatchingUtils (294)
[2017.04.30-17.32.30:356][893]LogModuleManager: Shutting down and abandoning module CustomMeshComponent (292)
[2017.04.30-17.32.30:356][893]LogModuleManager: Shutting down and abandoning module CableComponent (290)
[2017.04.30-17.32.30:385][893]LogModuleManager: Shutting down and abandoning module ArchVisCharacter (288)
[2017.04.30-17.32.30:385][893]LogModuleManager: Shutting down and abandoning module MediaPlayerEditor (284)
[2017.04.30-17.32.30:553][893]LogModuleManager: Shutting down and abandoning module HTML5Networking (282)
[2017.04.30-17.32.30:553][893]LogModuleManager: Shutting down and abandoning module AlembicImporter (280)
[2017.04.30-17.32.30:600][893]LogModuleManager: Shutting down and abandoning module AlembicLibrary (279)
[2017.04.30-17.32.30:600][893]LogModuleManager: Shutting down and abandoning module GeometryCache (278)
[2017.04.30-17.32.30:632][893]LogModuleManager: Shutting down and abandoning module GeometryCacheEd (277)
[2017.04.30-17.32.30:632][893]LogModuleManager: Shutting down and abandoning module SuperSearchEditor (272)
[2017.04.30-17.32.30:632][893]LogModuleManager: Shutting down and abandoning module SuperSearch (271)
[2017.04.30-17.32.30:632][893]LogModuleManager: Shutting down and abandoning module SpeedTreeImporter (268)
[2017.04.30-17.32.30:632][893]LogModuleManager: Shutting down and abandoning module PluginBrowser (266)
[2017.04.30-17.32.30:800][893]LogModuleManager: Shutting down and abandoning module MobileLauncherProfileWizard (264)
[2017.04.30-17.32.30:968][893]LogModuleManager: Shutting down and abandoning module EpicSurvey (262)
[2017.04.30-17.32.30:969][893]LogModuleManager: Shutting down and abandoning module VisualStudioSourceCodeAccess (260)
[2017.04.30-17.32.30:969][893]LogModuleManager: Shutting down and abandoning module DesktopPlatform (259)
[2017.04.30-17.32.31:026][893]LogModuleManager: Shutting down and abandoning module UObjectPlugin (256)
[2017.04.30-17.32.31:026][893]LogModuleManager: Shutting down and abandoning module SubversionSourceControl (254)
[2017.04.30-17.32.31:132][893]LogModuleManager: Shutting down and abandoning module PerforceSourceControl (252)
[2017.04.30-17.32.31:306][893]LogModuleManager: Shutting down and abandoning module GitSourceControl (250)
[2017.04.30-17.32.31:360][893]LogModuleManager: Shutting down and abandoning module SourceControl (249)
[2017.04.30-17.32.31:402][893]LogModuleManager: Shutting down and abandoning module LightPropagationVolumeEditor (246)
[2017.04.30-17.32.31:402][893]LogModuleManager: Shutting down and abandoning module PaperTiledImporter (244)
[2017.04.30-17.32.31:402][893]LogModuleManager: Shutting down and abandoning module PaperSpriteSheetImporter (242)
[2017.04.30-17.32.31:402][893]LogModuleManager: Shutting down and abandoning module Paper2DEditor (240)
[2017.04.30-17.32.31:445][893]LogModuleManager: Shutting down and abandoning module MeshPaint (239)
[2017.04.30-17.32.31:506][893]LogModuleManager: Shutting down and abandoning module LevelEditor (237)
[2017.04.30-17.32.31:598][893]LogModuleManager: Shutting down and abandoning module PixelInspectorModule (236)
[2017.04.30-17.32.31:667][893]LogModuleManager: Shutting down and abandoning module MainFrame (234)
[2017.04.30-17.32.31:667][893]LogModuleManager: Shutting down and abandoning module HotReload (233)
[2017.04.30-17.32.31:667][893]LogDirectoryWatcher: A directory notification for 'C:/Users/syj/Documents/lordoftank/LordOfTank/Binaries/Win64' was aborted.
[2017.04.30-17.32.31:668][893]LogModuleManager: Shutting down and abandoning module ContentBrowser (229)
[2017.04.30-17.32.31:669][893]LogModuleManager: Shutting down and abandoning module PhysXVehiclesEditor (224)
[2017.04.30-17.32.31:687][893]LogModuleManager: Shutting down and abandoning module PhysXVehicles (222)
[2017.04.30-17.32.31:687][893]LogModuleManager: Shutting down and abandoning module LocationServicesBPLibrary (220)
[2017.04.30-17.32.31:687][893]LogModuleManager: Shutting down and abandoning module UdpMessaging (218)
[2017.04.30-17.32.31:788][893]LogModuleManager: Shutting down and abandoning module TcpMessaging (216)
[2017.04.30-17.32.31:889][893]LogModuleManager: Shutting down and abandoning module SubstanceCore (214)
[2017.04.30-17.32.32:107][893]LogModuleManager: Shutting down and abandoning module GameplayTagsEditor (212)
[2017.04.30-17.32.32:144][893]LogModuleManager: Shutting down and abandoning module FacialAnimationEditor (210)
[2017.04.30-17.32.32:207][893]LogModuleManager: Shutting down and abandoning module FacialAnimation (208)
[2017.04.30-17.32.32:207][893]LogModuleManager: Shutting down and abandoning module LightPropagationVolumeRuntime (206)
[2017.04.30-17.32.32:207][893]LogModuleManager: Shutting down and abandoning module Paper2D (204)
[2017.04.30-17.32.32:291][893]LogModuleManager: Shutting down and abandoning module WindowsMoviePlayer (202)
[2017.04.30-17.32.32:325][893]LogModuleManager: Shutting down and abandoning module WmfMedia (200)
[2017.04.30-17.32.32:448][893]LogModuleManager: Shutting down and abandoning module MfMedia (198)
[2017.04.30-17.32.32:448][893]LogModuleManager: Shutting down and abandoning module MediaAssets (196)
[2017.04.30-17.32.32:448][893]LogModuleManager: Shutting down and abandoning module GameLiveStreaming (194)
[2017.04.30-17.32.32:503][893]LogModuleManager: Shutting down and abandoning module VREditor (192)
[2017.04.30-17.32.32:521][893]LogModuleManager: Shutting down and abandoning module GameplayTasksEditor (190)
[2017.04.30-17.32.32:521][893]LogModuleManager: Shutting down and abandoning module BehaviorTreeEditor (188)
[2017.04.30-17.32.32:743][893]LogModuleManager: Shutting down and abandoning module FunctionalTesting (186)
[2017.04.30-17.32.32:743][893]LogModuleManager: Shutting down and abandoning module CollisionAnalyzer (184)
[2017.04.30-17.32.32:889][893]LogModuleManager: Shutting down and abandoning module UMG (182)
[2017.04.30-17.32.32:909][893]LogModuleManager: Shutting down and abandoning module UMGEditor (181)
[2017.04.30-17.32.33:062][893]LogModuleManager: Shutting down and abandoning module Sequencer (180)
[2017.04.30-17.32.33:231][893]LogModuleManager: Shutting down and abandoning module AssetTools (178)
[2017.04.30-17.32.33:502][893]LogModuleManager: Shutting down and abandoning module MessageLog (177)
[2017.04.30-17.32.33:502][893]LogModuleManager: Shutting down and abandoning module WorkspaceMenuStructure (176)
[2017.04.30-17.32.33:502][893]LogModuleManager: Shutting down and abandoning module SlateReflector (170)
[2017.04.30-17.32.33:732][893]LogModuleManager: Shutting down and abandoning module Slate (168)
[2017.04.30-17.32.33:732][893]LogModuleManager: Shutting down and abandoning module EditorStyle (166)
[2017.04.30-17.32.33:819][893]LogModuleManager: Shutting down and abandoning module SourceCodeAccess (164)
[2017.04.30-17.32.33:829][893]LogModuleManager: Shutting down and abandoning module HeadMountedDisplay (162)
[2017.04.30-17.32.33:829][893]LogModuleManager: Shutting down and abandoning module XAudio2 (160)
[2017.04.30-17.32.33:829][893]LogModuleManager: Shutting down and abandoning module Networking (158)
[2017.04.30-17.32.33:829][893]LogModuleManager: Shutting down and abandoning module Core (154)
[2017.04.30-17.32.33:829][893]LogModuleManager: Shutting down and abandoning module AssetRegistry (152)
[2017.04.30-17.32.34:306][893]LogDirectoryWatcher: A directory notification for '../../../Engine/Content/' was aborted.
[2017.04.30-17.32.34:306][893]LogDirectoryWatcher: A directory notification for '../../../../../../Users/syj/Documents/lordoftank/LordOfTank/Content/' was aborted.
[2017.04.30-17.32.34:306][893]LogDirectoryWatcher: A directory notification for '../../../Engine/Plugins/2D/Paper2D/Content/' was aborted.
[2017.04.30-17.32.34:329][893]LogModuleManager: Shutting down and abandoning module DirectoryWatcher (151)
[2017.04.30-17.32.34:334][893]LogModuleManager: Shutting down and abandoning module KismetCompiler (148)
[2017.04.30-17.32.34:334][893]LogModuleManager: Shutting down and abandoning module PhysXFormats (146)
[2017.04.30-17.32.34:351][893]LogModuleManager: Shutting down and abandoning module MeshUtilities (144)
[2017.04.30-17.32.34:427][893]LogModuleManager: Shutting down and abandoning module SimplygonSwarm (143)
[2017.04.30-17.32.34:478][893]LogModuleManager: Shutting down and abandoning module SimplygonMeshReduction (141)
[2017.04.30-17.32.34:496][893]LogModuleManager: Shutting down and abandoning module QuadricMeshReduction (139)
[2017.04.30-17.32.34:507][893]LogModuleManager: Shutting down and abandoning module PropertyEditor (137)
[2017.04.30-17.32.34:527][893]LogModuleManager: Shutting down and abandoning module DerivedDataCache (134)
[2017.04.30-17.32.34:599][893]LogDerivedDataCache: Shutdown
[2017.04.30-17.32.34:599][893]LogModuleManager: Shutting down and abandoning module TargetPlatform (132)
[2017.04.30-17.32.34:600][893]LogModuleManager: Shutting down and abandoning module VulkanShaderFormat (131)
[2017.04.30-17.32.34:629][893]LogModuleManager: Shutting down and abandoning module ShaderFormatOpenGL (129)
[2017.04.30-17.32.34:655][893]LogModuleManager: Shutting down and abandoning module ShaderFormatD3D (127)
[2017.04.30-17.32.34:675][893]LogModuleManager: Shutting down and abandoning module MetalShaderFormat (125)
[2017.04.30-17.32.34:728][893]LogModuleManager: Shutting down and abandoning module TextureFormatUncompressed (123)
[2017.04.30-17.32.34:728][893]LogModuleManager: Shutting down and abandoning module TextureFormatPVR (121)
[2017.04.30-17.32.34:728][893]LogModuleManager: Shutting down and abandoning module TextureFormatDXT (119)
[2017.04.30-17.32.34:742][893]LogModuleManager: Shutting down and abandoning module TextureFormatIntelISPCTexComp (117)
[2017.04.30-17.32.34:776][893]LogModuleManager: Shutting down and abandoning module TextureFormatASTC (115)
[2017.04.30-17.32.34:776][893]LogModuleManager: Shutting down and abandoning module ImageWrapper (114)
[2017.04.30-17.32.34:776][893]LogModuleManager: Shutting down and abandoning module TextureFormatAndroid (111)
[2017.04.30-17.32.34:776][893]LogModuleManager: Shutting down and abandoning module AudioFormatOpus (109)
[2017.04.30-17.32.34:798][893]LogModuleManager: Shutting down and abandoning module AudioFormatOgg (107)
[2017.04.30-17.32.34:798][893]LogModuleManager: Shutting down and abandoning module AudioFormatADPCM (105)
[2017.04.30-17.32.34:798][893]LogModuleManager: Shutting down and abandoning module LinuxTargetPlatform (103)
[2017.04.30-17.32.34:799][893]LogModuleManager: Shutting down and abandoning module LinuxServerTargetPlatform (101)
[2017.04.30-17.32.34:799][893]LogModuleManager: Shutting down and abandoning module LinuxNoEditorTargetPlatform (99)
[2017.04.30-17.32.34:799][893]LogModuleManager: Shutting down and abandoning module LinuxClientTargetPlatform (97)
[2017.04.30-17.32.34:799][893]LogModuleManager: Shutting down and abandoning module TVOSTargetPlatform (95)
[2017.04.30-17.32.34:799][893]LogModuleManager: Shutting down and abandoning module Messaging (93)
[2017.04.30-17.32.34:799][893]LogModuleManager: Shutting down and abandoning module IOSTargetPlatform (91)
[2017.04.30-17.32.34:799][893]LogModuleManager: Shutting down and abandoning module HTML5TargetPlatform (89)
[2017.04.30-17.32.34:799][893]LogModuleManager: Shutting down and abandoning module Android_PVRTCTargetPlatform (87)
[2017.04.30-17.32.34:799][893]LogModuleManager: Shutting down and abandoning module Android_MultiTargetPlatform (85)
[2017.04.30-17.32.34:800][893]LogModuleManager: Shutting down and abandoning module Android_ETC2TargetPlatform (83)
[2017.04.30-17.32.34:800][893]LogModuleManager: Shutting down and abandoning module Android_ETC1TargetPlatform (81)
[2017.04.30-17.32.34:800][893]LogModuleManager: Shutting down and abandoning module Android_DXTTargetPlatform (79)
[2017.04.30-17.32.34:800][893]LogModuleManager: Shutting down and abandoning module Android_ATCTargetPlatform (77)
[2017.04.30-17.32.34:800][893]LogModuleManager: Shutting down and abandoning module Android_ASTCTargetPlatform (75)
[2017.04.30-17.32.34:800][893]LogModuleManager: Shutting down and abandoning module AndroidTargetPlatform (73)
[2017.04.30-17.32.34:800][893]LogModuleManager: Shutting down and abandoning module WindowsTargetPlatform (71)
[2017.04.30-17.32.34:800][893]LogModuleManager: Shutting down and abandoning module WindowsServerTargetPlatform (69)
[2017.04.30-17.32.34:800][893]LogModuleManager: Shutting down and abandoning module WindowsNoEditorTargetPlatform (67)
[2017.04.30-17.32.34:801][893]LogModuleManager: Shutting down and abandoning module WindowsClientTargetPlatform (65)
[2017.04.30-17.32.34:801][893]LogModuleManager: Shutting down and abandoning module MacTargetPlatform (63)
[2017.04.30-17.32.34:801][893]LogModuleManager: Shutting down and abandoning module MacServerTargetPlatform (61)
[2017.04.30-17.32.34:801][893]LogModuleManager: Shutting down and abandoning module MacNoEditorTargetPlatform (59)
[2017.04.30-17.32.34:801][893]LogModuleManager: Shutting down and abandoning module MacClientTargetPlatform (57)
[2017.04.30-17.32.34:801][893]LogModuleManager: Shutting down and abandoning module AllDesktopTargetPlatform (55)
[2017.04.30-17.32.34:801][893]LogModuleManager: Shutting down and abandoning module InputCore (52)
[2017.04.30-17.32.34:801][893]LogModuleManager: Shutting down and abandoning module Settings (50)
[2017.04.30-17.32.34:801][893]LogModuleManager: Shutting down and abandoning module OculusRift (48)
[2017.04.30-17.32.35:083][893]LogHMD: Oculus shutdown.
[2017.04.30-17.32.35:083][893]LogModuleManager: Shutting down and abandoning module GearVR (46)
[2017.04.30-17.32.35:094][893]LogModuleManager: Shutting down and abandoning module ExampleDeviceProfileSelector (44)
[2017.04.30-17.32.35:094][893]LogModuleManager: Shutting down and abandoning module OnlineBlueprintSupport (42)
[2017.04.30-17.32.35:094][893]LogModuleManager: Shutting down and abandoning module OnlineSubsystem (38)
[2017.04.30-17.32.35:094][893]LogOnline:Display: Unloading online subsystem: NULL
[2017.04.30-17.32.35:149][893]LogModuleManager: Shutting down and abandoning module XMPP (37)
[2017.04.30-17.32.35:318][893]LogModuleManager: Shutting down and abandoning module HTTP (35)
[2017.04.30-17.32.35:649][893]LogHttp:Display: Http module shutting down, but needs to wait on 1 outstanding Http requests:
[2017.04.30-17.32.35:649][893]LogHttp:Display: 	verb=[POST] url=[https://datarouter.ol.epicgames.com/datarouter/api/v1/public/data?SessionID=%7BDF60A371-4936-A84A-FF85-4AADEA4FC5D7%7D&AppID=UEEditor.Rocket.Release&AppVersion=4.15.1-3348071%2B%2B%2BUE4%2BRelease-4.15&UserID=b7af4be64c2f7f90e80caf93515ecd3d%7C625225da24bf49bd9dcc94f8eb08c150%7C1e33b659-c911-4b61-b646-24cd5b71aa09&AppEnvironment=datacollector-binary&UploadType=eteventstream] status=Processing
[2017.04.30-17.32.35:694][893]LogModuleManager: Shutting down and abandoning module SSL (34)
[2017.04.30-17.32.35:795][893]LogModuleManager: Shutting down and abandoning module AudioEditor (30)
[2017.04.30-17.32.35:839][893]LogModuleManager: Shutting down and abandoning module TextureCompressor (28)
[2017.04.30-17.32.35:923][893]LogModuleManager: Shutting down and abandoning module ShaderCore (26)
[2017.04.30-17.32.35:923][893]LogModuleManager: Shutting down and abandoning module Landscape (24)
[2017.04.30-17.32.35:923][893]LogModuleManager: Shutting down and abandoning module SlateRHIRenderer (22)
[2017.04.30-17.32.36:101][893]LogModuleManager: Shutting down and abandoning module OpenGLDrv (20)
[2017.04.30-17.32.36:230][893]LogModuleManager: Shutting down and abandoning module D3D11RHI (18)
[2017.04.30-17.32.36:230][893]LogModuleManager: Shutting down and abandoning module AnimGraphRuntime (16)
[2017.04.30-17.32.36:406][893]LogModuleManager: Shutting down and abandoning module Renderer (14)
[2017.04.30-17.32.36:406][893]LogModuleManager: Shutting down and abandoning module Engine (12)
[2017.04.30-17.32.36:406][893]LogModuleManager: Shutting down and abandoning module CoreUObject (10)
[2017.04.30-17.32.36:406][893]LogModuleManager: Shutting down and abandoning module NetworkFile (8)
[2017.04.30-17.32.37:022][893]LogModuleManager: Shutting down and abandoning module StreamingFile (6)
[2017.04.30-17.32.37:049][893]LogModuleManager: Shutting down and abandoning module SandboxFile (4)
[2017.04.30-17.32.37:049][893]LogModuleManager: Shutting down and abandoning module PakFile (2)
[2017.04.30-17.32.37:191][893]LogExit: Exiting.
[2017.04.30-17.32.37:252][893]Log file closed, 05/01/17 02:32:37
