Log file open, 04/02/17 23:17:43
LogInit:Display: Running engine for game: LordOfTank
LogPlatformFile: Not using cached read wrapper
LogInit:Display: RandInit(-1989068468) SRandInit(-1989068468).
LogTaskGraph: Started task graph with 5 named threads and 8 total threads with 1 sets of task threads.
LogStats: Stats thread started at 0.107325
LogInit: Using libcurl 7.47.1
LogInit:  - built for x86_64-pc-win32
LogInit:  - supports SSL with OpenSSL/1.0.2g
LogInit:  - supports HTTP deflate (compression) using libz 1.2.8
LogInit:  - other features:
LogInit:      CURL_VERSION_SSL
LogInit:      CURL_VERSION_LIBZ
LogInit:      CURL_VERSION_IPV6
LogInit:      CURL_VERSION_ASYNCHDNS
LogInit:      CURL_VERSION_LARGEFILE
LogInit:      CURL_VERSION_IDN
LogInit:  CurlRequestOptions (configurable via config and command line):
LogInit:  - bVerifyPeer = false  - Libcurl will NOT verify peer certificate
LogInit:  - bUseHttpProxy = false  - Libcurl will NOT use HTTP proxy
LogInit:  - bDontReuseConnections = false  - Libcurl will reuse connections
LogInit:  - CertBundlePath = nullptr  - Libcurl will use whatever was configured at build time.
OCULUS: Info: [CAPI] LibOVR module is located at C:\Program Files\Oculus\Support\oculus-runtime\LibOVRRT64_1.dll
OCULUS: Debug: Connected to the server running version (prod = 1).1.13.0(build = 361842) feature version = 0. Client runs version (prod = 1).1.13.0(build = 361842) feature version = 0
LogInit: Build: ++UE4+Release-4.15-CL-3299760
LogInit: Engine Version: 4.15.0-3299760+++UE4+Release-4.15
LogInit: Compatible Engine Version: 4.15.0-3299760+++UE4+Release-4.15
LogInit: Net CL: 3299760
LogDevObjectVersion: Number of dev versions registered: 14
LogDevObjectVersion:   Dev-Blueprints (B0D832E4-1F89-4F0D-ACCF-7EB736FD4AA2): 8
LogDevObjectVersion:   Dev-Build (E1C64328-A22C-4D53-A36C-8E866417BD8C): 0
LogDevObjectVersion:   Dev-Core (375EC13C-06E4-48FB-B500-84F0262A717E): 2
LogDevObjectVersion:   Dev-Editor (E4B068ED-F494-42E9-A231-DA0B2E46BB41): 14
LogDevObjectVersion:   Dev-Framework (CFFC743F-43B0-4480-9391-14DF171D2073): 22
LogDevObjectVersion:   Dev-Mobile (B02B49B5-BB20-44E9-A304-32B752E40360): 0
LogDevObjectVersion:   Dev-Networking (A4E4105C-59A1-49B5-A7C5-40C4547EDFEE): 0
LogDevObjectVersion:   Dev-Online (39C831C9-5AE6-47DC-9A44-9C173E1C8E7C): 0
LogDevObjectVersion:   Dev-Physics (78F01B33-EBEA-4F98-B9B4-84EACCB95AA2): 0
LogDevObjectVersion:   Dev-Platform (6631380F-2D4D-43E0-8009-CF276956A95A): 0
LogDevObjectVersion:   Dev-Rendering (12F88B9F-8875-4AFC-A67C-D90C383ABD29): 12
LogDevObjectVersion:   Dev-Sequencer (7B5AE74C-D270-4C10-A958-57980B212A5A): 3
LogDevObjectVersion:   Dev-VR (D7296918-1DD6-4BDD-9DE2-64A83CC13884): 0
LogDevObjectVersion:   Dev-LoadTimes (C2A15278-BFE7-4AFE-6C17-90FF531DF755): 1
LogInit: Compiled (64-bit): Feb 14 2017 02:04:14
LogInit: Compiled with Visual C++: 19.00.23026.00
LogInit: Build Configuration: Development
LogInit: Branch Name: ++UE4+Release-4.15
LogInit: Command line:  
LogInit: Base directory: C:/Program Files/Epic Games/UE_4.15/Engine/Binaries/Win64/
LogInit: Installed Engine Build: 1
LogInit: Presizing for max 8388607 objects, including 0 objects not considered by GC, pre-allocating 0 bytes for permanent pool.
LogInit: Object subsystem initialized
[2017.04.02-14.17.45:086][  0]LogInit: Selected Device Profile: [Windows]
[2017.04.02-14.17.45:086][  0]LogInit: Applying CVar settings loaded from the selected device profile: [Windows]
[2017.04.02-14.17.45:110][  0]LogInit: Computer: DESKTOP-HCO6J1Q
[2017.04.02-14.17.45:110][  0]LogInit: User: KSD
[2017.04.02-14.17.45:110][  0]LogInit: CPU Page size=65536, Cores=4
[2017.04.02-14.17.45:110][  0]LogInit: High frequency timer resolution =3.328124 MHz
[2017.04.02-14.17.45:111][  0]LogMemory: Memory total: Physical=15.9GB (16GB approx)
[2017.04.02-14.17.45:111][  0]LogMemory: Platform Memory Stats for Windows
[2017.04.02-14.17.45:111][  0]LogMemory: Process Physical Memory: 267.94 MB used, 267.94 MB peak
[2017.04.02-14.17.45:111][  0]LogMemory: Process Virtual Memory: 265.77 MB used, 265.77 MB peak
[2017.04.02-14.17.45:111][  0]LogMemory: Physical Memory: 5620.68 MB used,  10696.14 MB free, 16316.82 MB total
[2017.04.02-14.17.45:111][  0]LogMemory: Virtual Memory: 681.09 MB used,  10696.14 MB free, 134217728.00 MB total
[2017.04.02-14.17.45:444][  0]LogTextLocalizationManager: No specific translations for ('ko-KR') exist, so ('ko') translations will be used.
[2017.04.02-14.17.45:518][  0]LogTextLocalizationManager:Warning: Loaded localization resources contain conflicting entries for (Namespace:KismetSchema, Key:Default):
Localization Resource: (C:/Program Files/Epic Games/UE_4.15/Engine/Content/Localization/EditorTutorials/ko/EditorTutorials.locres) Source String Hash: (940523119) Localized String: (디폴트)
Localization Resource: (C:/Program Files/Epic Games/UE_4.15/Engine/Content/Localization/Engine/ko/Engine.locres) Source String Hash: (940523119) Localized String: (기본)
[2017.04.02-14.17.45:518][  0]LogTextLocalizationManager:Warning: Loaded localization resources contain conflicting entries for (Namespace:UObjectToolTips, Key:AnimNode_AssetPlayerBase:InternalTimeAccumulator):
Localization Resource: (C:/Program Files/Epic Games/UE_4.15/Engine/Content/Localization/EditorTutorials/ko/EditorTutorials.locres) Source String Hash: (502993589) Localized String: (이 노드에서 애셋을 레퍼런싱하는 데 사용되는 누적 시간입니다.)
Localization Resource: (C:/Program Files/Epic Games/UE_4.15/Engine/Content/Localization/Engine/ko/Engine.locres) Source String Hash: (502993589) Localized String: (이 노드에서 애셋을 레퍼런싱하는 데 사용된 누적 시간입니다.)
[2017.04.02-14.17.45:518][  0]LogTextLocalizationManager:Warning: Loaded localization resources contain conflicting entries for (Namespace:UObjectToolTips, Key:AnimNode_AssetPlayerBase:bIgnoreForRelevancyTest):
Localization Resource: (C:/Program Files/Epic Games/UE_4.15/Engine/Content/Localization/EditorTutorials/ko/EditorTutorials.locres) Source String Hash: (319969718) Localized String: (True 면, 스테이트에서 최고 가중치 애니메이션을 찾는 "Relevant anim" 노드는 이 노드를 무시합니다.
 )
Localization Resource: (C:/Program Files/Epic Games/UE_4.15/Engine/Content/Localization/Engine/ko/Engine.locres) Source String Hash: (319969718) Localized String: (True 면 스테이트 내 최고 웨이팅된 애니메이션을 찾는 "Relevant anim" 노드가 무시됩니다.
 )
[2017.04.02-14.17.45:518][  0]LogTextLocalizationManager:Warning: Loaded localization resources contain conflicting entries for (Namespace:UObjectToolTips, Key:AnimNode_AssetPlayerBase:BlendWeight):
Localization Resource: (C:/Program Files/Epic Games/UE_4.15/Engine/Content/Localization/EditorTutorials/ko/EditorTutorials.locres) Source String Hash: (-1232800293) Localized String: (이 노드에 마지막 걸린 블렌드웨이트 입니다.)
Localization Resource: (C:/Program Files/Epic Games/UE_4.15/Engine/Content/Localization/Engine/ko/Engine.locres) Source String Hash: (-1232800293) Localized String: (이 노드에 대해 마지막 접한 블렌드 웨이트)
[2017.04.02-14.17.48:029][  0]LogD3D11RHI: D3D11 adapters:
[2017.04.02-14.17.48:574][  0]LogD3D11RHI:    0. 'NVIDIA GeForce GTX 1070' (Feature Level 11_0)
[2017.04.02-14.17.48:574][  0]LogD3D11RHI:       8145/0/8158 MB DedicatedVideo/DedicatedSystem/SharedSystem, Outputs:1, VendorId:0x10de
[2017.04.02-14.17.48:576][  0]LogD3D11RHI:    1. 'Microsoft Basic Render Driver' (Feature Level 11_0)
[2017.04.02-14.17.48:576][  0]LogD3D11RHI:       0/0/8158 MB DedicatedVideo/DedicatedSystem/SharedSystem, Outputs:0, VendorId:0x1414
[2017.04.02-14.17.48:576][  0]LogD3D11RHI: Chosen D3D11 Adapter: 0
[2017.04.02-14.17.48:583][  0]LogD3D11RHI: Creating new Direct3DDevice
[2017.04.02-14.17.48:583][  0]LogD3D11RHI:     GPU DeviceId: 0x1b81 (for the marketing name, search the web for "GPU Device Id")
[2017.04.02-14.17.48:583][  0]LogWindows: EnumDisplayDevices:
[2017.04.02-14.17.48:584][  0]LogWindows:    0. 'NVIDIA GeForce GTX 1070' (P:1 D:1)
[2017.04.02-14.17.48:584][  0]LogWindows:    1. 'NVIDIA GeForce GTX 1070' (P:0 D:0)
[2017.04.02-14.17.48:584][  0]LogWindows:    2. 'NVIDIA GeForce GTX 1070' (P:0 D:0)
[2017.04.02-14.17.48:585][  0]LogWindows:    3. 'NVIDIA GeForce GTX 1070' (P:0 D:0)
[2017.04.02-14.17.48:585][  0]LogWindows: DebugString: FoundDriverCount:4 
[2017.04.02-14.17.48:585][  0]LogD3D11RHI:     Adapter Name: NVIDIA GeForce GTX 1070
[2017.04.02-14.17.48:585][  0]LogD3D11RHI:   Driver Version: 373.06 (internal:21.21.13.7306, unified:373.06)
[2017.04.02-14.17.48:585][  0]LogD3D11RHI:      Driver Date: 10-1-2016
[2017.04.02-14.17.48:586][  0]LogRHI: Texture pool is 1361 MB (70% of 1945 MB)
[2017.04.02-14.17.49:182][  0]LogD3D11RHI: Async texture creation enabled
[2017.04.02-14.17.49:286][  0]LogD3D11RHI: GPU Timing Frequency: 1000.000000 (Debug: 2 1)
[2017.04.02-14.17.49:343][  0]LogShaderCompilers: Guid format shader working directory is -22 characters bigger than the processId version (../../../../../../Users/KSD/Documents/GitHub/lordoftank/LordOfTank/Intermediate/Shaders/WorkingDirectory/9396/).
[2017.04.02-14.17.49:343][  0]LogShaderCompilers: Cleaned the shader compiler working directory 'C:/Users/KSD/AppData/Local/Temp/UnrealShaderWorkingDir/858A026141D4917765B51A8B4A504186/'.
[2017.04.02-14.17.49:343][  0]LogShaderCompilers:Display: Using Local Shader Compiler.
[2017.04.02-14.17.52:059][  0]LogTemp:Display: Loaded TP AllDesktopTargetPlatform
[2017.04.02-14.17.52:123][  0]LogTemp:Display: Loaded TP MacClientTargetPlatform
[2017.04.02-14.17.52:187][  0]LogTemp:Display: Loaded TP MacNoEditorTargetPlatform
[2017.04.02-14.17.52:252][  0]LogTemp:Display: Loaded TP MacServerTargetPlatform
[2017.04.02-14.17.52:333][  0]LogTemp:Display: Loaded TP MacTargetPlatform
[2017.04.02-14.17.52:400][  0]LogTemp:Display: Loaded TP WindowsClientTargetPlatform
[2017.04.02-14.17.52:469][  0]LogTemp:Display: Loaded TP WindowsNoEditorTargetPlatform
[2017.04.02-14.17.52:536][  0]LogTemp:Display: Loaded TP WindowsServerTargetPlatform
[2017.04.02-14.17.52:596][  0]LogTemp:Display: Loaded TP WindowsTargetPlatform
[2017.04.02-14.17.52:667][  0]LogTemp:Display: Loaded TP AndroidTargetPlatform
[2017.04.02-14.17.52:734][  0]LogTemp:Display: Loaded TP Android_ASTCTargetPlatform
[2017.04.02-14.17.52:792][  0]LogTemp:Display: Loaded TP Android_ATCTargetPlatform
[2017.04.02-14.17.52:851][  0]LogTemp:Display: Loaded TP Android_DXTTargetPlatform
[2017.04.02-14.17.52:911][  0]LogTemp:Display: Loaded TP Android_ETC1TargetPlatform
[2017.04.02-14.17.52:972][  0]LogTemp:Display: Loaded TP Android_ETC2TargetPlatform
[2017.04.02-14.17.53:104][  0]LogTemp:Display: Loaded TP Android_MultiTargetPlatform
[2017.04.02-14.17.53:104][  0]LogTemp:Display: Loaded TP Android_PVRTCTargetPlatform
[2017.04.02-14.17.53:149][  0]LogTemp:Display: Loaded TP HTML5TargetPlatform
[2017.04.02-14.17.53:281][  0]LogTemp:Display: Loaded TP IOSTargetPlatform
[2017.04.02-14.17.53:324][  0]LogTemp:Display: Loaded TP TVOSTargetPlatform
[2017.04.02-14.17.53:384][  0]LogTemp:Display: Loaded TP LinuxClientTargetPlatform
[2017.04.02-14.17.53:441][  0]LogTemp:Display: Loaded TP LinuxNoEditorTargetPlatform
[2017.04.02-14.17.53:498][  0]LogTemp:Display: Loaded TP LinuxServerTargetPlatform
[2017.04.02-14.17.53:562][  0]LogTemp:Display: Loaded TP LinuxTargetPlatform
[2017.04.02-14.17.53:562][  0]LogTargetPlatformManager:Display: Building Assets For Windows
[2017.04.02-14.17.54:405][  0]LogDerivedDataCache:Display: Max Cache Size: 512 MB
[2017.04.02-14.17.54:918][  0]LogDerivedDataCache: Loaded boot cache 0.51s 95MB C:/Users/KSD/AppData/Local/UnrealEngine/4.15/DerivedDataCache/Boot.ddc.
[2017.04.02-14.17.54:918][  0]LogDerivedDataCache:Display: Loaded Boot cache: C:/Users/KSD/AppData/Local/UnrealEngine/4.15/DerivedDataCache/Boot.ddc
[2017.04.02-14.17.54:918][  0]LogDerivedDataCache: FDerivedDataBackendGraph:  Pak pak cache file ../../../../../../Users/KSD/Documents/GitHub/lordoftank/LordOfTank/DerivedDataCache/DDC.ddp not found, will not use a pak cache.
[2017.04.02-14.17.54:918][  0]LogDerivedDataCache: Unable to find inner node Pak for hierarchical cache Hierarchy.
[2017.04.02-14.17.54:918][  0]LogDerivedDataCache: FDerivedDataBackendGraph:  CompressedPak pak cache file ../../../../../../Users/KSD/Documents/GitHub/lordoftank/LordOfTank/DerivedDataCache/Compressed.ddp not found, will not use a pak cache.
[2017.04.02-14.17.54:918][  0]LogDerivedDataCache: Unable to find inner node CompressedPak for hierarchical cache Hierarchy.
[2017.04.02-14.17.54:955][  0]LogDerivedDataCache:Display: Pak cache opened for reading ../../../Engine/DerivedDataCache/Compressed.ddp.
[2017.04.02-14.17.54:967][  0]LogDerivedDataCache: Using Local data cache path C:/Users/KSD/AppData/Local/UnrealEngine/Common/DerivedDataCache: Writable
[2017.04.02-14.17.54:985][  0]LogSlate: Using Freetype 2.6.0
[2017.04.02-14.17.54:998][  0]LogSlate: SlateFontCache - WITH_FREETYPE: 1, WITH_HARFBUZZ: 1
[2017.04.02-14.17.54:998][  0]LogSlate: SlateFontCache - WITH_FREETYPE: 1, WITH_HARFBUZZ: 1
[2017.04.02-14.17.58:025][  0]LogInit: Selected Device Profile: [Windows]
[2017.04.02-14.17.58:036][  0]LogContentStreaming: Texture pool size is 0.00 MB
[2017.04.02-14.17.58:357][  0]LogMeshUtilities: Using QuadricMeshReduction for automatic static mesh reduction
[2017.04.02-14.17.58:432][  0]LogSimplygon: Simplygon DLL not present - disabling.
[2017.04.02-14.17.58:493][  0]LogMeshUtilities: Using SimplygonSwarm for distributed automatic mesh merging
[2017.04.02-14.17.58:493][  0]LogMeshUtilities: No automatic skeletal mesh reduction module available
[2017.04.02-14.17.58:493][  0]LogMeshUtilities: No automatic mesh merging module available
[2017.04.02-14.17.59:959][  0]LogNetVersion: GetLocalNetworkVersion: CL: 3299760, ProjectName: lordoftank, ProjectVersion: , EngineNetworkVersion: 2, GameNetworkVersion: 0, NetworkChecksum: 665150540
[2017.04.02-14.18.00:023][  0]LogAssetRegistry: FAssetRegistry took 0.0236 seconds to start up
[2017.04.02-14.18.00:088][  0]LogPackageLocalizationCache: Processed 3 localized package path(s) for 2 prioritized culture(s) in 0.037621 seconds
[2017.04.02-14.18.00:095][  0]LogUObjectArray: 32475 objects as part of root set at end of initial load.
[2017.04.02-14.18.00:095][  0]LogUObjectAllocator: 7073368 out of 0 bytes used by permanent object pool.
[2017.04.02-14.18.00:095][  0]LogUObjectArray: CloseDisregardForGC: 0/0 objects in disregard for GC pool
[2017.04.02-14.18.00:180][  0]LogInit: WinSock: version 1.1 (2.2), MaxSocks=32767, MaxUdp=65467
[2017.04.02-14.18.03:996][  0]LogTcpMessaging: Initializing TcpMessaging bridge
[2017.04.02-14.18.04:049][  0]LogUdpMessaging: Initializing bridge on interface 0.0.0.0:0 to multicast group 230.0.0.1:6666.
[2017.04.02-14.18.04:377][  0]LogLinker:Warning: '/Game/LOTAssets/TankAssets/LOTBody' 파일을 찾을 수 없습니다.
[2017.04.02-14.18.04:377][  0]LogLinker:Warning: '/Game/LOTAssets/TankAssets/LOTBody' 파일을 찾을 수 없습니다.
[2017.04.02-14.18.04:377][  0]LogUObjectGlobals:Warning: 'SkeletalMesh /Game/LOTAssets/TankAssets/LOTBody.LOTBody' 오브젝트를 찾는 데 실패했습니다.
[2017.04.02-14.18.04:377][  0]Error: CDO Constructor (LOTPlayer): Failed to find /Game/LOTAssets/TankAssets/LOTBody.LOTBody

[2017.04.02-14.18.04:506][  0]LogMaterial: Missing cached shader map for material LBXTires_MAT, compiling. 
[2017.04.02-14.18.04:511][  0]LogTemp:Display: Added material ShaderMap 0x00000178D876CB80 with Material 0x00000178D94CE200 to ShaderMapsBeingCompiled
[2017.04.02-14.18.04:595][  0]LogTemp:Display: Kicking off shader compilation for LBXTires_MAT, GameThreadShaderMap 0x00000178D876CB80
[2017.04.02-14.18.04:630][  0]LogMaterial: Missing cached shader map for material LBXMY_MAT, compiling. 
[2017.04.02-14.18.04:632][  0]LogTemp:Display: Added material ShaderMap 0x00000178D4451D00 with Material 0x00000178D4413E80 to ShaderMapsBeingCompiled
[2017.04.02-14.18.04:667][  0]LogTemp:Display: Kicking off shader compilation for LBXMY_MAT, GameThreadShaderMap 0x00000178D4451D00
[2017.04.02-14.18.04:785][  0]LogStats: FPlatformStackWalk::StackWalkAndDump -  0.118 s
[2017.04.02-14.18.04:785][  0]LogOutputDevice:Error: === Handled ensure: ===
[2017.04.02-14.18.04:785][  0]LogOutputDevice:Error: 
[2017.04.02-14.18.04:785][  0]LogOutputDevice:Error: Ensure condition failed: !AttachmentRules.bWeldSimulatedBodies [File:D:\Build\++UE4+Release-4.15+Compile\Sync\Engine\Source\Runtime\Engine\Private\Components\SceneComponent.cpp] [Line: 1623]
[2017.04.02-14.18.04:785][  0]LogOutputDevice:Error: AttachToComponent when called from a constructor cannot weld simulated bodies. Consider calling SetupAttachment directly instead.
[2017.04.02-14.18.04:785][  0]LogOutputDevice:Error: Stack: 
[2017.04.02-14.18.04:785][  0]LogOutputDevice:Error: UE4Editor-Core.dll!0x0000000015A895D6
[2017.04.02-14.18.04:785][  0]LogOutputDevice:Error: UE4Editor-Core.dll!0x0000000015839B72
[2017.04.02-14.18.04:785][  0]LogOutputDevice:Error: UE4Editor-Core.dll!0x000000001584B656
[2017.04.02-14.18.04:785][  0]LogOutputDevice:Error: UE4Editor-Engine.dll!0x0000000000B50AEB
[2017.04.02-14.18.04:785][  0]LogOutputDevice:Error: UE4Editor-LordOfTank.dll!ALOTPlayer::ALOTPlayer() [c:\users\syj\documents\lordoftank\lordoftank\source\lordoftank\private\pawn\lotplayer.cpp:41]
[2017.04.02-14.18.04:785][  0]LogOutputDevice:Error: UE4Editor-LordOfTank.dll!InternalConstructor<ALOTPlayer>()
[2017.04.02-14.18.04:785][  0]LogOutputDevice:Error: UE4Editor-CoreUObject.dll!0x000000001609200F
[2017.04.02-14.18.04:785][  0]LogOutputDevice:Error: UE4Editor-CoreUObject.dll!0x0000000016229F60
[2017.04.02-14.18.04:785][  0]LogOutputDevice:Error: UE4Editor-CoreUObject.dll!0x000000001620C160
[2017.04.02-14.18.04:785][  0]LogOutputDevice:Error: UE4Editor-CoreUObject.dll!0x0000000016095637
[2017.04.02-14.18.04:785][  0]LogOutputDevice:Error: UE4Editor-Core.dll!0x00000000156E7163
[2017.04.02-14.18.04:785][  0]LogOutputDevice:Error: UE4Editor-Core.dll!0x00000000158AC6FA
[2017.04.02-14.18.04:785][  0]LogOutputDevice:Error: UE4Editor-Projects.dll!0x000000001E8BB4F2
[2017.04.02-14.18.04:785][  0]LogOutputDevice:Error: UE4Editor-Projects.dll!0x000000001E8BB838
[2017.04.02-14.18.04:785][  0]LogOutputDevice:Error: UE4Editor.exe!0x00000000DCCB2951
[2017.04.02-14.18.04:785][  0]LogOutputDevice:Error: UE4Editor.exe!0x00000000DCCB6A02
[2017.04.02-14.18.04:786][  0]LogOutputDevice:Error: UE4Editor.exe!0x00000000DCCAE96A
[2017.04.02-14.18.04:786][  0]LogOutputDevice:Error: UE4Editor.exe!0x00000000DCCAEBBA
[2017.04.02-14.18.04:786][  0]LogOutputDevice:Error: UE4Editor.exe!0x00000000DCCC0A29
[2017.04.02-14.18.04:786][  0]LogOutputDevice:Error: UE4Editor.exe!0x00000000DCCC22B6
[2017.04.02-14.18.04:786][  0]LogOutputDevice:Error: KERNEL32.DLL!0x00000000401D8364
[2017.04.02-14.18.04:786][  0]LogOutputDevice:Error: ntdll.dll!0x0000000040D370D1
[2017.04.02-14.18.04:786][  0]LogOutputDevice:Error: 
[2017.04.02-14.18.04:792][  0]LogStats:                SubmitErrorReport -  0.000 s
[2017.04.02-14.18.05:260][  0]LogStats:                    SendNewReport -  0.469 s
[2017.04.02-14.18.05:260][  0]LogStats:             FDebug::EnsureFailed -  0.594 s
[2017.04.02-14.18.05:261][  0]LogStats: FPlatformStackWalk::StackWalkAndDump -  0.001 s
[2017.04.02-14.18.05:261][  0]LogOutputDevice:Error: === Handled ensure: ===
[2017.04.02-14.18.05:261][  0]LogOutputDevice:Error: 
[2017.04.02-14.18.05:261][  0]LogOutputDevice:Error: Ensure condition failed: AttachmentRules.LocationRule == EAttachmentRule::KeepRelative && AttachmentRules.RotationRule == EAttachmentRule::KeepRelative && AttachmentRules.ScaleRule == EAttachmentRule::KeepRelative [File:D:\Build\++UE4+Release-4.15+Compile\Sync\Engine\Source\Runtime\Engine\Private\Components\SceneComponent.cpp] [Line: 1624]
[2017.04.02-14.18.05:261][  0]LogOutputDevice:Error: AttachToComponent when called from a constructor is only setting up attachment and will always be treated as KeepRelative. Consider calling SetupAttachment directly instead.
[2017.04.02-14.18.05:261][  0]LogOutputDevice:Error: Stack: 
[2017.04.02-14.18.05:261][  0]LogOutputDevice:Error: UE4Editor-Core.dll!0x0000000015A895D6
[2017.04.02-14.18.05:261][  0]LogOutputDevice:Error: UE4Editor-Core.dll!0x0000000015839B72
[2017.04.02-14.18.05:261][  0]LogOutputDevice:Error: UE4Editor-Core.dll!0x000000001584B656
[2017.04.02-14.18.05:261][  0]LogOutputDevice:Error: UE4Editor-Engine.dll!0x0000000000B50B65
[2017.04.02-14.18.05:261][  0]LogOutputDevice:Error: UE4Editor-LordOfTank.dll!ALOTPlayer::ALOTPlayer() [c:\users\syj\documents\lordoftank\lordoftank\source\lordoftank\private\pawn\lotplayer.cpp:41]
[2017.04.02-14.18.05:261][  0]LogOutputDevice:Error: UE4Editor-LordOfTank.dll!InternalConstructor<ALOTPlayer>()
[2017.04.02-14.18.05:261][  0]LogOutputDevice:Error: UE4Editor-CoreUObject.dll!0x000000001609200F
[2017.04.02-14.18.05:261][  0]LogOutputDevice:Error: UE4Editor-CoreUObject.dll!0x0000000016229F60
[2017.04.02-14.18.05:261][  0]LogOutputDevice:Error: UE4Editor-CoreUObject.dll!0x000000001620C160
[2017.04.02-14.18.05:261][  0]LogOutputDevice:Error: UE4Editor-CoreUObject.dll!0x0000000016095637
[2017.04.02-14.18.05:261][  0]LogOutputDevice:Error: UE4Editor-Core.dll!0x00000000156E7163
[2017.04.02-14.18.05:261][  0]LogOutputDevice:Error: UE4Editor-Core.dll!0x00000000158AC6FA
[2017.04.02-14.18.05:261][  0]LogOutputDevice:Error: UE4Editor-Projects.dll!0x000000001E8BB4F2
[2017.04.02-14.18.05:261][  0]LogOutputDevice:Error: UE4Editor-Projects.dll!0x000000001E8BB838
[2017.04.02-14.18.05:261][  0]LogOutputDevice:Error: UE4Editor.exe!0x00000000DCCB2951
[2017.04.02-14.18.05:261][  0]LogOutputDevice:Error: UE4Editor.exe!0x00000000DCCB6A02
[2017.04.02-14.18.05:261][  0]LogOutputDevice:Error: UE4Editor.exe!0x00000000DCCAE96A
[2017.04.02-14.18.05:261][  0]LogOutputDevice:Error: UE4Editor.exe!0x00000000DCCAEBBA
[2017.04.02-14.18.05:261][  0]LogOutputDevice:Error: UE4Editor.exe!0x00000000DCCC0A29
[2017.04.02-14.18.05:261][  0]LogOutputDevice:Error: UE4Editor.exe!0x00000000DCCC22B6
[2017.04.02-14.18.05:261][  0]LogOutputDevice:Error: KERNEL32.DLL!0x00000000401D8364
[2017.04.02-14.18.05:261][  0]LogOutputDevice:Error: ntdll.dll!0x0000000040D370D1
[2017.04.02-14.18.05:261][  0]LogOutputDevice:Error: 
[2017.04.02-14.18.05:268][  0]LogStats:                SubmitErrorReport -  0.000 s
[2017.04.02-14.18.05:513][  0]LogStats:                    SendNewReport -  0.245 s
[2017.04.02-14.18.05:513][  0]LogStats:             FDebug::EnsureFailed -  0.253 s
[2017.04.02-14.18.05:659][  0]LogMaterial: Missing cached shader map for material Case-Capsule_Mat, compiling. 
[2017.04.02-14.18.05:660][  0]LogTemp:Display: Added material ShaderMap 0x00000178DAE06400 with Material 0x00000178DADFA680 to ShaderMapsBeingCompiled
[2017.04.02-14.18.05:709][  0]LogTemp:Display: Kicking off shader compilation for Case-Capsule_Mat, GameThreadShaderMap 0x00000178DAE06400
[2017.04.02-14.18.05:713][  0]LogMaterial: Missing cached shader map for material ammunitions_Mat, compiling. 
[2017.04.02-14.18.05:715][  0]LogTemp:Display: Added material ShaderMap 0x00000178E1F24480 with Material 0x00000178DAE00A00 to ShaderMapsBeingCompiled
[2017.04.02-14.18.05:781][  0]LogTemp:Display: Kicking off shader compilation for ammunitions_Mat, GameThreadShaderMap 0x00000178E1F24480
[2017.04.02-14.18.05:948][  0]LogUObjectBase:Warning: -------------- Default Property warnings and errors:
[2017.04.02-14.18.05:948][  0]LogUObjectBase:Warning: Error: CDO Constructor (LOTPlayer): Failed to find /Game/LOTAssets/TankAssets/LOTBody.LOTBody

[2017.04.02-14.18.09:262][  0]LogWindowsTextInputMethodSystem:Display: IME system now activated using TSF (Microsoft 입력기).
[2017.04.02-14.18.09:840][  0]LogMaterial: Uniform references updated for custom material expression Custom.
[2017.04.02-14.18.10:593][  0]SourceControl: 정보 소스 콘트롤이 꺼졌습니다.
[2017.04.02-14.18.10:760][  0]SourceControl: 정보 소스 콘트롤이 꺼졌습니다.
[2017.04.02-14.18.10:861][  0]SourceControl: 정보 소스 콘트롤이 꺼졌습니다.
[2017.04.02-14.18.10:951][  0]SourceControl: 정보 소스 콘트롤이 꺼졌습니다.
[2017.04.02-14.18.13:438][  0]LogEngine: Initializing Engine...
[2017.04.02-14.18.13:441][  0]LogHMD: Oculus plugin initialized. Version: 4.15.0-3299760+++UE4+Release-4.15, LibOVR: 1.13.0, SDK: 1.10.0, built Feb 14 2017, 02:10:09
[2017.04.02-14.18.13:918][  0]LogAIModule: Creating AISystem for world Untitled
[2017.04.02-14.18.13:983][  0]LogInit: XAudio2 using '스피커(Realtek High Definition Audio)' : 2 channels at 48 kHz using 32 bits per sample (channel mask 0x3)
[2017.04.02-14.18.14:023][  0]LogInit: FAudioDevice initialized.
[2017.04.02-14.18.14:083][  0]LogDerivedDataCache: Saved boot cache 0.06s 95MB C:/Users/KSD/AppData/Local/UnrealEngine/4.15/DerivedDataCache/Boot.ddc.
[2017.04.02-14.18.14:093][  0]LogInit: Texture streaming: Enabled
[2017.04.02-14.18.14:275][  0]LogEngineSessionManager: EngineSessionManager initialized
[2017.04.02-14.18.14:694][  0]LogInit: Transaction tracking system initialized
[2017.04.02-14.18.15:393][  0]BlueprintLog: New page: 에디터 로드
[2017.04.02-14.18.17:269][  0]LocalizationService: 정보 현지화 서비스가 비활성화되었습니다.
[2017.04.02-14.18.18:601][  0]LogConsoleResponse:Display: 
[2017.04.02-14.18.18:895][  0]LogCook:Display: Max memory allowance for cook 16384mb min free memory 0mb
[2017.04.02-14.18.18:896][  0]LogCook:Display: Mobile HDR setting 1
[2017.04.02-14.18.19:639][  0]LogFileCache: Scanning file cache for directory 'C:/Users/KSD/Documents/GitHub/lordoftank/LordOfTank/Content/' took 0.02s
[2017.04.02-14.18.20:975][  0]SourceControl: 정보 소스 콘트롤이 꺼졌습니다.
[2017.04.02-14.18.20:980][  0]Cmd: MAP LOAD FILE="../../../../../../Users/KSD/Documents/GitHub/lordoftank/LordOfTank/Content/LOTMaps/StartMap.umap" TEMPLATE=0 SHOWPROGRESS=1 FEATURELEVEL=3
[2017.04.02-14.18.20:982][  0]LightingResults: New page: 라이팅 빌드
[2017.04.02-14.18.21:072][  0]MapCheck: New page: 맵 체크
[2017.04.02-14.18.21:072][  0]LightingResults: New page: 라이팅 빌드
[2017.04.02-14.18.22:052][  0]LogAIModule: Creating AISystem for world StartMap
[2017.04.02-14.18.22:074][  0]LogTemp:Display: Finished compile of shader map 0x00000178D876CB80
[2017.04.02-14.18.22:074][  0]LogTemp:Display: Shader map LBXTires_MAT complete, GameThreadShaderMap 0x00000178D876CB80, marking material LBXTires_MAT as finished
[2017.04.02-14.18.22:074][  0]LogTemp:Display: Marking material as finished 0x00000178D94CE200
[2017.04.02-14.18.22:091][  0]LogTemp:Display: Finished compile of shader map 0x00000178D4451D00
[2017.04.02-14.18.22:091][  0]LogTemp:Display: Shader map LBXMY_MAT complete, GameThreadShaderMap 0x00000178D4451D00, marking material LBXMY_MAT as finished
[2017.04.02-14.18.22:091][  0]LogTemp:Display: Marking material as finished 0x00000178D4413E80
[2017.04.02-14.18.23:368][  0]LogSkinnedMeshComp:Warning: GetSocketByName(Body_TR): No SkeletalMesh for Component(VehicleMesh) Actor(MyLOTPlayer_2)
[2017.04.02-14.18.23:368][  0]LogSkinnedMeshComp:Warning: GetSocketByName(Body_TR): No SkeletalMesh for Component(VehicleMesh) Actor(MyLOTPlayer_2)
[2017.04.02-14.18.23:368][  0]LogSkinnedMeshComp:Warning: GetSocketByName(Body_TR): No SkeletalMesh for Component(VehicleMesh) Actor(MyLOTPlayer_2)
[2017.04.02-14.18.23:369][  0]LogSkinnedMeshComp:Warning: GetSocketByName(Body_TR): No SkeletalMesh for Component(VehicleMesh) Actor(MyLOTPlayer_2)
[2017.04.02-14.18.23:369][  0]LogSkinnedMeshComp:Warning: GetSocketByName(Body_TR): No SkeletalMesh for Component(VehicleMesh) Actor(MyLOTPlayer_2)
[2017.04.02-14.18.23:369][  0]LogSkinnedMeshComp:Warning: GetSocketByName(Body_TR): No SkeletalMesh for Component(VehicleMesh) Actor(MyLOTPlayer_2)
[2017.04.02-14.18.23:369][  0]LogSkinnedMeshComp:Warning: GetSocketByName(Body_TR): No SkeletalMesh for Component(VehicleMesh) Actor(MyLOTPlayer_2)
[2017.04.02-14.18.23:370][  0]LogSkinnedMeshComp:Warning: GetSocketByName(Body_TR): No SkeletalMesh for Component(VehicleMesh) Actor(MyLOTPlayer2)
[2017.04.02-14.18.23:370][  0]LogSkinnedMeshComp:Warning: GetSocketByName(Body_TR): No SkeletalMesh for Component(VehicleMesh) Actor(MyLOTPlayer2)
[2017.04.02-14.18.23:370][  0]LogSkinnedMeshComp:Warning: GetSocketByName(Body_TR): No SkeletalMesh for Component(VehicleMesh) Actor(MyLOTPlayer2)
[2017.04.02-14.18.23:370][  0]LogSkinnedMeshComp:Warning: GetSocketByName(Body_TR): No SkeletalMesh for Component(VehicleMesh) Actor(MyLOTPlayer2)
[2017.04.02-14.18.23:370][  0]LogSkinnedMeshComp:Warning: GetSocketByName(Body_TR): No SkeletalMesh for Component(VehicleMesh) Actor(MyLOTPlayer2)
[2017.04.02-14.18.23:371][  0]LogSkinnedMeshComp:Warning: GetSocketByName(Body_TR): No SkeletalMesh for Component(VehicleMesh) Actor(MyLOTPlayer2)
[2017.04.02-14.18.23:371][  0]LogSkinnedMeshComp:Warning: GetSocketByName(Body_TR): No SkeletalMesh for Component(VehicleMesh) Actor(MyLOTPlayer2)
[2017.04.02-14.18.23:371][  0]LogSkinnedMeshComp:Warning: GetSocketByName(Body_TR): No SkeletalMesh for Component(VehicleMesh) Actor(MyLOTPlayer4_2)
[2017.04.02-14.18.23:371][  0]LogSkinnedMeshComp:Warning: GetSocketByName(Body_TR): No SkeletalMesh for Component(VehicleMesh) Actor(MyLOTPlayer4_2)
[2017.04.02-14.18.23:371][  0]LogSkinnedMeshComp:Warning: GetSocketByName(Body_TR): No SkeletalMesh for Component(VehicleMesh) Actor(MyLOTPlayer4_2)
[2017.04.02-14.18.23:371][  0]LogSkinnedMeshComp:Warning: GetSocketByName(Body_TR): No SkeletalMesh for Component(VehicleMesh) Actor(MyLOTPlayer4_2)
[2017.04.02-14.18.23:371][  0]LogSkinnedMeshComp:Warning: GetSocketByName(Body_TR): No SkeletalMesh for Component(VehicleMesh) Actor(MyLOTPlayer4_2)
[2017.04.02-14.18.23:371][  0]LogSkinnedMeshComp:Warning: GetSocketByName(Body_TR): No SkeletalMesh for Component(VehicleMesh) Actor(MyLOTPlayer4_2)
[2017.04.02-14.18.23:371][  0]LogSkinnedMeshComp:Warning: GetSocketByName(Body_TR): No SkeletalMesh for Component(VehicleMesh) Actor(MyLOTPlayer4_2)
[2017.04.02-14.18.23:383][  0]LogSkinnedMeshComp:Warning: GetSocketByName(Body_TR): No SkeletalMesh for Component(VehicleMesh) Actor(MyLOTPlayer_2)
[2017.04.02-14.18.23:383][  0]LogSkinnedMeshComp:Warning: GetSocketByName(Body_TR): No SkeletalMesh for Component(VehicleMesh) Actor(MyLOTPlayer_2)
[2017.04.02-14.18.23:383][  0]LogSkinnedMeshComp:Warning: GetSocketByName(Body_TR): No SkeletalMesh for Component(VehicleMesh) Actor(MyLOTPlayer2)
[2017.04.02-14.18.23:383][  0]LogSkinnedMeshComp:Warning: GetSocketByName(Body_TR): No SkeletalMesh for Component(VehicleMesh) Actor(MyLOTPlayer2)
[2017.04.02-14.18.23:383][  0]LogSkinnedMeshComp:Warning: GetSocketByName(Body_TR): No SkeletalMesh for Component(VehicleMesh) Actor(MyLOTPlayer4_2)
[2017.04.02-14.18.23:383][  0]LogSkinnedMeshComp:Warning: GetSocketByName(Body_TR): No SkeletalMesh for Component(VehicleMesh) Actor(MyLOTPlayer4_2)
[2017.04.02-14.18.23:414][  0]LogEditorServer: Finished looking for orphan Actors (0.000 secs)
[2017.04.02-14.18.23:417][  0]Cmd: MAP CHECKDEP NOCLEARLOG
[2017.04.02-14.18.23:495][  0]MapCheck: 정보 맵 체크 완료: 오류 0 회, 경고 0 회, 소요 시간 76.88ms.
[2017.04.02-14.18.23:495][  0]LogFileHelpers: Loading map 'StartMap' took 2.517
[2017.04.02-14.18.23:596][  0]LogWindowsTextInputMethodSystem:Display: IME system now activated using TSF (Microsoft 입력기).
[2017.04.02-14.18.23:941][  0]LogCollectionManager: Loaded 0 collections in 0.003813 seconds
[2017.04.02-14.18.24:082][  0]LogFileCache: Scanning file cache for directory 'C:/Users/KSD/Documents/GitHub/lordoftank/LordOfTank/Saved/Collections/' took 0.01s
[2017.04.02-14.18.24:082][  0]LogFileCache: Scanning file cache for directory 'C:/Users/KSD/Documents/GitHub/lordoftank/LordOfTank/Content/Developers/KSD/Collections/' took 0.01s
[2017.04.02-14.18.24:082][  0]LogFileCache: Scanning file cache for directory 'C:/Users/KSD/Documents/GitHub/lordoftank/LordOfTank/Content/Collections/' took 0.01s
[2017.04.02-14.18.24:082][  0]LogCollectionManager: Rebuilt the GUID cache for 0 collections in 0.000002 seconds
[2017.04.02-14.18.24:111][  0]LogContentBrowser: Native class hierarchy populated in 0.0270 seconds. Added 2254 classes and 457 folders.
[2017.04.02-14.18.24:122][  0]LogStats: UGameplayTagsManager::ConstructGameplayTagTree: Construct from data asset -  0.000 s
[2017.04.02-14.18.24:122][  0]LogStats: UGameplayTagsManager::ConstructGameplayTagTree: GameplayTagTreeChangedEvent.Broadcast -  0.000 s
[2017.04.02-14.18.24:256][  0]LogContentBrowser: Native class hierarchy updated for 'WidgetCarousel' in 0.0106 seconds. Added 0 classes and 0 folders.
[2017.04.02-14.18.24:889][  0]LogContentBrowser: Native class hierarchy updated for 'AddContentDialog' in 0.0226 seconds. Added 0 classes and 0 folders.
[2017.04.02-14.18.25:009][  0]LogContentBrowser: Native class hierarchy updated for 'SceneOutliner' in 0.0191 seconds. Added 1 classes and 2 folders.
[2017.04.02-14.18.25:550][  0]LogCrashTracker: Crashtracker disabled due to settings.
[2017.04.02-14.18.25:576][  0]LogUObjectGlobals:Warning: 'Class 없음.' 오브젝트를 찾는 데 실패했습니다.
[2017.04.02-14.18.25:692][  0]LogContentBrowser: Native class hierarchy updated for 'HierarchicalLODOutliner' in 0.0118 seconds. Added 1 classes and 2 folders.
[2017.04.02-14.18.25:692][  0]LogLoad: (Engine Initialization) Total time: 45.35 seconds
[2017.04.02-14.18.25:692][  0]LogLoad: (Engine Initialization) Total Blueprint compile time: 0.27 seconds
[2017.04.02-14.18.25:692][  0]LogExternalProfiler: Found external profiler: VSPerf
[2017.04.02-14.18.25:692][  0]LogExternalProfiler: Using external profiler: VSPerf
[2017.04.02-14.18.25:712][  0]LogOcInput: OculusInput pre-init called
[2017.04.02-14.18.25:731][  0]LogOcInput: OculusInput is initialized. Init status 0. Runtime version: 1.13.0
[2017.04.02-14.18.25:795][  0]LogContentStreaming: Texture pool size now 1000 MB
[2017.04.02-14.18.25:815][  0]LogSlate: Took 0.010694 seconds to synchronously load lazily loaded font '../../../Engine/Content/Slate/Fonts/Roboto-Regular.ttf' (155K)
[2017.04.02-14.18.25:850][  0]LogSlate: Took 0.030944 seconds to synchronously load lazily loaded font '../../../Engine/Content/Slate/Fonts/NanumGothic.ttf' (4243K)
[2017.04.02-14.18.25:859][  0]LogSlate: Took 0.005963 seconds to synchronously load lazily loaded font '../../../Engine/Content/Slate/Fonts/Roboto-Bold.ttf' (160K)
[2017.04.02-14.18.25:874][  0]LogSlate: Took 0.004910 seconds to synchronously load lazily loaded font '../../../Engine/Content/Editor/Slate/Fonts/FontAwesome.ttf' (139K)
[2017.04.02-14.18.26:174][  0]LogSlate: Took 0.005253 seconds to synchronously load lazily loaded font '../../../Engine/Content/Slate/Fonts/Roboto-Light.ttf' (159K)
[2017.04.02-14.18.26:266][  0]LogRenderer: Reallocating scene render targets to support 1072x496 NumSamples 1 (Frame:2).
[2017.04.02-14.18.26:389][  1]LogEditorViewport: Clicking on Actor (LMB): StaticMeshActor (Cube3)
[2017.04.02-14.18.26:588][  1]LogEditorViewport: Clicking on Component (LMB): StaticMeshComponent (StaticMeshComponent0)
[2017.04.02-14.18.26:639][  1]LogFileCache: Retrieving MD5 hashes for directory 'C:/Users/KSD/Documents/GitHub/lordoftank/LordOfTank/Content/' took 0.90s
[2017.04.02-14.18.26:645][  1]LogTemp:Display: Finished compile of shader map 0x00000178DAE06400
[2017.04.02-14.18.26:645][  1]LogTemp:Display: Shader map Case-Capsule_Mat complete, GameThreadShaderMap 0x00000178DAE06400, marking material Case-Capsule_Mat as finished
[2017.04.02-14.18.26:645][  1]LogTemp:Display: Marking material as finished 0x00000178DADFA680
[2017.04.02-14.18.26:651][  1]LogSkinnedMeshComp:Warning: GetSocketByName(Body_TR): No SkeletalMesh for Component(VehicleMesh) Actor(MyLOTPlayer4_C_0)
[2017.04.02-14.18.26:651][  1]LogSkinnedMeshComp:Warning: GetSocketByName(Body_TR): No SkeletalMesh for Component(VehicleMesh) Actor(MyLOTPlayer4_C_0)
[2017.04.02-14.18.26:651][  1]LogSkinnedMeshComp:Warning: GetSocketByName(Body_TR): No SkeletalMesh for Component(VehicleMesh) Actor(MyLOTPlayer4_C_0)
[2017.04.02-14.18.26:652][  1]LogSkinnedMeshComp:Warning: GetSocketByName(Body_TR): No SkeletalMesh for Component(VehicleMesh) Actor(MyLOTPlayer4_C_0)
[2017.04.02-14.18.26:652][  1]LogSkinnedMeshComp:Warning: GetSocketByName(Body_TR): No SkeletalMesh for Component(VehicleMesh) Actor(MyLOTPlayer4_C_0)
[2017.04.02-14.18.26:652][  1]LogSkinnedMeshComp:Warning: GetSocketByName(Body_TR): No SkeletalMesh for Component(VehicleMesh) Actor(MyLOTPlayer4_C_0)
[2017.04.02-14.18.26:652][  1]LogSkinnedMeshComp:Warning: GetSocketByName(Body_TR): No SkeletalMesh for Component(VehicleMesh) Actor(MyLOTPlayer4_C_0)
[2017.04.02-14.18.26:652][  1]LogSkinnedMeshComp:Warning: GetSocketByName(Body_TR): No SkeletalMesh for Component(VehicleMesh) Actor(MyLOTPlayer4_C_0)
[2017.04.02-14.18.26:652][  1]LogSkinnedMeshComp:Warning: GetSocketByName(Body_TR): No SkeletalMesh for Component(VehicleMesh) Actor(MyLOTPlayer4_C_0)
[2017.04.02-14.18.26:674][  1]LogAssetRegistry: Asset discovery search completed in 26.6737 seconds
[2017.04.02-14.18.26:675][  1]LogCollectionManager: Rebuilt the object cache for 0 collections in 0.000012 seconds (found 0 objects)
[2017.04.02-14.18.26:675][  1]LogCollectionManager: Fixed up redirectors for 0 collections in 0.000035 seconds (updated 0 objects)
[2017.04.02-14.18.26:751][  2]LogSkinnedMeshComp:Warning: GetSocketByName(Body_TR): No SkeletalMesh for Component(VehicleMesh) Actor(MyLOTPlayer_C_0)
[2017.04.02-14.18.26:751][  2]LogSkinnedMeshComp:Warning: GetSocketByName(Body_TR): No SkeletalMesh for Component(VehicleMesh) Actor(MyLOTPlayer_C_0)
[2017.04.02-14.18.26:751][  2]LogSkinnedMeshComp:Warning: GetSocketByName(Body_TR): No SkeletalMesh for Component(VehicleMesh) Actor(MyLOTPlayer_C_0)
[2017.04.02-14.18.26:751][  2]LogSkinnedMeshComp:Warning: GetSocketByName(Body_TR): No SkeletalMesh for Component(VehicleMesh) Actor(MyLOTPlayer_C_0)
[2017.04.02-14.18.26:752][  2]LogSkinnedMeshComp:Warning: GetSocketByName(Body_TR): No SkeletalMesh for Component(VehicleMesh) Actor(MyLOTPlayer_C_0)
[2017.04.02-14.18.26:752][  2]LogSkinnedMeshComp:Warning: GetSocketByName(Body_TR): No SkeletalMesh for Component(VehicleMesh) Actor(MyLOTPlayer_C_0)
[2017.04.02-14.18.26:752][  2]LogSkinnedMeshComp:Warning: GetSocketByName(Body_TR): No SkeletalMesh for Component(VehicleMesh) Actor(MyLOTPlayer_C_0)
[2017.04.02-14.18.26:752][  2]LogSkinnedMeshComp:Warning: GetSocketByName(Body_TR): No SkeletalMesh for Component(VehicleMesh) Actor(MyLOTPlayer_C_0)
[2017.04.02-14.18.26:752][  2]LogSkinnedMeshComp:Warning: GetSocketByName(Body_TR): No SkeletalMesh for Component(VehicleMesh) Actor(MyLOTPlayer_C_0)
[2017.04.02-14.18.28:317][143]LogWindowsTextInputMethodSystem:Display: IME system now activated using TSF (Microsoft 입력기).
[2017.04.02-14.18.28:538][143]LogTemp:Display: Finished compile of shader map 0x00000178E1F24480
[2017.04.02-14.18.28:538][143]LogTemp:Display: Shader map ammunitions_Mat complete, GameThreadShaderMap 0x00000178E1F24480, marking material ammunitions_Mat as finished
[2017.04.02-14.18.28:538][143]LogTemp:Display: Marking material as finished 0x00000178DAE00A00
[2017.04.02-14.18.28:544][144]Cmd: QUIT_EDITOR
[2017.04.02-14.18.28:635][144]LogExit: Preparing to exit.
[2017.04.02-14.18.29:336][144]LogDirectoryWatcher: A directory notification for 'C:/Users/KSD/Documents/GitHub/lordoftank/LordOfTank/Content/' was aborted.
[2017.04.02-14.18.29:414][144]LogExit: Editor shut down
[2017.04.02-14.18.29:414][144]LogExit: Transaction tracking system shut down
[2017.04.02-14.18.29:524][144]LogObj: Freed 0b from 0 cluster array pools.
[2017.04.02-14.18.29:524][144]LogExit: Object subsystem successfully closed.
[2017.04.02-14.18.29:661][144]LogD3D11RHI: Shutdown
[2017.04.02-14.18.29:661][144]LogD3D11RHI: CleanupD3DDevice
[2017.04.02-14.18.29:729][144]LogD3D11RHI: ~FD3D11DynamicRHI
[2017.04.02-14.18.29:967][144]LogModuleManager: Shutting down and abandoning module HierarchicalLODOutliner (498)
[2017.04.02-14.18.29:967][144]LogModuleManager: Shutting down and abandoning module CrashTracker (496)
[2017.04.02-14.18.29:967][144]LogModuleManager: Shutting down and abandoning module SceneOutliner (494)
[2017.04.02-14.18.29:967][144]LogModuleManager: Shutting down and abandoning module AddContentDialog (492)
[2017.04.02-14.18.29:968][144]LogDirectoryWatcher: A directory notification for 'C:/Program Files/Epic Games/UE_4.15/FeaturePacks/' was aborted.
[2017.04.02-14.18.29:968][144]LogModuleManager: Shutting down and abandoning module WidgetCarousel (491)
[2017.04.02-14.18.29:968][144]LogModuleManager: Shutting down and abandoning module EditorWidgets (488)
[2017.04.02-14.18.29:968][144]LogModuleManager: Shutting down and abandoning module CollectionManager (486)
[2017.04.02-14.18.29:968][144]LogDirectoryWatcher: A directory notification for 'C:/Users/KSD/Documents/GitHub/lordoftank/LordOfTank/Content/Collections/' was aborted.
[2017.04.02-14.18.29:968][144]LogDirectoryWatcher: A directory notification for 'C:/Users/KSD/Documents/GitHub/lordoftank/LordOfTank/Content/Developers/KSD/Collections/' was aborted.
[2017.04.02-14.18.29:968][144]LogDirectoryWatcher: A directory notification for 'C:/Users/KSD/Documents/GitHub/lordoftank/LordOfTank/Saved/Collections/' was aborted.
[2017.04.02-14.18.29:968][144]LogModuleManager: Shutting down and abandoning module StatsViewer (484)
[2017.04.02-14.18.29:969][144]LogModuleManager: Shutting down and abandoning module FoliageEdit (482)
[2017.04.02-14.18.29:969][144]LogModuleManager: Shutting down and abandoning module LandscapeEditor (480)
[2017.04.02-14.18.29:969][144]LogModuleManager: Shutting down and abandoning module SceneDepthPickerMode (478)
[2017.04.02-14.18.29:969][144]LogModuleManager: Shutting down and abandoning module ActorPickerMode (476)
[2017.04.02-14.18.29:969][144]LogModuleManager: Shutting down and abandoning module GeometryMode (474)
[2017.04.02-14.18.29:969][144]LogModuleManager: Shutting down and abandoning module TextureAlignMode (472)
[2017.04.02-14.18.29:969][144]LogModuleManager: Shutting down and abandoning module BspMode (470)
[2017.04.02-14.18.29:970][144]LogModuleManager: Shutting down and abandoning module HardwareSurvey (468)
[2017.04.02-14.18.29:970][144]LogModuleManager: Shutting down and abandoning module SequenceRecorderSections (466)
[2017.04.02-14.18.29:970][144]LogModuleManager: Shutting down and abandoning module AutomationWorker (464)
[2017.04.02-14.18.29:970][144]LogModuleManager: Shutting down and abandoning module MatineeToLevelSequence (462)
[2017.04.02-14.18.29:970][144]LogModuleManager: Shutting down and abandoning module LevelSequenceEditor (460)
[2017.04.02-14.18.29:972][144]LogModuleManager: Shutting down and abandoning module PlacementMode (459)
[2017.04.02-14.18.29:972][144]LogModuleManager: Shutting down and abandoning module WmfMediaFactory (456)
[2017.04.02-14.18.29:972][144]LogModuleManager: Shutting down and abandoning module WmfMediaEditor (454)
[2017.04.02-14.18.29:972][144]LogModuleManager: Shutting down and abandoning module MfMediaFactory (452)
[2017.04.02-14.18.29:972][144]LogModuleManager: Shutting down and abandoning module MfMediaEditor (450)
[2017.04.02-14.18.29:972][144]LogModuleManager: Shutting down and abandoning module AvfMediaFactory (448)
[2017.04.02-14.18.29:972][144]LogModuleManager: Shutting down and abandoning module AvfMediaEditor (446)
[2017.04.02-14.18.29:972][144]LogModuleManager: Shutting down and abandoning module AndroidMediaFactory (444)
[2017.04.02-14.18.29:972][144]LogModuleManager: Shutting down and abandoning module Media (443)
[2017.04.02-14.18.29:972][144]LogModuleManager: Shutting down and abandoning module AndroidMediaEditor (440)
[2017.04.02-14.18.29:972][144]LogModuleManager: Shutting down and abandoning module CharacterAI (438)
[2017.04.02-14.18.29:972][144]LogModuleManager: Shutting down and abandoning module AudioCapture (436)
[2017.04.02-14.18.29:972][144]LogModuleManager: Shutting down and abandoning module SequenceRecorder (435)
[2017.04.02-14.18.29:973][144]LogModuleManager: Shutting down and abandoning module SmartSnapping (432)
[2017.04.02-14.18.29:973][144]LogModuleManager: Shutting down and abandoning module SessionServices (430)
[2017.04.02-14.18.29:973][144]LogModuleManager: Shutting down and abandoning module ViewportSnapping (428)
[2017.04.02-14.18.29:973][144]LogModuleManager: Shutting down and abandoning module ViewportInteraction (426)
[2017.04.02-14.18.29:973][144]LogModuleManager: Shutting down and abandoning module LogVisualizer (424)
[2017.04.02-14.18.29:974][144]LogModuleManager: Shutting down and abandoning module IntroTutorials (422)
[2017.04.02-14.18.29:975][144]LogModuleManager: Shutting down and abandoning module GameProjectGeneration (421)
[2017.04.02-14.18.29:975][144]LogModuleManager: Shutting down and abandoning module EditorLiveStreaming (418)
[2017.04.02-14.18.29:975][144]LogModuleManager: Shutting down and abandoning module IOSPlatformEditor (416)
[2017.04.02-14.18.29:975][144]LogModuleManager: Shutting down and abandoning module HTML5PlatformEditor (414)
[2017.04.02-14.18.29:976][144]LogModuleManager: Shutting down and abandoning module AndroidPlatformEditor (412)
[2017.04.02-14.18.29:976][144]LogModuleManager: Shutting down and abandoning module AndroidDeviceDetection (411)
[2017.04.02-14.18.30:037][144]LogModuleManager: Shutting down and abandoning module IOSRuntimeSettings (408)
[2017.04.02-14.18.30:037][144]LogModuleManager: Shutting down and abandoning module AndroidRuntimeSettings (406)
[2017.04.02-14.18.30:037][144]LogModuleManager: Shutting down and abandoning module InputBindingEditor (404)
[2017.04.02-14.18.30:037][144]LogModuleManager: Shutting down and abandoning module NiagaraEditor (402)
[2017.04.02-14.18.30:039][144]LogModuleManager: Shutting down and abandoning module MergeActors (400)
[2017.04.02-14.18.30:039][144]LogModuleManager: Shutting down and abandoning module SizeMap (398)
[2017.04.02-14.18.30:039][144]LogModuleManager: Shutting down and abandoning module TreeMap (396)
[2017.04.02-14.18.30:040][144]LogModuleManager: Shutting down and abandoning module ReferenceViewer (394)
[2017.04.02-14.18.30:040][144]LogModuleManager: Shutting down and abandoning module LocalizationDashboard (392)
[2017.04.02-14.18.30:040][144]LogModuleManager: Shutting down and abandoning module LocalizationService (391)
[2017.04.02-14.18.30:045][144]LogModuleManager: Shutting down and abandoning module HardwareTargeting (388)
[2017.04.02-14.18.30:045][144]LogModuleManager: Shutting down and abandoning module DeviceProfileEditor (386)
[2017.04.02-14.18.30:051][144]LogModuleManager: Shutting down and abandoning module UndoHistory (384)
[2017.04.02-14.18.30:053][144]LogModuleManager: Shutting down and abandoning module UserFeedback (382)
[2017.04.02-14.18.30:053][144]LogModuleManager: Shutting down and abandoning module XmlParser (380)
[2017.04.02-14.18.30:053][144]LogModuleManager: Shutting down and abandoning module Blutility (378)
[2017.04.02-14.18.30:054][144]LogModuleManager: Shutting down and abandoning module ProjectSettingsViewer (376)
[2017.04.02-14.18.30:054][144]LogModuleManager: Shutting down and abandoning module ProjectTargetPlatformEditor (375)
[2017.04.02-14.18.30:054][144]LogModuleManager: Shutting down and abandoning module EditorSettingsViewer (372)
[2017.04.02-14.18.30:054][144]LogModuleManager: Shutting down and abandoning module SettingsEditor (370)
[2017.04.02-14.18.30:057][144]LogModuleManager: Shutting down and abandoning module ProjectLauncher (368)
[2017.04.02-14.18.30:058][144]LogModuleManager: Shutting down and abandoning module SessionFrontend (366)
[2017.04.02-14.18.30:059][144]LogModuleManager: Shutting down and abandoning module ProfilerClient (364)
[2017.04.02-14.18.30:059][144]LogModuleManager: Shutting down and abandoning module DeviceManager (362)
[2017.04.02-14.18.30:060][144]LogModuleManager: Shutting down and abandoning module TargetDeviceServices (361)
[2017.04.02-14.18.30:103][144]LogModuleManager: Shutting down and abandoning module AutomationController (358)
[2017.04.02-14.18.30:103][144]LogModuleManager: Shutting down and abandoning module AutomationWindow (356)
[2017.04.02-14.18.30:104][144]LogModuleManager: Shutting down and abandoning module Layers (354)
[2017.04.02-14.18.30:106][144]LogModuleManager: Shutting down and abandoning module ComponentVisualizers (352)
[2017.04.02-14.18.30:106][144]LogModuleManager: Shutting down and abandoning module DetailCustomizations (350)
[2017.04.02-14.18.30:106][144]LogModuleManager: Shutting down and abandoning module PackagesDialog (348)
[2017.04.02-14.18.30:107][144]LogModuleManager: Shutting down and abandoning module Persona (346)
[2017.04.02-14.18.30:108][144]LogModuleManager: Shutting down and abandoning module AnimGraph (345)
[2017.04.02-14.18.30:108][144]LogModuleManager: Shutting down and abandoning module Kismet (342)
[2017.04.02-14.18.30:108][144]LogModuleManager: Shutting down and abandoning module GraphEditor (340)
[2017.04.02-14.18.30:110][144]LogModuleManager: Shutting down and abandoning module ClassViewer (338)
[2017.04.02-14.18.30:111][144]LogModuleManager: Shutting down and abandoning module Toolbox (336)
[2017.04.02-14.18.30:111][144]LogModuleManager: Shutting down and abandoning module ModuleUI (334)
[2017.04.02-14.18.30:111][144]LogModuleManager: Shutting down and abandoning module MovieSceneTools (332)
[2017.04.02-14.18.30:112][144]LogModuleManager: Shutting down and abandoning module OutputLog (330)
[2017.04.02-14.18.30:112][144]LogModuleManager: Shutting down and abandoning module GammaUI (328)
[2017.04.02-14.18.30:113][144]LogModuleManager: Shutting down and abandoning module Documentation (326)
[2017.04.02-14.18.30:113][144]LogModuleManager: Shutting down and abandoning module Niagara (324)
[2017.04.02-14.18.30:113][144]LogModuleManager: Shutting down and abandoning module StreamingPauseRendering (322)
[2017.04.02-14.18.30:113][144]LogModuleManager: Shutting down and abandoning module AnalyticsET (320)
[2017.04.02-14.18.30:113][144]LogModuleManager: Shutting down and abandoning module PortalServices (318)
[2017.04.02-14.18.30:113][144]LogModuleManager: Shutting down and abandoning module PortalRpc (316)
[2017.04.02-14.18.30:113][144]LogModuleManager: Shutting down and abandoning module MessagingRpc (314)
[2017.04.02-14.18.30:113][144]LogModuleManager: Shutting down and abandoning module AIModule (312)
[2017.04.02-14.18.30:113][144]LogModuleManager: Shutting down and abandoning module GameplayDebugger (311)
[2017.04.02-14.18.30:113][144]LogModuleManager: Shutting down and abandoning module AITestSuite (309)
[2017.04.02-14.18.30:113][144]LogModuleManager: Shutting down and abandoning module ProfilerService (306)
[2017.04.02-14.18.30:259][144]LogModuleManager: Shutting down and abandoning module TaskGraph (304)
[2017.04.02-14.18.30:262][144]LogModuleManager: Shutting down and abandoning module SteamVRController (302)
[2017.04.02-14.18.30:262][144]LogModuleManager: Shutting down and abandoning module SteamVR (300)
[2017.04.02-14.18.30:262][144]LogModuleManager: Shutting down and abandoning module ProceduralMeshComponentEditor (298)
[2017.04.02-14.18.30:262][144]LogModuleManager: Shutting down and abandoning module ProceduralMeshComponent (296)
[2017.04.02-14.18.30:262][144]LogModuleManager: Shutting down and abandoning module OculusLibrary (294)
[2017.04.02-14.18.30:262][144]LogModuleManager: Shutting down and abandoning module OculusInput (292)
[2017.04.02-14.18.30:262][144]LogModuleManager: Shutting down and abandoning module MobilePatchingUtils (290)
[2017.04.02-14.18.30:262][144]LogModuleManager: Shutting down and abandoning module CustomMeshComponent (288)
[2017.04.02-14.18.30:262][144]LogModuleManager: Shutting down and abandoning module CableComponent (286)
[2017.04.02-14.18.30:262][144]LogModuleManager: Shutting down and abandoning module ArchVisCharacter (284)
[2017.04.02-14.18.30:262][144]LogModuleManager: Shutting down and abandoning module MediaPlayerEditor (280)
[2017.04.02-14.18.30:264][144]LogModuleManager: Shutting down and abandoning module HTML5Networking (278)
[2017.04.02-14.18.30:264][144]LogModuleManager: Shutting down and abandoning module AlembicImporter (276)
[2017.04.02-14.18.30:264][144]LogModuleManager: Shutting down and abandoning module AlembicLibrary (275)
[2017.04.02-14.18.30:264][144]LogModuleManager: Shutting down and abandoning module GeometryCache (274)
[2017.04.02-14.18.30:264][144]LogModuleManager: Shutting down and abandoning module GeometryCacheEd (273)
[2017.04.02-14.18.30:264][144]LogModuleManager: Shutting down and abandoning module SuperSearchEditor (268)
[2017.04.02-14.18.30:264][144]LogModuleManager: Shutting down and abandoning module SuperSearch (267)
[2017.04.02-14.18.30:264][144]LogModuleManager: Shutting down and abandoning module SpeedTreeImporter (264)
[2017.04.02-14.18.30:264][144]LogModuleManager: Shutting down and abandoning module PluginBrowser (262)
[2017.04.02-14.18.30:265][144]LogModuleManager: Shutting down and abandoning module MobileLauncherProfileWizard (260)
[2017.04.02-14.18.30:266][144]LogModuleManager: Shutting down and abandoning module EpicSurvey (258)
[2017.04.02-14.18.30:266][144]LogModuleManager: Shutting down and abandoning module VisualStudioSourceCodeAccess (256)
[2017.04.02-14.18.30:266][144]LogModuleManager: Shutting down and abandoning module DesktopPlatform (255)
[2017.04.02-14.18.30:267][144]LogModuleManager: Shutting down and abandoning module UObjectPlugin (252)
[2017.04.02-14.18.30:267][144]LogModuleManager: Shutting down and abandoning module SubversionSourceControl (250)
[2017.04.02-14.18.30:267][144]LogModuleManager: Shutting down and abandoning module PerforceSourceControl (248)
[2017.04.02-14.18.30:268][144]LogModuleManager: Shutting down and abandoning module GitSourceControl (246)
[2017.04.02-14.18.30:268][144]LogModuleManager: Shutting down and abandoning module SourceControl (245)
[2017.04.02-14.18.30:269][144]LogModuleManager: Shutting down and abandoning module LightPropagationVolumeEditor (242)
[2017.04.02-14.18.30:269][144]LogModuleManager: Shutting down and abandoning module PaperTiledImporter (240)
[2017.04.02-14.18.30:269][144]LogModuleManager: Shutting down and abandoning module PaperSpriteSheetImporter (238)
[2017.04.02-14.18.30:269][144]LogModuleManager: Shutting down and abandoning module Paper2DEditor (236)
[2017.04.02-14.18.30:270][144]LogModuleManager: Shutting down and abandoning module MeshPaint (235)
[2017.04.02-14.18.30:270][144]LogModuleManager: Shutting down and abandoning module LevelEditor (233)
[2017.04.02-14.18.30:271][144]LogModuleManager: Shutting down and abandoning module PixelInspectorModule (232)
[2017.04.02-14.18.30:272][144]LogModuleManager: Shutting down and abandoning module MainFrame (230)
[2017.04.02-14.18.30:272][144]LogModuleManager: Shutting down and abandoning module HotReload (229)
[2017.04.02-14.18.30:272][144]LogDirectoryWatcher: A directory notification for 'C:/Users/KSD/Documents/GitHub/lordoftank/LordOfTank/Binaries/Win64' was aborted.
[2017.04.02-14.18.30:273][144]LogModuleManager: Shutting down and abandoning module ContentBrowser (225)
[2017.04.02-14.18.30:274][144]LogModuleManager: Shutting down and abandoning module LordOfTank (222)
[2017.04.02-14.18.30:274][144]LogModuleManager: Shutting down and abandoning module PhysXVehiclesEditor (220)
[2017.04.02-14.18.30:274][144]LogModuleManager: Shutting down and abandoning module PhysXVehicles (218)
[2017.04.02-14.18.30:274][144]LogModuleManager: Shutting down and abandoning module LocationServicesBPLibrary (216)
[2017.04.02-14.18.30:274][144]LogModuleManager: Shutting down and abandoning module UdpMessaging (214)
[2017.04.02-14.18.30:375][144]LogModuleManager: Shutting down and abandoning module TcpMessaging (212)
[2017.04.02-14.18.30:478][144]LogModuleManager: Shutting down and abandoning module GameplayTagsEditor (210)
[2017.04.02-14.18.30:480][144]LogModuleManager: Shutting down and abandoning module FacialAnimationEditor (208)
[2017.04.02-14.18.30:481][144]LogModuleManager: Shutting down and abandoning module FacialAnimation (206)
[2017.04.02-14.18.30:481][144]LogModuleManager: Shutting down and abandoning module LightPropagationVolumeRuntime (204)
[2017.04.02-14.18.30:481][144]LogModuleManager: Shutting down and abandoning module Paper2D (202)
[2017.04.02-14.18.30:481][144]LogModuleManager: Shutting down and abandoning module WindowsMoviePlayer (200)
[2017.04.02-14.18.30:481][144]LogModuleManager: Shutting down and abandoning module WmfMedia (198)
[2017.04.02-14.18.30:481][144]LogModuleManager: Shutting down and abandoning module MfMedia (196)
[2017.04.02-14.18.30:481][144]LogModuleManager: Shutting down and abandoning module MediaAssets (194)
[2017.04.02-14.18.30:481][144]LogModuleManager: Shutting down and abandoning module GameLiveStreaming (192)
[2017.04.02-14.18.30:481][144]LogModuleManager: Shutting down and abandoning module VREditor (190)
[2017.04.02-14.18.30:481][144]LogModuleManager: Shutting down and abandoning module GameplayTasksEditor (188)
[2017.04.02-14.18.30:481][144]LogModuleManager: Shutting down and abandoning module BehaviorTreeEditor (186)
[2017.04.02-14.18.30:483][144]LogModuleManager: Shutting down and abandoning module FunctionalTesting (184)
[2017.04.02-14.18.30:483][144]LogModuleManager: Shutting down and abandoning module CollisionAnalyzer (182)
[2017.04.02-14.18.30:484][144]LogModuleManager: Shutting down and abandoning module UMG (180)
[2017.04.02-14.18.30:484][144]LogModuleManager: Shutting down and abandoning module UMGEditor (179)
[2017.04.02-14.18.30:485][144]LogModuleManager: Shutting down and abandoning module Sequencer (178)
[2017.04.02-14.18.30:487][144]LogModuleManager: Shutting down and abandoning module AssetTools (176)
[2017.04.02-14.18.30:490][144]LogModuleManager: Shutting down and abandoning module MessageLog (175)
[2017.04.02-14.18.30:490][144]LogModuleManager: Shutting down and abandoning module WorkspaceMenuStructure (174)
[2017.04.02-14.18.30:490][144]LogModuleManager: Shutting down and abandoning module SlateReflector (168)
[2017.04.02-14.18.30:492][144]LogModuleManager: Shutting down and abandoning module Slate (166)
[2017.04.02-14.18.30:492][144]LogModuleManager: Shutting down and abandoning module EditorStyle (164)
[2017.04.02-14.18.30:495][144]LogModuleManager: Shutting down and abandoning module SourceCodeAccess (162)
[2017.04.02-14.18.30:495][144]LogModuleManager: Shutting down and abandoning module HeadMountedDisplay (160)
[2017.04.02-14.18.30:495][144]LogModuleManager: Shutting down and abandoning module XAudio2 (158)
[2017.04.02-14.18.30:495][144]LogModuleManager: Shutting down and abandoning module Networking (156)
[2017.04.02-14.18.30:495][144]LogModuleManager: Shutting down and abandoning module Core (152)
[2017.04.02-14.18.30:495][144]LogModuleManager: Shutting down and abandoning module AssetRegistry (150)
[2017.04.02-14.18.30:623][144]LogDirectoryWatcher: A directory notification for '../../../Engine/Content/' was aborted.
[2017.04.02-14.18.30:623][144]LogDirectoryWatcher: A directory notification for '../../../../../../Users/KSD/Documents/GitHub/lordoftank/LordOfTank/Content/' was aborted.
[2017.04.02-14.18.30:623][144]LogDirectoryWatcher: A directory notification for '../../../Engine/Plugins/2D/Paper2D/Content/' was aborted.
[2017.04.02-14.18.30:623][144]LogModuleManager: Shutting down and abandoning module DirectoryWatcher (149)
[2017.04.02-14.18.30:624][144]LogModuleManager: Shutting down and abandoning module KismetCompiler (146)
[2017.04.02-14.18.30:624][144]LogModuleManager: Shutting down and abandoning module PhysXFormats (144)
[2017.04.02-14.18.30:624][144]LogModuleManager: Shutting down and abandoning module MeshUtilities (142)
[2017.04.02-14.18.30:625][144]LogModuleManager: Shutting down and abandoning module SimplygonSwarm (141)
[2017.04.02-14.18.30:625][144]LogModuleManager: Shutting down and abandoning module SimplygonMeshReduction (139)
[2017.04.02-14.18.30:625][144]LogModuleManager: Shutting down and abandoning module QuadricMeshReduction (137)
[2017.04.02-14.18.30:625][144]LogModuleManager: Shutting down and abandoning module PropertyEditor (135)
[2017.04.02-14.18.30:625][144]LogModuleManager: Shutting down and abandoning module DerivedDataCache (132)
[2017.04.02-14.18.30:861][144]LogDerivedDataCache: Shutdown
[2017.04.02-14.18.30:861][144]LogModuleManager: Shutting down and abandoning module TargetPlatform (130)
[2017.04.02-14.18.30:861][144]LogModuleManager: Shutting down and abandoning module VulkanShaderFormat (129)
[2017.04.02-14.18.30:861][144]LogModuleManager: Shutting down and abandoning module ShaderFormatOpenGL (127)
[2017.04.02-14.18.30:862][144]LogModuleManager: Shutting down and abandoning module ShaderFormatD3D (125)
[2017.04.02-14.18.30:862][144]LogModuleManager: Shutting down and abandoning module MetalShaderFormat (123)
[2017.04.02-14.18.30:863][144]LogModuleManager: Shutting down and abandoning module TextureFormatUncompressed (121)
[2017.04.02-14.18.30:863][144]LogModuleManager: Shutting down and abandoning module TextureFormatPVR (119)
[2017.04.02-14.18.30:863][144]LogModuleManager: Shutting down and abandoning module TextureFormatDXT (117)
[2017.04.02-14.18.30:863][144]LogModuleManager: Shutting down and abandoning module TextureFormatIntelISPCTexComp (115)
[2017.04.02-14.18.30:863][144]LogModuleManager: Shutting down and abandoning module TextureFormatASTC (113)
[2017.04.02-14.18.30:863][144]LogModuleManager: Shutting down and abandoning module ImageWrapper (112)
[2017.04.02-14.18.30:863][144]LogModuleManager: Shutting down and abandoning module TextureFormatAndroid (109)
[2017.04.02-14.18.30:863][144]LogModuleManager: Shutting down and abandoning module AudioFormatOpus (107)
[2017.04.02-14.18.30:864][144]LogModuleManager: Shutting down and abandoning module AudioFormatOgg (105)
[2017.04.02-14.18.30:864][144]LogModuleManager: Shutting down and abandoning module AudioFormatADPCM (103)
[2017.04.02-14.18.30:864][144]LogModuleManager: Shutting down and abandoning module LinuxTargetPlatform (101)
[2017.04.02-14.18.30:864][144]LogModuleManager: Shutting down and abandoning module LinuxServerTargetPlatform (99)
[2017.04.02-14.18.30:864][144]LogModuleManager: Shutting down and abandoning module LinuxNoEditorTargetPlatform (97)
[2017.04.02-14.18.30:864][144]LogModuleManager: Shutting down and abandoning module LinuxClientTargetPlatform (95)
[2017.04.02-14.18.30:864][144]LogModuleManager: Shutting down and abandoning module TVOSTargetPlatform (93)
[2017.04.02-14.18.30:864][144]LogModuleManager: Shutting down and abandoning module Messaging (91)
[2017.04.02-14.18.30:864][144]LogModuleManager: Shutting down and abandoning module IOSTargetPlatform (89)
[2017.04.02-14.18.30:864][144]LogModuleManager: Shutting down and abandoning module HTML5TargetPlatform (87)
[2017.04.02-14.18.30:864][144]LogModuleManager: Shutting down and abandoning module Android_PVRTCTargetPlatform (85)
[2017.04.02-14.18.30:864][144]LogModuleManager: Shutting down and abandoning module Android_MultiTargetPlatform (83)
[2017.04.02-14.18.30:864][144]LogModuleManager: Shutting down and abandoning module Android_ETC2TargetPlatform (81)
[2017.04.02-14.18.30:864][144]LogModuleManager: Shutting down and abandoning module Android_ETC1TargetPlatform (79)
[2017.04.02-14.18.30:864][144]LogModuleManager: Shutting down and abandoning module Android_DXTTargetPlatform (77)
[2017.04.02-14.18.30:864][144]LogModuleManager: Shutting down and abandoning module Android_ATCTargetPlatform (75)
[2017.04.02-14.18.30:864][144]LogModuleManager: Shutting down and abandoning module Android_ASTCTargetPlatform (73)
[2017.04.02-14.18.30:864][144]LogModuleManager: Shutting down and abandoning module AndroidTargetPlatform (71)
[2017.04.02-14.18.30:864][144]LogModuleManager: Shutting down and abandoning module WindowsTargetPlatform (69)
[2017.04.02-14.18.30:864][144]LogModuleManager: Shutting down and abandoning module WindowsServerTargetPlatform (67)
[2017.04.02-14.18.30:864][144]LogModuleManager: Shutting down and abandoning module WindowsNoEditorTargetPlatform (65)
[2017.04.02-14.18.30:864][144]LogModuleManager: Shutting down and abandoning module WindowsClientTargetPlatform (63)
[2017.04.02-14.18.30:864][144]LogModuleManager: Shutting down and abandoning module MacTargetPlatform (61)
[2017.04.02-14.18.30:864][144]LogModuleManager: Shutting down and abandoning module MacServerTargetPlatform (59)
[2017.04.02-14.18.30:864][144]LogModuleManager: Shutting down and abandoning module MacNoEditorTargetPlatform (57)
[2017.04.02-14.18.30:864][144]LogModuleManager: Shutting down and abandoning module MacClientTargetPlatform (55)
[2017.04.02-14.18.30:864][144]LogModuleManager: Shutting down and abandoning module AllDesktopTargetPlatform (53)
[2017.04.02-14.18.30:864][144]LogModuleManager: Shutting down and abandoning module InputCore (50)
[2017.04.02-14.18.30:864][144]LogModuleManager: Shutting down and abandoning module Settings (48)
[2017.04.02-14.18.30:864][144]LogModuleManager: Shutting down and abandoning module OculusRift (46)
[2017.04.02-14.18.30:865][144]LogHMD: Oculus shutdown.
[2017.04.02-14.18.30:865][144]LogModuleManager: Shutting down and abandoning module ExampleDeviceProfileSelector (44)
[2017.04.02-14.18.30:865][144]LogModuleManager: Shutting down and abandoning module OnlineBlueprintSupport (42)
[2017.04.02-14.18.30:865][144]LogModuleManager: Shutting down and abandoning module OnlineSubsystem (38)
[2017.04.02-14.18.30:865][144]LogOnline:Display: Unloading online subsystem: NULL
[2017.04.02-14.18.30:866][144]LogModuleManager: Shutting down and abandoning module XMPP (37)
[2017.04.02-14.18.30:867][144]LogModuleManager: Shutting down and abandoning module HTTP (35)
[2017.04.02-14.18.30:867][144]LogHttp:Display: Http module shutting down, but needs to wait on 1 outstanding Http requests:
[2017.04.02-14.18.30:867][144]LogHttp:Display: 	verb=[POST] url=[https://datarouter.ol.epicgames.com/datarouter/api/v1/public/data?SessionID=%7B93A90BC9-445A-0185-8968-1FAA441D8A12%7D&AppID=UEEditor.Rocket.Release&AppVersion=4.15.0-3299760%2B%2B%2BUE4%2BRelease-4.15&UserID=bea9a34f450f48396eac05a005d70bbf%7C566fde768b2244beb7c5b1560d35c1f5%7C62d3e261-63f1-4ff4-acbd-9942e1c6e3dc&AppEnvironment=datacollector-binary&UploadType=eteventstream] status=Processing
[2017.04.02-14.18.30:880][144]LogModuleManager: Shutting down and abandoning module SSL (34)
[2017.04.02-14.18.30:881][144]LogModuleManager: Shutting down and abandoning module AudioEditor (30)
[2017.04.02-14.18.30:882][144]LogModuleManager: Shutting down and abandoning module TextureCompressor (28)
[2017.04.02-14.18.30:882][144]LogModuleManager: Shutting down and abandoning module ShaderCore (26)
[2017.04.02-14.18.30:882][144]LogModuleManager: Shutting down and abandoning module Landscape (24)
[2017.04.02-14.18.30:882][144]LogModuleManager: Shutting down and abandoning module SlateRHIRenderer (22)
[2017.04.02-14.18.30:884][144]LogModuleManager: Shutting down and abandoning module OpenGLDrv (20)
[2017.04.02-14.18.30:885][144]LogModuleManager: Shutting down and abandoning module D3D11RHI (18)
[2017.04.02-14.18.30:885][144]LogModuleManager: Shutting down and abandoning module AnimGraphRuntime (16)
[2017.04.02-14.18.30:885][144]LogModuleManager: Shutting down and abandoning module Renderer (14)
[2017.04.02-14.18.30:885][144]LogModuleManager: Shutting down and abandoning module Engine (12)
[2017.04.02-14.18.30:885][144]LogModuleManager: Shutting down and abandoning module CoreUObject (10)
[2017.04.02-14.18.30:885][144]LogModuleManager: Shutting down and abandoning module NetworkFile (8)
[2017.04.02-14.18.30:885][144]LogModuleManager: Shutting down and abandoning module StreamingFile (6)
[2017.04.02-14.18.30:885][144]LogModuleManager: Shutting down and abandoning module SandboxFile (4)
[2017.04.02-14.18.30:885][144]LogModuleManager: Shutting down and abandoning module PakFile (2)
[2017.04.02-14.18.30:887][144]LogExit: Exiting.
[2017.04.02-14.18.30:889][144]Log file closed, 04/02/17 23:18:30
